
-----------------------------------------------------------
* NOTE: This is demo app to show *some* nDPI features.
* In this demo we have implemented only some basic features
* just to show you what you can do with the library. Feel 
* free to extend it and send us the patches for inclusion
------------------------------------------------------------

Using nDPI (4.13.0-5225-2e7b75a) [1 thread(s)]
Using libgcrypt version 1.8.6internal
Reading packets from pcap file ./tests/cfgs/default/pcap/telnet.pcap...
Running thread 0...

nDPI Memory statistics:
	nDPI Memory (once):      42.82 KB     
	Flow Memory (per flow):  1.15 KB      
	Actual Memory:           11.06 MB     
	Peak Memory:             11.06 MB     
	Setup Time:              18 msec
	Packet Processing Time:  0 msec

Traffic statistics:
	Ethernet bytes:        9506          (includes ethernet CRC/IFC/trailer)
	Discarded bytes:       330          
	IP packets:            87            of 92 packets total
	IP bytes:              7418          (avg pkt size 80 bytes)
	Unique flows:          1            
	TCP Packets:           87           
	UDP Packets:           0            
	VLAN Packets:          0            
	MPLS Packets:          0            
	PPPoE Packets:         0            
	Fragmented Packets:    0            
	Max Packet size:       520          
	Packet Len < 64:       73           
	Packet Len 64-128:     12           
	Packet Len 128-256:    1            
	Packet Len 256-1024:   1            
	Packet Len 1024-1500:  0            
	Packet Len > 1500:     0            
	nDPI throughput:       231.38 K pps / 192.89 Mb/sec
	Analysis begin:        28/Nov/1999 07:42:38
	Analysis end:          28/Nov/1999 07:43:17
	Traffic throughput:    2.20 pps / 1.88 Kb/sec
	Traffic duration:      39.571 sec
	DPI Packets (TCP):     32            (32.00 pkts/flow)
	Confidence: DPI        1             (flows)


Detected protocols:
	Telnet               packets: 87            bytes: 7418          flows: 1            


Protocol statistics:
	Unsafe               packets: 87            bytes: 7418          flows: 1            

Risk stats [found 1 (100.0 %) flows with risks]:
	Unsafe Protocol                              1 [100.0 %]

	NOTE: as one flow can have multiple risks set, the sum of the
	      last column can exceed the number of flows with risks.


