
-----------------------------------------------------------
* NOTE: This is demo app to show *some* nDPI features.
* In this demo we have implemented only some basic features
* just to show you what you can do with the library. Feel 
* free to extend it and send us the patches for inclusion
------------------------------------------------------------

Using nDPI (4.13.0-5225-2e7b75a) [1 thread(s)]
Using libgcrypt version 1.8.6internal
Reading packets from pcap file ./tests/cfgs/default/pcap/fastcgi.pcap...
Running thread 0...

nDPI Memory statistics:
	nDPI Memory (once):      42.82 KB     
	Flow Memory (per flow):  1.15 KB      
	Actual Memory:           11.12 MB     
	Peak Memory:             11.12 MB     
	Setup Time:              18 msec
	Packet Processing Time:  0 msec

Traffic statistics:
	Ethernet bytes:        74691         (includes ethernet CRC/IFC/trailer)
	Discarded bytes:       0            
	IP packets:            102           of 102 packets total
	IP bytes:              72243         (avg pkt size 708 bytes)
	Unique flows:          1            
	TCP Packets:           102          
	UDP Packets:           0            
	VLAN Packets:          0            
	MPLS Packets:          0            
	PPPoE Packets:         0            
	Fragmented Packets:    0            
	Max Packet size:       1480         
	Packet Len < 64:       55           
	Packet Len 64-128:     0            
	Packet Len 128-256:    0            
	Packet Len 256-1024:   3            
	Packet Len 1024-1500:  44           
	Packet Len > 1500:     0            
	nDPI throughput:       279.45 K pps / 1.52 Gb/sec
	Analysis begin:        29/Jul/2010 17:14:53
	Analysis end:          29/Jul/2010 17:14:57
	Traffic throughput:    29.85 pps / 170.78 Kb/sec
	Traffic duration:      3.417 sec
	DPI Packets (TCP):     6             (6.00 pkts/flow)
	Confidence: DPI        1             (flows)


Detected protocols:
	FastCGI              packets: 102           bytes: 72243         flows: 1            


Protocol statistics:
	Safe                 packets: 102           bytes: 72243         flows: 1            
