
-----------------------------------------------------------
* NOTE: This is demo app to show *some* nDPI features.
* In this demo we have implemented only some basic features
* just to show you what you can do with the library. Feel 
* free to extend it and send us the patches for inclusion
------------------------------------------------------------

Using nDPI (4.13.0-5225-2e7b75a) [1 thread(s)]
Using libgcrypt version 1.8.6internal
Reading packets from pcap file ./tests/cfgs/default/pcap/xdmcp.pcap...
Running thread 0...

nDPI Memory statistics:
	nDPI Memory (once):      42.82 KB     
	Flow Memory (per flow):  1.15 KB      
	Actual Memory:           11.05 MB     
	Peak Memory:             11.05 MB     
	Setup Time:              18 msec
	Packet Processing Time:  0 msec

Traffic statistics:
	Ethernet bytes:        742           (includes ethernet CRC/IFC/trailer)
	Discarded bytes:       0            
	IP packets:            6             of 6 packets total
	IP bytes:              598           (avg pkt size 99 bytes)
	Unique flows:          1            
	TCP Packets:           0            
	UDP Packets:           6            
	VLAN Packets:          0            
	MPLS Packets:          0            
	PPPoE Packets:         0            
	Fragmented Packets:    0            
	Max Packet size:       197          
	Packet Len < 64:       5            
	Packet Len 64-128:     0            
	Packet Len 128-256:    1            
	Packet Len 256-1024:   0            
	Packet Len 1024-1500:  0            
	Packet Len > 1500:     0            
	nDPI throughput:       14.93 K pps / 14.08 Mb/sec
	Analysis begin:        02/Oct/2018 13:32:13
	Analysis end:          02/Oct/2018 13:32:16
	Traffic throughput:    1.99 pps / 1.92 Kb/sec
	Traffic duration:      3.020 sec
	DPI Packets (UDP):     1             (1.00 pkts/flow)
	Confidence: DPI        1             (flows)


Detected protocols:
	XDMCP                packets: 6             bytes: 598           flows: 1            


Protocol statistics:
	Acceptable           packets: 6             bytes: 598           flows: 1            
