
-----------------------------------------------------------
* NOTE: This is demo app to show *some* nDPI features.
* In this demo we have implemented only some basic features
* just to show you what you can do with the library. Feel 
* free to extend it and send us the patches for inclusion
------------------------------------------------------------

Using nDPI (4.13.0-5225-2e7b75a) [1 thread(s)]
Using libgcrypt version 1.8.6internal
Reading packets from pcap file ./tests/cfgs/default/pcap/netbios.pcap...
Running thread 0...

nDPI Memory statistics:
	nDPI Memory (once):      42.82 KB     
	Flow Memory (per flow):  1.15 KB      
	Actual Memory:           11.16 MB     
	Peak Memory:             11.16 MB     
	Setup Time:              21 msec
	Packet Processing Time:  0 msec

Traffic statistics:
	Ethernet bytes:        31076         (includes ethernet CRC/IFC/trailer)
	Discarded bytes:       0            
	IP packets:            261           of 261 packets total
	IP bytes:              24812         (avg pkt size 95 bytes)
	Unique flows:          16           
	TCP Packets:           3            
	UDP Packets:           258          
	VLAN Packets:          1            
	MPLS Packets:          0            
	PPPoE Packets:         0            
	Fragmented Packets:    0            
	Max Packet size:       209          
	Packet Len < 64:       252          
	Packet Len 64-128:     3            
	Packet Len 128-256:    6            
	Packet Len 256-1024:   0            
	Packet Len 1024-1500:  0            
	Packet Len > 1500:     0            
	nDPI throughput:       646.04 K pps / 586.86 Mb/sec
	Analysis begin:        17/Nov/2015 20:26:50
	Analysis end:          22/Feb/2022 12:55:18
	Traffic throughput:    0.00 pps / 0 b/sec
	Traffic duration:      197742512.000 sec
	Guessed flow protos:   1            
	DPI Packets (TCP):     3             (1.50 pkts/flow)
	DPI Packets (UDP):     14            (1.00 pkts/flow)
	Confidence: Match by port 1             (flows)
	Confidence: DPI        15            (flows)


Detected protocols:
	NetBIOS              packets: 259           bytes: 24326         flows: 14           
	SMBv1                packets: 2             bytes: 486           flows: 2            


Protocol statistics:
	Acceptable           packets: 259           bytes: 24326         flows: 14           
	Dangerous            packets: 2             bytes: 486           flows: 2            

Risk stats [found 3 (18.8 %) flows with risks]:
	Unidirectional Traffic                       3 [100.0 %]

	NOTE: as one flow can have multiple risks set, the sum of the
	      last column can exceed the number of flows with risks.


