
-----------------------------------------------------------
* NOTE: This is demo app to show *some* nDPI features.
* In this demo we have implemented only some basic features
* just to show you what you can do with the library. Feel 
* free to extend it and send us the patches for inclusion
------------------------------------------------------------

Using nDPI (4.13.0-5225-2e7b75a) [1 thread(s)]
Using libgcrypt version 1.8.6internal
Reading packets from pcap file ./tests/cfgs/default/pcap/http-pwd.pcapng...
Running thread 0...

nDPI Memory statistics:
	nDPI Memory (once):      42.82 KB     
	Flow Memory (per flow):  1.15 KB      
	Actual Memory:           11.05 MB     
	Peak Memory:             11.05 MB     
	Setup Time:              18 msec
	Packet Processing Time:  0 msec

Traffic statistics:
	Ethernet bytes:        2141          (includes ethernet CRC/IFC/trailer)
	Discarded bytes:       0            
	IP packets:            14            of 14 packets total
	IP bytes:              1805          (avg pkt size 128 bytes)
	Unique flows:          1            
	TCP Packets:           14           
	UDP Packets:           0            
	VLAN Packets:          0            
	MPLS Packets:          0            
	PPPoE Packets:         0            
	Fragmented Packets:    0            
	Max Packet size:       723          
	Packet Len < 64:       11           
	Packet Len 64-128:     1            
	Packet Len 128-256:    0            
	Packet Len 256-1024:   2            
	Packet Len 1024-1500:  0            
	Packet Len > 1500:     0            
	nDPI throughput:       34.91 K pps / 40.73 Mb/sec
	Analysis begin:        31/Oct/2024 21:23:11
	Analysis end:          31/Oct/2024 21:23:11
	Traffic throughput:    2.64 K pps / 3.08 Mb/sec
	Traffic duration:      0.005 sec
	DPI Packets (TCP):     9             (9.00 pkts/flow)
	Confidence: DPI        1             (flows)


Detected protocols:
	ntop                 packets: 14            bytes: 1805          flows: 1            


Protocol statistics:
	Safe                 packets: 14            bytes: 1805          flows: 1            

Risk stats [found 1 (100.0 %) flows with risks]:
	Clear-Text Credentials                       1 [100.0 %]

	NOTE: as one flow can have multiple risks set, the sum of the
	      last column can exceed the number of flows with risks.


