
-----------------------------------------------------------
* NOTE: This is demo app to show *some* nDPI features.
* In this demo we have implemented only some basic features
* just to show you what you can do with the library. Feel 
* free to extend it and send us the patches for inclusion
------------------------------------------------------------

Using nDPI (4.13.0-5225-2e7b75a) [1 thread(s)]
Using libgcrypt version 1.8.6internal
Reading packets from pcap file ./tests/cfgs/default/pcap/dns_lots_of_answers.pcapng...
Running thread 0...

nDPI Memory statistics:
	nDPI Memory (once):      42.82 KB     
	Flow Memory (per flow):  1.15 KB      
	Actual Memory:           11.06 MB     
	Peak Memory:             11.06 MB     
	Setup Time:              18 msec
	Packet Processing Time:  0 msec

Traffic statistics:
	Ethernet bytes:        2584          (includes ethernet CRC/IFC/trailer)
	Discarded bytes:       0            
	IP packets:            16            of 16 packets total
	IP bytes:              2200          (avg pkt size 137 bytes)
	Unique flows:          2            
	TCP Packets:           14           
	UDP Packets:           2            
	VLAN Packets:          0            
	MPLS Packets:          0            
	PPPoE Packets:         0            
	Fragmented Packets:    0            
	Max Packet size:       730          
	Packet Len < 64:       13           
	Packet Len 64-128:     1            
	Packet Len 128-256:    0            
	Packet Len 256-1024:   2            
	Packet Len 1024-1500:  0            
	Packet Len > 1500:     0            
	nDPI throughput:       41.13 K pps / 50.68 Mb/sec
	Analysis begin:        02/Mar/2022 20:29:30
	Analysis end:          04/Jul/2022 21:16:43
	Traffic throughput:    0.00 pps / 0 b/sec
	Traffic duration:      10716433.000 sec
	DPI Packets (TCP):     9             (9.00 pkts/flow)
	DPI Packets (UDP):     2             (2.00 pkts/flow)
	Confidence: DPI        2             (flows)


Detected protocols:
	DNS                  packets: 16            bytes: 2200          flows: 2            


Protocol statistics:
	Acceptable           packets: 16            bytes: 2200          flows: 2            
