
-----------------------------------------------------------
* NOTE: This is demo app to show *some* nDPI features.
* In this demo we have implemented only some basic features
* just to show you what you can do with the library. Feel 
* free to extend it and send us the patches for inclusion
------------------------------------------------------------

Using nDPI (4.13.0-5225-2e7b75a) [1 thread(s)]
Using libgcrypt version 1.8.6internal
Reading packets from pcap file ./tests/cfgs/default/pcap/jabber.pcap...
Running thread 0...

nDPI Memory statistics:
	nDPI Memory (once):      42.82 KB     
	Flow Memory (per flow):  1.15 KB      
	Actual Memory:           11.19 MB     
	Peak Memory:             11.19 MB     
	Setup Time:              20 msec
	Packet Processing Time:  0 msec

Traffic statistics:
	Ethernet bytes:        69896         (includes ethernet CRC/IFC/trailer)
	Discarded bytes:       0            
	IP packets:            358           of 376 packets total
	IP bytes:              61304         (avg pkt size 163 bytes)
	Unique flows:          12           
	TCP Packets:           358          
	UDP Packets:           0            
	VLAN Packets:          0            
	MPLS Packets:          0            
	PPPoE Packets:         0            
	Fragmented Packets:    0            
	Max Packet size:       1480         
	Packet Len < 64:       218          
	Packet Len 64-128:     17           
	Packet Len 128-256:    78           
	Packet Len 256-1024:   37           
	Packet Len 1024-1500:  8            
	Packet Len > 1500:     0            
	nDPI throughput:       477.33 K pps / 711.02 Mb/sec
	Analysis begin:        10/Aug/2017 21:11:33
	Analysis end:          23/Jun/2022 17:36:03
	Traffic throughput:    0.00 pps / 0 b/sec
	Traffic duration:      153606272.000 sec
	DPI Packets (TCP):     74            (6.17 pkts/flow)
	Confidence: DPI        12            (flows)


Detected protocols:
	Jabber               packets: 358           bytes: 61304         flows: 12           


Protocol statistics:
	Acceptable           packets: 358           bytes: 61304         flows: 12           

Risk stats [found 4 (33.3 %) flows with risks]:
	Susp Entropy                                 4 [100.0 %]

	NOTE: as one flow can have multiple risks set, the sum of the
	      last column can exceed the number of flows with risks.


