
-----------------------------------------------------------
* NOTE: This is demo app to show *some* nDPI features.
* In this demo we have implemented only some basic features
* just to show you what you can do with the library. Feel 
* free to extend it and send us the patches for inclusion
------------------------------------------------------------

Using nDPI (4.13.0-5225-2e7b75a) [1 thread(s)]
Using libgcrypt version 1.8.6internal
Reading packets from pcap file ./tests/cfgs/default/pcap/443-opvn.pcap...
Running thread 0...

nDPI Memory statistics:
	nDPI Memory (once):      42.82 KB     
	Flow Memory (per flow):  1.15 KB      
	Actual Memory:           11.06 MB     
	Peak Memory:             11.06 MB     
	Setup Time:              20 msec
	Packet Processing Time:  0 msec

Traffic statistics:
	Ethernet bytes:        12677         (includes ethernet CRC/IFC/trailer)
	Discarded bytes:       0            
	IP packets:            46            of 46 packets total
	IP bytes:              11573         (avg pkt size 251 bytes)
	Unique flows:          1            
	TCP Packets:           46           
	UDP Packets:           0            
	VLAN Packets:          0            
	MPLS Packets:          0            
	PPPoE Packets:         0            
	Fragmented Packets:    0            
	Max Packet size:       1472         
	Packet Len < 64:       24           
	Packet Len 64-128:     10           
	Packet Len 128-256:    2            
	Packet Len 256-1024:   7            
	Packet Len 1024-1500:  3            
	Packet Len > 1500:     0            
	nDPI throughput:       107.23 K pps / 225.45 Mb/sec
	Analysis begin:        08/Feb/2020 14:42:55
	Analysis end:          08/Feb/2020 14:43:04
	Traffic throughput:    5.13 pps / 11.05 Kb/sec
	Traffic duration:      8.963 sec
	DPI Packets (TCP):     6             (6.00 pkts/flow)
	Confidence: DPI        1             (flows)


Detected protocols:
	OpenVPN              packets: 46            bytes: 11573         flows: 1            


Protocol statistics:
	Acceptable           packets: 46            bytes: 11573         flows: 1            
