
-----------------------------------------------------------
* NOTE: This is demo app to show *some* nDPI features.
* In this demo we have implemented only some basic features
* just to show you what you can do with the library. Feel 
* free to extend it and send us the patches for inclusion
------------------------------------------------------------

Using nDPI (4.13.0-5225-2e7b75a) [1 thread(s)]
Using libgcrypt version 1.8.6internal
Reading packets from pcap file ./tests/cfgs/default/pcap/imap-starttls.pcap...
Running thread 0...

nDPI Memory statistics:
	nDPI Memory (once):      42.82 KB     
	Flow Memory (per flow):  1.15 KB      
	Actual Memory:           11.07 MB     
	Peak Memory:             11.07 MB     
	Setup Time:              18 msec
	Packet Processing Time:  0 msec

Traffic statistics:
	Ethernet bytes:        8743          (includes ethernet CRC/IFC/trailer)
	Discarded bytes:       0            
	IP packets:            32            of 32 packets total
	IP bytes:              7975          (avg pkt size 249 bytes)
	Unique flows:          1            
	TCP Packets:           32           
	UDP Packets:           0            
	VLAN Packets:          0            
	MPLS Packets:          0            
	PPPoE Packets:         0            
	Fragmented Packets:    0            
	Max Packet size:       1480         
	Packet Len < 64:       22           
	Packet Len 64-128:     2            
	Packet Len 128-256:    2            
	Packet Len 256-1024:   3            
	Packet Len 1024-1500:  3            
	Packet Len > 1500:     0            
	nDPI throughput:       61.30 K pps / 127.79 Mb/sec
	Analysis begin:        22/Jul/2015 22:32:47
	Analysis end:          22/Jul/2015 22:32:50
	Traffic throughput:    10.61 pps / 22.65 Kb/sec
	Traffic duration:      3.016 sec
	DPI Packets (TCP):     19            (19.00 pkts/flow)
	Confidence: DPI        1             (flows)


Detected protocols:
	IMAPS                packets: 32            bytes: 7975          flows: 1            


Protocol statistics:
	Safe                 packets: 32            bytes: 7975          flows: 1            

Risk stats [found 1 (100.0 %) flows with risks]:
	Known Proto on Non Std Port                  1 [33.3 %]
	TLS (probably) Not Carrying HTTPS            1 [33.3 %]
	Missing SNI TLS Extn                         1 [33.3 %]

	NOTE: as one flow can have multiple risks set, the sum of the
	      last column can exceed the number of flows with risks.


