
-----------------------------------------------------------
* NOTE: This is demo app to show *some* nDPI features.
* In this demo we have implemented only some basic features
* just to show you what you can do with the library. Feel 
* free to extend it and send us the patches for inclusion
------------------------------------------------------------

Using nDPI (4.13.0-5225-2e7b75a) [1 thread(s)]
Using libgcrypt version 1.8.6internal
Reading packets from pcap file ./tests/cfgs/default/pcap/tls_1.2_unidirectional_server.pcapng...
Running thread 0...

nDPI Memory statistics:
	nDPI Memory (once):      42.82 KB     
	Flow Memory (per flow):  1.15 KB      
	Actual Memory:           11.07 MB     
	Peak Memory:             11.07 MB     
	Setup Time:              18 msec
	Packet Processing Time:  0 msec

Traffic statistics:
	Ethernet bytes:        7650          (includes ethernet CRC/IFC/trailer)
	Discarded bytes:       0            
	IP packets:            18            of 18 packets total
	IP bytes:              7218          (avg pkt size 401 bytes)
	Unique flows:          1            
	TCP Packets:           18           
	UDP Packets:           0            
	VLAN Packets:          0            
	MPLS Packets:          0            
	PPPoE Packets:         0            
	Fragmented Packets:    0            
	Max Packet size:       1450         
	Packet Len < 64:       6            
	Packet Len 64-128:     4            
	Packet Len 128-256:    1            
	Packet Len 256-1024:   4            
	Packet Len 1024-1500:  3            
	Packet Len > 1500:     0            
	nDPI throughput:       51.43 K pps / 166.76 Mb/sec
	Analysis begin:        04/Jul/2022 21:14:29
	Analysis end:          04/Jul/2022 21:14:29
	Traffic throughput:    41.42 pps / 137.51 Kb/sec
	Traffic duration:      0.435 sec
	DPI Packets (TCP):     15            (15.00 pkts/flow)
	Confidence: DPI        1             (flows)


Detected protocols:
	YouTubeUpload        packets: 18            bytes: 7218          flows: 1            


Protocol statistics:
	Fun                  packets: 18            bytes: 7218          flows: 1            

Risk stats [found 1 (100.0 %) flows with risks]:
	Unidirectional Traffic                       1 [100.0 %]

	NOTE: as one flow can have multiple risks set, the sum of the
	      last column can exceed the number of flows with risks.


