
-----------------------------------------------------------
* NOTE: This is demo app to show *some* nDPI features.
* In this demo we have implemented only some basic features
* just to show you what you can do with the library. Feel 
* free to extend it and send us the patches for inclusion
------------------------------------------------------------

Using nDPI (4.13.0-5225-2e7b75a) [1 thread(s)]
Using libgcrypt version 1.8.6internal
Reading packets from pcap file ./tests/cfgs/default/pcap/quic-v2.pcapng...
Running thread 0...

nDPI Memory statistics:
	nDPI Memory (once):      42.82 KB     
	Flow Memory (per flow):  1.15 KB      
	Actual Memory:           11.07 MB     
	Peak Memory:             11.07 MB     
	Setup Time:              18 msec
	Packet Processing Time:  0 msec

Traffic statistics:
	Ethernet bytes:        13426         (includes ethernet CRC/IFC/trailer)
	Discarded bytes:       0            
	IP packets:            19            of 19 packets total
	IP bytes:              12970         (avg pkt size 682 bytes)
	Unique flows:          1            
	TCP Packets:           0            
	UDP Packets:           19           
	VLAN Packets:          0            
	MPLS Packets:          0            
	PPPoE Packets:         0            
	Fragmented Packets:    0            
	Max Packet size:       2042         
	Packet Len < 64:       5            
	Packet Len 64-128:     0            
	Packet Len 128-256:    4            
	Packet Len 256-1024:   4            
	Packet Len 1024-1500:  5            
	Packet Len > 1500:     1            
	nDPI throughput:       38.78 K pps / 209.05 Mb/sec
	Analysis begin:        20/Dec/2022 14:50:48
	Analysis end:          20/Dec/2022 14:50:49
	Traffic throughput:    35.27 pps / 194.69 Kb/sec
	Traffic duration:      0.539 sec
	DPI Packets (UDP):     1             (1.00 pkts/flow)
	Confidence: DPI        1             (flows)


Detected protocols:
	QUIC                 packets: 19            bytes: 12970         flows: 1            


Protocol statistics:
	Acceptable           packets: 19            bytes: 12970         flows: 1            

Risk stats [found 1 (100.0 %) flows with risks]:
	Known Proto on Non Std Port                  1 [100.0 %]

	NOTE: as one flow can have multiple risks set, the sum of the
	      last column can exceed the number of flows with risks.


