
-----------------------------------------------------------
* NOTE: This is demo app to show *some* nDPI features.
* In this demo we have implemented only some basic features
* just to show you what you can do with the library. Feel 
* free to extend it and send us the patches for inclusion
------------------------------------------------------------

Using nDPI (4.13.0-5225-2e7b75a) [1 thread(s)]
Using libgcrypt version 1.8.6internal
Reading packets from pcap file ./tests/cfgs/default/pcap/ospfv2_add_new_prefix.pcap...
Running thread 0...

nDPI Memory statistics:
	nDPI Memory (once):      42.82 KB     
	Flow Memory (per flow):  1.15 KB      
	Actual Memory:           11.05 MB     
	Peak Memory:             11.05 MB     
	Setup Time:              18 msec
	Packet Processing Time:  0 msec

Traffic statistics:
	Ethernet bytes:        248           (includes ethernet CRC/IFC/trailer)
	Discarded bytes:       0            
	IP packets:            2             of 2 packets total
	IP bytes:              200           (avg pkt size 100 bytes)
	Unique flows:          1            
	TCP Packets:           0            
	UDP Packets:           0            
	VLAN Packets:          0            
	MPLS Packets:          0            
	PPPoE Packets:         0            
	Fragmented Packets:    0            
	Max Packet size:       88           
	Packet Len < 64:       1            
	Packet Len 64-128:     1            
	Packet Len 128-256:    0            
	Packet Len 256-1024:   0            
	Packet Len 1024-1500:  0            
	Packet Len > 1500:     0            
	nDPI throughput:       5.57 K pps / 5.27 Mb/sec
	Analysis begin:        05/Aug/2020 16:58:09
	Analysis end:          05/Aug/2020 16:58:11
	Traffic throughput:    0.80 pps / 791 b/sec
	Traffic duration:      2.506 sec
	DPI Packets (other):   1             (1.00 pkts/flow)
	Confidence: DPI        1             (flows)


Detected protocols:
	OSPF                 packets: 2             bytes: 200           flows: 1            


Protocol statistics:
	Acceptable           packets: 2             bytes: 200           flows: 1            
