
-----------------------------------------------------------
* NOTE: This is demo app to show *some* nDPI features.
* In this demo we have implemented only some basic features
* just to show you what you can do with the library. Feel 
* free to extend it and send us the patches for inclusion
------------------------------------------------------------

Using nDPI (4.13.0-5225-2e7b75a) [1 thread(s)]
Using libgcrypt version 1.8.6internal
Reading packets from pcap file ./tests/cfgs/default/pcap/h323.pcap...
Running thread 0...

nDPI Memory statistics:
	nDPI Memory (once):      42.82 KB     
	Flow Memory (per flow):  1.15 KB      
	Actual Memory:           11.09 MB     
	Peak Memory:             11.09 MB     
	Setup Time:              19 msec
	Packet Processing Time:  0 msec

Traffic statistics:
	Ethernet bytes:        9798          (includes ethernet CRC/IFC/trailer)
	Discarded bytes:       0            
	IP packets:            75            of 75 packets total
	IP bytes:              7998          (avg pkt size 106 bytes)
	Unique flows:          6            
	TCP Packets:           60           
	UDP Packets:           15           
	VLAN Packets:          0            
	MPLS Packets:          0            
	PPPoE Packets:         0            
	Fragmented Packets:    0            
	Max Packet size:       377          
	Packet Len < 64:       52           
	Packet Len 64-128:     9            
	Packet Len 128-256:    8            
	Packet Len 256-1024:   6            
	Packet Len 1024-1500:  0            
	Packet Len > 1500:     0            
	nDPI throughput:       218.02 K pps / 217.30 Mb/sec
	Analysis begin:        26/Jul/2002 11:49:01
	Analysis end:          14/Mar/2012 21:46:17
	Traffic throughput:    0.00 pps / 0 b/sec
	Traffic duration:      304077440.000 sec
	DPI Packets (TCP):     15            (3.75 pkts/flow)
	DPI Packets (UDP):     2             (1.00 pkts/flow)
	Confidence: DPI        6             (flows)


Detected protocols:
	H323                 packets: 75            bytes: 7998          flows: 6            


Protocol statistics:
	Acceptable           packets: 75            bytes: 7998          flows: 6            

Risk stats [found 1 (16.7 %) flows with risks]:
	Known Proto on Non Std Port                  1 [100.0 %]

	NOTE: as one flow can have multiple risks set, the sum of the
	      last column can exceed the number of flows with risks.


