
-----------------------------------------------------------
* NOTE: This is demo app to show *some* nDPI features.
* In this demo we have implemented only some basic features
* just to show you what you can do with the library. Feel 
* free to extend it and send us the patches for inclusion
------------------------------------------------------------

Using nDPI (4.13.0-5225-2e7b75a) [1 thread(s)]
Using libgcrypt version 1.8.6internal
Reading packets from pcap file ./tests/cfgs/default/pcap/punycode-idn.pcap...
Running thread 0...

nDPI Memory statistics:
	nDPI Memory (once):      42.82 KB     
	Flow Memory (per flow):  1.15 KB      
	Actual Memory:           11.06 MB     
	Peak Memory:             11.06 MB     
	Setup Time:              19 msec
	Packet Processing Time:  0 msec

Traffic statistics:
	Ethernet bytes:        2340          (includes ethernet CRC/IFC/trailer)
	Discarded bytes:       0            
	IP packets:            16            of 16 packets total
	IP bytes:              1956          (avg pkt size 122 bytes)
	Unique flows:          3            
	TCP Packets:           12           
	UDP Packets:           4            
	VLAN Packets:          0            
	MPLS Packets:          0            
	PPPoE Packets:         0            
	Fragmented Packets:    0            
	Max Packet size:       731          
	Packet Len < 64:       12           
	Packet Len 64-128:     3            
	Packet Len 128-256:    0            
	Packet Len 256-1024:   1            
	Packet Len 1024-1500:  0            
	Packet Len > 1500:     0            
	nDPI throughput:       45.71 K pps / 51.01 Mb/sec
	Analysis begin:        03/Feb/2022 13:25:53
	Analysis end:          03/Feb/2022 13:26:02
	Traffic throughput:    1.85 pps / 2.12 Kb/sec
	Traffic duration:      8.635 sec
	DPI Packets (TCP):     8             (8.00 pkts/flow)
	DPI Packets (UDP):     4             (2.00 pkts/flow)
	Confidence: DPI        3             (flows)


Detected protocols:
	DNS                  packets: 4             bytes: 359           flows: 2            
	HTTP                 packets: 12            bytes: 1597          flows: 1            


Protocol statistics:
	Acceptable           packets: 16            bytes: 1956          flows: 3            

Risk stats [found 2 (66.7 %) flows with risks]:
	IDN Domain Name                              2 [50.0 %]
	Error Code                                   2 [50.0 %]

	NOTE: as one flow can have multiple risks set, the sum of the
	      last column can exceed the number of flows with risks.


