
-----------------------------------------------------------
* NOTE: This is demo app to show *some* nDPI features.
* In this demo we have implemented only some basic features
* just to show you what you can do with the library. Feel 
* free to extend it and send us the patches for inclusion
------------------------------------------------------------

Using nDPI (4.13.0-5225-2e7b75a) [1 thread(s)]
Using libgcrypt version 1.8.6internal
Reading packets from pcap file ./tests/cfgs/default/pcap/softether.pcap...
Running thread 0...

nDPI Memory statistics:
	nDPI Memory (once):      42.82 KB     
	Flow Memory (per flow):  1.15 KB      
	Actual Memory:           11.08 MB     
	Peak Memory:             11.08 MB     
	Setup Time:              21 msec
	Packet Processing Time:  0 msec

Traffic statistics:
	Ethernet bytes:        25535         (includes ethernet CRC/IFC/trailer)
	Discarded bytes:       0            
	IP packets:            177           of 177 packets total
	IP bytes:              21287         (avg pkt size 120 bytes)
	Unique flows:          4            
	TCP Packets:           4            
	UDP Packets:           173          
	VLAN Packets:          0            
	MPLS Packets:          0            
	PPPoE Packets:         0            
	Fragmented Packets:    0            
	Max Packet size:       1144         
	Packet Len < 64:       146          
	Packet Len 64-128:     3            
	Packet Len 128-256:    0            
	Packet Len 256-1024:   27           
	Packet Len 1024-1500:  1            
	Packet Len > 1500:     0            
	nDPI throughput:       400.45 K pps / 440.76 Mb/sec
	Analysis begin:        20/Jan/2022 21:37:43
	Analysis end:          16/Jul/2022 19:19:16
	Traffic throughput:    0.00 pps / 0 b/sec
	Traffic duration:      15284493.000 sec
	DPI Packets (TCP):     4             (4.00 pkts/flow)
	DPI Packets (UDP):     31            (10.33 pkts/flow)
	Confidence: DPI        4             (flows)


Detected protocols:
	Softether            packets: 177           bytes: 21287         flows: 4            


Protocol statistics:
	Acceptable           packets: 177           bytes: 21287         flows: 4            
