
-----------------------------------------------------------
* NOTE: This is demo app to show *some* nDPI features.
* In this demo we have implemented only some basic features
* just to show you what you can do with the library. Feel 
* free to extend it and send us the patches for inclusion
------------------------------------------------------------

Using nDPI (4.13.0-5225-2e7b75a) [1 thread(s)]
Using libgcrypt version 1.8.6internal
Reading packets from pcap file ./tests/cfgs/default/pcap/skinny.pcap...
Running thread 0...

nDPI Memory statistics:
	nDPI Memory (once):      42.82 KB     
	Flow Memory (per flow):  1.15 KB      
	Actual Memory:           11.12 MB     
	Peak Memory:             11.12 MB     
	Setup Time:              18 msec
	Packet Processing Time:  0 msec

Traffic statistics:
	Ethernet bytes:        40558         (includes ethernet CRC/IFC/trailer)
	Discarded bytes:       0            
	IP packets:            196           of 200 packets total
	IP bytes:              35854         (avg pkt size 179 bytes)
	Unique flows:          7            
	TCP Packets:           61           
	UDP Packets:           135          
	VLAN Packets:          0            
	MPLS Packets:          0            
	PPPoE Packets:         0            
	Fragmented Packets:    0            
	Max Packet size:       512          
	Packet Len < 64:       39           
	Packet Len 64-128:     8            
	Packet Len 128-256:    147          
	Packet Len 256-1024:   2            
	Packet Len 1024-1500:  0            
	Packet Len > 1500:     0            
	nDPI throughput:       426.09 K pps / 672.68 Mb/sec
	Analysis begin:        05/Oct/2011 13:22:10
	Analysis end:          05/Oct/2011 13:22:14
	Traffic throughput:    47.03 pps / 76.04 Kb/sec
	Traffic duration:      4.167 sec
	DPI Packets (TCP):     2             (1.00 pkts/flow)
	DPI Packets (UDP):     71            (14.20 pkts/flow)
	Confidence: DPI        7             (flows)


Detected protocols:
	RTP                  packets: 135           bytes: 28890         flows: 5            
	CiscoSkinny          packets: 61            bytes: 6964          flows: 2            


Protocol statistics:
	Acceptable           packets: 196           bytes: 35854         flows: 7            
