
-----------------------------------------------------------
* NOTE: This is demo app to show *some* nDPI features.
* In this demo we have implemented only some basic features
* just to show you what you can do with the library. Feel 
* free to extend it and send us the patches for inclusion
------------------------------------------------------------

Using nDPI (4.13.0-5225-2e7b75a) [1 thread(s)]
Using libgcrypt version 1.8.6internal
Reading packets from pcap file ./tests/cfgs/default/pcap/dicom.pcap...
Running thread 0...

nDPI Memory statistics:
	nDPI Memory (once):      42.82 KB     
	Flow Memory (per flow):  1.15 KB      
	Actual Memory:           11.10 MB     
	Peak Memory:             11.10 MB     
	Setup Time:              20 msec
	Packet Processing Time:  0 msec

Traffic statistics:
	Ethernet bytes:        34864         (includes ethernet CRC/IFC/trailer)
	Discarded bytes:       0            
	IP packets:            6             of 6 packets total
	IP bytes:              34720         (avg pkt size 5786 bytes)
	Unique flows:          4            
	TCP Packets:           6            
	UDP Packets:           0            
	VLAN Packets:          0            
	MPLS Packets:          0            
	PPPoE Packets:         0            
	Fragmented Packets:    0            
	Max Packet size:       16364        
	Packet Len < 64:       0            
	Packet Len 64-128:     0            
	Packet Len 128-256:    2            
	Packet Len 256-1024:   2            
	Packet Len 1024-1500:  0            
	Packet Len > 1500:     2            
	nDPI throughput:       16.35 K pps / 724.77 Mb/sec
	Analysis begin:        17/Nov/2018 02:56:56
	Analysis end:          19/Nov/2018 20:44:32
	Traffic throughput:    0.00 pps / 1 b/sec
	Traffic duration:      236856.328 sec
	DPI Packets (TCP):     4             (1.00 pkts/flow)
	Confidence: DPI        4             (flows)


Detected protocols:
	DICOM                packets: 6             bytes: 34720         flows: 4            


Protocol statistics:
	Acceptable           packets: 6             bytes: 34720         flows: 4            

Risk stats [found 4 (100.0 %) flows with risks]:
	Unidirectional Traffic                       4 [100.0 %]

	NOTE: as one flow can have multiple risks set, the sum of the
	      last column can exceed the number of flows with risks.


