
-----------------------------------------------------------
* NOTE: This is demo app to show *some* nDPI features.
* In this demo we have implemented only some basic features
* just to show you what you can do with the library. Feel 
* free to extend it and send us the patches for inclusion
------------------------------------------------------------

Using nDPI (4.13.0-5225-2e7b75a) [1 thread(s)]
Using libgcrypt version 1.8.6internal
Reading packets from pcap file ./tests/cfgs/default/pcap/rdp2.pcap...
Running thread 0...

nDPI Memory statistics:
	nDPI Memory (once):      42.82 KB     
	Flow Memory (per flow):  1.15 KB      
	Actual Memory:           11.07 MB     
	Peak Memory:             11.07 MB     
	Setup Time:              21 msec
	Packet Processing Time:  0 msec

Traffic statistics:
	Ethernet bytes:        12307         (includes ethernet CRC/IFC/trailer)
	Discarded bytes:       0            
	IP packets:            39            of 39 packets total
	IP bytes:              11371         (avg pkt size 291 bytes)
	Unique flows:          3            
	TCP Packets:           0            
	UDP Packets:           39           
	VLAN Packets:          33           
	MPLS Packets:          0            
	PPPoE Packets:         0            
	Fragmented Packets:    0            
	Max Packet size:       1240         
	Packet Len < 64:       13           
	Packet Len 64-128:     14           
	Packet Len 128-256:    5            
	Packet Len 256-1024:   2            
	Packet Len 1024-1500:  5            
	Packet Len > 1500:     0            
	nDPI throughput:       74.29 K pps / 178.85 Mb/sec
	Analysis begin:        03/Jun/2021 18:25:48
	Analysis end:          22/Feb/2022 13:23:27
	Traffic throughput:    0.00 pps / 0 b/sec
	Traffic duration:      22791460.000 sec
	DPI Packets (UDP):     8             (2.67 pkts/flow)
	Confidence: DPI        3             (flows)


Detected protocols:
	RDP                  packets: 39            bytes: 11371         flows: 3            


Protocol statistics:
	Acceptable           packets: 39            bytes: 11371         flows: 3            

Risk stats [found 3 (100.0 %) flows with risks]:
	Desktop/File Sharing                         3 [100.0 %]

	NOTE: as one flow can have multiple risks set, the sum of the
	      last column can exceed the number of flows with risks.


