
-----------------------------------------------------------
* NOTE: This is demo app to show *some* nDPI features.
* In this demo we have implemented only some basic features
* just to show you what you can do with the library. Feel 
* free to extend it and send us the patches for inclusion
------------------------------------------------------------

Using nDPI (4.13.0-5225-2e7b75a) [1 thread(s)]
Using libgcrypt version 1.8.6internal
Reading packets from pcap file ./tests/cfgs/default/pcap/tls_false_positives.pcapng...
Running thread 0...

nDPI Memory statistics:
	nDPI Memory (once):      42.82 KB     
	Flow Memory (per flow):  1.15 KB      
	Actual Memory:           11.08 MB     
	Peak Memory:             11.08 MB     
	Setup Time:              20 msec
	Packet Processing Time:  0 msec

Traffic statistics:
	Ethernet bytes:        38033         (includes ethernet CRC/IFC/trailer)
	Discarded bytes:       0            
	IP packets:            30            of 30 packets total
	IP bytes:              37313         (avg pkt size 1243 bytes)
	Unique flows:          1            
	TCP Packets:           30           
	UDP Packets:           0            
	VLAN Packets:          0            
	MPLS Packets:          0            
	PPPoE Packets:         0            
	Fragmented Packets:    0            
	Max Packet size:       1420         
	Packet Len < 64:       2            
	Packet Len 64-128:     0            
	Packet Len 128-256:    1            
	Packet Len 256-1024:   2            
	Packet Len 1024-1500:  25           
	Packet Len > 1500:     0            
	nDPI throughput:       59.76 K pps / 578.03 Mb/sec
	Analysis begin:        03/Jan/2022 23:29:21
	Analysis end:          03/Jan/2022 23:29:27
	Traffic throughput:    4.69 pps / 46.41 Kb/sec
	Traffic duration:      6.402 sec
	DPI Packets (TCP):     13            (13.00 pkts/flow)
	Confidence: Unknown    1             (flows)


Detected protocols:
	Unknown              packets: 30            bytes: 37313         flows: 1            


Protocol statistics:
	Unrated              packets: 30            bytes: 37313         flows: 1            
