
-----------------------------------------------------------
* NOTE: This is demo app to show *some* nDPI features.
* In this demo we have implemented only some basic features
* just to show you what you can do with the library. Feel 
* free to extend it and send us the patches for inclusion
------------------------------------------------------------

Using nDPI (4.13.0-5225-2e7b75a) [1 thread(s)]
Using libgcrypt version 1.8.6internal
Reading packets from pcap file ./tests/cfgs/default/pcap/Oscar.pcap...
Running thread 0...

nDPI Memory statistics:
	nDPI Memory (once):      42.82 KB     
	Flow Memory (per flow):  1.15 KB      
	Actual Memory:           11.06 MB     
	Peak Memory:             11.06 MB     
	Setup Time:              20 msec
	Packet Processing Time:  0 msec

Traffic statistics:
	Ethernet bytes:        11090         (includes ethernet CRC/IFC/trailer)
	Discarded bytes:       0            
	IP packets:            71            of 71 packets total
	IP bytes:              9386          (avg pkt size 132 bytes)
	Unique flows:          1            
	TCP Packets:           71           
	UDP Packets:           0            
	VLAN Packets:          0            
	MPLS Packets:          0            
	PPPoE Packets:         0            
	Fragmented Packets:    0            
	Max Packet size:       1380         
	Packet Len < 64:       56           
	Packet Len 64-128:     3            
	Packet Len 128-256:    5            
	Packet Len 256-1024:   6            
	Packet Len 1024-1500:  1            
	Packet Len > 1500:     0            
	nDPI throughput:       209.44 K pps / 249.59 Mb/sec
	Analysis begin:        18/Jun/2015 11:17:44
	Analysis end:          18/Jun/2015 11:18:56
	Traffic throughput:    0.98 pps / 1.20 Kb/sec
	Traffic duration:      72.454 sec
	Guessed flow protos:   1            
	DPI Packets (TCP):     21            (21.00 pkts/flow)
	Confidence: Match by port 1             (flows)


Detected protocols:
	TLS                  packets: 71            bytes: 9386          flows: 1            


Protocol statistics:
	Safe                 packets: 71            bytes: 9386          flows: 1            
