
-----------------------------------------------------------
* NOTE: This is demo app to show *some* nDPI features.
* In this demo we have implemented only some basic features
* just to show you what you can do with the library. Feel 
* free to extend it and send us the patches for inclusion
------------------------------------------------------------

Using nDPI (4.13.0-5225-2e7b75a) [1 thread(s)]
Using libgcrypt version 1.8.6internal
Reading packets from pcap file ./tests/cfgs/default/pcap/snapchat_call.pcapng...
Running thread 0...

nDPI Memory statistics:
	nDPI Memory (once):      42.82 KB     
	Flow Memory (per flow):  1.15 KB      
	Actual Memory:           11.06 MB     
	Peak Memory:             11.06 MB     
	Setup Time:              20 msec
	Packet Processing Time:  0 msec

Traffic statistics:
	Ethernet bytes:        13972         (includes ethernet CRC/IFC/trailer)
	Discarded bytes:       0            
	IP packets:            50            of 50 packets total
	IP bytes:              12772         (avg pkt size 255 bytes)
	Unique flows:          1            
	TCP Packets:           0            
	UDP Packets:           50           
	VLAN Packets:          0            
	MPLS Packets:          0            
	PPPoE Packets:         0            
	Fragmented Packets:    0            
	Max Packet size:       1358         
	Packet Len < 64:       35           
	Packet Len 64-128:     2            
	Packet Len 128-256:    1            
	Packet Len 256-1024:   7            
	Packet Len 1024-1500:  5            
	Packet Len > 1500:     0            
	nDPI throughput:       131.93 K pps / 281.26 Mb/sec
	Analysis begin:        27/Jul/2020 21:33:19
	Analysis end:          27/Jul/2020 21:33:27
	Traffic throughput:    6.03 pps / 13.16 Kb/sec
	Traffic duration:      8.292 sec
	DPI Packets (UDP):     20            (20.00 pkts/flow)
	Confidence: DPI        1             (flows)


Detected protocols:
	SnapchatCall         packets: 50            bytes: 12772         flows: 1            


Protocol statistics:
	Acceptable           packets: 50            bytes: 12772         flows: 1            

Risk stats [found 1 (100.0 %) flows with risks]:
	Missing SNI TLS Extn                         1 [100.0 %]

	NOTE: as one flow can have multiple risks set, the sum of the
	      last column can exceed the number of flows with risks.


