
-----------------------------------------------------------
* NOTE: This is demo app to show *some* nDPI features.
* In this demo we have implemented only some basic features
* just to show you what you can do with the library. Feel 
* free to extend it and send us the patches for inclusion
------------------------------------------------------------

Using nDPI (4.13.0-5225-2e7b75a) [1 thread(s)]
Using libgcrypt version 1.8.6internal
Reading packets from pcap file ./tests/cfgs/default/pcap/signal_multiparty.pcapng...
Running thread 0...

nDPI Memory statistics:
	nDPI Memory (once):      42.82 KB     
	Flow Memory (per flow):  1.15 KB      
	Actual Memory:           11.06 MB     
	Peak Memory:             11.06 MB     
	Setup Time:              21 msec
	Packet Processing Time:  0 msec

Traffic statistics:
	Ethernet bytes:        10473         (includes ethernet CRC/IFC/trailer)
	Discarded bytes:       0            
	IP packets:            30            of 30 packets total
	IP bytes:              9753          (avg pkt size 325 bytes)
	Unique flows:          1            
	TCP Packets:           0            
	UDP Packets:           30           
	VLAN Packets:          0            
	MPLS Packets:          0            
	PPPoE Packets:         0            
	Fragmented Packets:    0            
	Max Packet size:       1002         
	Packet Len < 64:       7            
	Packet Len 64-128:     9            
	Packet Len 128-256:    2            
	Packet Len 256-1024:   12           
	Packet Len 1024-1500:  0            
	Packet Len > 1500:     0            
	nDPI throughput:       76.14 K pps / 202.80 Mb/sec
	Analysis begin:        03/Dec/2024 20:52:21
	Analysis end:          03/Dec/2024 20:52:21
	Traffic throughput:    65.29 pps / 178.06 Kb/sec
	Traffic duration:      0.460 sec
	DPI Packets (UDP):     7             (7.00 pkts/flow)
	Confidence: DPI        1             (flows)


Detected protocols:
	SignalVoip           packets: 30            bytes: 9753          flows: 1            


Protocol statistics:
	Acceptable           packets: 30            bytes: 9753          flows: 1            

Risk stats [found 1 (100.0 %) flows with risks]:
	Known Proto on Non Std Port                  1 [100.0 %]

	NOTE: as one flow can have multiple risks set, the sum of the
	      last column can exceed the number of flows with risks.


