
-----------------------------------------------------------
* NOTE: This is demo app to show *some* nDPI features.
* In this demo we have implemented only some basic features
* just to show you what you can do with the library. Feel 
* free to extend it and send us the patches for inclusion
------------------------------------------------------------

Using nDPI (4.13.0-5225-2e7b75a) [1 thread(s)]
Using libgcrypt version 1.8.6internal
Reading packets from pcap file ./tests/cfgs/default/pcap/c1222.pcapng...
Running thread 0...

nDPI Memory statistics:
	nDPI Memory (once):      42.82 KB     
	Flow Memory (per flow):  1.15 KB      
	Actual Memory:           11.05 MB     
	Peak Memory:             11.05 MB     
	Setup Time:              19 msec
	Packet Processing Time:  0 msec

Traffic statistics:
	Ethernet bytes:        667           (includes ethernet CRC/IFC/trailer)
	Discarded bytes:       0            
	IP packets:            4             of 4 packets total
	IP bytes:              571           (avg pkt size 142 bytes)
	Unique flows:          2            
	TCP Packets:           2            
	UDP Packets:           2            
	VLAN Packets:          0            
	MPLS Packets:          0            
	PPPoE Packets:         0            
	Fragmented Packets:    0            
	Max Packet size:       143          
	Packet Len < 64:       1            
	Packet Len 64-128:     1            
	Packet Len 128-256:    2            
	Packet Len 256-1024:   0            
	Packet Len 1024-1500:  0            
	Packet Len > 1500:     0            
	nDPI throughput:       13.29 K pps / 16.91 Mb/sec
	Analysis begin:        01/May/2013 07:29:45
	Analysis end:          21/Sep/2010 05:25:54
	Traffic throughput:    0.00 pps / 0 b/sec
	Traffic duration:      18446662238208.000 sec
	DPI Packets (TCP):     1             (1.00 pkts/flow)
	DPI Packets (UDP):     1             (1.00 pkts/flow)
	Confidence: DPI        2             (flows)


Detected protocols:
	ANSI_C1222           packets: 4             bytes: 571           flows: 2            


Protocol statistics:
	Acceptable           packets: 4             bytes: 571           flows: 2            

Risk stats [found 1 (50.0 %) flows with risks]:
	Unidirectional Traffic                       1 [100.0 %]

	NOTE: as one flow can have multiple risks set, the sum of the
	      last column can exceed the number of flows with risks.


