
-----------------------------------------------------------
* NOTE: This is demo app to show *some* nDPI features.
* In this demo we have implemented only some basic features
* just to show you what you can do with the library. Feel 
* free to extend it and send us the patches for inclusion
------------------------------------------------------------

Using nDPI (4.13.0-5225-2e7b75a) [1 thread(s)]
Using libgcrypt version 1.8.6internal
Reading packets from pcap file ./tests/cfgs/default/pcap/rtp.pcapng...
Running thread 0...

nDPI Memory statistics:
	nDPI Memory (once):      42.82 KB     
	Flow Memory (per flow):  1.15 KB      
	Actual Memory:           11.12 MB     
	Peak Memory:             11.12 MB     
	Setup Time:              18 msec
	Packet Processing Time:  0 msec

Traffic statistics:
	Ethernet bytes:        62495         (includes ethernet CRC/IFC/trailer)
	Discarded bytes:       0            
	IP packets:            112           of 112 packets total
	IP bytes:              59807         (avg pkt size 533 bytes)
	Unique flows:          4            
	TCP Packets:           37           
	UDP Packets:           75           
	VLAN Packets:          30           
	MPLS Packets:          0            
	PPPoE Packets:         0            
	Fragmented Packets:    0            
	Max Packet size:       1452         
	Packet Len < 64:       55           
	Packet Len 64-128:     10           
	Packet Len 128-256:    5            
	Packet Len 256-1024:   2            
	Packet Len 1024-1500:  40           
	Packet Len > 1500:     0            
	nDPI throughput:       217.90 K pps / 927.62 Mb/sec
	Analysis begin:        26/Mar/2012 11:22:11
	Analysis end:          01/Feb/2022 13:53:41
	Traffic throughput:    0.00 pps / 0 b/sec
	Traffic duration:      310962688.000 sec
	DPI Packets (TCP):     32            (32.00 pkts/flow)
	DPI Packets (UDP):     42            (14.00 pkts/flow)
	Confidence: DPI        4             (flows)


Detected protocols:
	Discord              packets: 30            bytes: 16092         flows: 1            
	RTP                  packets: 82            bytes: 43715         flows: 3            


Protocol statistics:
	Acceptable           packets: 82            bytes: 43715         flows: 3            
	Fun                  packets: 30            bytes: 16092         flows: 1            
