
-----------------------------------------------------------
* NOTE: This is demo app to show *some* nDPI features.
* In this demo we have implemented only some basic features
* just to show you what you can do with the library. Feel 
* free to extend it and send us the patches for inclusion
------------------------------------------------------------

Using nDPI (4.13.0-5225-2e7b75a) [1 thread(s)]
Using libgcrypt version 1.8.6internal
Reading packets from pcap file ./tests/cfgs/default/pcap/sites2.pcapng...
Running thread 0...

nDPI Memory statistics:
	nDPI Memory (once):      42.82 KB     
	Flow Memory (per flow):  1.15 KB      
	Actual Memory:           11.11 MB     
	Peak Memory:             11.11 MB     
	Setup Time:              20 msec
	Packet Processing Time:  0 msec

Traffic statistics:
	Ethernet bytes:        22655         (includes ethernet CRC/IFC/trailer)
	Discarded bytes:       0            
	IP packets:            62            of 62 packets total
	IP bytes:              21167         (avg pkt size 341 bytes)
	Unique flows:          5            
	TCP Packets:           62           
	UDP Packets:           0            
	VLAN Packets:          0            
	MPLS Packets:          0            
	PPPoE Packets:         0            
	Fragmented Packets:    0            
	Max Packet size:       1480         
	Packet Len < 64:       35           
	Packet Len 64-128:     5            
	Packet Len 128-256:    1            
	Packet Len 256-1024:   14           
	Packet Len 1024-1500:  7            
	Packet Len > 1500:     0            
	nDPI throughput:       105.26 K pps / 293.45 Mb/sec
	Analysis begin:        12/Nov/2024 19:36:36
	Analysis end:          29/Nov/2024 01:58:27
	Traffic throughput:    0.00 pps / 0 b/sec
	Traffic duration:      1405310.250 sec
	DPI Packets (TCP):     31            (6.20 pkts/flow)
	Confidence: DPI        5             (flows)


Detected protocols:
	Shein                packets: 13            bytes: 5080          flows: 1            
	Temu                 packets: 20            bytes: 7323          flows: 1            
	Taobao               packets: 15            bytes: 7085          flows: 1            
	ParamountPlus        packets: 4             bytes: 797           flows: 1            
	YandexAlice          packets: 10            bytes: 882           flows: 1            


Protocol statistics:
	Acceptable           packets: 58            bytes: 20370         flows: 4            
	Fun                  packets: 4             bytes: 797           flows: 1            
