
-----------------------------------------------------------
* NOTE: This is demo app to show *some* nDPI features.
* In this demo we have implemented only some basic features
* just to show you what you can do with the library. Feel 
* free to extend it and send us the patches for inclusion
------------------------------------------------------------

Using nDPI (4.13.0-5225-2e7b75a) [1 thread(s)]
Using libgcrypt version 1.8.6internal
Reading packets from pcap file ./tests/cfgs/default/pcap/oracle12.pcapng...
Running thread 0...

nDPI Memory statistics:
	nDPI Memory (once):      42.82 KB     
	Flow Memory (per flow):  1.15 KB      
	Actual Memory:           11.05 MB     
	Peak Memory:             11.05 MB     
	Setup Time:              20 msec
	Packet Processing Time:  0 msec

Traffic statistics:
	Ethernet bytes:        2998          (includes ethernet CRC/IFC/trailer)
	Discarded bytes:       0            
	IP packets:            20            of 20 packets total
	IP bytes:              2518          (avg pkt size 125 bytes)
	Unique flows:          1            
	TCP Packets:           20           
	UDP Packets:           0            
	VLAN Packets:          0            
	MPLS Packets:          0            
	PPPoE Packets:         0            
	Fragmented Packets:    0            
	Max Packet size:       259          
	Packet Len < 64:       13           
	Packet Len 64-128:     1            
	Packet Len 128-256:    5            
	Packet Len 256-1024:   1            
	Packet Len 1024-1500:  0            
	Packet Len > 1500:     0            
	nDPI throughput:       52.22 K pps / 59.72 Mb/sec
	Analysis begin:        09/Dec/2016 19:25:50
	Analysis end:          09/Dec/2016 19:25:50
	Traffic throughput:    664.28 pps / 777.93 Kb/sec
	Traffic duration:      0.030 sec
	DPI Packets (TCP):     4             (4.00 pkts/flow)
	Confidence: DPI        1             (flows)


Detected protocols:
	Oracle               packets: 20            bytes: 2518          flows: 1            


Protocol statistics:
	Acceptable           packets: 20            bytes: 2518          flows: 1            
