
-----------------------------------------------------------
* NOTE: This is demo app to show *some* nDPI features.
* In this demo we have implemented only some basic features
* just to show you what you can do with the library. Feel 
* free to extend it and send us the patches for inclusion
------------------------------------------------------------

Using nDPI (4.13.0-5225-2e7b75a) [1 thread(s)]
Using libgcrypt version 1.8.6internal
Reading packets from pcap file ./tests/cfgs/default/pcap/dns_long_domainname.pcap...
Running thread 0...

nDPI Memory statistics:
	nDPI Memory (once):      42.82 KB     
	Flow Memory (per flow):  1.15 KB      
	Actual Memory:           11.05 MB     
	Peak Memory:             11.05 MB     
	Setup Time:              18 msec
	Packet Processing Time:  0 msec

Traffic statistics:
	Ethernet bytes:        310           (includes ethernet CRC/IFC/trailer)
	Discarded bytes:       0            
	IP packets:            2             of 2 packets total
	IP bytes:              262           (avg pkt size 131 bytes)
	Unique flows:          1            
	TCP Packets:           0            
	UDP Packets:           2            
	VLAN Packets:          0            
	MPLS Packets:          0            
	PPPoE Packets:         0            
	Fragmented Packets:    0            
	Max Packet size:       125          
	Packet Len < 64:       0            
	Packet Len 64-128:     2            
	Packet Len 128-256:    0            
	Packet Len 256-1024:   0            
	Packet Len 1024-1500:  0            
	Packet Len > 1500:     0            
	nDPI throughput:       7.66 K pps / 9.06 Mb/sec
	Analysis begin:        10/Sep/2020 02:54:12
	Analysis end:          10/Sep/2020 02:54:12
	Traffic throughput:    88.30 pps / 106.93 Kb/sec
	Traffic duration:      0.023 sec
	DPI Packets (UDP):     2             (2.00 pkts/flow)
	Confidence: DPI        1             (flows)


Detected protocols:
	DNS                  packets: 2             bytes: 262           flows: 1            


Protocol statistics:
	Acceptable           packets: 2             bytes: 262           flows: 1            

Risk stats [found 1 (100.0 %) flows with risks]:
	Error Code                                   1 [100.0 %]

	NOTE: as one flow can have multiple risks set, the sum of the
	      last column can exceed the number of flows with risks.


