
-----------------------------------------------------------
* NOTE: This is demo app to show *some* nDPI features.
* In this demo we have implemented only some basic features
* just to show you what you can do with the library. Feel 
* free to extend it and send us the patches for inclusion
------------------------------------------------------------

Using nDPI (4.13.0-5225-2e7b75a) [1 thread(s)]
Using libgcrypt version 1.8.6internal
Reading packets from pcap file ./tests/cfgs/default/pcap/gaijin_mobile_mixed.pcap...
Running thread 0...

nDPI Memory statistics:
	nDPI Memory (once):      42.82 KB     
	Flow Memory (per flow):  1.15 KB      
	Actual Memory:           11.09 MB     
	Peak Memory:             11.09 MB     
	Setup Time:              20 msec
	Packet Processing Time:  0 msec

Traffic statistics:
	Ethernet bytes:        10986         (includes ethernet CRC/IFC/trailer)
	Discarded bytes:       0            
	IP packets:            18            of 18 packets total
	IP bytes:              10554         (avg pkt size 586 bytes)
	Unique flows:          3            
	TCP Packets:           13           
	UDP Packets:           5            
	VLAN Packets:          0            
	MPLS Packets:          0            
	PPPoE Packets:         0            
	Fragmented Packets:    0            
	Max Packet size:       4188         
	Packet Len < 64:       9            
	Packet Len 64-128:     0            
	Packet Len 128-256:    5            
	Packet Len 256-1024:   2            
	Packet Len 1024-1500:  0            
	Packet Len > 1500:     2            
	nDPI throughput:       32.79 K pps / 152.67 Mb/sec
	Analysis begin:        08/Feb/2024 18:36:00
	Analysis end:          08/Feb/2024 18:36:06
	Traffic throughput:    3.03 pps / 14.46 Kb/sec
	Traffic duration:      5.936 sec
	DPI Packets (TCP):     13            (6.50 pkts/flow)
	DPI Packets (UDP):     1             (1.00 pkts/flow)
	Confidence: DPI        3             (flows)


Detected protocols:
	GaijinEntertainment  packets: 18            bytes: 10554         flows: 3            


Protocol statistics:
	Fun                  packets: 18            bytes: 10554         flows: 3            

Risk stats [found 2 (66.7 %) flows with risks]:
	TLS (probably) Not Carrying HTTPS            1 [50.0 %]
	Unidirectional Traffic                       1 [50.0 %]

	NOTE: as one flow can have multiple risks set, the sum of the
	      last column can exceed the number of flows with risks.


