
-----------------------------------------------------------
* NOTE: This is demo app to show *some* nDPI features.
* In this demo we have implemented only some basic features
* just to show you what you can do with the library. Feel 
* free to extend it and send us the patches for inclusion
------------------------------------------------------------

Using nDPI (4.13.0-5225-2e7b75a) [1 thread(s)]
Using libgcrypt version 1.8.6internal
Reading packets from pcap file ./tests/cfgs/default/pcap/websocket.pcap...
Running thread 0...

nDPI Memory statistics:
	nDPI Memory (once):      42.82 KB     
	Flow Memory (per flow):  1.15 KB      
	Actual Memory:           11.05 MB     
	Peak Memory:             11.05 MB     
	Setup Time:              18 msec
	Packet Processing Time:  0 msec

Traffic statistics:
	Ethernet bytes:        561           (includes ethernet CRC/IFC/trailer)
	Discarded bytes:       0            
	IP packets:            5             of 5 packets total
	IP bytes:              441           (avg pkt size 88 bytes)
	Unique flows:          1            
	TCP Packets:           5            
	UDP Packets:           0            
	VLAN Packets:          0            
	MPLS Packets:          0            
	PPPoE Packets:         0            
	Fragmented Packets:    0            
	Max Packet size:       75           
	Packet Len < 64:       3            
	Packet Len 64-128:     2            
	Packet Len 128-256:    0            
	Packet Len 256-1024:   0            
	Packet Len 1024-1500:  0            
	Packet Len > 1500:     0            
	nDPI throughput:       18.73 K pps / 16.03 Mb/sec
	Analysis begin:        29/Sep/2016 19:02:11
	Analysis end:          29/Sep/2016 19:03:28
	Traffic throughput:    0.06 pps / 57 b/sec
	Traffic duration:      77.629 sec
	DPI Packets (TCP):     1             (1.00 pkts/flow)
	Confidence: DPI        1             (flows)


Detected protocols:
	WebSocket            packets: 5             bytes: 441           flows: 1            


Protocol statistics:
	Acceptable           packets: 5             bytes: 441           flows: 1            
