
-----------------------------------------------------------
* NOTE: This is demo app to show *some* nDPI features.
* In this demo we have implemented only some basic features
* just to show you what you can do with the library. Feel 
* free to extend it and send us the patches for inclusion
------------------------------------------------------------

Using nDPI (4.13.0-5225-2e7b75a) [1 thread(s)]
Using libgcrypt version 1.8.6internal
Reading packets from pcap file ./tests/cfgs/default/pcap/alicloud.pcap...
Running thread 0...

nDPI Memory statistics:
	nDPI Memory (once):      42.82 KB     
	Flow Memory (per flow):  1.15 KB      
	Actual Memory:           11.18 MB     
	Peak Memory:             11.18 MB     
	Setup Time:              18 msec
	Packet Processing Time:  0 msec

Traffic statistics:
	Ethernet bytes:        28386         (includes ethernet CRC/IFC/trailer)
	Discarded bytes:       0            
	IP packets:            225           of 225 packets total
	IP bytes:              22986         (avg pkt size 102 bytes)
	Unique flows:          15           
	TCP Packets:           225          
	UDP Packets:           0            
	VLAN Packets:          0            
	MPLS Packets:          0            
	PPPoE Packets:         0            
	Fragmented Packets:    0            
	Max Packet size:       240          
	Packet Len < 64:       161          
	Packet Len 64-128:     29           
	Packet Len 128-256:    35           
	Packet Len 256-1024:   0            
	Packet Len 1024-1500:  0            
	Packet Len > 1500:     0            
	nDPI throughput:       345.09 K pps / 332.16 Mb/sec
	Analysis begin:        02/Jul/2022 19:09:18
	Analysis end:          21/Jul/2022 04:34:19
	Traffic throughput:    0.00 pps / 0 b/sec
	Traffic duration:      1589101.125 sec
	DPI Packets (TCP):     60            (4.00 pkts/flow)
	Confidence: DPI        15            (flows)


Detected protocols:
	AliCloud             packets: 225           bytes: 22986         flows: 15           


Protocol statistics:
	Acceptable           packets: 225           bytes: 22986         flows: 15           
