
-----------------------------------------------------------
* NOTE: This is demo app to show *some* nDPI features.
* In this demo we have implemented only some basic features
* just to show you what you can do with the library. Feel 
* free to extend it and send us the patches for inclusion
------------------------------------------------------------

Using nDPI (4.13.0-5225-2e7b75a) [1 thread(s)]
Using libgcrypt version 1.8.6internal
Reading packets from pcap file ./tests/cfgs/default/pcap/tls_1.3_unidirectional_client.pcapng...
Running thread 0...

nDPI Memory statistics:
	nDPI Memory (once):      42.82 KB     
	Flow Memory (per flow):  1.15 KB      
	Actual Memory:           11.05 MB     
	Peak Memory:             11.05 MB     
	Setup Time:              18 msec
	Packet Processing Time:  0 msec

Traffic statistics:
	Ethernet bytes:        1704          (includes ethernet CRC/IFC/trailer)
	Discarded bytes:       0            
	IP packets:            9             of 9 packets total
	IP bytes:              1488          (avg pkt size 165 bytes)
	Unique flows:          1            
	TCP Packets:           9            
	UDP Packets:           0            
	VLAN Packets:          0            
	MPLS Packets:          0            
	PPPoE Packets:         0            
	Fragmented Packets:    0            
	Max Packet size:       596          
	Packet Len < 64:       6            
	Packet Len 64-128:     1            
	Packet Len 128-256:    0            
	Packet Len 256-1024:   2            
	Packet Len 1024-1500:  0            
	Packet Len > 1500:     0            
	nDPI throughput:       25.21 K pps / 36.42 Mb/sec
	Analysis begin:        04/Jul/2022 21:14:41
	Analysis end:          04/Jul/2022 21:14:41
	Traffic throughput:    128.34 pps / 189.83 Kb/sec
	Traffic duration:      0.070 sec
	DPI Packets (TCP):     9             (9.00 pkts/flow)
	Confidence: DPI        1             (flows)


Detected protocols:
	Google               packets: 9             bytes: 1488          flows: 1            


Protocol statistics:
	Acceptable           packets: 9             bytes: 1488          flows: 1            

Risk stats [found 1 (100.0 %) flows with risks]:
	Unidirectional Traffic                       1 [100.0 %]

	NOTE: as one flow can have multiple risks set, the sum of the
	      last column can exceed the number of flows with risks.


