
-----------------------------------------------------------
* NOTE: This is demo app to show *some* nDPI features.
* In this demo we have implemented only some basic features
* just to show you what you can do with the library. Feel 
* free to extend it and send us the patches for inclusion
------------------------------------------------------------

Using nDPI (4.13.0-5225-2e7b75a) [1 thread(s)]
Using libgcrypt version 1.8.6internal
Reading packets from pcap file ./tests/cfgs/default/pcap/gearup_booster.pcap...
Running thread 0...

nDPI Memory statistics:
	nDPI Memory (once):      42.82 KB     
	Flow Memory (per flow):  1.15 KB      
	Actual Memory:           12.21 MB     
	Peak Memory:             12.21 MB     
	Setup Time:              19 msec
	Packet Processing Time:  2 msec

Traffic statistics:
	Ethernet bytes:        51682         (includes ethernet CRC/IFC/trailer)
	Discarded bytes:       0            
	IP packets:            424           of 424 packets total
	IP bytes:              41506         (avg pkt size 97 bytes)
	Unique flows:          192          
	TCP Packets:           43           
	UDP Packets:           381          
	VLAN Packets:          0            
	MPLS Packets:          0            
	PPPoE Packets:         0            
	Fragmented Packets:    0            
	Max Packet size:       1472         
	Packet Len < 64:       399          
	Packet Len 64-128:     1            
	Packet Len 128-256:    3            
	Packet Len 256-1024:   9            
	Packet Len 1024-1500:  12           
	Packet Len > 1500:     0            
	nDPI throughput:       146.26 K pps / 136.01 Mb/sec
	Analysis begin:        26/Feb/2025 22:51:57
	Analysis end:          06/Mar/2025 23:09:36
	Traffic throughput:    0.00 pps / 0 b/sec
	Traffic duration:      692258.312 sec
	Guessed flow protos:   1            
	DPI Packets (TCP):     30            (6.00 pkts/flow)
	DPI Packets (UDP):     192           (1.03 pkts/flow)
	Confidence: Match by port 1             (flows)
	Confidence: DPI        191           (flows)


Detected protocols:
	QUIC                 packets: 6             bytes: 3109          flows: 1            
	GearUP_Booster       packets: 418           bytes: 38397         flows: 191          


Protocol statistics:
	Acceptable           packets: 424           bytes: 41506         flows: 192          

Risk stats [found 21 (10.9 %) flows with risks]:
	Susp Entropy                                 1 [ 4.8 %]
	Unidirectional Traffic                      20 [95.2 %]

	NOTE: as one flow can have multiple risks set, the sum of the
	      last column can exceed the number of flows with risks.


