
-----------------------------------------------------------
* NOTE: This is demo app to show *some* nDPI features.
* In this demo we have implemented only some basic features
* just to show you what you can do with the library. Feel 
* free to extend it and send us the patches for inclusion
------------------------------------------------------------

Using nDPI (4.13.0-5225-2e7b75a) [1 thread(s)]
Using libgcrypt version 1.8.6internal
Reading packets from pcap file ./tests/cfgs/default/pcap/sip.pcap...
Running thread 0...

nDPI Memory statistics:
	nDPI Memory (once):      42.82 KB     
	Flow Memory (per flow):  1.15 KB      
	Actual Memory:           11.11 MB     
	Peak Memory:             11.11 MB     
	Setup Time:              21 msec
	Packet Processing Time:  0 msec

Traffic statistics:
	Ethernet bytes:        51847         (includes ethernet CRC/IFC/trailer)
	Discarded bytes:       0            
	IP packets:            112           of 112 packets total
	IP bytes:              49159         (avg pkt size 438 bytes)
	Unique flows:          4            
	TCP Packets:           0            
	UDP Packets:           112          
	VLAN Packets:          0            
	MPLS Packets:          0            
	PPPoE Packets:         0            
	Fragmented Packets:    0            
	Max Packet size:       1084         
	Packet Len < 64:       21           
	Packet Len 64-128:     1            
	Packet Len 128-256:    9            
	Packet Len 256-1024:   78           
	Packet Len 1024-1500:  3            
	Packet Len > 1500:     0            
	nDPI throughput:       323.70 K pps / 1.12 Gb/sec
	Analysis begin:        04/Jul/2005 15:02:52
	Analysis end:          04/Jul/2005 15:28:14
	Traffic throughput:    0.07 pps / 272 b/sec
	Traffic duration:      1521.569 sec
	DPI Packets (UDP):     12            (3.00 pkts/flow)
	Confidence: Unknown    1             (flows)
	Confidence: DPI        3             (flows)


Detected protocols:
	Unknown              packets: 1             bytes: 146           flows: 1            
	RTP                  packets: 9             bytes: 1926          flows: 1            
	SIP                  packets: 102           bytes: 47087         flows: 2            


Protocol statistics:
	Acceptable           packets: 111           bytes: 49013         flows: 3            
	Unrated              packets: 1             bytes: 146           flows: 1            

Risk stats [found 1 (25.0 %) flows with risks]:
	Susp Entropy                                 1 [50.0 %]
	Unidirectional Traffic                       1 [50.0 %]

	NOTE: as one flow can have multiple risks set, the sum of the
	      last column can exceed the number of flows with risks.


