
-----------------------------------------------------------
* NOTE: This is demo app to show *some* nDPI features.
* In this demo we have implemented only some basic features
* just to show you what you can do with the library. Feel 
* free to extend it and send us the patches for inclusion
------------------------------------------------------------

Using nDPI (4.13.0-5225-2e7b75a) [1 thread(s)]
Using libgcrypt version 1.8.6internal
Reading packets from pcap file ./tests/cfgs/default/pcap/teamviewer.pcap...
Running thread 0...

nDPI Memory statistics:
	nDPI Memory (once):      42.82 KB     
	Flow Memory (per flow):  1.15 KB      
	Actual Memory:           11.22 MB     
	Peak Memory:             11.22 MB     
	Setup Time:              19 msec
	Packet Processing Time:  0 msec

Traffic statistics:
	Ethernet bytes:        181438        (includes ethernet CRC/IFC/trailer)
	Discarded bytes:       0            
	IP packets:            352           of 352 packets total
	IP bytes:              172990        (avg pkt size 491 bytes)
	Unique flows:          2            
	TCP Packets:           289          
	UDP Packets:           63           
	VLAN Packets:          0            
	MPLS Packets:          0            
	PPPoE Packets:         0            
	Fragmented Packets:    0            
	Max Packet size:       1480         
	Packet Len < 64:       163          
	Packet Len 64-128:     20           
	Packet Len 128-256:    27           
	Packet Len 256-1024:   38           
	Packet Len 1024-1500:  104          
	Packet Len > 1500:     0            
	nDPI throughput:       616.46 K pps / 2.37 Gb/sec
	Analysis begin:        01/Jan/1970 05:35:30
	Analysis end:          01/Jan/1970 05:42:09
	Traffic throughput:    0.88 pps / 3.55 Kb/sec
	Traffic duration:      399.557 sec
	DPI Packets (TCP):     4             (4.00 pkts/flow)
	DPI Packets (UDP):     4             (4.00 pkts/flow)
	Confidence: DPI        2             (flows)


Detected protocols:
	TeamViewer           packets: 352           bytes: 172990        flows: 2            


Protocol statistics:
	Acceptable           packets: 352           bytes: 172990        flows: 2            

Risk stats [found 1 (50.0 %) flows with risks]:
	Known Proto on Non Std Port                  1 [50.0 %]
	Desktop/File Sharing                         1 [50.0 %]

	NOTE: as one flow can have multiple risks set, the sum of the
	      last column can exceed the number of flows with risks.


