
-----------------------------------------------------------
* NOTE: This is demo app to show *some* nDPI features.
* In this demo we have implemented only some basic features
* just to show you what you can do with the library. Feel 
* free to extend it and send us the patches for inclusion
------------------------------------------------------------

Using nDPI (4.13.0-5225-2e7b75a) [1 thread(s)]
Using libgcrypt version 1.8.6internal
Reading packets from pcap file ./tests/cfgs/default/pcap/dtls_old_version.pcapng...
Running thread 0...

nDPI Memory statistics:
	nDPI Memory (once):      42.82 KB     
	Flow Memory (per flow):  1.15 KB      
	Actual Memory:           11.05 MB     
	Peak Memory:             11.05 MB     
	Setup Time:              18 msec
	Packet Processing Time:  0 msec

Traffic statistics:
	Ethernet bytes:        1162          (includes ethernet CRC/IFC/trailer)
	Discarded bytes:       0            
	IP packets:            7             of 7 packets total
	IP bytes:              994           (avg pkt size 142 bytes)
	Unique flows:          1            
	TCP Packets:           0            
	UDP Packets:           7            
	VLAN Packets:          0            
	MPLS Packets:          0            
	PPPoE Packets:         0            
	Fragmented Packets:    0            
	Max Packet size:       196          
	Packet Len < 64:       2            
	Packet Len 64-128:     4            
	Packet Len 128-256:    1            
	Packet Len 256-1024:   0            
	Packet Len 1024-1500:  0            
	Packet Len > 1500:     0            
	nDPI throughput:       16.55 K pps / 20.96 Mb/sec
	Analysis begin:        17/Jun/2020 15:32:10
	Analysis end:          17/Jun/2020 15:32:17
	Traffic throughput:    0.97 pps / 1.26 Kb/sec
	Traffic duration:      7.217 sec
	DPI Packets (UDP):     7             (7.00 pkts/flow)
	Confidence: DPI        1             (flows)


Detected protocols:
	DTLS                 packets: 7             bytes: 994           flows: 1            


Protocol statistics:
	Safe                 packets: 7             bytes: 994           flows: 1            

Risk stats [found 1 (100.0 %) flows with risks]:
	Obsolete TLS (v1.1 or older)                 1 [50.0 %]
	Weak TLS Cipher                              1 [50.0 %]

	NOTE: as one flow can have multiple risks set, the sum of the
	      last column can exceed the number of flows with risks.


