
-----------------------------------------------------------
* NOTE: This is demo app to show *some* nDPI features.
* In this demo we have implemented only some basic features
* just to show you what you can do with the library. Feel 
* free to extend it and send us the patches for inclusion
------------------------------------------------------------

Using nDPI (4.13.0-5225-2e7b75a) [1 thread(s)]
Using libgcrypt version 1.8.6internal
Reading packets from pcap file ./tests/cfgs/default/pcap/icmp-tunnel.pcap...
Running thread 0...

nDPI Memory statistics:
	nDPI Memory (once):      42.82 KB     
	Flow Memory (per flow):  1.15 KB      
	Actual Memory:           11.23 MB     
	Peak Memory:             11.23 MB     
	Setup Time:              20 msec
	Packet Processing Time:  0 msec

Traffic statistics:
	Ethernet bytes:        211522        (includes ethernet CRC/IFC/trailer)
	Discarded bytes:       0            
	IP packets:            863           of 961 packets total
	IP bytes:              190810        (avg pkt size 198 bytes)
	Unique flows:          1            
	TCP Packets:           0            
	UDP Packets:           0            
	VLAN Packets:          0            
	MPLS Packets:          0            
	PPPoE Packets:         0            
	Fragmented Packets:    0            
	Max Packet size:       1041         
	Packet Len < 64:       100          
	Packet Len 64-128:     158          
	Packet Len 128-256:    533          
	Packet Len 256-1024:   11           
	Packet Len 1024-1500:  61           
	Packet Len > 1500:     0            
	nDPI throughput:       1.55 M pps / 2.82 Gb/sec
	Analysis begin:        07/Feb/2013 14:34:26
	Analysis end:          07/Feb/2013 14:53:08
	Traffic throughput:    0.77 pps / 1.47 Kb/sec
	Traffic duration:      1122.515 sec
	DPI Packets (other):   1             (1.00 pkts/flow)
	Confidence: DPI        1             (flows)


Detected protocols:
	ICMP                 packets: 863           bytes: 190810        flows: 1            


Protocol statistics:
	Acceptable           packets: 863           bytes: 190810        flows: 1            

Risk stats [found 1 (100.0 %) flows with risks]:
	Malformed Packet                             1 [50.0 %]
	Susp Entropy                                 1 [50.0 %]

	NOTE: as one flow can have multiple risks set, the sum of the
	      last column can exceed the number of flows with risks.


