
-----------------------------------------------------------
* NOTE: This is demo app to show *some* nDPI features.
* In this demo we have implemented only some basic features
* just to show you what you can do with the library. Feel 
* free to extend it and send us the patches for inclusion
------------------------------------------------------------

Using nDPI (4.13.0-5225-2e7b75a) [1 thread(s)]
Using libgcrypt version 1.8.6internal
Reading packets from pcap file ./tests/cfgs/default/pcap/ssdp-m-search-ua.pcap...
Running thread 0...

nDPI Memory statistics:
	nDPI Memory (once):      42.82 KB     
	Flow Memory (per flow):  1.15 KB      
	Actual Memory:           11.05 MB     
	Peak Memory:             11.05 MB     
	Setup Time:              21 msec
	Packet Processing Time:  0 msec

Traffic statistics:
	Ethernet bytes:        960           (includes ethernet CRC/IFC/trailer)
	Discarded bytes:       0            
	IP packets:            4             of 4 packets total
	IP bytes:              864           (avg pkt size 216 bytes)
	Unique flows:          1            
	TCP Packets:           0            
	UDP Packets:           4            
	VLAN Packets:          0            
	MPLS Packets:          0            
	PPPoE Packets:         0            
	Fragmented Packets:    0            
	Max Packet size:       182          
	Packet Len < 64:       0            
	Packet Len 64-128:     0            
	Packet Len 128-256:    4            
	Packet Len 256-1024:   0            
	Packet Len 1024-1500:  0            
	Packet Len > 1500:     0            
	nDPI throughput:       11.63 K pps / 21.29 Mb/sec
	Analysis begin:        26/Mar/2022 22:51:15
	Analysis end:          26/Mar/2022 22:51:18
	Traffic throughput:    1.33 pps / 2.50 Kb/sec
	Traffic duration:      3.002 sec
	DPI Packets (UDP):     1             (1.00 pkts/flow)
	Confidence: DPI        1             (flows)


Detected protocols:
	SSDP                 packets: 4             bytes: 864           flows: 1            


Protocol statistics:
	Acceptable           packets: 4             bytes: 864           flows: 1            
