
-----------------------------------------------------------
* NOTE: This is demo app to show *some* nDPI features.
* In this demo we have implemented only some basic features
* just to show you what you can do with the library. Feel 
* free to extend it and send us the patches for inclusion
------------------------------------------------------------

Using nDPI (4.13.0-5225-2e7b75a) [1 thread(s)]
Using libgcrypt version 1.8.6internal
Reading packets from pcap file ./tests/cfgs/default/pcap/nomachine.pcapng...
Running thread 0...

nDPI Memory statistics:
	nDPI Memory (once):      42.82 KB     
	Flow Memory (per flow):  1.15 KB      
	Actual Memory:           11.06 MB     
	Peak Memory:             11.06 MB     
	Setup Time:              18 msec
	Packet Processing Time:  0 msec

Traffic statistics:
	Ethernet bytes:        8837          (includes ethernet CRC/IFC/trailer)
	Discarded bytes:       0            
	IP packets:            73            of 73 packets total
	IP bytes:              7085          (avg pkt size 97 bytes)
	Unique flows:          2            
	TCP Packets:           49           
	UDP Packets:           24           
	VLAN Packets:          0            
	MPLS Packets:          0            
	PPPoE Packets:         0            
	Fragmented Packets:    0            
	Max Packet size:       1261         
	Packet Len < 64:       58           
	Packet Len 64-128:     7            
	Packet Len 128-256:    6            
	Packet Len 256-1024:   1            
	Packet Len 1024-1500:  1            
	Packet Len > 1500:     0            
	nDPI throughput:       175.90 K pps / 162.46 Mb/sec
	Analysis begin:        26/Dec/2023 17:52:57
	Analysis end:          26/Dec/2023 17:53:51
	Traffic throughput:    1.36 pps / 1.28 Kb/sec
	Traffic duration:      53.850 sec
	DPI Packets (TCP):     4             (4.00 pkts/flow)
	DPI Packets (UDP):     1             (1.00 pkts/flow)
	Confidence: DPI        2             (flows)


Detected protocols:
	NoMachine            packets: 73            bytes: 7085          flows: 2            


Protocol statistics:
	Acceptable           packets: 73            bytes: 7085          flows: 2            

Risk stats [found 2 (100.0 %) flows with risks]:
	Desktop/File Sharing                         2 [100.0 %]

	NOTE: as one flow can have multiple risks set, the sum of the
	      last column can exceed the number of flows with risks.


