
-----------------------------------------------------------
* NOTE: This is demo app to show *some* nDPI features.
* In this demo we have implemented only some basic features
* just to show you what you can do with the library. Feel 
* free to extend it and send us the patches for inclusion
------------------------------------------------------------

Using nDPI (4.13.0-5225-2e7b75a) [1 thread(s)]
Using libgcrypt version 1.8.6internal
Reading packets from pcap file ./tests/cfgs/default/pcap/nano.pcapng...
Running thread 0...

nDPI Memory statistics:
	nDPI Memory (once):      42.82 KB     
	Flow Memory (per flow):  1.15 KB      
	Actual Memory:           11.05 MB     
	Peak Memory:             11.05 MB     
	Setup Time:              21 msec
	Packet Processing Time:  0 msec

Traffic statistics:
	Ethernet bytes:        796           (includes ethernet CRC/IFC/trailer)
	Discarded bytes:       0            
	IP packets:            6             of 6 packets total
	IP bytes:              652           (avg pkt size 108 bytes)
	Unique flows:          1            
	TCP Packets:           6            
	UDP Packets:           0            
	VLAN Packets:          0            
	MPLS Packets:          0            
	PPPoE Packets:         0            
	Fragmented Packets:    0            
	Max Packet size:       232          
	Packet Len < 64:       4            
	Packet Len 64-128:     1            
	Packet Len 128-256:    1            
	Packet Len 256-1024:   0            
	Packet Len 1024-1500:  0            
	Packet Len > 1500:     0            
	nDPI throughput:       14.85 K pps / 15.03 Mb/sec
	Analysis begin:        18/Jul/2024 15:05:18
	Analysis end:          18/Jul/2024 15:05:19
	Traffic throughput:    56.33 pps / 58.38 Kb/sec
	Traffic duration:      0.107 sec
	DPI Packets (TCP):     4             (4.00 pkts/flow)
	Confidence: DPI        1             (flows)


Detected protocols:
	Nano                 packets: 6             bytes: 652           flows: 1            


Protocol statistics:
	Acceptable           packets: 6             bytes: 652           flows: 1            
