
-----------------------------------------------------------
* NOTE: This is demo app to show *some* nDPI features.
* In this demo we have implemented only some basic features
* just to show you what you can do with the library. Feel 
* free to extend it and send us the patches for inclusion
------------------------------------------------------------

Using nDPI (4.13.0-5225-2e7b75a) [1 thread(s)]
Using libgcrypt version 1.8.6internal
Reading packets from pcap file ./tests/cfgs/default/pcap/rdp3.pcap...
Running thread 0...

nDPI Memory statistics:
	nDPI Memory (once):      42.82 KB     
	Flow Memory (per flow):  1.15 KB      
	Actual Memory:           11.05 MB     
	Peak Memory:             11.05 MB     
	Setup Time:              18 msec
	Packet Processing Time:  0 msec

Traffic statistics:
	Ethernet bytes:        4871          (includes ethernet CRC/IFC/trailer)
	Discarded bytes:       0            
	IP packets:            30            of 30 packets total
	IP bytes:              4151          (avg pkt size 138 bytes)
	Unique flows:          1            
	TCP Packets:           30           
	UDP Packets:           0            
	VLAN Packets:          0            
	MPLS Packets:          0            
	PPPoE Packets:         0            
	Fragmented Packets:    0            
	Max Packet size:       539          
	Packet Len < 64:       22           
	Packet Len 64-128:     3            
	Packet Len 128-256:    0            
	Packet Len 256-1024:   5            
	Packet Len 1024-1500:  0            
	Packet Len > 1500:     0            
	nDPI throughput:       98.04 K pps / 121.45 Mb/sec
	Analysis begin:        24/Jan/2006 21:46:54
	Analysis end:          24/Jan/2006 21:46:54
	Traffic throughput:    44.73 pps / 56.74 Kb/sec
	Traffic duration:      0.671 sec
	DPI Packets (TCP):     4             (4.00 pkts/flow)
	Confidence: DPI        1             (flows)


Detected protocols:
	RDP                  packets: 30            bytes: 4151          flows: 1            


Protocol statistics:
	Acceptable           packets: 30            bytes: 4151          flows: 1            

Risk stats [found 1 (100.0 %) flows with risks]:
	Desktop/File Sharing                         1 [100.0 %]

	NOTE: as one flow can have multiple risks set, the sum of the
	      last column can exceed the number of flows with risks.


