
-----------------------------------------------------------
* NOTE: This is demo app to show *some* nDPI features.
* In this demo we have implemented only some basic features
* just to show you what you can do with the library. Feel 
* free to extend it and send us the patches for inclusion
------------------------------------------------------------

Using nDPI (4.13.0-5225-2e7b75a) [1 thread(s)]
Using libgcrypt version 1.8.6internal
Reading packets from pcap file ./tests/cfgs/default/pcap/http_invalid_server.pcap...
Running thread 0...

nDPI Memory statistics:
	nDPI Memory (once):      42.82 KB     
	Flow Memory (per flow):  1.15 KB      
	Actual Memory:           11.05 MB     
	Peak Memory:             11.05 MB     
	Setup Time:              18 msec
	Packet Processing Time:  0 msec

Traffic statistics:
	Ethernet bytes:        1589          (includes ethernet CRC/IFC/trailer)
	Discarded bytes:       0            
	IP packets:            12            of 12 packets total
	IP bytes:              1301          (avg pkt size 108 bytes)
	Unique flows:          1            
	TCP Packets:           12           
	UDP Packets:           0            
	VLAN Packets:          0            
	MPLS Packets:          0            
	PPPoE Packets:         0            
	Fragmented Packets:    0            
	Max Packet size:       434          
	Packet Len < 64:       10           
	Packet Len 64-128:     1            
	Packet Len 128-256:    0            
	Packet Len 256-1024:   1            
	Packet Len 1024-1500:  0            
	Packet Len > 1500:     0            
	nDPI throughput:       29.13 K pps / 29.43 Mb/sec
	Analysis begin:        14/Jul/2023 21:50:10
	Analysis end:          14/Jul/2023 21:50:10
	Traffic throughput:    314.96 pps / 325.83 Kb/sec
	Traffic duration:      0.038 sec
	DPI Packets (TCP):     6             (6.00 pkts/flow)
	Confidence: DPI        1             (flows)


Detected protocols:
	OCSP                 packets: 12            bytes: 1301          flows: 1            


Protocol statistics:
	Safe                 packets: 12            bytes: 1301          flows: 1            

Risk stats [found 1 (100.0 %) flows with risks]:
	HTTP Susp User-Agent                         1 [50.0 %]
	HTTP Susp Header                             1 [50.0 %]

	NOTE: as one flow can have multiple risks set, the sum of the
	      last column can exceed the number of flows with risks.


