
-----------------------------------------------------------
* NOTE: This is demo app to show *some* nDPI features.
* In this demo we have implemented only some basic features
* just to show you what you can do with the library. Feel 
* free to extend it and send us the patches for inclusion
------------------------------------------------------------

Using nDPI (4.13.0-5225-2e7b75a) [1 thread(s)]
Using libgcrypt version 1.8.6internal
Reading packets from pcap file ./tests/cfgs/default/pcap/google_chat.pcapng...
Running thread 0...

nDPI Memory statistics:
	nDPI Memory (once):      42.82 KB     
	Flow Memory (per flow):  1.15 KB      
	Actual Memory:           11.06 MB     
	Peak Memory:             11.06 MB     
	Setup Time:              18 msec
	Packet Processing Time:  0 msec

Traffic statistics:
	Ethernet bytes:        4019          (includes ethernet CRC/IFC/trailer)
	Discarded bytes:       0            
	IP packets:            6             of 6 packets total
	IP bytes:              3875          (avg pkt size 645 bytes)
	Unique flows:          1            
	TCP Packets:           6            
	UDP Packets:           0            
	VLAN Packets:          0            
	MPLS Packets:          0            
	PPPoE Packets:         0            
	Fragmented Packets:    0            
	Max Packet size:       2832         
	Packet Len < 64:       4            
	Packet Len 64-128:     0            
	Packet Len 128-256:    0            
	Packet Len 256-1024:   1            
	Packet Len 1024-1500:  0            
	Packet Len > 1500:     1            
	nDPI throughput:       12.32 K pps / 62.96 Mb/sec
	Analysis begin:        07/Jan/2024 16:08:42
	Analysis end:          07/Jan/2024 16:08:42
	Traffic throughput:    144.62 pps / 756.83 Kb/sec
	Traffic duration:      0.041 sec
	DPI Packets (TCP):     6             (6.00 pkts/flow)
	Confidence: DPI        1             (flows)


Detected protocols:
	GoogleChat           packets: 6             bytes: 3875          flows: 1            


Protocol statistics:
	Acceptable           packets: 6             bytes: 3875          flows: 1            
