
-----------------------------------------------------------
* NOTE: This is demo app to show *some* nDPI features.
* In this demo we have implemented only some basic features
* just to show you what you can do with the library. Feel 
* free to extend it and send us the patches for inclusion
------------------------------------------------------------

Using nDPI (4.13.0-5225-2e7b75a) [1 thread(s)]
Using libgcrypt version 1.8.6internal
Reading packets from pcap file ./tests/cfgs/default/pcap/crawler_false_positive.pcapng...
Running thread 0...

nDPI Memory statistics:
	nDPI Memory (once):      42.82 KB     
	Flow Memory (per flow):  1.15 KB      
	Actual Memory:           11.05 MB     
	Peak Memory:             11.05 MB     
	Setup Time:              20 msec
	Packet Processing Time:  0 msec

Traffic statistics:
	Ethernet bytes:        2130          (includes ethernet CRC/IFC/trailer)
	Discarded bytes:       0            
	IP packets:            12            of 12 packets total
	IP bytes:              1842          (avg pkt size 153 bytes)
	Unique flows:          1            
	TCP Packets:           12           
	UDP Packets:           0            
	VLAN Packets:          0            
	MPLS Packets:          0            
	PPPoE Packets:         0            
	Fragmented Packets:    0            
	Max Packet size:       831          
	Packet Len < 64:       10           
	Packet Len 64-128:     0            
	Packet Len 128-256:    1            
	Packet Len 256-1024:   1            
	Packet Len 1024-1500:  0            
	Packet Len > 1500:     0            
	nDPI throughput:       27.71 K pps / 37.53 Mb/sec
	Analysis begin:        27/Oct/2022 23:11:49
	Analysis end:          27/Oct/2022 23:11:49
	Traffic throughput:    344.83 pps / 478.18 Kb/sec
	Traffic duration:      0.035 sec
	DPI Packets (TCP):     8             (8.00 pkts/flow)
	Confidence: DPI        1             (flows)


Detected protocols:
	OCSP                 packets: 12            bytes: 1842          flows: 1            


Protocol statistics:
	Safe                 packets: 12            bytes: 1842          flows: 1            
