
-----------------------------------------------------------
* NOTE: This is demo app to show *some* nDPI features.
* In this demo we have implemented only some basic features
* just to show you what you can do with the library. Feel 
* free to extend it and send us the patches for inclusion
------------------------------------------------------------

Using nDPI (4.13.0-5225-2e7b75a) [1 thread(s)]
Using libgcrypt version 1.8.6internal
Reading packets from pcap file ./tests/cfgs/default/pcap/blizzard.pcap...
Running thread 0...

nDPI Memory statistics:
	nDPI Memory (once):      42.82 KB     
	Flow Memory (per flow):  1.15 KB      
	Actual Memory:           11.17 MB     
	Peak Memory:             11.17 MB     
	Setup Time:              18 msec
	Packet Processing Time:  0 msec

Traffic statistics:
	Ethernet bytes:        83607         (includes ethernet CRC/IFC/trailer)
	Discarded bytes:       0            
	IP packets:            206           of 206 packets total
	IP bytes:              78663         (avg pkt size 381 bytes)
	Unique flows:          9            
	TCP Packets:           127          
	UDP Packets:           79           
	VLAN Packets:          0            
	MPLS Packets:          0            
	PPPoE Packets:         0            
	Fragmented Packets:    0            
	Max Packet size:       29220        
	Packet Len < 64:       154          
	Packet Len 64-128:     17           
	Packet Len 128-256:    3            
	Packet Len 256-1024:   19           
	Packet Len 1024-1500:  8            
	Packet Len > 1500:     5            
	nDPI throughput:       434.60 K pps / 1.31 Gb/sec
	Analysis begin:        01/Jan/1970 05:33:34
	Analysis end:          30/Mar/2025 18:38:24
	Traffic throughput:    0.00 pps / 0 b/sec
	Traffic duration:      1743339904.000 sec
	DPI Packets (TCP):     22            (4.40 pkts/flow)
	DPI Packets (UDP):     4             (1.00 pkts/flow)
	Confidence: DPI        9             (flows)


Detected protocols:
	WorldOfWarcraft      packets: 31            bytes: 12551         flows: 1            
	Blizzard             packets: 175           bytes: 66112         flows: 8            


Protocol statistics:
	Fun                  packets: 206           bytes: 78663         flows: 9            

Risk stats [found 6 (66.7 %) flows with risks]:
	Known Proto on Non Std Port                  6 [100.0 %]

	NOTE: as one flow can have multiple risks set, the sum of the
	      last column can exceed the number of flows with risks.


