
-----------------------------------------------------------
* NOTE: This is demo app to show *some* nDPI features.
* In this demo we have implemented only some basic features
* just to show you what you can do with the library. Feel 
* free to extend it and send us the patches for inclusion
------------------------------------------------------------

Using nDPI (4.13.0-5225-2e7b75a) [1 thread(s)]
Using libgcrypt version 1.8.6internal
Reading packets from pcap file ./tests/cfgs/default/pcap/resp.pcap...
Running thread 0...

nDPI Memory statistics:
	nDPI Memory (once):      42.82 KB     
	Flow Memory (per flow):  1.15 KB      
	Actual Memory:           11.14 MB     
	Peak Memory:             11.14 MB     
	Setup Time:              21 msec
	Packet Processing Time:  0 msec

Traffic statistics:
	Ethernet bytes:        93834         (includes ethernet CRC/IFC/trailer)
	Discarded bytes:       0            
	IP packets:            39            of 39 packets total
	IP bytes:              92898         (avg pkt size 2382 bytes)
	Unique flows:          1            
	TCP Packets:           39           
	UDP Packets:           0            
	VLAN Packets:          0            
	MPLS Packets:          0            
	PPPoE Packets:         0            
	Fragmented Packets:    0            
	Max Packet size:       20304        
	Packet Len < 64:       28           
	Packet Len 64-128:     1            
	Packet Len 128-256:    0            
	Packet Len 256-1024:   0            
	Packet Len 1024-1500:  0            
	Packet Len > 1500:     10           
	nDPI throughput:       87.64 K pps / 1.57 Gb/sec
	Analysis begin:        18/Dec/2023 16:59:03
	Analysis end:          18/Dec/2023 16:59:31
	Traffic throughput:    1.37 pps / 25.71 Kb/sec
	Traffic duration:      28.511 sec
	DPI Packets (TCP):     4             (4.00 pkts/flow)
	Confidence: DPI        1             (flows)


Detected protocols:
	RESP                 packets: 39            bytes: 92898         flows: 1            


Protocol statistics:
	Acceptable           packets: 39            bytes: 92898         flows: 1            
