
-----------------------------------------------------------
* NOTE: This is demo app to show *some* nDPI features.
* In this demo we have implemented only some basic features
* just to show you what you can do with the library. Feel 
* free to extend it and send us the patches for inclusion
------------------------------------------------------------

Using nDPI (4.13.0-5225-2e7b75a) [1 thread(s)]
Using libgcrypt version 1.8.6internal
Reading packets from pcap file ./tests/cfgs/default/pcap/ipsec_isakmp_esp.pcap...
Running thread 0...

nDPI Memory statistics:
	nDPI Memory (once):      42.82 KB     
	Flow Memory (per flow):  1.15 KB      
	Actual Memory:           11.61 MB     
	Peak Memory:             11.61 MB     
	Setup Time:              21 msec
	Packet Processing Time:  1 msec

Traffic statistics:
	Ethernet bytes:        471738        (includes ethernet CRC/IFC/trailer)
	Discarded bytes:       0            
	IP packets:            834           of 834 packets total
	IP bytes:              451722        (avg pkt size 541 bytes)
	Unique flows:          24           
	TCP Packets:           0            
	UDP Packets:           834          
	VLAN Packets:          0            
	MPLS Packets:          0            
	PPPoE Packets:         0            
	Fragmented Packets:    0            
	Max Packet size:       1340         
	Packet Len < 64:       73           
	Packet Len 64-128:     129          
	Packet Len 128-256:    174          
	Packet Len 256-1024:   314          
	Packet Len 1024-1500:  144          
	Packet Len > 1500:     0            
	nDPI throughput:       519.63 K pps / 2.19 Gb/sec
	Analysis begin:        01/Jan/2000 22:07:15
	Analysis end:          01/Jan/2000 21:27:04
	Traffic throughput:    0.00 pps / 0 b/sec
	Traffic duration:      18446744027136.000 sec
	DPI Packets (UDP):     24            (1.00 pkts/flow)
	Confidence: DPI        24            (flows)


Detected protocols:
	IPSec                packets: 834           bytes: 451722        flows: 24           


Protocol statistics:
	Safe                 packets: 834           bytes: 451722        flows: 24           

Risk stats [found 2 (8.3 %) flows with risks]:
	Malformed Packet                             2 [66.7 %]
	Susp Entropy                                 1 [33.3 %]

	NOTE: as one flow can have multiple risks set, the sum of the
	      last column can exceed the number of flows with risks.


