
-----------------------------------------------------------
* NOTE: This is demo app to show *some* nDPI features.
* In this demo we have implemented only some basic features
* just to show you what you can do with the library. Feel 
* free to extend it and send us the patches for inclusion
------------------------------------------------------------

Using nDPI (4.13.0-5225-2e7b75a) [1 thread(s)]
Using libgcrypt version 1.8.6internal
Reading packets from pcap file ./tests/cfgs/default/pcap/windowsupdate_over_http.pcap...
Running thread 0...

nDPI Memory statistics:
	nDPI Memory (once):      42.82 KB     
	Flow Memory (per flow):  1.15 KB      
	Actual Memory:           11.06 MB     
	Peak Memory:             11.06 MB     
	Setup Time:              18 msec
	Packet Processing Time:  0 msec

Traffic statistics:
	Ethernet bytes:        16455         (includes ethernet CRC/IFC/trailer)
	Discarded bytes:       0            
	IP packets:            20            of 20 packets total
	IP bytes:              15975         (avg pkt size 798 bytes)
	Unique flows:          1            
	TCP Packets:           20           
	UDP Packets:           0            
	VLAN Packets:          0            
	MPLS Packets:          0            
	PPPoE Packets:         0            
	Fragmented Packets:    0            
	Max Packet size:       1480         
	Packet Len < 64:       9            
	Packet Len 64-128:     0            
	Packet Len 128-256:    0            
	Packet Len 256-1024:   1            
	Packet Len 1024-1500:  10           
	Packet Len > 1500:     0            
	nDPI throughput:       73.80 K pps / 463.25 Mb/sec
	Analysis begin:        01/Jan/1970 05:31:34
	Analysis end:          01/Jan/1970 05:31:34
	Traffic throughput:    1.16 K pps / 7.27 Mb/sec
	Traffic duration:      0.017 sec
	DPI Packets (TCP):     6             (6.00 pkts/flow)
	Confidence: DPI        1             (flows)


Detected protocols:
	WindowsUpdate        packets: 20            bytes: 15975         flows: 1            


Protocol statistics:
	Safe                 packets: 20            bytes: 15975         flows: 1            

Risk stats [found 1 (100.0 %) flows with risks]:
	HTTP/TLS/QUIC Numeric Hostname/SNI           1 [50.0 %]
	Binary File/Data Transfer (Attempt)          1 [50.0 %]

	NOTE: as one flow can have multiple risks set, the sum of the
	      last column can exceed the number of flows with risks.


