
-----------------------------------------------------------
* NOTE: This is demo app to show *some* nDPI features.
* In this demo we have implemented only some basic features
* just to show you what you can do with the library. Feel 
* free to extend it and send us the patches for inclusion
------------------------------------------------------------

Using nDPI (4.13.0-5225-2e7b75a) [1 thread(s)]
Using libgcrypt version 1.8.6internal
Reading packets from pcap file ./tests/cfgs/default/pcap/stun_google_meet.pcapng...
Running thread 0...

nDPI Memory statistics:
	nDPI Memory (once):      42.82 KB     
	Flow Memory (per flow):  1.15 KB      
	Actual Memory:           11.15 MB     
	Peak Memory:             11.15 MB     
	Setup Time:              19 msec
	Packet Processing Time:  0 msec

Traffic statistics:
	Ethernet bytes:        83285         (includes ethernet CRC/IFC/trailer)
	Discarded bytes:       0            
	IP packets:            362           of 362 packets total
	IP bytes:              74597         (avg pkt size 206 bytes)
	Unique flows:          7            
	TCP Packets:           0            
	UDP Packets:           362          
	VLAN Packets:          0            
	MPLS Packets:          0            
	PPPoE Packets:         0            
	Fragmented Packets:    0            
	Max Packet size:       1211         
	Packet Len < 64:       62           
	Packet Len 64-128:     133          
	Packet Len 128-256:    27           
	Packet Len 256-1024:   138          
	Packet Len 1024-1500:  2            
	Packet Len > 1500:     0            
	nDPI throughput:       715.41 K pps / 1.23 Gb/sec
	Analysis begin:        25/Jun/2023 14:53:22
	Analysis end:          16/Oct/2023 20:38:56
	Traffic throughput:    0.00 pps / 0 b/sec
	Traffic duration:      9783934.000 sec
	DPI Packets (UDP):     76            (10.86 pkts/flow)
	Confidence: DPI (cache) 2             (flows)
	Confidence: DPI        5             (flows)


Detected protocols:
	GoogleCall           packets: 362           bytes: 74597         flows: 7            


Protocol statistics:
	Acceptable           packets: 362           bytes: 74597         flows: 7            

Risk stats [found 3 (42.9 %) flows with risks]:
	Known Proto on Non Std Port                  3 [100.0 %]

	NOTE: as one flow can have multiple risks set, the sum of the
	      last column can exceed the number of flows with risks.


