
-----------------------------------------------------------
* NOTE: This is demo app to show *some* nDPI features.
* In this demo we have implemented only some basic features
* just to show you what you can do with the library. Feel 
* free to extend it and send us the patches for inclusion
------------------------------------------------------------

Using nDPI (4.13.0-5225-2e7b75a) [1 thread(s)]
Using libgcrypt version 1.8.6internal
Reading packets from pcap file ./tests/cfgs/default/pcap/443-git.pcap...
Running thread 0...

nDPI Memory statistics:
	nDPI Memory (once):      42.82 KB     
	Flow Memory (per flow):  1.15 KB      
	Actual Memory:           11.09 MB     
	Peak Memory:             11.09 MB     
	Setup Time:              21 msec
	Packet Processing Time:  0 msec

Traffic statistics:
	Ethernet bytes:        38869         (includes ethernet CRC/IFC/trailer)
	Discarded bytes:       0            
	IP packets:            70            of 70 packets total
	IP bytes:              37189         (avg pkt size 531 bytes)
	Unique flows:          1            
	TCP Packets:           70           
	UDP Packets:           0            
	VLAN Packets:          0            
	MPLS Packets:          0            
	PPPoE Packets:         0            
	Fragmented Packets:    0            
	Max Packet size:       1456         
	Packet Len < 64:       36           
	Packet Len 64-128:     4            
	Packet Len 128-256:    3            
	Packet Len 256-1024:   7            
	Packet Len 1024-1500:  20           
	Packet Len > 1500:     0            
	nDPI throughput:       121.74 K pps / 515.73 Mb/sec
	Analysis begin:        08/Feb/2020 03:44:17
	Analysis end:          08/Feb/2020 03:44:18
	Traffic throughput:    85.08 pps / 369.10 Kb/sec
	Traffic duration:      0.823 sec
	DPI Packets (TCP):     7             (7.00 pkts/flow)
	Confidence: DPI        1             (flows)


Detected protocols:
	Github               packets: 70            bytes: 37189         flows: 1            


Protocol statistics:
	Acceptable           packets: 70            bytes: 37189         flows: 1            
