
-----------------------------------------------------------
* NOTE: This is demo app to show *some* nDPI features.
* In this demo we have implemented only some basic features
* just to show you what you can do with the library. Feel 
* free to extend it and send us the patches for inclusion
------------------------------------------------------------

Using nDPI (4.13.0-5225-2e7b75a) [1 thread(s)]
Using libgcrypt version 1.8.6internal
Reading packets from pcap file ./tests/cfgs/default/pcap/imaps.pcap...
Running thread 0...

nDPI Memory statistics:
	nDPI Memory (once):      42.82 KB     
	Flow Memory (per flow):  1.15 KB      
	Actual Memory:           11.08 MB     
	Peak Memory:             11.08 MB     
	Setup Time:              18 msec
	Packet Processing Time:  0 msec

Traffic statistics:
	Ethernet bytes:        10246         (includes ethernet CRC/IFC/trailer)
	Discarded bytes:       0            
	IP packets:            28            of 28 packets total
	IP bytes:              9574          (avg pkt size 341 bytes)
	Unique flows:          2            
	TCP Packets:           28           
	UDP Packets:           0            
	VLAN Packets:          0            
	MPLS Packets:          0            
	PPPoE Packets:         0            
	Fragmented Packets:    0            
	Max Packet size:       1472         
	Packet Len < 64:       14           
	Packet Len 64-128:     3            
	Packet Len 128-256:    4            
	Packet Len 256-1024:   3            
	Packet Len 1024-1500:  4            
	Packet Len > 1500:     0            
	nDPI throughput:       79.32 K pps / 221.45 Mb/sec
	Analysis begin:        30/May/2020 22:25:44
	Analysis end:          13/Jan/2021 00:16:13
	Traffic throughput:    0.00 pps / 0 b/sec
	Traffic duration:      19619430.000 sec
	DPI Packets (TCP):     15            (7.50 pkts/flow)
	Confidence: DPI        2             (flows)


Detected protocols:
	ntop                 packets: 20            bytes: 5196          flows: 1            
	IMAPS                packets: 8             bytes: 4378          flows: 1            


Protocol statistics:
	Safe                 packets: 28            bytes: 9574          flows: 2            

Risk stats [found 2 (100.0 %) flows with risks]:
	TLS (probably) Not Carrying HTTPS            2 [100.0 %]

	NOTE: as one flow can have multiple risks set, the sum of the
	      last column can exceed the number of flows with risks.


