
-----------------------------------------------------------
* NOTE: This is demo app to show *some* nDPI features.
* In this demo we have implemented only some basic features
* just to show you what you can do with the library. Feel 
* free to extend it and send us the patches for inclusion
------------------------------------------------------------

Using nDPI (4.13.0-5225-2e7b75a) [1 thread(s)]
Using libgcrypt version 1.8.6internal
Reading packets from pcap file ./tests/cfgs/default/pcap/tumblr.pcap...
Running thread 0...

nDPI Memory statistics:
	nDPI Memory (once):      42.82 KB     
	Flow Memory (per flow):  1.15 KB      
	Actual Memory:           11.76 MB     
	Peak Memory:             11.76 MB     
	Setup Time:              21 msec
	Packet Processing Time:  2 msec

Traffic statistics:
	Ethernet bytes:        377792        (includes ethernet CRC/IFC/trailer)
	Discarded bytes:       0            
	IP packets:            755           of 755 packets total
	IP bytes:              359672        (avg pkt size 476 bytes)
	Unique flows:          47           
	TCP Packets:           755          
	UDP Packets:           0            
	VLAN Packets:          0            
	MPLS Packets:          0            
	PPPoE Packets:         0            
	Fragmented Packets:    0            
	Max Packet size:       6072         
	Packet Len < 64:       410          
	Packet Len 64-128:     53           
	Packet Len 128-256:    33           
	Packet Len 256-1024:   74           
	Packet Len 1024-1500:  174          
	Packet Len > 1500:     11           
	nDPI throughput:       330.42 K pps / 1.23 Gb/sec
	Analysis begin:        13/Nov/2020 23:58:22
	Analysis end:          13/Nov/2020 23:58:42
	Traffic throughput:    36.51 pps / 142.72 Kb/sec
	Traffic duration:      20.680 sec
	Guessed flow protos:   28           
	DPI Packets (TCP):     198           (4.21 pkts/flow)
	Confidence: Match by port 28            (flows)
	Confidence: DPI        19            (flows)


Detected protocols:
	Yahoo                packets: 31            bytes: 9933          flows: 1            
	Tumblr               packets: 84            bytes: 38260         flows: 2            
	TLS                  packets: 416           bytes: 163940        flows: 40           
	ADS_Analytic_Track   packets: 54            bytes: 17122         flows: 2            
	Google               packets: 107           bytes: 85437         flows: 1            
	GoogleServices       packets: 63            bytes: 44980         flows: 1            


Protocol statistics:
	Safe                 packets: 447           bytes: 173873        flows: 41           
	Acceptable           packets: 170           bytes: 130417        flows: 2            
	Fun                  packets: 84            bytes: 38260         flows: 2            
	Tracker/Ads          packets: 54            bytes: 17122         flows: 2            
