
-----------------------------------------------------------
* NOTE: This is demo app to show *some* nDPI features.
* In this demo we have implemented only some basic features
* just to show you what you can do with the library. Feel 
* free to extend it and send us the patches for inclusion
------------------------------------------------------------

Using nDPI (4.13.0-5225-2e7b75a) [1 thread(s)]
Using libgcrypt version 1.8.6internal
Reading packets from pcap file ./tests/cfgs/default/pcap/smb_deletefile.pcap...
Running thread 0...

nDPI Memory statistics:
	nDPI Memory (once):      42.82 KB     
	Flow Memory (per flow):  1.15 KB      
	Actual Memory:           11.08 MB     
	Peak Memory:             11.08 MB     
	Setup Time:              19 msec
	Packet Processing Time:  0 msec

Traffic statistics:
	Ethernet bytes:        33172         (includes ethernet CRC/IFC/trailer)
	Discarded bytes:       0            
	IP packets:            101           of 101 packets total
	IP bytes:              30748         (avg pkt size 304 bytes)
	Unique flows:          1            
	TCP Packets:           101          
	UDP Packets:           0            
	VLAN Packets:          0            
	MPLS Packets:          0            
	PPPoE Packets:         0            
	Fragmented Packets:    0            
	Max Packet size:       1480         
	Packet Len < 64:       38           
	Packet Len 64-128:     7            
	Packet Len 128-256:    3            
	Packet Len 256-1024:   51           
	Packet Len 1024-1500:  2            
	Packet Len > 1500:     0            
	nDPI throughput:       264.40 K pps / 662.52 Mb/sec
	Analysis begin:        16/Mar/2020 19:48:35
	Analysis end:          16/Mar/2020 19:48:37
	Traffic throughput:    42.35 pps / 108.67 Kb/sec
	Traffic duration:      2.385 sec
	DPI Packets (TCP):     1             (1.00 pkts/flow)
	Confidence: DPI        1             (flows)


Detected protocols:
	SMBv23               packets: 101           bytes: 30748         flows: 1            


Protocol statistics:
	Acceptable           packets: 101           bytes: 30748         flows: 1            
