
-----------------------------------------------------------
* NOTE: This is demo app to show *some* nDPI features.
* In this demo we have implemented only some basic features
* just to show you what you can do with the library. Feel 
* free to extend it and send us the patches for inclusion
------------------------------------------------------------

Using nDPI (4.13.0-5225-2e7b75a) [1 thread(s)]
Using libgcrypt version 1.8.6internal
Reading packets from pcap file ./tests/cfgs/default/pcap/long_tls_certificate.pcap...
Running thread 0...

nDPI Memory statistics:
	nDPI Memory (once):      42.82 KB     
	Flow Memory (per flow):  1.15 KB      
	Actual Memory:           11.45 MB     
	Peak Memory:             11.45 MB     
	Setup Time:              18 msec
	Packet Processing Time:  0 msec

Traffic statistics:
	Ethernet bytes:        15940         (includes ethernet CRC/IFC/trailer)
	Discarded bytes:       0            
	IP packets:            47            of 47 packets total
	IP bytes:              14812         (avg pkt size 315 bytes)
	Unique flows:          1            
	TCP Packets:           47           
	UDP Packets:           0            
	VLAN Packets:          0            
	MPLS Packets:          0            
	PPPoE Packets:         0            
	Fragmented Packets:    0            
	Max Packet size:       1472         
	Packet Len < 64:       30           
	Packet Len 64-128:     7            
	Packet Len 128-256:    1            
	Packet Len 256-1024:   1            
	Packet Len 1024-1500:  8            
	Packet Len > 1500:     0            
	nDPI throughput:       80.90 K pps / 209.32 Mb/sec
	Analysis begin:        04/Jan/2021 15:59:41
	Analysis end:          04/Jan/2021 15:59:43
	Traffic throughput:    25.25 pps / 66.90 Kb/sec
	Traffic duration:      1.861 sec
	DPI Packets (TCP):     12            (12.00 pkts/flow)
	Confidence: DPI        1             (flows)


Detected protocols:
	Alibaba              packets: 47            bytes: 14812         flows: 1            


Protocol statistics:
	Acceptable           packets: 47            bytes: 14812         flows: 1            
