
-----------------------------------------------------------
* NOTE: This is demo app to show *some* nDPI features.
* In this demo we have implemented only some basic features
* just to show you what you can do with the library. Feel 
* free to extend it and send us the patches for inclusion
------------------------------------------------------------

Using nDPI (4.13.0-5225-2e7b75a) [1 thread(s)]
Using libgcrypt version 1.8.6internal
Reading packets from pcap file ./tests/cfgs/default/pcap/git.pcap...
Running thread 0...

nDPI Memory statistics:
	nDPI Memory (once):      42.82 KB     
	Flow Memory (per flow):  1.15 KB      
	Actual Memory:           11.12 MB     
	Peak Memory:             11.12 MB     
	Setup Time:              18 msec
	Packet Processing Time:  0 msec

Traffic statistics:
	Ethernet bytes:        76165         (includes ethernet CRC/IFC/trailer)
	Discarded bytes:       0            
	IP packets:            90            of 90 packets total
	IP bytes:              74005         (avg pkt size 822 bytes)
	Unique flows:          1            
	TCP Packets:           90           
	UDP Packets:           0            
	VLAN Packets:          0            
	MPLS Packets:          0            
	PPPoE Packets:         0            
	Fragmented Packets:    0            
	Max Packet size:       2912         
	Packet Len < 64:       45           
	Packet Len 64-128:     1            
	Packet Len 128-256:    1            
	Packet Len 256-1024:   2            
	Packet Len 1024-1500:  35           
	Packet Len > 1500:     6            
	nDPI throughput:       190.27 K pps / 1.20 Gb/sec
	Analysis begin:        16/Apr/2016 21:17:10
	Analysis end:          16/Apr/2016 21:17:11
	Traffic throughput:    81.40 pps / 538.16 Kb/sec
	Traffic duration:      1.106 sec
	DPI Packets (TCP):     4             (4.00 pkts/flow)
	Confidence: DPI        1             (flows)


Detected protocols:
	Git                  packets: 90            bytes: 74005         flows: 1            


Protocol statistics:
	Safe                 packets: 90            bytes: 74005         flows: 1            
