
-----------------------------------------------------------
* NOTE: This is demo app to show *some* nDPI features.
* In this demo we have implemented only some basic features
* just to show you what you can do with the library. Feel 
* free to extend it and send us the patches for inclusion
------------------------------------------------------------

Using nDPI (4.13.0-5225-2e7b75a) [1 thread(s)]
Using libgcrypt version 1.8.6internal
Reading packets from pcap file ./tests/cfgs/default/pcap/dtls_session_id_and_coockie_both.pcap...
Running thread 0...

nDPI Memory statistics:
	nDPI Memory (once):      42.82 KB     
	Flow Memory (per flow):  1.15 KB      
	Actual Memory:           11.05 MB     
	Peak Memory:             11.05 MB     
	Setup Time:              18 msec
	Packet Processing Time:  0 msec

Traffic statistics:
	Ethernet bytes:        700           (includes ethernet CRC/IFC/trailer)
	Discarded bytes:       0            
	IP packets:            4             of 4 packets total
	IP bytes:              604           (avg pkt size 151 bytes)
	Unique flows:          1            
	TCP Packets:           0            
	UDP Packets:           4            
	VLAN Packets:          0            
	MPLS Packets:          0            
	PPPoE Packets:         0            
	Fragmented Packets:    0            
	Max Packet size:       178          
	Packet Len < 64:       1            
	Packet Len 64-128:     2            
	Packet Len 128-256:    1            
	Packet Len 256-1024:   0            
	Packet Len 1024-1500:  0            
	Packet Len > 1500:     0            
	nDPI throughput:       9.09 K pps / 12.14 Mb/sec
	Analysis begin:        17/Jun/2020 15:38:19
	Analysis end:          17/Jun/2020 15:38:19
	Traffic throughput:    68.06 pps / 93.05 Kb/sec
	Traffic duration:      0.059 sec
	DPI Packets (UDP):     4             (4.00 pkts/flow)
	Confidence: DPI        1             (flows)


Detected protocols:
	DTLS                 packets: 4             bytes: 604           flows: 1            


Protocol statistics:
	Safe                 packets: 4             bytes: 604           flows: 1            

Risk stats [found 1 (100.0 %) flows with risks]:
	TLS (probably) Not Carrying HTTPS            1 [50.0 %]
	Missing SNI TLS Extn                         1 [50.0 %]

	NOTE: as one flow can have multiple risks set, the sum of the
	      last column can exceed the number of flows with risks.


