
-----------------------------------------------------------
* NOTE: This is demo app to show *some* nDPI features.
* In this demo we have implemented only some basic features
* just to show you what you can do with the library. Feel 
* free to extend it and send us the patches for inclusion
------------------------------------------------------------

Using nDPI (4.13.0-5225-2e7b75a) [1 thread(s)]
Using libgcrypt version 1.8.6internal
Reading packets from pcap file ./tests/cfgs/default/pcap/rtsp.pcap...
Running thread 0...

nDPI Memory statistics:
	nDPI Memory (once):      42.82 KB     
	Flow Memory (per flow):  1.15 KB      
	Actual Memory:           11.19 MB     
	Peak Memory:             11.19 MB     
	Setup Time:              18 msec
	Packet Processing Time:  0 msec

Traffic statistics:
	Ethernet bytes:        114504        (includes ethernet CRC/IFC/trailer)
	Discarded bytes:       0            
	IP packets:            568           of 568 packets total
	IP bytes:              100872        (avg pkt size 177 bytes)
	Unique flows:          7            
	TCP Packets:           568          
	UDP Packets:           0            
	VLAN Packets:          0            
	MPLS Packets:          0            
	PPPoE Packets:         0            
	Fragmented Packets:    0            
	Max Packet size:       715          
	Packet Len < 64:       284          
	Packet Len 64-128:     0            
	Packet Len 128-256:    188          
	Packet Len 256-1024:   96           
	Packet Len 1024-1500:  0            
	Packet Len > 1500:     0            
	nDPI throughput:       1.17 M pps / 1.76 Gb/sec
	Analysis begin:        29/Jul/2021 19:31:17
	Analysis end:          29/Jul/2021 19:35:28
	Traffic throughput:    2.26 pps / 3.57 Kb/sec
	Traffic duration:      250.802 sec
	DPI Packets (TCP):     87            (12.43 pkts/flow)
	Confidence: DPI        7             (flows)


Detected protocols:
	RTSP                 packets: 568           bytes: 100872        flows: 7            


Protocol statistics:
	Fun                  packets: 568           bytes: 100872        flows: 7            

Risk stats [found 7 (100.0 %) flows with risks]:
	Known Proto on Non Std Port                  7 [100.0 %]

	NOTE: as one flow can have multiple risks set, the sum of the
	      last column can exceed the number of flows with risks.


