
-----------------------------------------------------------
* NOTE: This is demo app to show *some* nDPI features.
* In this demo we have implemented only some basic features
* just to show you what you can do with the library. Feel 
* free to extend it and send us the patches for inclusion
------------------------------------------------------------

Using nDPI (4.13.0-5225-2e7b75a) [1 thread(s)]
Using libgcrypt version 1.8.6internal
Reading packets from pcap file ./tests/cfgs/default/pcap/tls_heur__shadowsocks-tcp.pcapng...
Running thread 0...

nDPI Memory statistics:
	nDPI Memory (once):      42.82 KB     
	Flow Memory (per flow):  1.15 KB      
	Actual Memory:           11.15 MB     
	Peak Memory:             11.15 MB     
	Setup Time:              21 msec
	Packet Processing Time:  0 msec

Traffic statistics:
	Ethernet bytes:        83573         (includes ethernet CRC/IFC/trailer)
	Discarded bytes:       0            
	IP packets:            100           of 100 packets total
	IP bytes:              81173         (avg pkt size 811 bytes)
	Unique flows:          4            
	TCP Packets:           96           
	UDP Packets:           4            
	VLAN Packets:          0            
	MPLS Packets:          0            
	PPPoE Packets:         0            
	Fragmented Packets:    0            
	Max Packet size:       9919         
	Packet Len < 64:       54           
	Packet Len 64-128:     7            
	Packet Len 128-256:    5            
	Packet Len 256-1024:   9            
	Packet Len 1024-1500:  17           
	Packet Len > 1500:     8            
	nDPI throughput:       147.28 K pps / 939.04 Mb/sec
	Analysis begin:        31/Aug/2024 16:01:38
	Analysis end:          31/Aug/2024 16:01:38
	Traffic throughput:    557.73 pps / 3.56 Mb/sec
	Traffic duration:      0.179 sec
	DPI Packets (TCP):     34            (11.33 pkts/flow)
	DPI Packets (UDP):     3             (3.00 pkts/flow)
	Confidence: Unknown    1             (flows)
	Confidence: DPI        3             (flows)


Detected protocols:
	Unknown              packets: 25            bytes: 22923         flows: 1            
	DNS                  packets: 4             bytes: 772           flows: 1            
	YouTube              packets: 41            bytes: 36148         flows: 1            
	SOCKS                packets: 30            bytes: 21330         flows: 1            


Protocol statistics:
	Acceptable           packets: 34            bytes: 22102         flows: 2            
	Fun                  packets: 41            bytes: 36148         flows: 1            
	Unrated              packets: 25            bytes: 22923         flows: 1            

Risk stats [found 1 (25.0 %) flows with risks]:
	Susp Entropy                                 1 [100.0 %]

	NOTE: as one flow can have multiple risks set, the sum of the
	      last column can exceed the number of flows with risks.


