
-----------------------------------------------------------
* NOTE: This is demo app to show *some* nDPI features.
* In this demo we have implemented only some basic features
* just to show you what you can do with the library. Feel 
* free to extend it and send us the patches for inclusion
------------------------------------------------------------

Using nDPI (4.13.0-5225-2e7b75a) [1 thread(s)]
Using libgcrypt version 1.8.6internal
Reading packets from pcap file ./tests/cfgs/default/pcap/geforcenow.pcapng...
Running thread 0...

nDPI Memory statistics:
	nDPI Memory (once):      42.82 KB     
	Flow Memory (per flow):  1.15 KB      
	Actual Memory:           11.13 MB     
	Peak Memory:             11.13 MB     
	Setup Time:              17 msec
	Packet Processing Time:  0 msec

Traffic statistics:
	Ethernet bytes:        71592         (includes ethernet CRC/IFC/trailer)
	Discarded bytes:       0            
	IP packets:            108           of 108 packets total
	IP bytes:              69000         (avg pkt size 638 bytes)
	Unique flows:          2            
	TCP Packets:           54           
	UDP Packets:           54           
	VLAN Packets:          0            
	MPLS Packets:          0            
	PPPoE Packets:         0            
	Fragmented Packets:    0            
	Max Packet size:       2928         
	Packet Len < 64:       23           
	Packet Len 64-128:     37           
	Packet Len 128-256:    10           
	Packet Len 256-1024:   12           
	Packet Len 1024-1500:  12           
	Packet Len > 1500:     14           
	nDPI throughput:       150.42 K pps / 760.73 Mb/sec
	Analysis begin:        21/May/2023 17:54:31
	Analysis end:          21/May/2023 17:54:32
	Traffic throughput:    79.14 pps / 409.83 Kb/sec
	Traffic duration:      1.365 sec
	DPI Packets (TCP):     7             (7.00 pkts/flow)
	DPI Packets (UDP):     17            (17.00 pkts/flow)
	Confidence: DPI        2             (flows)


Detected protocols:
	GeForceNow           packets: 108           bytes: 69000         flows: 2            


Protocol statistics:
	Fun                  packets: 108           bytes: 69000         flows: 2            

Risk stats [found 2 (100.0 %) flows with risks]:
	Known Proto on Non Std Port                  1 [50.0 %]
	TLS Cert Validity Too Long                   1 [50.0 %]

	NOTE: as one flow can have multiple risks set, the sum of the
	      last column can exceed the number of flows with risks.


