
-----------------------------------------------------------
* NOTE: This is demo app to show *some* nDPI features.
* In this demo we have implemented only some basic features
* just to show you what you can do with the library. Feel 
* free to extend it and send us the patches for inclusion
------------------------------------------------------------

Using nDPI (4.13.0-5225-2e7b75a) [1 thread(s)]
Using libgcrypt version 1.8.6internal
Reading packets from pcap file ./tests/cfgs/default/pcap/rx.pcap...
Running thread 0...

nDPI Memory statistics:
	nDPI Memory (once):      42.82 KB     
	Flow Memory (per flow):  1.15 KB      
	Actual Memory:           11.10 MB     
	Peak Memory:             11.10 MB     
	Setup Time:              18 msec
	Packet Processing Time:  0 msec

Traffic statistics:
	Ethernet bytes:        29643         (includes ethernet CRC/IFC/trailer)
	Discarded bytes:       0            
	IP packets:            132           of 132 packets total
	IP bytes:              26475         (avg pkt size 200 bytes)
	Unique flows:          5            
	TCP Packets:           0            
	UDP Packets:           132          
	VLAN Packets:          0            
	MPLS Packets:          0            
	PPPoE Packets:         0            
	Fragmented Packets:    0            
	Max Packet size:       1084         
	Packet Len < 64:       39           
	Packet Len 64-128:     55           
	Packet Len 128-256:    20           
	Packet Len 256-1024:   11           
	Packet Len 1024-1500:  7            
	Packet Len > 1500:     0            
	nDPI throughput:       307.69 K pps / 527.18 Mb/sec
	Analysis begin:        14/Apr/2016 20:51:04
	Analysis end:          14/Apr/2016 20:52:00
	Traffic throughput:    2.35 pps / 4.13 Kb/sec
	Traffic duration:      56.140 sec
	DPI Packets (UDP):     10            (2.00 pkts/flow)
	Confidence: DPI        5             (flows)


Detected protocols:
	RX                   packets: 132           bytes: 26475         flows: 5            


Protocol statistics:
	Acceptable           packets: 132           bytes: 26475         flows: 5            
