
-----------------------------------------------------------
* NOTE: This is demo app to show *some* nDPI features.
* In this demo we have implemented only some basic features
* just to show you what you can do with the library. Feel 
* free to extend it and send us the patches for inclusion
------------------------------------------------------------

Using nDPI (4.13.0-5225-2e7b75a) [1 thread(s)]
Using libgcrypt version 1.8.6internal
Reading packets from pcap file ./tests/cfgs/default/pcap/tls_unidirectional.pcap...
Running thread 0...

nDPI Memory statistics:
	nDPI Memory (once):      42.82 KB     
	Flow Memory (per flow):  1.15 KB      
	Actual Memory:           11.05 MB     
	Peak Memory:             11.05 MB     
	Setup Time:              18 msec
	Packet Processing Time:  0 msec

Traffic statistics:
	Ethernet bytes:        742           (includes ethernet CRC/IFC/trailer)
	Discarded bytes:       0            
	IP packets:            8             of 8 packets total
	IP bytes:              550           (avg pkt size 68 bytes)
	Unique flows:          1            
	TCP Packets:           8            
	UDP Packets:           0            
	VLAN Packets:          0            
	MPLS Packets:          0            
	PPPoE Packets:         0            
	Fragmented Packets:    0            
	Max Packet size:       44           
	Packet Len < 64:       8            
	Packet Len 64-128:     0            
	Packet Len 128-256:    0            
	Packet Len 256-1024:   0            
	Packet Len 1024-1500:  0            
	Packet Len > 1500:     0            
	nDPI throughput:       18.78 K pps / 13.29 Mb/sec
	Analysis begin:        22/May/2024 20:51:35
	Analysis end:          22/May/2024 20:51:39
	Traffic throughput:    1.71 pps / 1.24 Kb/sec
	Traffic duration:      4.686 sec
	Guessed flow protos:   1            
	DPI Packets (TCP):     8             (8.00 pkts/flow)
	Confidence: Match by port 1             (flows)


Detected protocols:
	TLS                  packets: 8             bytes: 550           flows: 1            


Protocol statistics:
	Safe                 packets: 8             bytes: 550           flows: 1            
