
-----------------------------------------------------------
* NOTE: This is demo app to show *some* nDPI features.
* In this demo we have implemented only some basic features
* just to show you what you can do with the library. Feel 
* free to extend it and send us the patches for inclusion
------------------------------------------------------------

Using nDPI (4.13.0-5225-2e7b75a) [1 thread(s)]
Using libgcrypt version 1.8.6internal
Reading packets from pcap file ./tests/cfgs/default/pcap/443-firefox.pcap...
Running thread 0...

nDPI Memory statistics:
	nDPI Memory (once):      42.82 KB     
	Flow Memory (per flow):  1.15 KB      
	Actual Memory:           11.49 MB     
	Peak Memory:             11.49 MB     
	Setup Time:              18 msec
	Packet Processing Time:  0 msec

Traffic statistics:
	Ethernet bytes:        474075        (includes ethernet CRC/IFC/trailer)
	Discarded bytes:       0            
	IP packets:            667           of 667 packets total
	IP bytes:              458067        (avg pkt size 686 bytes)
	Unique flows:          1            
	TCP Packets:           667          
	UDP Packets:           0            
	VLAN Packets:          0            
	MPLS Packets:          0            
	PPPoE Packets:         0            
	Fragmented Packets:    0            
	Max Packet size:       1472         
	Packet Len < 64:       281          
	Packet Len 64-128:     19           
	Packet Len 128-256:    54           
	Packet Len 256-1024:   70           
	Packet Len 1024-1500:  243          
	Packet Len > 1500:     0            
	nDPI throughput:       752.82 K pps / 3.99 Gb/sec
	Analysis begin:        08/Feb/2020 02:34:48
	Analysis end:          08/Feb/2020 02:34:56
	Traffic throughput:    79.03 pps / 438.84 Kb/sec
	Traffic duration:      8.440 sec
	DPI Packets (TCP):     7             (7.00 pkts/flow)
	Confidence: DPI        1             (flows)


Detected protocols:
	ntop                 packets: 667           bytes: 458067        flows: 1            


Protocol statistics:
	Safe                 packets: 667           bytes: 458067        flows: 1            
