
-----------------------------------------------------------
* NOTE: This is demo app to show *some* nDPI features.
* In this demo we have implemented only some basic features
* just to show you what you can do with the library. Feel 
* free to extend it and send us the patches for inclusion
------------------------------------------------------------

Using nDPI (4.13.0-5225-2e7b75a) [1 thread(s)]
Using libgcrypt version 1.8.6internal
Reading packets from pcap file ./tests/cfgs/default/pcap/stun_dtls_rtp.pcapng...
Running thread 0...

nDPI Memory statistics:
	nDPI Memory (once):      42.82 KB     
	Flow Memory (per flow):  1.15 KB      
	Actual Memory:           11.08 MB     
	Peak Memory:             11.08 MB     
	Setup Time:              21 msec
	Packet Processing Time:  0 msec

Traffic statistics:
	Ethernet bytes:        28795         (includes ethernet CRC/IFC/trailer)
	Discarded bytes:       0            
	IP packets:            102           of 102 packets total
	IP bytes:              26347         (avg pkt size 258 bytes)
	Unique flows:          2            
	TCP Packets:           63           
	UDP Packets:           39           
	VLAN Packets:          0            
	MPLS Packets:          0            
	PPPoE Packets:         0            
	Fragmented Packets:    0            
	Max Packet size:       1211         
	Packet Len < 64:       26           
	Packet Len 64-128:     38           
	Packet Len 128-256:    19           
	Packet Len 256-1024:   10           
	Packet Len 1024-1500:  9            
	Packet Len > 1500:     0            
	nDPI throughput:       261.54 K pps / 563.30 Mb/sec
	Analysis begin:        02/Dec/2022 19:35:25
	Analysis end:          17/Mar/2024 18:17:37
	Traffic throughput:    0.00 pps / 0 b/sec
	Traffic duration:      40689732.000 sec
	DPI Packets (TCP):     11            (11.00 pkts/flow)
	DPI Packets (UDP):     17            (17.00 pkts/flow)
	Confidence: DPI        2             (flows)


Detected protocols:
	GoogleCall           packets: 102           bytes: 26347         flows: 2            


Protocol statistics:
	Acceptable           packets: 102           bytes: 26347         flows: 2            
