
-----------------------------------------------------------
* NOTE: This is demo app to show *some* nDPI features.
* In this demo we have implemented only some basic features
* just to show you what you can do with the library. Feel 
* free to extend it and send us the patches for inclusion
------------------------------------------------------------

Using nDPI (4.13.0-5225-2e7b75a) [1 thread(s)]
Using libgcrypt version 1.8.6internal
Reading packets from pcap file ./tests/cfgs/default/pcap/drda_db2.pcap...
Running thread 0...

nDPI Memory statistics:
	nDPI Memory (once):      42.82 KB     
	Flow Memory (per flow):  1.15 KB      
	Actual Memory:           11.06 MB     
	Peak Memory:             11.06 MB     
	Setup Time:              20 msec
	Packet Processing Time:  0 msec

Traffic statistics:
	Ethernet bytes:        7603          (includes ethernet CRC/IFC/trailer)
	Discarded bytes:       0            
	IP packets:            38            of 38 packets total
	IP bytes:              6691          (avg pkt size 176 bytes)
	Unique flows:          1            
	TCP Packets:           38           
	UDP Packets:           0            
	VLAN Packets:          0            
	MPLS Packets:          0            
	PPPoE Packets:         0            
	Fragmented Packets:    0            
	Max Packet size:       683          
	Packet Len < 64:       20           
	Packet Len 64-128:     7            
	Packet Len 128-256:    1            
	Packet Len 256-1024:   10           
	Packet Len 1024-1500:  0            
	Packet Len > 1500:     0            
	nDPI throughput:       112.43 K pps / 171.62 Mb/sec
	Analysis begin:        03/Apr/2007 01:26:12
	Analysis end:          03/Apr/2007 01:26:50
	Traffic throughput:    0.99 pps / 1.54 Kb/sec
	Traffic duration:      38.463 sec
	DPI Packets (TCP):     4             (4.00 pkts/flow)
	Confidence: DPI        1             (flows)


Detected protocols:
	DRDA                 packets: 38            bytes: 6691          flows: 1            


Protocol statistics:
	Acceptable           packets: 38            bytes: 6691          flows: 1            
