
-----------------------------------------------------------
* NOTE: This is demo app to show *some* nDPI features.
* In this demo we have implemented only some basic features
* just to show you what you can do with the library. Feel 
* free to extend it and send us the patches for inclusion
------------------------------------------------------------

Using nDPI (4.13.0-5225-2e7b75a) [1 thread(s)]
Using libgcrypt version 1.8.6internal
Reading packets from pcap file ./tests/cfgs/default/pcap/capwap_data.pcapng...
Running thread 0...

nDPI Memory statistics:
	nDPI Memory (once):      42.82 KB     
	Flow Memory (per flow):  1.15 KB      
	Actual Memory:           11.06 MB     
	Peak Memory:             11.06 MB     
	Setup Time:              18 msec
	Packet Processing Time:  0 msec

Traffic statistics:
	Ethernet bytes:        2960          (includes ethernet CRC/IFC/trailer)
	Discarded bytes:       0            
	IP packets:            14            of 14 packets total
	IP bytes:              2624          (avg pkt size 187 bytes)
	Unique flows:          3            
	TCP Packets:           0            
	UDP Packets:           14           
	VLAN Packets:          14           
	MPLS Packets:          0            
	PPPoE Packets:         0            
	Fragmented Packets:    0            
	Max Packet size:       280          
	Packet Len < 64:       0            
	Packet Len 64-128:     11           
	Packet Len 128-256:    0            
	Packet Len 256-1024:   3            
	Packet Len 1024-1500:  0            
	Packet Len > 1500:     0            
	nDPI throughput:       41.92 K pps / 67.61 Mb/sec
	Analysis begin:        06/Feb/2018 12:49:28
	Analysis end:          06/Feb/2018 12:49:28
	Traffic throughput:    115.72 pps / 191.14 Kb/sec
	Traffic duration:      0.121 sec
	DPI Packets (UDP):     3             (1.00 pkts/flow)
	Confidence: DPI        3             (flows)


Detected protocols:
	CAPWAP               packets: 14            bytes: 2624          flows: 3            


Protocol statistics:
	Acceptable           packets: 14            bytes: 2624          flows: 3            
