
-----------------------------------------------------------
* NOTE: This is demo app to show *some* nDPI features.
* In this demo we have implemented only some basic features
* just to show you what you can do with the library. Feel 
* free to extend it and send us the patches for inclusion
------------------------------------------------------------

Using nDPI (4.13.0-5225-2e7b75a) [1 thread(s)]
Using libgcrypt version 1.8.6internal
Reading packets from pcap file ./tests/cfgs/default/pcap/quic_sh.pcap...
Running thread 0...

nDPI Memory statistics:
	nDPI Memory (once):      42.82 KB     
	Flow Memory (per flow):  1.15 KB      
	Actual Memory:           11.08 MB     
	Peak Memory:             11.08 MB     
	Setup Time:              18 msec
	Packet Processing Time:  0 msec

Traffic statistics:
	Ethernet bytes:        24023         (includes ethernet CRC/IFC/trailer)
	Discarded bytes:       0            
	IP packets:            38            of 38 packets total
	IP bytes:              23111         (avg pkt size 608 bytes)
	Unique flows:          3            
	TCP Packets:           0            
	UDP Packets:           38           
	VLAN Packets:          0            
	MPLS Packets:          0            
	PPPoE Packets:         0            
	Fragmented Packets:    0            
	Max Packet size:       1460         
	Packet Len < 64:       19           
	Packet Len 64-128:     1            
	Packet Len 128-256:    0            
	Packet Len 256-1024:   4            
	Packet Len 1024-1500:  14           
	Packet Len > 1500:     0            
	nDPI throughput:       87.16 K pps / 420.37 Mb/sec
	Analysis begin:        12/Aug/2024 01:44:35
	Analysis end:          12/Aug/2024 01:44:42
	Traffic throughput:    5.42 pps / 26.77 Kb/sec
	Traffic duration:      7.010 sec
	DPI Packets (UDP):     14            (4.67 pkts/flow)
	Confidence: DPI        3             (flows)


Detected protocols:
	QUIC                 packets: 38            bytes: 23111         flows: 3            


Protocol statistics:
	Acceptable           packets: 38            bytes: 23111         flows: 3            

Risk stats [found 2 (66.7 %) flows with risks]:
	Susp Entropy                                 2 [100.0 %]

	NOTE: as one flow can have multiple risks set, the sum of the
	      last column can exceed the number of flows with risks.


