
-----------------------------------------------------------
* NOTE: This is demo app to show *some* nDPI features.
* In this demo we have implemented only some basic features
* just to show you what you can do with the library. Feel 
* free to extend it and send us the patches for inclusion
------------------------------------------------------------

Using nDPI (4.13.0-5225-2e7b75a) [1 thread(s)]
Using libgcrypt version 1.8.6internal
Reading packets from pcap file ./tests/cfgs/default/pcap/rtmp.pcap...
Running thread 0...

nDPI Memory statistics:
	nDPI Memory (once):      42.82 KB     
	Flow Memory (per flow):  1.15 KB      
	Actual Memory:           11.09 MB     
	Peak Memory:             11.09 MB     
	Setup Time:              21 msec
	Packet Processing Time:  0 msec

Traffic statistics:
	Ethernet bytes:        26903         (includes ethernet CRC/IFC/trailer)
	Discarded bytes:       0            
	IP packets:            60            of 60 packets total
	IP bytes:              25463         (avg pkt size 424 bytes)
	Unique flows:          3            
	TCP Packets:           26           
	UDP Packets:           34           
	VLAN Packets:          34           
	MPLS Packets:          0            
	PPPoE Packets:         0            
	Fragmented Packets:    0            
	Max Packet size:       1480         
	Packet Len < 64:       18           
	Packet Len 64-128:     15           
	Packet Len 128-256:    5            
	Packet Len 256-1024:   10           
	Packet Len 1024-1500:  12           
	Packet Len > 1500:     0            
	nDPI throughput:       152.67 K pps / 522.27 Mb/sec
	Analysis begin:        02/Dec/2007 02:08:26
	Analysis end:          20/Oct/2022 02:07:01
	Traffic throughput:    0.00 pps / 0 b/sec
	Traffic duration:      469670304.000 sec
	DPI Packets (TCP):     8             (8.00 pkts/flow)
	DPI Packets (UDP):     2             (1.00 pkts/flow)
	Confidence: DPI        3             (flows)


Detected protocols:
	RTMP                 packets: 26            bytes: 8368          flows: 1            
	GTP_U                packets: 34            bytes: 17095         flows: 2            


Protocol statistics:
	Acceptable           packets: 60            bytes: 25463         flows: 3            
