
-----------------------------------------------------------
* NOTE: This is demo app to show *some* nDPI features.
* In this demo we have implemented only some basic features
* just to show you what you can do with the library. Feel 
* free to extend it and send us the patches for inclusion
------------------------------------------------------------

Using nDPI (4.13.0-5225-2e7b75a) [1 thread(s)]
Using libgcrypt version 1.8.6internal
Reading packets from pcap file ./tests/cfgs/default/pcap/quic-27.pcap...
Running thread 0...

nDPI Memory statistics:
	nDPI Memory (once):      42.82 KB     
	Flow Memory (per flow):  1.15 KB      
	Actual Memory:           11.07 MB     
	Peak Memory:             11.07 MB     
	Setup Time:              21 msec
	Packet Processing Time:  0 msec

Traffic statistics:
	Ethernet bytes:        13367         (includes ethernet CRC/IFC/trailer)
	Discarded bytes:       0            
	IP packets:            20            of 20 packets total
	IP bytes:              12887         (avg pkt size 644 bytes)
	Unique flows:          1            
	TCP Packets:           0            
	UDP Packets:           20           
	VLAN Packets:          0            
	MPLS Packets:          0            
	PPPoE Packets:         0            
	Fragmented Packets:    0            
	Max Packet size:       1338         
	Packet Len < 64:       9            
	Packet Len 64-128:     1            
	Packet Len 128-256:    1            
	Packet Len 256-1024:   1            
	Packet Len 1024-1500:  8            
	Packet Len > 1500:     0            
	nDPI throughput:       35.84 K pps / 182.76 Mb/sec
	Analysis begin:        17/Jun/2020 15:31:15
	Analysis end:          17/Jun/2020 15:31:24
	Traffic throughput:    2.36 pps / 12.35 Kb/sec
	Traffic duration:      8.458 sec
	DPI Packets (UDP):     1             (1.00 pkts/flow)
	Confidence: DPI        1             (flows)


Detected protocols:
	PlayStore            packets: 20            bytes: 12887         flows: 1            


Protocol statistics:
	Safe                 packets: 20            bytes: 12887         flows: 1            
