
-----------------------------------------------------------
* NOTE: This is demo app to show *some* nDPI features.
* In this demo we have implemented only some basic features
* just to show you what you can do with the library. Feel 
* free to extend it and send us the patches for inclusion
------------------------------------------------------------

Using nDPI (4.13.0-5225-2e7b75a) [1 thread(s)]
Using libgcrypt version 1.8.6internal
Reading packets from pcap file ./tests/cfgs/default/pcap/protobuf.pcap...
Running thread 0...

nDPI Memory statistics:
	nDPI Memory (once):      42.82 KB     
	Flow Memory (per flow):  1.15 KB      
	Actual Memory:           11.08 MB     
	Peak Memory:             11.08 MB     
	Setup Time:              21 msec
	Packet Processing Time:  0 msec

Traffic statistics:
	Ethernet bytes:        5886          (includes ethernet CRC/IFC/trailer)
	Discarded bytes:       0            
	IP packets:            60            of 60 packets total
	IP bytes:              4446          (avg pkt size 74 bytes)
	Unique flows:          5            
	TCP Packets:           60           
	UDP Packets:           0            
	VLAN Packets:          0            
	MPLS Packets:          0            
	PPPoE Packets:         0            
	Fragmented Packets:    0            
	Max Packet size:       570          
	Packet Len < 64:       53           
	Packet Len 64-128:     6            
	Packet Len 128-256:    0            
	Packet Len 256-1024:   1            
	Packet Len 1024-1500:  0            
	Packet Len > 1500:     0            
	nDPI throughput:       114.72 K pps / 85.86 Mb/sec
	Analysis begin:        23/Oct/2023 20:38:47
	Analysis end:          27/Oct/2023 01:18:39
	Traffic throughput:    0.00 pps / 0 b/sec
	Traffic duration:      275991.750 sec
	DPI Packets (TCP):     26            (5.20 pkts/flow)
	Confidence: DPI        5             (flows)


Detected protocols:
	Protobuf             packets: 60            bytes: 4446          flows: 5            


Protocol statistics:
	Safe                 packets: 60            bytes: 4446          flows: 5            
