
-----------------------------------------------------------
* NOTE: This is demo app to show *some* nDPI features.
* In this demo we have implemented only some basic features
* just to show you what you can do with the library. Feel 
* free to extend it and send us the patches for inclusion
------------------------------------------------------------

Using nDPI (4.13.0-5225-2e7b75a) [1 thread(s)]
Using libgcrypt version 1.8.6internal
Reading packets from pcap file ./tests/cfgs/default/pcap/quic-mvfst-22_decryption_error.pcap...
Running thread 0...

nDPI Memory statistics:
	nDPI Memory (once):      42.82 KB     
	Flow Memory (per flow):  1.15 KB      
	Actual Memory:           11.06 MB     
	Peak Memory:             11.06 MB     
	Setup Time:              21 msec
	Packet Processing Time:  0 msec

Traffic statistics:
	Ethernet bytes:        4182          (includes ethernet CRC/IFC/trailer)
	Discarded bytes:       0            
	IP packets:            11            of 11 packets total
	IP bytes:              3918          (avg pkt size 356 bytes)
	Unique flows:          1            
	TCP Packets:           0            
	UDP Packets:           11           
	VLAN Packets:          0            
	MPLS Packets:          0            
	PPPoE Packets:         0            
	Fragmented Packets:    0            
	Max Packet size:       1240         
	Packet Len < 64:       4            
	Packet Len 64-128:     3            
	Packet Len 128-256:    0            
	Packet Len 256-1024:   3            
	Packet Len 1024-1500:  1            
	Packet Len > 1500:     0            
	nDPI throughput:       25.82 K pps / 74.90 Mb/sec
	Analysis begin:        30/Jun/2020 11:54:56
	Analysis end:          30/Jun/2020 11:54:56
	Traffic throughput:    3.67 K pps / 10.64 Mb/sec
	Traffic duration:      0.003 sec
	DPI Packets (UDP):     1             (1.00 pkts/flow)
	Confidence: DPI        1             (flows)


Detected protocols:
	QUIC                 packets: 11            bytes: 3918          flows: 1            


Protocol statistics:
	Acceptable           packets: 11            bytes: 3918          flows: 1            
