
-----------------------------------------------------------
* NOTE: This is demo app to show *some* nDPI features.
* In this demo we have implemented only some basic features
* just to show you what you can do with the library. Feel 
* free to extend it and send us the patches for inclusion
------------------------------------------------------------

Using nDPI (4.13.0-5225-2e7b75a) [1 thread(s)]
Using libgcrypt version 1.8.6internal
Reading packets from pcap file ./tests/cfgs/default/pcap/bjnp.pcap...
Running thread 0...

nDPI Memory statistics:
	nDPI Memory (once):      42.82 KB     
	Flow Memory (per flow):  1.15 KB      
	Actual Memory:           11.10 MB     
	Peak Memory:             11.10 MB     
	Setup Time:              20 msec
	Packet Processing Time:  0 msec

Traffic statistics:
	Ethernet bytes:        700           (includes ethernet CRC/IFC/trailer)
	Discarded bytes:       0            
	IP packets:            10            of 10 packets total
	IP bytes:              460           (avg pkt size 46 bytes)
	Unique flows:          10           
	TCP Packets:           0            
	UDP Packets:           10           
	VLAN Packets:          0            
	MPLS Packets:          0            
	PPPoE Packets:         0            
	Fragmented Packets:    0            
	Max Packet size:       24           
	Packet Len < 64:       10           
	Packet Len 64-128:     0            
	Packet Len 128-256:    0            
	Packet Len 256-1024:   0            
	Packet Len 1024-1500:  0            
	Packet Len > 1500:     0            
	nDPI throughput:       34.97 K pps / 18.67 Mb/sec
	Analysis begin:        05/Jul/2016 18:59:38
	Analysis end:          05/Jul/2016 18:59:45
	Traffic throughput:    1.51 pps / 842 b/sec
	Traffic duration:      6.644 sec
	DPI Packets (UDP):     10            (1.00 pkts/flow)
	Confidence: DPI        10            (flows)


Detected protocols:
	BJNP                 packets: 10            bytes: 460           flows: 10           


Protocol statistics:
	Acceptable           packets: 10            bytes: 460           flows: 10           

Risk stats [found 10 (100.0 %) flows with risks]:
	Unidirectional Traffic                      10 [100.0 %]

	NOTE: as one flow can have multiple risks set, the sum of the
	      last column can exceed the number of flows with risks.


