
-----------------------------------------------------------
* NOTE: This is demo app to show *some* nDPI features.
* In this demo we have implemented only some basic features
* just to show you what you can do with the library. Feel 
* free to extend it and send us the patches for inclusion
------------------------------------------------------------

Using nDPI (4.13.0-5225-2e7b75a) [1 thread(s)]
Using libgcrypt version 1.8.6internal
Reading packets from pcap file ./tests/cfgs/default/pcap/activision.pcap...
Running thread 0...

nDPI Memory statistics:
	nDPI Memory (once):      42.82 KB     
	Flow Memory (per flow):  1.15 KB      
	Actual Memory:           11.07 MB     
	Peak Memory:             11.07 MB     
	Setup Time:              19 msec
	Packet Processing Time:  0 msec

Traffic statistics:
	Ethernet bytes:        5344          (includes ethernet CRC/IFC/trailer)
	Discarded bytes:       0            
	IP packets:            60            of 60 packets total
	IP bytes:              3904          (avg pkt size 65 bytes)
	Unique flows:          4            
	TCP Packets:           0            
	UDP Packets:           60           
	VLAN Packets:          0            
	MPLS Packets:          0            
	PPPoE Packets:         0            
	Fragmented Packets:    0            
	Max Packet size:       37           
	Packet Len < 64:       60           
	Packet Len 64-128:     0            
	Packet Len 128-256:    0            
	Packet Len 256-1024:   0            
	Packet Len 1024-1500:  0            
	Packet Len > 1500:     0            
	nDPI throughput:       153.45 K pps / 104.27 Mb/sec
	Analysis begin:        03/Mar/2022 21:35:26
	Analysis end:          03/Mar/2022 23:56:13
	Traffic throughput:    0.01 pps / 5 b/sec
	Traffic duration:      8446.570 sec
	DPI Packets (UDP):     4             (1.00 pkts/flow)
	Confidence: DPI        4             (flows)


Detected protocols:
	Activision           packets: 60            bytes: 3904          flows: 4            


Protocol statistics:
	Fun                  packets: 60            bytes: 3904          flows: 4            
