
-----------------------------------------------------------
* NOTE: This is demo app to show *some* nDPI features.
* In this demo we have implemented only some basic features
* just to show you what you can do with the library. Feel 
* free to extend it and send us the patches for inclusion
------------------------------------------------------------

Using nDPI (4.13.0-5225-2e7b75a) [1 thread(s)]
Using libgcrypt version 1.8.6internal
Reading packets from pcap file ./tests/cfgs/default/pcap/dcerpc.pcap...
Running thread 0...

nDPI Memory statistics:
	nDPI Memory (once):      42.82 KB     
	Flow Memory (per flow):  1.15 KB      
	Actual Memory:           11.07 MB     
	Peak Memory:             11.07 MB     
	Setup Time:              20 msec
	Packet Processing Time:  0 msec

Traffic statistics:
	Ethernet bytes:        7250          (includes ethernet CRC/IFC/trailer)
	Discarded bytes:       0            
	IP packets:            16            of 16 packets total
	IP bytes:              6866          (avg pkt size 429 bytes)
	Unique flows:          4            
	TCP Packets:           0            
	UDP Packets:           16           
	VLAN Packets:          0            
	MPLS Packets:          0            
	PPPoE Packets:         0            
	Fragmented Packets:    0            
	Max Packet size:       961          
	Packet Len < 64:       0            
	Packet Len 64-128:     0            
	Packet Len 128-256:    10           
	Packet Len 256-1024:   6            
	Packet Len 1024-1500:  0            
	Packet Len > 1500:     0            
	nDPI throughput:       51.95 K pps / 179.59 Mb/sec
	Analysis begin:        16/Oct/2020 20:35:09
	Analysis end:          16/Oct/2020 20:35:10
	Traffic throughput:    174.33 pps / 617.15 Kb/sec
	Traffic duration:      0.092 sec
	DPI Packets (UDP):     4             (1.00 pkts/flow)
	Confidence: DPI        4             (flows)


Detected protocols:
	PROFINET_IO          packets: 16            bytes: 6866          flows: 4            


Protocol statistics:
	Acceptable           packets: 16            bytes: 6866          flows: 4            

Risk stats [found 4 (100.0 %) flows with risks]:
	Known Proto on Non Std Port                  4 [50.0 %]
	Unidirectional Traffic                       4 [50.0 %]

	NOTE: as one flow can have multiple risks set, the sum of the
	      last column can exceed the number of flows with risks.


