
-----------------------------------------------------------
* NOTE: This is demo app to show *some* nDPI features.
* In this demo we have implemented only some basic features
* just to show you what you can do with the library. Feel 
* free to extend it and send us the patches for inclusion
------------------------------------------------------------

Using nDPI (4.13.0-5225-2e7b75a) [1 thread(s)]
Using libgcrypt version 1.8.6internal
Reading packets from pcap file ./tests/cfgs/default/pcap/i3d.pcap...
Running thread 0...

nDPI Memory statistics:
	nDPI Memory (once):      42.82 KB     
	Flow Memory (per flow):  1.15 KB      
	Actual Memory:           11.10 MB     
	Peak Memory:             11.10 MB     
	Setup Time:              21 msec
	Packet Processing Time:  0 msec

Traffic statistics:
	Ethernet bytes:        37942         (includes ethernet CRC/IFC/trailer)
	Discarded bytes:       0            
	IP packets:            60            of 60 packets total
	IP bytes:              36502         (avg pkt size 608 bytes)
	Unique flows:          4            
	TCP Packets:           0            
	UDP Packets:           60           
	VLAN Packets:          0            
	MPLS Packets:          0            
	PPPoE Packets:         0            
	Fragmented Packets:    0            
	Max Packet size:       1224         
	Packet Len < 64:       3            
	Packet Len 64-128:     10           
	Packet Len 128-256:    6            
	Packet Len 256-1024:   19           
	Packet Len 1024-1500:  22           
	Packet Len > 1500:     0            
	nDPI throughput:       148.88 K pps / 718.30 Mb/sec
	Analysis begin:        30/Jan/2022 23:39:07
	Analysis end:          31/Jan/2022 02:13:07
	Traffic throughput:    0.01 pps / 32 b/sec
	Traffic duration:      9240.078 sec
	DPI Packets (UDP):     4             (1.00 pkts/flow)
	Confidence: DPI        4             (flows)


Detected protocols:
	i3D                  packets: 60            bytes: 36502         flows: 4            


Protocol statistics:
	Fun                  packets: 60            bytes: 36502         flows: 4            
