
-----------------------------------------------------------
* NOTE: This is demo app to show *some* nDPI features.
* In this demo we have implemented only some basic features
* just to show you what you can do with the library. Feel 
* free to extend it and send us the patches for inclusion
------------------------------------------------------------

Using nDPI (4.13.0-5225-2e7b75a) [1 thread(s)]
Using libgcrypt version 1.8.6internal
Reading packets from pcap file ./tests/cfgs/default/pcap/natpmp.pcap...
Running thread 0...

nDPI Memory statistics:
	nDPI Memory (once):      42.82 KB     
	Flow Memory (per flow):  1.15 KB      
	Actual Memory:           11.07 MB     
	Peak Memory:             11.07 MB     
	Setup Time:              21 msec
	Packet Processing Time:  0 msec

Traffic statistics:
	Ethernet bytes:        850           (includes ethernet CRC/IFC/trailer)
	Discarded bytes:       0            
	IP packets:            11            of 11 packets total
	IP bytes:              586           (avg pkt size 53 bytes)
	Unique flows:          4            
	TCP Packets:           0            
	UDP Packets:           11           
	VLAN Packets:          0            
	MPLS Packets:          0            
	PPPoE Packets:         0            
	Fragmented Packets:    0            
	Max Packet size:       24           
	Packet Len < 64:       11           
	Packet Len 64-128:     0            
	Packet Len 128-256:    0            
	Packet Len 256-1024:   0            
	Packet Len 1024-1500:  0            
	Packet Len > 1500:     0            
	nDPI throughput:       23.97 K pps / 14.13 Mb/sec
	Analysis begin:        18/Sep/2021 16:04:19
	Analysis end:          13/Sep/2022 14:13:42
	Traffic throughput:    0.00 pps / 0 b/sec
	Traffic duration:      31097362.000 sec
	DPI Packets (UDP):     11            (2.75 pkts/flow)
	Confidence: DPI        4             (flows)


Detected protocols:
	NAT-PMP              packets: 11            bytes: 586           flows: 4            


Protocol statistics:
	Acceptable           packets: 11            bytes: 586           flows: 4            

Risk stats [found 3 (75.0 %) flows with risks]:
	Unidirectional Traffic                       3 [100.0 %]

	NOTE: as one flow can have multiple risks set, the sum of the
	      last column can exceed the number of flows with risks.


