
-----------------------------------------------------------
* NOTE: This is demo app to show *some* nDPI features.
* In this demo we have implemented only some basic features
* just to show you what you can do with the library. Feel 
* free to extend it and send us the patches for inclusion
------------------------------------------------------------

Using nDPI (4.13.0-5225-2e7b75a) [1 thread(s)]
Using libgcrypt version 1.8.6internal
Reading packets from pcap file ./tests/cfgs/default/pcap/threema.pcap...
Running thread 0...

nDPI Memory statistics:
	nDPI Memory (once):      42.82 KB     
	Flow Memory (per flow):  1.15 KB      
	Actual Memory:           11.10 MB     
	Peak Memory:             11.10 MB     
	Setup Time:              18 msec
	Packet Processing Time:  0 msec

Traffic statistics:
	Ethernet bytes:        13570         (includes ethernet CRC/IFC/trailer)
	Discarded bytes:       0            
	IP packets:            83            of 83 packets total
	IP bytes:              11578         (avg pkt size 139 bytes)
	Unique flows:          6            
	TCP Packets:           83           
	UDP Packets:           0            
	VLAN Packets:          0            
	MPLS Packets:          0            
	PPPoE Packets:         0            
	Fragmented Packets:    0            
	Max Packet size:       767          
	Packet Len < 64:       47           
	Packet Len 64-128:     22           
	Packet Len 128-256:    6            
	Packet Len 256-1024:   8            
	Packet Len 1024-1500:  0            
	Packet Len > 1500:     0            
	nDPI throughput:       124.62 K pps / 155.45 Mb/sec
	Analysis begin:        15/Jun/2022 19:27:04
	Analysis end:          15/Jun/2022 21:16:58
	Traffic throughput:    0.01 pps / 16 b/sec
	Traffic duration:      6594.891 sec
	Guessed flow protos:   2            
	DPI Packets (TCP):     66            (11.00 pkts/flow)
	Confidence: DPI        4             (flows)
	Confidence: Match by IP 2             (flows)


Detected protocols:
	Threema              packets: 83            bytes: 11578         flows: 6            


Protocol statistics:
	Fun                  packets: 83            bytes: 11578         flows: 6            
