
-----------------------------------------------------------
* NOTE: This is demo app to show *some* nDPI features.
* In this demo we have implemented only some basic features
* just to show you what you can do with the library. Feel 
* free to extend it and send us the patches for inclusion
------------------------------------------------------------

Using nDPI (4.13.0-5225-2e7b75a) [1 thread(s)]
Using libgcrypt version 1.8.6internal
Reading packets from pcap file ./tests/cfgs/default/pcap/nfsv3.pcap...
Running thread 0...

nDPI Memory statistics:
	nDPI Memory (once):      42.82 KB     
	Flow Memory (per flow):  1.15 KB      
	Actual Memory:           11.11 MB     
	Peak Memory:             11.11 MB     
	Setup Time:              18 msec
	Packet Processing Time:  0 msec

Traffic statistics:
	Ethernet bytes:        25888         (includes ethernet CRC/IFC/trailer)
	Discarded bytes:       0            
	IP packets:            128           of 128 packets total
	IP bytes:              22816         (avg pkt size 178 bytes)
	Unique flows:          8            
	TCP Packets:           0            
	UDP Packets:           128          
	VLAN Packets:          0            
	MPLS Packets:          0            
	PPPoE Packets:         0            
	Fragmented Packets:    0            
	Max Packet size:       308          
	Packet Len < 64:       20           
	Packet Len 64-128:     13           
	Packet Len 128-256:    89           
	Packet Len 256-1024:   6            
	Packet Len 1024-1500:  0            
	Packet Len > 1500:     0            
	nDPI throughput:       395.06 K pps / 609.60 Mb/sec
	Analysis begin:        03/Dec/1999 13:19:57
	Analysis end:          03/Dec/1999 13:19:57
	Traffic throughput:    272.34 pps / 430.32 Kb/sec
	Traffic duration:      0.470 sec
	DPI Packets (UDP):     8             (1.00 pkts/flow)
	Confidence: DPI        8             (flows)


Detected protocols:
	NFS                  packets: 128           bytes: 22816         flows: 8            


Protocol statistics:
	Acceptable           packets: 128           bytes: 22816         flows: 8            

Risk stats [found 6 (75.0 %) flows with risks]:
	Known Proto on Non Std Port                  6 [100.0 %]

	NOTE: as one flow can have multiple risks set, the sum of the
	      last column can exceed the number of flows with risks.


