
-----------------------------------------------------------
* NOTE: This is demo app to show *some* nDPI features.
* In this demo we have implemented only some basic features
* just to show you what you can do with the library. Feel 
* free to extend it and send us the patches for inclusion
------------------------------------------------------------

Using nDPI (4.13.0-5225-2e7b75a) [1 thread(s)]
Using libgcrypt version 1.8.6internal
Reading packets from pcap file ./tests/cfgs/default/pcap/dnscrypt-v2-doh.pcap...
Running thread 0...

nDPI Memory statistics:
	nDPI Memory (once):      42.82 KB     
	Flow Memory (per flow):  1.15 KB      
	Actual Memory:           11.65 MB     
	Peak Memory:             11.65 MB     
	Setup Time:              18 msec
	Packet Processing Time:  1 msec

Traffic statistics:
	Ethernet bytes:        230431        (includes ethernet CRC/IFC/trailer)
	Discarded bytes:       0            
	IP packets:            577           of 577 packets total
	IP bytes:              216583        (avg pkt size 375 bytes)
	Unique flows:          34           
	TCP Packets:           577          
	UDP Packets:           0            
	VLAN Packets:          0            
	MPLS Packets:          0            
	PPPoE Packets:         0            
	Fragmented Packets:    0            
	Max Packet size:       3151         
	Packet Len < 64:       154          
	Packet Len 64-128:     181          
	Packet Len 128-256:    82           
	Packet Len 256-1024:   111          
	Packet Len 1024-1500:  20           
	Packet Len > 1500:     29           
	nDPI throughput:       411.55 K pps / 1.22 Gb/sec
	Analysis begin:        01/Jan/2000 20:38:18
	Analysis end:          01/Jan/2000 20:48:08
	Traffic throughput:    0.98 pps / 3.05 Kb/sec
	Traffic duration:      589.671 sec
	DPI Packets (TCP):     70            (2.06 pkts/flow)
	Confidence: DPI        34            (flows)


Detected protocols:
	DoH_DoT              packets: 577           bytes: 216583        flows: 34           


Protocol statistics:
	Acceptable           packets: 577           bytes: 216583        flows: 34           

Risk stats [found 6 (17.6 %) flows with risks]:
	Known Proto on Non Std Port                  3 [50.0 %]
	TLS Cert Expired                             3 [50.0 %]

	NOTE: as one flow can have multiple risks set, the sum of the
	      last column can exceed the number of flows with risks.


