
-----------------------------------------------------------
* NOTE: This is demo app to show *some* nDPI features.
* In this demo we have implemented only some basic features
* just to show you what you can do with the library. Feel 
* free to extend it and send us the patches for inclusion
------------------------------------------------------------

Using nDPI (4.13.0-5225-2e7b75a) [1 thread(s)]
Using libgcrypt version 1.8.6internal
Reading packets from pcap file ./tests/cfgs/default/pcap/merakicloud.pcapng...
Running thread 0...

nDPI Memory statistics:
	nDPI Memory (once):      42.82 KB     
	Flow Memory (per flow):  1.15 KB      
	Actual Memory:           11.05 MB     
	Peak Memory:             11.05 MB     
	Setup Time:              20 msec
	Packet Processing Time:  0 msec

Traffic statistics:
	Ethernet bytes:        7105          (includes ethernet CRC/IFC/trailer)
	Discarded bytes:       0            
	IP packets:            44            of 44 packets total
	IP bytes:              6049          (avg pkt size 137 bytes)
	Unique flows:          1            
	TCP Packets:           0            
	UDP Packets:           44           
	VLAN Packets:          0            
	MPLS Packets:          0            
	PPPoE Packets:         0            
	Fragmented Packets:    0            
	Max Packet size:       163          
	Packet Len < 64:       17           
	Packet Len 64-128:     17           
	Packet Len 128-256:    10           
	Packet Len 256-1024:   0            
	Packet Len 1024-1500:  0            
	Packet Len > 1500:     0            
	nDPI throughput:       102.33 K pps / 126.06 Mb/sec
	Analysis begin:        11/Jan/2023 19:18:36
	Analysis end:          11/Jan/2023 19:25:16
	Traffic throughput:    0.11 pps / 142 b/sec
	Traffic duration:      400.212 sec
	DPI Packets (UDP):     1             (1.00 pkts/flow)
	Confidence: DPI        1             (flows)


Detected protocols:
	MerakiCloud          packets: 44            bytes: 6049          flows: 1            


Protocol statistics:
	Acceptable           packets: 44            bytes: 6049          flows: 1            
