
-----------------------------------------------------------
* NOTE: This is demo app to show *some* nDPI features.
* In this demo we have implemented only some basic features
* just to show you what you can do with the library. Feel 
* free to extend it and send us the patches for inclusion
------------------------------------------------------------

Using nDPI (4.13.0-5225-2e7b75a) [1 thread(s)]
Using libgcrypt version 1.8.6internal
Reading packets from pcap file ./tests/cfgs/default/pcap/afp.pcap...
Running thread 0...

nDPI Memory statistics:
	nDPI Memory (once):      42.82 KB     
	Flow Memory (per flow):  1.15 KB      
	Actual Memory:           11.05 MB     
	Peak Memory:             11.05 MB     
	Setup Time:              19 msec
	Packet Processing Time:  0 msec

Traffic statistics:
	Ethernet bytes:        1602          (includes ethernet CRC/IFC/trailer)
	Discarded bytes:       0            
	IP packets:            16            of 16 packets total
	IP bytes:              1218          (avg pkt size 76 bytes)
	Unique flows:          1            
	TCP Packets:           16           
	UDP Packets:           0            
	VLAN Packets:          0            
	MPLS Packets:          0            
	PPPoE Packets:         0            
	Fragmented Packets:    0            
	Max Packet size:       82           
	Packet Len < 64:       14           
	Packet Len 64-128:     2            
	Packet Len 128-256:    0            
	Packet Len 256-1024:   0            
	Packet Len 1024-1500:  0            
	Packet Len > 1500:     0            
	nDPI throughput:       41.99 K pps / 32.08 Mb/sec
	Analysis begin:        27/Jan/2022 15:02:31
	Analysis end:          27/Jan/2022 15:02:32
	Traffic throughput:    14.71 pps / 11.51 Kb/sec
	Traffic duration:      1.087 sec
	DPI Packets (TCP):     1             (1.00 pkts/flow)
	Confidence: DPI        1             (flows)


Detected protocols:
	AFP                  packets: 16            bytes: 1218          flows: 1            


Protocol statistics:
	Acceptable           packets: 16            bytes: 1218          flows: 1            
