
-----------------------------------------------------------
* NOTE: This is demo app to show *some* nDPI features.
* In this demo we have implemented only some basic features
* just to show you what you can do with the library. Feel 
* free to extend it and send us the patches for inclusion
------------------------------------------------------------

Using nDPI (4.13.0-5225-2e7b75a) [1 thread(s)]
Using libgcrypt version 1.8.6internal
Reading packets from pcap file ./tests/cfgs/default/pcap/mssql_tds.pcap...
Running thread 0...

nDPI Memory statistics:
	nDPI Memory (once):      42.82 KB     
	Flow Memory (per flow):  1.15 KB      
	Actual Memory:           11.13 MB     
	Peak Memory:             11.13 MB     
	Setup Time:              19 msec
	Packet Processing Time:  0 msec

Traffic statistics:
	Ethernet bytes:        17172         (includes ethernet CRC/IFC/trailer)
	Discarded bytes:       0            
	IP packets:            38            of 38 packets total
	IP bytes:              16260         (avg pkt size 427 bytes)
	Unique flows:          12           
	TCP Packets:           38           
	UDP Packets:           0            
	VLAN Packets:          0            
	MPLS Packets:          0            
	PPPoE Packets:         0            
	Fragmented Packets:    0            
	Max Packet size:       1480         
	Packet Len < 64:       5            
	Packet Len 64-128:     10           
	Packet Len 128-256:    7            
	Packet Len 256-1024:   10           
	Packet Len 1024-1500:  6            
	Packet Len > 1500:     0            
	nDPI throughput:       67.62 K pps / 233.12 Mb/sec
	Analysis begin:        28/Apr/2009 05:48:37
	Analysis end:          02/Jul/2010 16:30:44
	Traffic throughput:    0.00 pps / 0 b/sec
	Traffic duration:      37190528.000 sec
	Guessed flow protos:   1            
	DPI Packets (TCP):     18            (1.50 pkts/flow)
	Confidence: Match by port 1             (flows)
	Confidence: DPI        11            (flows)


Detected protocols:
	MsSQL-TDS            packets: 38            bytes: 16260         flows: 12           


Protocol statistics:
	Acceptable           packets: 38            bytes: 16260         flows: 12           

Risk stats [found 9 (75.0 %) flows with risks]:
	Unidirectional Traffic                       9 [100.0 %]

	NOTE: as one flow can have multiple risks set, the sum of the
	      last column can exceed the number of flows with risks.


