
-----------------------------------------------------------
* NOTE: This is demo app to show *some* nDPI features.
* In this demo we have implemented only some basic features
* just to show you what you can do with the library. Feel 
* free to extend it and send us the patches for inclusion
------------------------------------------------------------

Using nDPI (4.13.0-5225-2e7b75a) [1 thread(s)]
Using libgcrypt version 1.8.6internal
Reading packets from pcap file ./tests/cfgs/default/pcap/bittorrent_utp.pcap...
Running thread 0...

nDPI Memory statistics:
	nDPI Memory (once):      42.82 KB     
	Flow Memory (per flow):  1.15 KB      
	Actual Memory:           11.09 MB     
	Peak Memory:             11.09 MB     
	Setup Time:              18 msec
	Packet Processing Time:  0 msec

Traffic statistics:
	Ethernet bytes:        44078         (includes ethernet CRC/IFC/trailer)
	Discarded bytes:       0            
	IP packets:            92            of 92 packets total
	IP bytes:              41870         (avg pkt size 455 bytes)
	Unique flows:          2            
	TCP Packets:           0            
	UDP Packets:           92           
	VLAN Packets:          0            
	MPLS Packets:          0            
	PPPoE Packets:         0            
	Fragmented Packets:    0            
	Max Packet size:       1480         
	Packet Len < 64:       50           
	Packet Len 64-128:     6            
	Packet Len 128-256:    3            
	Packet Len 256-1024:   14           
	Packet Len 1024-1500:  19           
	Packet Len > 1500:     0            
	nDPI throughput:       307.69 K pps / 1.10 Gb/sec
	Analysis begin:        25/Feb/2016 12:53:54
	Analysis end:          10/Jan/2024 20:32:29
	Traffic throughput:    0.00 pps / 0 b/sec
	Traffic duration:      248513920.000 sec
	DPI Packets (UDP):     8             (4.00 pkts/flow)
	Confidence: DPI        2             (flows)


Detected protocols:
	BitTorrent           packets: 92            bytes: 41870         flows: 2            


Protocol statistics:
	Acceptable           packets: 92            bytes: 41870         flows: 2            

Risk stats [found 2 (100.0 %) flows with risks]:
	Known Proto on Non Std Port                  2 [100.0 %]

	NOTE: as one flow can have multiple risks set, the sum of the
	      last column can exceed the number of flows with risks.


