
-----------------------------------------------------------
* NOTE: This is demo app to show *some* nDPI features.
* In this demo we have implemented only some basic features
* just to show you what you can do with the library. Feel 
* free to extend it and send us the patches for inclusion
------------------------------------------------------------

Using nDPI (4.13.0-5225-2e7b75a) [1 thread(s)]
Using libgcrypt version 1.8.6internal
Reading packets from pcap file ./tests/cfgs/default/pcap/snapchat_call_v1.pcapng...
Running thread 0...

nDPI Memory statistics:
	nDPI Memory (once):      42.82 KB     
	Flow Memory (per flow):  1.15 KB      
	Actual Memory:           11.41 MB     
	Peak Memory:             11.41 MB     
	Setup Time:              18 msec
	Packet Processing Time:  0 msec

Traffic statistics:
	Ethernet bytes:        376762        (includes ethernet CRC/IFC/trailer)
	Discarded bytes:       0            
	IP packets:            477           of 477 packets total
	IP bytes:              365314        (avg pkt size 765 bytes)
	Unique flows:          1            
	TCP Packets:           0            
	UDP Packets:           477          
	VLAN Packets:          0            
	MPLS Packets:          0            
	PPPoE Packets:         0            
	Fragmented Packets:    0            
	Max Packet size:       1267         
	Packet Len < 64:       83           
	Packet Len 64-128:     22           
	Packet Len 128-256:    3            
	Packet Len 256-1024:   223          
	Packet Len 1024-1500:  146          
	Packet Len > 1500:     0            
	nDPI throughput:       761.98 K pps / 4.48 Gb/sec
	Analysis begin:        19/Jan/2022 14:51:30
	Analysis end:          19/Jan/2022 14:51:39
	Traffic throughput:    50.06 pps / 308.88 Kb/sec
	Traffic duration:      9.529 sec
	DPI Packets (UDP):     20            (20.00 pkts/flow)
	Confidence: DPI        1             (flows)


Detected protocols:
	SnapchatCall         packets: 477           bytes: 365314        flows: 1            


Protocol statistics:
	Acceptable           packets: 477           bytes: 365314        flows: 1            
