
-----------------------------------------------------------
* NOTE: This is demo app to show *some* nDPI features.
* In this demo we have implemented only some basic features
* just to show you what you can do with the library. Feel 
* free to extend it and send us the patches for inclusion
------------------------------------------------------------

Using nDPI (4.13.0-5225-2e7b75a) [1 thread(s)]
Using libgcrypt version 1.8.6internal
Reading packets from pcap file ./tests/cfgs/default/pcap/dazn.pcapng...
Running thread 0...

nDPI Memory statistics:
	nDPI Memory (once):      42.82 KB     
	Flow Memory (per flow):  1.15 KB      
	Actual Memory:           11.08 MB     
	Peak Memory:             11.08 MB     
	Setup Time:              17 msec
	Packet Processing Time:  0 msec

Traffic statistics:
	Ethernet bytes:        6963          (includes ethernet CRC/IFC/trailer)
	Discarded bytes:       0            
	IP packets:            12            of 12 packets total
	IP bytes:              6675          (avg pkt size 556 bytes)
	Unique flows:          3            
	TCP Packets:           12           
	UDP Packets:           0            
	VLAN Packets:          0            
	MPLS Packets:          0            
	PPPoE Packets:         0            
	Fragmented Packets:    0            
	Max Packet size:       1460         
	Packet Len < 64:       6            
	Packet Len 64-128:     0            
	Packet Len 128-256:    0            
	Packet Len 256-1024:   3            
	Packet Len 1024-1500:  3            
	Packet Len > 1500:     0            
	nDPI throughput:       19.83 K pps / 87.81 Mb/sec
	Analysis begin:        29/May/2022 18:53:34
	Analysis end:          29/May/2022 18:54:01
	Traffic throughput:    0.45 pps / 2.04 Kb/sec
	Traffic duration:      26.635 sec
	DPI Packets (TCP):     12            (4.00 pkts/flow)
	Confidence: DPI        3             (flows)


Detected protocols:
	Dazn                 packets: 12            bytes: 6675          flows: 3            


Protocol statistics:
	Fun                  packets: 12            bytes: 6675          flows: 3            
