
-----------------------------------------------------------
* NOTE: This is demo app to show *some* nDPI features.
* In this demo we have implemented only some basic features
* just to show you what you can do with the library. Feel 
* free to extend it and send us the patches for inclusion
------------------------------------------------------------

Using nDPI (4.13.0-5225-2e7b75a) [1 thread(s)]
Using libgcrypt version 1.8.6internal
Reading packets from pcap file ./tests/cfgs/default/pcap/elf.pcap...
Running thread 0...

nDPI Memory statistics:
	nDPI Memory (once):      42.82 KB     
	Flow Memory (per flow):  1.15 KB      
	Actual Memory:           11.13 MB     
	Peak Memory:             11.13 MB     
	Setup Time:              18 msec
	Packet Processing Time:  0 msec

Traffic statistics:
	Ethernet bytes:        63112         (includes ethernet CRC/IFC/trailer)
	Discarded bytes:       0            
	IP packets:            12            of 12 packets total
	IP bytes:              62824         (avg pkt size 5235 bytes)
	Unique flows:          2            
	TCP Packets:           10           
	UDP Packets:           2            
	VLAN Packets:          0            
	MPLS Packets:          0            
	PPPoE Packets:         0            
	Fragmented Packets:    0            
	Max Packet size:       16416        
	Packet Len < 64:       8            
	Packet Len 64-128:     0            
	Packet Len 128-256:    0            
	Packet Len 256-1024:   0            
	Packet Len 1024-1500:  0            
	Packet Len > 1500:     4            
	nDPI throughput:       25.16 K pps / 1009.45 Mb/sec
	Analysis begin:        06/Apr/2024 21:45:15
	Analysis end:          06/Apr/2024 21:45:38
	Traffic throughput:    0.53 pps / 21.66 Kb/sec
	Traffic duration:      22.764 sec
	DPI Packets (TCP):     10            (10.00 pkts/flow)
	DPI Packets (UDP):     2             (2.00 pkts/flow)
	Confidence: Unknown    2             (flows)


Detected protocols:
	Unknown              packets: 12            bytes: 62824         flows: 2            


Protocol statistics:
	Unrated              packets: 12            bytes: 62824         flows: 2            

Risk stats [found 2 (100.0 %) flows with risks]:
	Binary App Transfer                          2 [66.7 %]
	Unidirectional Traffic                       1 [33.3 %]

	NOTE: as one flow can have multiple risks set, the sum of the
	      last column can exceed the number of flows with risks.


