
-----------------------------------------------------------
* NOTE: This is demo app to show *some* nDPI features.
* In this demo we have implemented only some basic features
* just to show you what you can do with the library. Feel 
* free to extend it and send us the patches for inclusion
------------------------------------------------------------

Using nDPI (4.13.0-5225-2e7b75a) [1 thread(s)]
Using libgcrypt version 1.8.6internal
Reading packets from pcap file ./tests/cfgs/default/pcap/nats.pcap...
Running thread 0...

nDPI Memory statistics:
	nDPI Memory (once):      42.82 KB     
	Flow Memory (per flow):  1.15 KB      
	Actual Memory:           11.06 MB     
	Peak Memory:             11.06 MB     
	Setup Time:              21 msec
	Packet Processing Time:  0 msec

Traffic statistics:
	Ethernet bytes:        3108          (includes ethernet CRC/IFC/trailer)
	Discarded bytes:       0            
	IP packets:            27            of 27 packets total
	IP bytes:              2460          (avg pkt size 91 bytes)
	Unique flows:          2            
	TCP Packets:           27           
	UDP Packets:           0            
	VLAN Packets:          0            
	MPLS Packets:          0            
	PPPoE Packets:         0            
	Fragmented Packets:    0            
	Max Packet size:       341          
	Packet Len < 64:       23           
	Packet Len 64-128:     0            
	Packet Len 128-256:    2            
	Packet Len 256-1024:   2            
	Packet Len 1024-1500:  0            
	Packet Len > 1500:     0            
	nDPI throughput:       85.71 K pps / 75.28 Mb/sec
	Analysis begin:        08/Apr/2020 01:04:00
	Analysis end:          08/Apr/2020 01:04:02
	Traffic throughput:    12.18 pps / 10.95 Kb/sec
	Traffic duration:      2.218 sec
	DPI Packets (TCP):     10            (5.00 pkts/flow)
	Confidence: DPI        2             (flows)


Detected protocols:
	Nats                 packets: 27            bytes: 2460          flows: 2            


Protocol statistics:
	Acceptable           packets: 27            bytes: 2460          flows: 2            
