
-----------------------------------------------------------
* NOTE: This is demo app to show *some* nDPI features.
* In this demo we have implemented only some basic features
* just to show you what you can do with the library. Feel 
* free to extend it and send us the patches for inclusion
------------------------------------------------------------

Using nDPI (4.13.0-5225-2e7b75a) [1 thread(s)]
Using libgcrypt version 1.8.6internal
Reading packets from pcap file ./tests/cfgs/default/pcap/snapchat.pcap...
Running thread 0...

nDPI Memory statistics:
	nDPI Memory (once):      42.82 KB     
	Flow Memory (per flow):  1.15 KB      
	Actual Memory:           11.08 MB     
	Peak Memory:             11.08 MB     
	Setup Time:              21 msec
	Packet Processing Time:  0 msec

Traffic statistics:
	Ethernet bytes:        11543         (includes ethernet CRC/IFC/trailer)
	Discarded bytes:       0            
	IP packets:            56            of 56 packets total
	IP bytes:              10199         (avg pkt size 182 bytes)
	Unique flows:          3            
	TCP Packets:           56           
	UDP Packets:           0            
	VLAN Packets:          0            
	MPLS Packets:          0            
	PPPoE Packets:         0            
	Fragmented Packets:    0            
	Max Packet size:       1089         
	Packet Len < 64:       35           
	Packet Len 64-128:     3            
	Packet Len 128-256:    7            
	Packet Len 256-1024:   10           
	Packet Len 1024-1500:  1            
	Packet Len > 1500:     0            
	nDPI throughput:       115.70 K pps / 181.95 Mb/sec
	Analysis begin:        12/May/2015 13:36:33
	Analysis end:          12/May/2015 13:36:48
	Traffic throughput:    3.60 pps / 5.81 Kb/sec
	Traffic duration:      15.535 sec
	DPI Packets (TCP):     18            (6.00 pkts/flow)
	Confidence: DPI        3             (flows)


Detected protocols:
	TLS                  packets: 22            bytes: 2879          flows: 1            
	Snapchat             packets: 34            bytes: 7320          flows: 2            


Protocol statistics:
	Safe                 packets: 22            bytes: 2879          flows: 1            
	Fun                  packets: 34            bytes: 7320          flows: 2            

Risk stats [found 1 (33.3 %) flows with risks]:
	TLS (probably) Not Carrying HTTPS            1 [50.0 %]
	Missing SNI TLS Extn                         1 [50.0 %]

	NOTE: as one flow can have multiple risks set, the sum of the
	      last column can exceed the number of flows with risks.


