
-----------------------------------------------------------
* NOTE: This is demo app to show *some* nDPI features.
* In this demo we have implemented only some basic features
* just to show you what you can do with the library. Feel 
* free to extend it and send us the patches for inclusion
------------------------------------------------------------

Using nDPI (4.13.0-5225-2e7b75a) [1 thread(s)]
Using libgcrypt version 1.8.6internal
Reading packets from pcap file ./tests/cfgs/default/pcap/openwire.pcapng...
Running thread 0...

nDPI Memory statistics:
	nDPI Memory (once):      42.82 KB     
	Flow Memory (per flow):  1.15 KB      
	Actual Memory:           11.05 MB     
	Peak Memory:             11.05 MB     
	Setup Time:              18 msec
	Packet Processing Time:  0 msec

Traffic statistics:
	Ethernet bytes:        6235          (includes ethernet CRC/IFC/trailer)
	Discarded bytes:       0            
	IP packets:            43            of 43 packets total
	IP bytes:              5203          (avg pkt size 121 bytes)
	Unique flows:          1            
	TCP Packets:           43           
	UDP Packets:           0            
	VLAN Packets:          0            
	MPLS Packets:          0            
	PPPoE Packets:         0            
	Fragmented Packets:    0            
	Max Packet size:       548          
	Packet Len < 64:       30           
	Packet Len 64-128:     5            
	Packet Len 128-256:    5            
	Packet Len 256-1024:   3            
	Packet Len 1024-1500:  0            
	Packet Len > 1500:     0            
	nDPI throughput:       161.65 K pps / 178.83 Mb/sec
	Analysis begin:        22/Jul/2024 20:26:29
	Analysis end:          22/Jul/2024 20:26:30
	Traffic throughput:    40.01 pps / 45.33 Kb/sec
	Traffic duration:      1.075 sec
	DPI Packets (TCP):     4             (4.00 pkts/flow)
	Confidence: DPI        1             (flows)


Detected protocols:
	OpenWire             packets: 43            bytes: 5203          flows: 1            


Protocol statistics:
	Acceptable           packets: 43            bytes: 5203          flows: 1            
