
-----------------------------------------------------------
* NOTE: This is demo app to show *some* nDPI features.
* In this demo we have implemented only some basic features
* just to show you what you can do with the library. Feel 
* free to extend it and send us the patches for inclusion
------------------------------------------------------------

Using nDPI (4.13.0-5225-2e7b75a) [1 thread(s)]
Using libgcrypt version 1.8.6internal
Reading packets from pcap file ./tests/cfgs/default/pcap/dns_doh.pcap...
Running thread 0...

nDPI Memory statistics:
	nDPI Memory (once):      42.82 KB     
	Flow Memory (per flow):  1.15 KB      
	Actual Memory:           11.07 MB     
	Peak Memory:             11.07 MB     
	Setup Time:              21 msec
	Packet Processing Time:  0 msec

Traffic statistics:
	Ethernet bytes:        23770         (includes ethernet CRC/IFC/trailer)
	Discarded bytes:       0            
	IP packets:            142           of 142 packets total
	IP bytes:              20362         (avg pkt size 143 bytes)
	Unique flows:          1            
	TCP Packets:           142          
	UDP Packets:           0            
	VLAN Packets:          0            
	MPLS Packets:          0            
	PPPoE Packets:         0            
	Fragmented Packets:    0            
	Max Packet size:       1320         
	Packet Len < 64:       78           
	Packet Len 64-128:     37           
	Packet Len 128-256:    15           
	Packet Len 256-1024:   10           
	Packet Len 1024-1500:  2            
	Packet Len > 1500:     0            
	nDPI throughput:       301.49 K pps / 385.03 Mb/sec
	Analysis begin:        15/Oct/2019 03:10:00
	Analysis end:          15/Oct/2019 03:10:04
	Traffic throughput:    43.80 pps / 57.29 Kb/sec
	Traffic duration:      3.242 sec
	DPI Packets (TCP):     6             (6.00 pkts/flow)
	Confidence: DPI        1             (flows)


Detected protocols:
	DoH_DoT              packets: 142           bytes: 20362         flows: 1            


Protocol statistics:
	Acceptable           packets: 142           bytes: 20362         flows: 1            
