
-----------------------------------------------------------
* NOTE: This is demo app to show *some* nDPI features.
* In this demo we have implemented only some basic features
* just to show you what you can do with the library. Feel 
* free to extend it and send us the patches for inclusion
------------------------------------------------------------

Using nDPI (4.13.0-5225-2e7b75a) [1 thread(s)]
Using libgcrypt version 1.8.6internal
Reading packets from pcap file ./tests/cfgs/default/pcap/someip_sd_sample.pcap...
Running thread 0...

nDPI Memory statistics:
	nDPI Memory (once):      42.82 KB     
	Flow Memory (per flow):  1.15 KB      
	Actual Memory:           11.05 MB     
	Peak Memory:             11.05 MB     
	Setup Time:              22 msec
	Packet Processing Time:  0 msec

Traffic statistics:
	Ethernet bytes:        804           (includes ethernet CRC/IFC/trailer)
	Discarded bytes:       0            
	IP packets:            6             of 6 packets total
	IP bytes:              660           (avg pkt size 110 bytes)
	Unique flows:          2            
	TCP Packets:           0            
	UDP Packets:           6            
	VLAN Packets:          0            
	MPLS Packets:          0            
	PPPoE Packets:         0            
	Fragmented Packets:    0            
	Max Packet size:       64           
	Packet Len < 64:       2            
	Packet Len 64-128:     4            
	Packet Len 128-256:    0            
	Packet Len 256-1024:   0            
	Packet Len 1024-1500:  0            
	Packet Len > 1500:     0            
	nDPI throughput:       16.39 K pps / 16.76 Mb/sec
	Analysis begin:        05/Jun/2019 19:02:24
	Analysis end:          05/Jun/2019 19:02:25
	Traffic throughput:    6.65 pps / 6.97 Kb/sec
	Traffic duration:      0.902 sec
	DPI Packets (UDP):     2             (1.00 pkts/flow)
	Confidence: DPI        2             (flows)


Detected protocols:
	SOMEIP               packets: 6             bytes: 660           flows: 2            


Protocol statistics:
	Acceptable           packets: 6             bytes: 660           flows: 2            
