
-----------------------------------------------------------
* NOTE: This is demo app to show *some* nDPI features.
* In this demo we have implemented only some basic features
* just to show you what you can do with the library. Feel 
* free to extend it and send us the patches for inclusion
------------------------------------------------------------

Using nDPI (4.13.0-5225-2e7b75a) [1 thread(s)]
Using libgcrypt version 1.8.6internal
Reading packets from pcap file ./tests/cfgs/default/pcap/http_ua_splitted_in_two_pkts.pcapng...
Running thread 0...

nDPI Memory statistics:
	nDPI Memory (once):      42.82 KB     
	Flow Memory (per flow):  1.15 KB      
	Actual Memory:           11.12 MB     
	Peak Memory:             11.12 MB     
	Setup Time:              18 msec
	Packet Processing Time:  0 msec

Traffic statistics:
	Ethernet bytes:        79070         (includes ethernet CRC/IFC/trailer)
	Discarded bytes:       0            
	IP packets:            115           of 115 packets total
	IP bytes:              76310         (avg pkt size 663 bytes)
	Unique flows:          1            
	TCP Packets:           115          
	UDP Packets:           0            
	VLAN Packets:          0            
	MPLS Packets:          0            
	PPPoE Packets:         0            
	Fragmented Packets:    0            
	Max Packet size:       1420         
	Packet Len < 64:       4            
	Packet Len 64-128:     0            
	Packet Len 128-256:    37           
	Packet Len 256-1024:   37           
	Packet Len 1024-1500:  37           
	Packet Len > 1500:     0            
	nDPI throughput:       361.64 K pps / 1.85 Gb/sec
	Analysis begin:        29/Sep/2017 11:30:14
	Analysis end:          29/Sep/2017 11:36:40
	Traffic throughput:    0.30 pps / 1.60 Kb/sec
	Traffic duration:      386.831 sec
	DPI Packets (TCP):     5             (5.00 pkts/flow)
	Confidence: DPI        1             (flows)


Detected protocols:
	HTTP                 packets: 115           bytes: 76310         flows: 1            


Protocol statistics:
	Acceptable           packets: 115           bytes: 76310         flows: 1            
