
-----------------------------------------------------------
* NOTE: This is demo app to show *some* nDPI features.
* In this demo we have implemented only some basic features
* just to show you what you can do with the library. Feel 
* free to extend it and send us the patches for inclusion
------------------------------------------------------------

Using nDPI (4.13.0-5225-2e7b75a) [1 thread(s)]
Using libgcrypt version 1.8.6internal
Reading packets from pcap file ./tests/cfgs/default/pcap/vk.pcapng...
Running thread 0...

nDPI Memory statistics:
	nDPI Memory (once):      42.82 KB     
	Flow Memory (per flow):  1.15 KB      
	Actual Memory:           11.24 MB     
	Peak Memory:             11.24 MB     
	Setup Time:              21 msec
	Packet Processing Time:  0 msec

Traffic statistics:
	Ethernet bytes:        148897        (includes ethernet CRC/IFC/trailer)
	Discarded bytes:       0            
	IP packets:            909           of 909 packets total
	IP bytes:              127081        (avg pkt size 139 bytes)
	Unique flows:          10           
	TCP Packets:           909          
	UDP Packets:           0            
	VLAN Packets:          0            
	MPLS Packets:          0            
	PPPoE Packets:         0            
	Fragmented Packets:    0            
	Max Packet size:       1430         
	Packet Len < 64:       761          
	Packet Len 64-128:     17           
	Packet Len 128-256:    26           
	Packet Len 256-1024:   97           
	Packet Len 1024-1500:  8            
	Packet Len > 1500:     0            
	nDPI throughput:       1.04 M pps / 1.27 Gb/sec
	Analysis begin:        02/Feb/2023 16:06:00
	Analysis end:          02/Feb/2023 16:06:18
	Traffic throughput:    50.90 pps / 65.14 Kb/sec
	Traffic duration:      17.859 sec
	DPI Packets (TCP):     107           (10.70 pkts/flow)
	Confidence: DPI        10            (flows)


Detected protocols:
	VK                   packets: 82            bytes: 10228         flows: 4            
	TLS                  packets: 827           bytes: 116853        flows: 6            


Protocol statistics:
	Safe                 packets: 827           bytes: 116853        flows: 6            
	Fun                  packets: 82            bytes: 10228         flows: 4            

Risk stats [found 10 (100.0 %) flows with risks]:
	Unidirectional Traffic                      10 [100.0 %]

	NOTE: as one flow can have multiple risks set, the sum of the
	      last column can exceed the number of flows with risks.


