
-----------------------------------------------------------
* NOTE: This is demo app to show *some* nDPI features.
* In this demo we have implemented only some basic features
* just to show you what you can do with the library. Feel 
* free to extend it and send us the patches for inclusion
------------------------------------------------------------

Using nDPI (4.13.0-5225-2e7b75a) [1 thread(s)]
Using libgcrypt version 1.8.6internal
Reading packets from pcap file ./tests/cfgs/default/pcap/discord.pcap...
Running thread 0...

nDPI Memory statistics:
	nDPI Memory (once):      42.82 KB     
	Flow Memory (per flow):  1.15 KB      
	Actual Memory:           11.34 MB     
	Peak Memory:             11.34 MB     
	Setup Time:              18 msec
	Packet Processing Time:  0 msec

Traffic statistics:
	Ethernet bytes:        108274        (includes ethernet CRC/IFC/trailer)
	Discarded bytes:       0            
	IP packets:            411           of 411 packets total
	IP bytes:              98410         (avg pkt size 239 bytes)
	Unique flows:          34           
	TCP Packets:           7            
	UDP Packets:           404          
	VLAN Packets:          0            
	MPLS Packets:          0            
	PPPoE Packets:         0            
	Fragmented Packets:    0            
	Max Packet size:       1472         
	Packet Len < 64:       102          
	Packet Len 64-128:     61           
	Packet Len 128-256:    29           
	Packet Len 256-1024:   214          
	Packet Len 1024-1500:  5            
	Packet Len > 1500:     0            
	nDPI throughput:       436.77 K pps / 877.86 Mb/sec
	Analysis begin:        01/Jan/1970 05:30:42
	Analysis end:          08/Jul/2022 01:49:20
	Traffic throughput:    0.00 pps / 0 b/sec
	Traffic duration:      1657225088.000 sec
	DPI Packets (TCP):     5             (5.00 pkts/flow)
	DPI Packets (UDP):     60            (1.82 pkts/flow)
	Confidence: DPI        34            (flows)


Detected protocols:
	Discord              packets: 411           bytes: 98410         flows: 34           


Protocol statistics:
	Fun                  packets: 411           bytes: 98410         flows: 34           

Risk stats [found 1 (2.9 %) flows with risks]:
	TLS Cert Expired                             1 [100.0 %]

	NOTE: as one flow can have multiple risks set, the sum of the
	      last column can exceed the number of flows with risks.


