
-----------------------------------------------------------
* NOTE: This is demo app to show *some* nDPI features.
* In this demo we have implemented only some basic features
* just to show you what you can do with the library. Feel 
* free to extend it and send us the patches for inclusion
------------------------------------------------------------

Using nDPI (4.13.0-5225-2e7b75a) [1 thread(s)]
Using libgcrypt version 1.8.6internal
Reading packets from pcap file ./tests/cfgs/default/pcap/bacnet.pcap...
Running thread 0...

nDPI Memory statistics:
	nDPI Memory (once):      42.82 KB     
	Flow Memory (per flow):  1.15 KB      
	Actual Memory:           11.10 MB     
	Peak Memory:             11.10 MB     
	Setup Time:              18 msec
	Packet Processing Time:  0 msec

Traffic statistics:
	Ethernet bytes:        1925          (includes ethernet CRC/IFC/trailer)
	Discarded bytes:       0            
	IP packets:            23            of 23 packets total
	IP bytes:              1373          (avg pkt size 59 bytes)
	Unique flows:          10           
	TCP Packets:           0            
	UDP Packets:           23           
	VLAN Packets:          0            
	MPLS Packets:          0            
	PPPoE Packets:         0            
	Fragmented Packets:    0            
	Max Packet size:       33           
	Packet Len < 64:       23           
	Packet Len 64-128:     0            
	Packet Len 128-256:    0            
	Packet Len 256-1024:   0            
	Packet Len 1024-1500:  0            
	Packet Len > 1500:     0            
	nDPI throughput:       59.90 K pps / 38.25 Mb/sec
	Analysis begin:        31/Mar/2023 18:52:29
	Analysis end:          10/Apr/2023 18:59:48
	Traffic throughput:    0.00 pps / 0 b/sec
	Traffic duration:      864438.500 sec
	DPI Packets (UDP):     10            (1.00 pkts/flow)
	Confidence: DPI        10            (flows)


Detected protocols:
	BACnet               packets: 23            bytes: 1373          flows: 10           


Protocol statistics:
	Safe                 packets: 23            bytes: 1373          flows: 10           

Risk stats [found 10 (100.0 %) flows with risks]:
	Unidirectional Traffic                      10 [100.0 %]

	NOTE: as one flow can have multiple risks set, the sum of the
	      last column can exceed the number of flows with risks.


