
-----------------------------------------------------------
* NOTE: This is demo app to show *some* nDPI features.
* In this demo we have implemented only some basic features
* just to show you what you can do with the library. Feel 
* free to extend it and send us the patches for inclusion
------------------------------------------------------------

Using nDPI (4.13.0-5225-2e7b75a) [1 thread(s)]
Using libgcrypt version 1.8.6internal
Reading packets from pcap file ./tests/cfgs/default/pcap/thrift.pcap...
Running thread 0...

nDPI Memory statistics:
	nDPI Memory (once):      42.82 KB     
	Flow Memory (per flow):  1.15 KB      
	Actual Memory:           11.15 MB     
	Peak Memory:             11.15 MB     
	Setup Time:              20 msec
	Packet Processing Time:  0 msec

Traffic statistics:
	Ethernet bytes:        108473        (includes ethernet CRC/IFC/trailer)
	Discarded bytes:       0            
	IP packets:            172           of 172 packets total
	IP bytes:              104345        (avg pkt size 606 bytes)
	Unique flows:          2            
	TCP Packets:           170          
	UDP Packets:           2            
	VLAN Packets:          0            
	MPLS Packets:          0            
	PPPoE Packets:         0            
	Fragmented Packets:    0            
	Max Packet size:       6895         
	Packet Len < 64:       85           
	Packet Len 64-128:     10           
	Packet Len 128-256:    2            
	Packet Len 256-1024:   36           
	Packet Len 1024-1500:  34           
	Packet Len > 1500:     5            
	nDPI throughput:       379.69 K pps / 1.78 Gb/sec
	Analysis begin:        20/Apr/2021 22:52:05
	Analysis end:          28/May/2021 18:24:44
	Traffic throughput:    0.00 pps / 0 b/sec
	Traffic duration:      3267159.750 sec
	DPI Packets (TCP):     4             (4.00 pkts/flow)
	DPI Packets (UDP):     1             (1.00 pkts/flow)
	Confidence: DPI        2             (flows)


Detected protocols:
	Thrift               packets: 172           bytes: 104345        flows: 2            


Protocol statistics:
	Acceptable           packets: 172           bytes: 104345        flows: 2            

Risk stats [found 1 (50.0 %) flows with risks]:
	Unidirectional Traffic                       1 [100.0 %]

	NOTE: as one flow can have multiple risks set, the sum of the
	      last column can exceed the number of flows with risks.


