
-----------------------------------------------------------
* NOTE: This is demo app to show *some* nDPI features.
* In this demo we have implemented only some basic features
* just to show you what you can do with the library. Feel 
* free to extend it and send us the patches for inclusion
------------------------------------------------------------

Using nDPI (4.13.0-5225-2e7b75a) [1 thread(s)]
Using libgcrypt version 1.8.6internal
Reading packets from pcap file ./tests/cfgs/default/pcap/mining.pcapng...
Running thread 0...

nDPI Memory statistics:
	nDPI Memory (once):      42.82 KB     
	Flow Memory (per flow):  1.15 KB      
	Actual Memory:           11.28 MB     
	Peak Memory:             11.28 MB     
	Setup Time:              21 msec
	Packet Processing Time:  0 msec

Traffic statistics:
	Ethernet bytes:        235230        (includes ethernet CRC/IFC/trailer)
	Discarded bytes:       0            
	IP packets:            673           of 673 packets total
	IP bytes:              219078        (avg pkt size 325 bytes)
	Unique flows:          4            
	TCP Packets:           673          
	UDP Packets:           0            
	VLAN Packets:          0            
	MPLS Packets:          0            
	PPPoE Packets:         0            
	Fragmented Packets:    0            
	Max Packet size:       1480         
	Packet Len < 64:       355          
	Packet Len 64-128:     69           
	Packet Len 128-256:    52           
	Packet Len 256-1024:   103          
	Packet Len 1024-1500:  94           
	Packet Len > 1500:     0            
	nDPI throughput:       1.22 M pps / 3.18 Gb/sec
	Analysis begin:        17/Jan/2017 17:47:01
	Analysis end:          25/Dec/2017 15:51:19
	Traffic throughput:    0.00 pps / 0 b/sec
	Traffic duration:      29541858.000 sec
	DPI Packets (TCP):     17            (4.25 pkts/flow)
	Confidence: DPI        4             (flows)


Detected protocols:
	Mining               packets: 673           bytes: 219078        flows: 4            


Protocol statistics:
	Unsafe               packets: 673           bytes: 219078        flows: 4            

Risk stats [found 4 (100.0 %) flows with risks]:
	Unsafe Protocol                              4 [100.0 %]

	NOTE: as one flow can have multiple risks set, the sum of the
	      last column can exceed the number of flows with risks.


