
-----------------------------------------------------------
* NOTE: This is demo app to show *some* nDPI features.
* In this demo we have implemented only some basic features
* just to show you what you can do with the library. Feel 
* free to extend it and send us the patches for inclusion
------------------------------------------------------------

Using nDPI (4.13.0-5225-2e7b75a) [1 thread(s)]
Using libgcrypt version 1.8.6internal
Reading packets from pcap file ./tests/cfgs/default/pcap/s7comm-plus.pcap...
Running thread 0...

nDPI Memory statistics:
	nDPI Memory (once):      42.82 KB     
	Flow Memory (per flow):  1.15 KB      
	Actual Memory:           11.06 MB     
	Peak Memory:             11.06 MB     
	Setup Time:              18 msec
	Packet Processing Time:  0 msec

Traffic statistics:
	Ethernet bytes:        12167         (includes ethernet CRC/IFC/trailer)
	Discarded bytes:       0            
	IP packets:            79            of 79 packets total
	IP bytes:              10271         (avg pkt size 130 bytes)
	Unique flows:          1            
	TCP Packets:           79           
	UDP Packets:           0            
	VLAN Packets:          0            
	MPLS Packets:          0            
	PPPoE Packets:         0            
	Fragmented Packets:    0            
	Max Packet size:       361          
	Packet Len < 64:       45           
	Packet Len 64-128:     19           
	Packet Len 128-256:    5            
	Packet Len 256-1024:   10           
	Packet Len 1024-1500:  0            
	Packet Len > 1500:     0            
	nDPI throughput:       184.15 K pps / 216.38 Mb/sec
	Analysis begin:        01/Oct/2014 17:38:56
	Analysis end:          01/Oct/2014 17:39:04
	Traffic throughput:    11.10 pps / 13.36 Kb/sec
	Traffic duration:      7.115 sec
	DPI Packets (TCP):     9             (9.00 pkts/flow)
	Confidence: DPI        1             (flows)


Detected protocols:
	S7CommPlus           packets: 79            bytes: 10271         flows: 1            


Protocol statistics:
	Acceptable           packets: 79            bytes: 10271         flows: 1            
