
-----------------------------------------------------------
* NOTE: This is demo app to show *some* nDPI features.
* In this demo we have implemented only some basic features
* just to show you what you can do with the library. Feel 
* free to extend it and send us the patches for inclusion
------------------------------------------------------------

Using nDPI (4.13.0-5225-2e7b75a) [1 thread(s)]
Using libgcrypt version 1.8.6internal
Reading packets from pcap file ./tests/cfgs/default/pcap/atg.pcap...
Running thread 0...

nDPI Memory statistics:
	nDPI Memory (once):      42.82 KB     
	Flow Memory (per flow):  1.15 KB      
	Actual Memory:           11.06 MB     
	Peak Memory:             11.06 MB     
	Setup Time:              22 msec
	Packet Processing Time:  0 msec

Traffic statistics:
	Ethernet bytes:        3720          (includes ethernet CRC/IFC/trailer)
	Discarded bytes:       0            
	IP packets:            31            of 31 packets total
	IP bytes:              2976          (avg pkt size 96 bytes)
	Unique flows:          2            
	TCP Packets:           31           
	UDP Packets:           0            
	VLAN Packets:          0            
	MPLS Packets:          0            
	PPPoE Packets:         0            
	Fragmented Packets:    0            
	Max Packet size:       475          
	Packet Len < 64:       29           
	Packet Len 64-128:     0            
	Packet Len 128-256:    0            
	Packet Len 256-1024:   2            
	Packet Len 1024-1500:  0            
	Packet Len > 1500:     0            
	nDPI throughput:       71.93 K pps / 65.85 Mb/sec
	Analysis begin:        19/Aug/2024 08:22:07
	Analysis end:          19/Aug/2024 08:24:57
	Traffic throughput:    0.18 pps / 174 b/sec
	Traffic duration:      170.391 sec
	DPI Packets (TCP):     5             (2.50 pkts/flow)
	Confidence: DPI        2             (flows)


Detected protocols:
	ATG                  packets: 31            bytes: 2976          flows: 2            


Protocol statistics:
	Acceptable           packets: 31            bytes: 2976          flows: 2            

Risk stats [found 1 (50.0 %) flows with risks]:
	Unidirectional Traffic                       1 [100.0 %]

	NOTE: as one flow can have multiple risks set, the sum of the
	      last column can exceed the number of flows with risks.


