
-----------------------------------------------------------
* NOTE: This is demo app to show *some* nDPI features.
* In this demo we have implemented only some basic features
* just to show you what you can do with the library. Feel 
* free to extend it and send us the patches for inclusion
------------------------------------------------------------

Using nDPI (4.13.0-5225-2e7b75a) [1 thread(s)]
Using libgcrypt version 1.8.6internal
Reading packets from pcap file ./tests/cfgs/default/pcap/s7comm.pcap...
Running thread 0...

nDPI Memory statistics:
	nDPI Memory (once):      42.82 KB     
	Flow Memory (per flow):  1.15 KB      
	Actual Memory:           11.05 MB     
	Peak Memory:             11.05 MB     
	Setup Time:              21 msec
	Packet Processing Time:  0 msec

Traffic statistics:
	Ethernet bytes:        6580          (includes ethernet CRC/IFC/trailer)
	Discarded bytes:       0            
	IP packets:            55            of 55 packets total
	IP bytes:              5260          (avg pkt size 95 bytes)
	Unique flows:          1            
	TCP Packets:           55           
	UDP Packets:           0            
	VLAN Packets:          0            
	MPLS Packets:          0            
	PPPoE Packets:         0            
	Fragmented Packets:    0            
	Max Packet size:       267          
	Packet Len < 64:       42           
	Packet Len 64-128:     10           
	Packet Len 128-256:    1            
	Packet Len 256-1024:   2            
	Packet Len 1024-1500:  0            
	Packet Len > 1500:     0            
	nDPI throughput:       127.31 K pps / 116.21 Mb/sec
	Analysis begin:        20/Aug/2014 15:30:03
	Analysis end:          20/Aug/2014 15:30:04
	Traffic throughput:    405.01 pps / 378.55 Kb/sec
	Traffic duration:      0.136 sec
	DPI Packets (TCP):     3             (3.00 pkts/flow)
	Confidence: DPI        1             (flows)


Detected protocols:
	S7Comm               packets: 55            bytes: 5260          flows: 1            


Protocol statistics:
	Acceptable           packets: 55            bytes: 5260          flows: 1            
