
-----------------------------------------------------------
* NOTE: This is demo app to show *some* nDPI features.
* In this demo we have implemented only some basic features
* just to show you what you can do with the library. Feel 
* free to extend it and send us the patches for inclusion
------------------------------------------------------------

Using nDPI (4.13.0-5225-2e7b75a) [1 thread(s)]
Using libgcrypt version 1.8.6internal
Reading packets from pcap file ./tests/cfgs/default/pcap/telegram.pcap...
Running thread 0...

nDPI Memory statistics:
	nDPI Memory (once):      42.82 KB     
	Flow Memory (per flow):  1.15 KB      
	Actual Memory:           11.64 MB     
	Peak Memory:             11.64 MB     
	Setup Time:              19 msec
	Packet Processing Time:  1 msec

Traffic statistics:
	Ethernet bytes:        374409        (includes ethernet CRC/IFC/trailer)
	Discarded bytes:       0            
	IP packets:            1566          of 1566 packets total
	IP bytes:              336825        (avg pkt size 215 bytes)
	Unique flows:          48           
	TCP Packets:           0            
	UDP Packets:           1566         
	VLAN Packets:          0            
	MPLS Packets:          0            
	PPPoE Packets:         0            
	Fragmented Packets:    0            
	Max Packet size:       1358         
	Packet Len < 64:       111          
	Packet Len 64-128:     294          
	Packet Len 128-256:    1035         
	Packet Len 256-1024:   122          
	Packet Len 1024-1500:  4            
	Packet Len > 1500:     0            
	nDPI throughput:       823.78 K pps / 1.47 Gb/sec
	Analysis begin:        06/May/2020 21:09:56
	Analysis end:          06/May/2020 21:10:55
	Traffic throughput:    26.61 pps / 49.71 Kb/sec
	Traffic duration:      58.847 sec
	DPI Packets (UDP):     148           (3.08 pkts/flow)
	Confidence: Unknown    3             (flows)
	Confidence: DPI        45            (flows)


Detected protocols:
	Unknown              packets: 306           bytes: 72708         flows: 3            
	DNS                  packets: 19            bytes: 1886          flows: 9            
	MDNS                 packets: 282           bytes: 60976         flows: 9            
	NetBIOS              packets: 3             bytes: 276           flows: 1            
	SSDP                 packets: 15            bytes: 2709          flows: 5            
	SMBv1                packets: 1             bytes: 243           flows: 1            
	DHCP                 packets: 13            bytes: 4249          flows: 2            
	Dropbox              packets: 4             bytes: 2024          flows: 2            
	Google               packets: 6             bytes: 5708          flows: 2            
	Spotify              packets: 9             bytes: 742           flows: 2            
	Telegram             packets: 908           bytes: 185304        flows: 12           


Protocol statistics:
	Acceptable           packets: 1250          bytes: 263132        flows: 42           
	Fun                  packets: 9             bytes: 742           flows: 2            
	Dangerous            packets: 1             bytes: 243           flows: 1            
	Unrated              packets: 306           bytes: 72708         flows: 3            

Risk stats [found 6 (12.5 %) flows with risks]:
	Susp Entropy                                 3 [37.5 %]
	Error Code                                   1 [12.5 %]
	Unidirectional Traffic                       2 [25.0 %]
	Minor Issues                                 2 [25.0 %]

	NOTE: as one flow can have multiple risks set, the sum of the
	      last column can exceed the number of flows with risks.


