
-----------------------------------------------------------
* NOTE: This is demo app to show *some* nDPI features.
* In this demo we have implemented only some basic features
* just to show you what you can do with the library. Feel 
* free to extend it and send us the patches for inclusion
------------------------------------------------------------

Using nDPI (4.13.0-5225-2e7b75a) [1 thread(s)]
Using libgcrypt version 1.8.6internal
Reading packets from pcap file ./tests/cfgs/default/pcap/mgcp.pcap...
Running thread 0...

nDPI Memory statistics:
	nDPI Memory (once):      42.82 KB     
	Flow Memory (per flow):  1.15 KB      
	Actual Memory:           11.07 MB     
	Peak Memory:             11.07 MB     
	Setup Time:              20 msec
	Packet Processing Time:  0 msec

Traffic statistics:
	Ethernet bytes:        3283          (includes ethernet CRC/IFC/trailer)
	Discarded bytes:       0            
	IP packets:            23            of 29 packets total
	IP bytes:              2731          (avg pkt size 94 bytes)
	Unique flows:          5            
	TCP Packets:           0            
	UDP Packets:           23           
	VLAN Packets:          0            
	MPLS Packets:          0            
	PPPoE Packets:         0            
	Fragmented Packets:    0            
	Max Packet size:       812          
	Packet Len < 64:       11           
	Packet Len 64-128:     11           
	Packet Len 128-256:    0            
	Packet Len 256-1024:   1            
	Packet Len 1024-1500:  0            
	Packet Len > 1500:     0            
	nDPI throughput:       55.56 K pps / 60.50 Mb/sec
	Analysis begin:        20/Dec/2001 17:49:16
	Analysis end:          13/Jun/2023 22:23:50
	Traffic throughput:    0.00 pps / 0 b/sec
	Traffic duration:      677824512.000 sec
	DPI Packets (UDP):     5             (1.00 pkts/flow)
	Confidence: DPI        5             (flows)


Detected protocols:
	MGCP                 packets: 23            bytes: 2731          flows: 5            


Protocol statistics:
	Acceptable           packets: 23            bytes: 2731          flows: 5            

Risk stats [found 3 (60.0 %) flows with risks]:
	Unidirectional Traffic                       3 [100.0 %]

	NOTE: as one flow can have multiple risks set, the sum of the
	      last column can exceed the number of flows with risks.


