
-----------------------------------------------------------
* NOTE: This is demo app to show *some* nDPI features.
* In this demo we have implemented only some basic features
* just to show you what you can do with the library. Feel 
* free to extend it and send us the patches for inclusion
------------------------------------------------------------

Using nDPI (4.13.0-5225-2e7b75a) [1 thread(s)]
Using libgcrypt version 1.8.6internal
Reading packets from pcap file ./tests/cfgs/default/pcap/tls_verylong_certificate.pcap...
Running thread 0...

nDPI Memory statistics:
	nDPI Memory (once):      42.82 KB     
	Flow Memory (per flow):  1.15 KB      
	Actual Memory:           11.24 MB     
	Peak Memory:             11.24 MB     
	Setup Time:              18 msec
	Packet Processing Time:  0 msec

Traffic statistics:
	Ethernet bytes:        23381         (includes ethernet CRC/IFC/trailer)
	Discarded bytes:       0            
	IP packets:            48            of 48 packets total
	IP bytes:              22229         (avg pkt size 463 bytes)
	Unique flows:          1            
	TCP Packets:           48           
	UDP Packets:           0            
	VLAN Packets:          0            
	MPLS Packets:          0            
	PPPoE Packets:         0            
	Fragmented Packets:    0            
	Max Packet size:       1400         
	Packet Len < 64:       27           
	Packet Len 64-128:     4            
	Packet Len 128-256:    3            
	Packet Len 256-1024:   1            
	Packet Len 1024-1500:  13           
	Packet Len > 1500:     0            
	nDPI throughput:       94.12 K pps / 349.77 Mb/sec
	Analysis begin:        06/Jan/2020 01:38:28
	Analysis end:          06/Jan/2020 01:38:28
	Traffic throughput:    514.12 pps / 1.91 Mb/sec
	Traffic duration:      0.093 sec
	DPI Packets (TCP):     11            (11.00 pkts/flow)
	Confidence: DPI        1             (flows)


Detected protocols:
	Cybersec             packets: 48            bytes: 22229         flows: 1            


Protocol statistics:
	Safe                 packets: 48            bytes: 22229         flows: 1            
