
-----------------------------------------------------------
* NOTE: This is demo app to show *some* nDPI features.
* In this demo we have implemented only some basic features
* just to show you what you can do with the library. Feel 
* free to extend it and send us the patches for inclusion
------------------------------------------------------------

Using nDPI (4.13.0-5225-2e7b75a) [1 thread(s)]
Using libgcrypt version 1.8.6internal
Reading packets from pcap file ./tests/cfgs/default/pcap/quic_q39.pcap...
Running thread 0...

nDPI Memory statistics:
	nDPI Memory (once):      42.82 KB     
	Flow Memory (per flow):  1.15 KB      
	Actual Memory:           11.07 MB     
	Peak Memory:             11.07 MB     
	Setup Time:              23 msec
	Packet Processing Time:  0 msec

Traffic statistics:
	Ethernet bytes:        25625         (includes ethernet CRC/IFC/trailer)
	Discarded bytes:       0            
	IP packets:            60            of 60 packets total
	IP bytes:              24185         (avg pkt size 403 bytes)
	Unique flows:          1            
	TCP Packets:           0            
	UDP Packets:           60           
	VLAN Packets:          0            
	MPLS Packets:          0            
	PPPoE Packets:         0            
	Fragmented Packets:    0            
	Max Packet size:       1358         
	Packet Len < 64:       34           
	Packet Len 64-128:     7            
	Packet Len 128-256:    1            
	Packet Len 256-1024:   6            
	Packet Len 1024-1500:  12           
	Packet Len > 1500:     0            
	nDPI throughput:       130.43 K pps / 425.01 Mb/sec
	Analysis begin:        27/Oct/2017 15:39:55
	Analysis end:          27/Oct/2017 15:40:44
	Traffic throughput:    1.23 pps / 4.09 Kb/sec
	Traffic duration:      48.949 sec
	DPI Packets (UDP):     1             (1.00 pkts/flow)
	Confidence: DPI        1             (flows)


Detected protocols:
	YouTube              packets: 60            bytes: 24185         flows: 1            


Protocol statistics:
	Fun                  packets: 60            bytes: 24185         flows: 1            
