
-----------------------------------------------------------
* NOTE: This is demo app to show *some* nDPI features.
* In this demo we have implemented only some basic features
* just to show you what you can do with the library. Feel 
* free to extend it and send us the patches for inclusion
------------------------------------------------------------

Using nDPI (4.13.0-5225-2e7b75a) [1 thread(s)]
Using libgcrypt version 1.8.6internal
Reading packets from pcap file ./tests/cfgs/default/pcap/dns_dot.pcap...
Running thread 0...

nDPI Memory statistics:
	nDPI Memory (once):      42.82 KB     
	Flow Memory (per flow):  1.15 KB      
	Actual Memory:           11.06 MB     
	Peak Memory:             11.06 MB     
	Setup Time:              21 msec
	Packet Processing Time:  0 msec

Traffic statistics:
	Ethernet bytes:        6445          (includes ethernet CRC/IFC/trailer)
	Discarded bytes:       0            
	IP packets:            24            of 24 packets total
	IP bytes:              5869          (avg pkt size 244 bytes)
	Unique flows:          1            
	TCP Packets:           24           
	UDP Packets:           0            
	VLAN Packets:          0            
	MPLS Packets:          0            
	PPPoE Packets:         0            
	Fragmented Packets:    0            
	Max Packet size:       3101         
	Packet Len < 64:       14           
	Packet Len 64-128:     4            
	Packet Len 128-256:    4            
	Packet Len 256-1024:   1            
	Packet Len 1024-1500:  0            
	Packet Len > 1500:     1            
	nDPI throughput:       53.33 K pps / 109.27 Mb/sec
	Analysis begin:        03/Nov/2019 17:51:03
	Analysis end:          03/Nov/2019 17:51:06
	Traffic throughput:    7.97 pps / 16.72 Kb/sec
	Traffic duration:      3.012 sec
	DPI Packets (TCP):     6             (6.00 pkts/flow)
	Confidence: DPI        1             (flows)


Detected protocols:
	DoH_DoT              packets: 24            bytes: 5869          flows: 1            


Protocol statistics:
	Acceptable           packets: 24            bytes: 5869          flows: 1            

Risk stats [found 1 (100.0 %) flows with risks]:
	Known Proto on Non Std Port                  1 [33.3 %]
	TLS (probably) Not Carrying HTTPS            1 [33.3 %]
	Missing SNI TLS Extn                         1 [33.3 %]

	NOTE: as one flow can have multiple risks set, the sum of the
	      last column can exceed the number of flows with risks.


