
-----------------------------------------------------------
* NOTE: This is demo app to show *some* nDPI features.
* In this demo we have implemented only some basic features
* just to show you what you can do with the library. Feel 
* free to extend it and send us the patches for inclusion
------------------------------------------------------------

Using nDPI (4.13.0-5225-2e7b75a) [1 thread(s)]
Using libgcrypt version 1.8.6internal
Reading packets from pcap file ./tests/cfgs/default/pcap/whatsapp_voice_and_message.pcap...
Running thread 0...

nDPI Memory statistics:
	nDPI Memory (once):      42.82 KB     
	Flow Memory (per flow):  1.15 KB      
	Actual Memory:           11.15 MB     
	Peak Memory:             11.15 MB     
	Setup Time:              20 msec
	Packet Processing Time:  0 msec

Traffic statistics:
	Ethernet bytes:        34319         (includes ethernet CRC/IFC/trailer)
	Discarded bytes:       0            
	IP packets:            261           of 261 packets total
	IP bytes:              28055         (avg pkt size 107 bytes)
	Unique flows:          13           
	TCP Packets:           217          
	UDP Packets:           44           
	VLAN Packets:          0            
	MPLS Packets:          0            
	PPPoE Packets:         0            
	Fragmented Packets:    0            
	Max Packet size:       988          
	Packet Len < 64:       186          
	Packet Len 64-128:     21           
	Packet Len 128-256:    43           
	Packet Len 256-1024:   11           
	Packet Len 1024-1500:  0            
	Packet Len > 1500:     0            
	nDPI throughput:       516.83 K pps / 518.48 Mb/sec
	Analysis begin:        28/May/2015 19:12:38
	Analysis end:          28/May/2015 19:14:55
	Traffic throughput:    1.92 pps / 1.97 Kb/sec
	Traffic duration:      136.216 sec
	DPI Packets (TCP):     20            (4.00 pkts/flow)
	DPI Packets (UDP):     42            (5.25 pkts/flow)
	Confidence: DPI        13            (flows)


Detected protocols:
	WhatsAppCall         packets: 44            bytes: 5916          flows: 8            
	WhatsApp             packets: 217           bytes: 22139         flows: 5            


Protocol statistics:
	Acceptable           packets: 261           bytes: 28055         flows: 13           
