
-----------------------------------------------------------
* NOTE: This is demo app to show *some* nDPI features.
* In this demo we have implemented only some basic features
* just to show you what you can do with the library. Feel 
* free to extend it and send us the patches for inclusion
------------------------------------------------------------

Using nDPI (4.13.0-5225-2e7b75a) [1 thread(s)]
Using libgcrypt version 1.8.6internal
Reading packets from pcap file ./tests/cfgs/default/pcap/custom_rules_same-ip_multiple_ports.pcapng...
Running thread 0...

nDPI Memory statistics:
	nDPI Memory (once):      42.82 KB     
	Flow Memory (per flow):  1.15 KB      
	Actual Memory:           11.06 MB     
	Peak Memory:             11.06 MB     
	Setup Time:              17 msec
	Packet Processing Time:  0 msec

Traffic statistics:
	Ethernet bytes:        784           (includes ethernet CRC/IFC/trailer)
	Discarded bytes:       0            
	IP packets:            8             of 8 packets total
	IP bytes:              592           (avg pkt size 74 bytes)
	Unique flows:          3            
	TCP Packets:           8            
	UDP Packets:           0            
	VLAN Packets:          0            
	MPLS Packets:          0            
	PPPoE Packets:         0            
	Fragmented Packets:    0            
	Max Packet size:       40           
	Packet Len < 64:       8            
	Packet Len 64-128:     0            
	Packet Len 128-256:    0            
	Packet Len 256-1024:   0            
	Packet Len 1024-1500:  0            
	Packet Len > 1500:     0            
	nDPI throughput:       24.02 K pps / 17.96 Mb/sec
	Analysis begin:        30/Mar/2023 01:15:32
	Analysis end:          26/Jul/2023 17:06:18
	Traffic throughput:    0.00 pps / 0 b/sec
	Traffic duration:      10252246.000 sec
	Guessed flow protos:   1            
	DPI Packets (TCP):     8             (2.67 pkts/flow)
	Confidence: Unknown    2             (flows)
	Confidence: Match by port 1             (flows)


Detected protocols:
	Unknown              packets: 5             bytes: 370           flows: 2            
	TLS                  packets: 3             bytes: 222           flows: 1            


Protocol statistics:
	Safe                 packets: 3             bytes: 222           flows: 1            
	Unrated              packets: 5             bytes: 370           flows: 2            

Risk stats [found 3 (100.0 %) flows with risks]:
	Unidirectional Traffic                       3 [100.0 %]

	NOTE: as one flow can have multiple risks set, the sum of the
	      last column can exceed the number of flows with risks.


