
-----------------------------------------------------------
* NOTE: This is demo app to show *some* nDPI features.
* In this demo we have implemented only some basic features
* just to show you what you can do with the library. Feel 
* free to extend it and send us the patches for inclusion
------------------------------------------------------------

Using nDPI (4.13.0-5225-2e7b75a) [1 thread(s)]
Using libgcrypt version 1.8.6internal
Reading packets from pcap file ./tests/cfgs/default/pcap/rmcp.pcap...
Running thread 0...

nDPI Memory statistics:
	nDPI Memory (once):      42.82 KB     
	Flow Memory (per flow):  1.15 KB      
	Actual Memory:           11.08 MB     
	Peak Memory:             11.08 MB     
	Setup Time:              19 msec
	Packet Processing Time:  0 msec

Traffic statistics:
	Ethernet bytes:        524           (includes ethernet CRC/IFC/trailer)
	Discarded bytes:       0            
	IP packets:            6             of 6 packets total
	IP bytes:              380           (avg pkt size 63 bytes)
	Unique flows:          6            
	TCP Packets:           0            
	UDP Packets:           6            
	VLAN Packets:          0            
	MPLS Packets:          0            
	PPPoE Packets:         0            
	Fragmented Packets:    0            
	Max Packet size:       31           
	Packet Len < 64:       6            
	Packet Len 64-128:     0            
	Packet Len 128-256:    0            
	Packet Len 256-1024:   0            
	Packet Len 1024-1500:  0            
	Packet Len > 1500:     0            
	nDPI throughput:       18.13 K pps / 12.08 Mb/sec
	Analysis begin:        04/Jun/2023 19:18:17
	Analysis end:          05/Jun/2023 07:11:56
	Traffic throughput:    0.00 pps / 0 b/sec
	Traffic duration:      42818.984 sec
	DPI Packets (UDP):     6             (1.00 pkts/flow)
	Confidence: DPI        6             (flows)


Detected protocols:
	RMCP                 packets: 6             bytes: 380           flows: 6            


Protocol statistics:
	Safe                 packets: 6             bytes: 380           flows: 6            

Risk stats [found 6 (100.0 %) flows with risks]:
	Unidirectional Traffic                       6 [100.0 %]

	NOTE: as one flow can have multiple risks set, the sum of the
	      last column can exceed the number of flows with risks.


