
-----------------------------------------------------------
* NOTE: This is demo app to show *some* nDPI features.
* In this demo we have implemented only some basic features
* just to show you what you can do with the library. Feel 
* free to extend it and send us the patches for inclusion
------------------------------------------------------------

Using nDPI (4.13.0-5225-2e7b75a) [1 thread(s)]
Using libgcrypt version 1.8.6internal
Reading packets from pcap file ./tests/cfgs/default/pcap/iec60780-5-104.pcap...
Running thread 0...

nDPI Memory statistics:
	nDPI Memory (once):      42.82 KB     
	Flow Memory (per flow):  1.15 KB      
	Actual Memory:           11.08 MB     
	Peak Memory:             11.08 MB     
	Setup Time:              18 msec
	Packet Processing Time:  0 msec

Traffic statistics:
	Ethernet bytes:        12561         (includes ethernet CRC/IFC/trailer)
	Discarded bytes:       0            
	IP packets:            147           of 147 packets total
	IP bytes:              9033          (avg pkt size 61 bytes)
	Unique flows:          6            
	TCP Packets:           147          
	UDP Packets:           0            
	VLAN Packets:          0            
	MPLS Packets:          0            
	PPPoE Packets:         0            
	Fragmented Packets:    0            
	Max Packet size:       84           
	Packet Len < 64:       146          
	Packet Len 64-128:     1            
	Packet Len 128-256:    0            
	Packet Len 256-1024:   0            
	Packet Len 1024-1500:  0            
	Packet Len > 1500:     0            
	nDPI throughput:       371.21 K pps / 242.00 Mb/sec
	Analysis begin:        29/Aug/2008 12:13:51
	Analysis end:          29/Aug/2008 12:27:35
	Traffic throughput:    0.18 pps / 121 b/sec
	Traffic duration:      823.852 sec
	DPI Packets (TCP):     24            (4.00 pkts/flow)
	Confidence: DPI        6             (flows)


Detected protocols:
	IEC60870             packets: 147           bytes: 9033          flows: 6            


Protocol statistics:
	Acceptable           packets: 147           bytes: 9033          flows: 6            
