
-----------------------------------------------------------
* NOTE: This is demo app to show *some* nDPI features.
* In this demo we have implemented only some basic features
* just to show you what you can do with the library. Feel 
* free to extend it and send us the patches for inclusion
------------------------------------------------------------

Using nDPI (4.13.0-5225-2e7b75a) [1 thread(s)]
Using libgcrypt version 1.8.6internal
Reading packets from pcap file ./tests/cfgs/default/pcap/reasm_crash_anon.pcapng...
Running thread 0...

nDPI Memory statistics:
	nDPI Memory (once):      42.82 KB     
	Flow Memory (per flow):  1.15 KB      
	Actual Memory:           11.07 MB     
	Peak Memory:             11.07 MB     
	Setup Time:              18 msec
	Packet Processing Time:  0 msec

Traffic statistics:
	Ethernet bytes:        24867         (includes ethernet CRC/IFC/trailer)
	Discarded bytes:       693          
	IP packets:            200           of 209 packets total
	IP bytes:              20067         (avg pkt size 96 bytes)
	Unique flows:          1            
	TCP Packets:           200          
	UDP Packets:           0            
	VLAN Packets:          0            
	MPLS Packets:          0            
	PPPoE Packets:         0            
	Fragmented Packets:    0            
	Max Packet size:       757          
	Packet Len < 64:       182          
	Packet Len 64-128:     11           
	Packet Len 128-256:    0            
	Packet Len 256-1024:   7            
	Packet Len 1024-1500:  0            
	Packet Len > 1500:     0            
	nDPI throughput:       557.10 K pps / 528.47 Mb/sec
	Analysis begin:        16/Sep/2014 16:38:25
	Analysis end:          16/Sep/2014 17:03:00
	Traffic throughput:    0.14 pps / 134 b/sec
	Traffic duration:      1475.067 sec
	DPI Packets (TCP):     23            (23.00 pkts/flow)
	Confidence: Unknown    1             (flows)


Detected protocols:
	Unknown              packets: 200           bytes: 20067         flows: 1            


Protocol statistics:
	Unrated              packets: 200           bytes: 20067         flows: 1            

Risk stats [found 1 (100.0 %) flows with risks]:
	Susp Entropy                                 1 [100.0 %]

	NOTE: as one flow can have multiple risks set, the sum of the
	      last column can exceed the number of flows with risks.


