
-----------------------------------------------------------
* NOTE: This is demo app to show *some* nDPI features.
* In this demo we have implemented only some basic features
* just to show you what you can do with the library. Feel 
* free to extend it and send us the patches for inclusion
------------------------------------------------------------

Using nDPI (4.13.0-5225-2e7b75a) [1 thread(s)]
Using libgcrypt version 1.8.6internal
Reading packets from pcap file ./tests/cfgs/default/pcap/quic_cc_ack.pcapng...
Running thread 0...

nDPI Memory statistics:
	nDPI Memory (once):      42.82 KB     
	Flow Memory (per flow):  1.15 KB      
	Actual Memory:           11.08 MB     
	Peak Memory:             11.08 MB     
	Setup Time:              17 msec
	Packet Processing Time:  0 msec

Traffic statistics:
	Ethernet bytes:        2832          (includes ethernet CRC/IFC/trailer)
	Discarded bytes:       0            
	IP packets:            2             of 2 packets total
	IP bytes:              2784          (avg pkt size 1392 bytes)
	Unique flows:          2            
	TCP Packets:           0            
	UDP Packets:           2            
	VLAN Packets:          0            
	MPLS Packets:          0            
	PPPoE Packets:         0            
	Fragmented Packets:    0            
	Max Packet size:       1358         
	Packet Len < 64:       0            
	Packet Len 64-128:     0            
	Packet Len 128-256:    0            
	Packet Len 256-1024:   0            
	Packet Len 1024-1500:  2            
	Packet Len > 1500:     0            
	nDPI throughput:       4.05 K pps / 43.74 Mb/sec
	Analysis begin:        12/Jun/2021 21:30:45
	Analysis end:          12/Jun/2021 21:32:09
	Traffic throughput:    0.02 pps / 269 b/sec
	Traffic duration:      84.222 sec
	DPI Packets (UDP):     2             (1.00 pkts/flow)
	Confidence: DPI        2             (flows)


Detected protocols:
	QUIC                 packets: 2             bytes: 2784          flows: 2            


Protocol statistics:
	Acceptable           packets: 2             bytes: 2784          flows: 2            

Risk stats [found 2 (100.0 %) flows with risks]:
	Unidirectional Traffic                       2 [100.0 %]

	NOTE: as one flow can have multiple risks set, the sum of the
	      last column can exceed the number of flows with risks.


