
-----------------------------------------------------------
* NOTE: This is demo app to show *some* nDPI features.
* In this demo we have implemented only some basic features
* just to show you what you can do with the library. Feel 
* free to extend it and send us the patches for inclusion
------------------------------------------------------------

Using nDPI (4.13.0-5225-2e7b75a) [1 thread(s)]
Using libgcrypt version 1.8.6internal
Reading packets from pcap file ./tests/cfgs/default/pcap/4in6tunnel.pcap...
Running thread 0...

nDPI Memory statistics:
	nDPI Memory (once):      42.82 KB     
	Flow Memory (per flow):  1.15 KB      
	Actual Memory:           11.05 MB     
	Peak Memory:             11.05 MB     
	Setup Time:              17 msec
	Packet Processing Time:  0 msec

Traffic statistics:
	Ethernet bytes:        2284          (includes ethernet CRC/IFC/trailer)
	Discarded bytes:       0            
	IP packets:            4             of 4 packets total
	IP bytes:              2188          (avg pkt size 547 bytes)
	Unique flows:          1            
	TCP Packets:           4            
	UDP Packets:           0            
	VLAN Packets:          0            
	MPLS Packets:          0            
	PPPoE Packets:         0            
	Fragmented Packets:    0            
	Max Packet size:       1392         
	Packet Len < 64:       2            
	Packet Len 64-128:     0            
	Packet Len 128-256:    1            
	Packet Len 256-1024:   0            
	Packet Len 1024-1500:  1            
	Packet Len > 1500:     0            
	nDPI throughput:       9.71 K pps / 42.29 Mb/sec
	Analysis begin:        26/Nov/2018 18:00:34
	Analysis end:          26/Nov/2018 18:00:34
	Traffic throughput:    800.00 K pps / 3.40 Gb/sec
	Traffic duration:      0.000 sec
	DPI Packets (TCP):     4             (4.00 pkts/flow)
	Confidence: DPI        1             (flows)


Detected protocols:
	Microsoft365         packets: 4             bytes: 2188          flows: 1            


Protocol statistics:
	Acceptable           packets: 4             bytes: 2188          flows: 1            
