
-----------------------------------------------------------
* NOTE: This is demo app to show *some* nDPI features.
* In this demo we have implemented only some basic features
* just to show you what you can do with the library. Feel 
* free to extend it and send us the patches for inclusion
------------------------------------------------------------

Using nDPI (4.13.0-5225-2e7b75a) [1 thread(s)]
Using libgcrypt version 1.8.6internal
Reading packets from pcap file ./tests/cfgs/default/pcap/wa_voice.pcap...
Running thread 0...

nDPI Memory statistics:
	nDPI Memory (once):      42.82 KB     
	Flow Memory (per flow):  1.15 KB      
	Actual Memory:           11.38 MB     
	Peak Memory:             11.38 MB     
	Setup Time:              21 msec
	Packet Processing Time:  1 msec

Traffic statistics:
	Ethernet bytes:        187832        (includes ethernet CRC/IFC/trailer)
	Discarded bytes:       0            
	IP packets:            734           of 736 packets total
	IP bytes:              170216        (avg pkt size 231 bytes)
	Unique flows:          28           
	TCP Packets:           432          
	UDP Packets:           298          
	VLAN Packets:          0            
	MPLS Packets:          0            
	PPPoE Packets:         0            
	Fragmented Packets:    0            
	Max Packet size:       1472         
	Packet Len < 64:       315          
	Packet Len 64-128:     136          
	Packet Len 128-256:    177          
	Packet Len 256-1024:   53           
	Packet Len 1024-1500:  53           
	Packet Len > 1500:     0            
	nDPI throughput:       608.62 K pps / 1.16 Gb/sec
	Analysis begin:        25/Jun/2019 15:11:27
	Analysis end:          25/Jun/2019 15:12:23
	Traffic throughput:    13.23 pps / 26.44 Kb/sec
	Traffic duration:      55.492 sec
	DPI Packets (TCP):     20            (3.33 pkts/flow)
	DPI Packets (UDP):     75            (3.57 pkts/flow)
	DPI Packets (other):   1             (1.00 pkts/flow)
	Confidence: Unknown    1             (flows)
	Confidence: DPI (cache) 1             (flows)
	Confidence: DPI        26            (flows)


Detected protocols:
	Unknown              packets: 2             bytes: 120           flows: 1            
	DNS                  packets: 8             bytes: 738           flows: 4            
	MDNS                 packets: 10            bytes: 1188          flows: 2            
	SSDP                 packets: 8             bytes: 1365          flows: 5            
	DHCP                 packets: 5             bytes: 1710          flows: 1            
	WhatsAppCall         packets: 261           bytes: 43719         flows: 7            
	ICMP                 packets: 4             bytes: 280           flows: 1            
	TLS                  packets: 8             bytes: 542           flows: 1            
	Dropbox              packets: 4             bytes: 1528          flows: 1            
	WhatsApp             packets: 348           bytes: 86095         flows: 2            
	Spotify              packets: 2             bytes: 172           flows: 1            
	ApplePush            packets: 24            bytes: 8007          flows: 1            
	WhatsAppFiles        packets: 50            bytes: 24752         flows: 1            


Protocol statistics:
	Safe                 packets: 8             bytes: 542           flows: 1            
	Acceptable           packets: 722           bytes: 169382        flows: 25           
	Fun                  packets: 2             bytes: 172           flows: 1            
	Unrated              packets: 2             bytes: 120           flows: 1            

Risk stats [found 3 (10.7 %) flows with risks]:
	Known Proto on Non Std Port                  2 [50.0 %]
	Unidirectional Traffic                       2 [50.0 %]

	NOTE: as one flow can have multiple risks set, the sum of the
	      last column can exceed the number of flows with risks.


