
-----------------------------------------------------------
* NOTE: This is demo app to show *some* nDPI features.
* In this demo we have implemented only some basic features
* just to show you what you can do with the library. Feel 
* free to extend it and send us the patches for inclusion
------------------------------------------------------------

Using nDPI (4.13.0-5225-2e7b75a) [1 thread(s)]
Using libgcrypt version 1.8.6internal
Reading packets from pcap file ./tests/cfgs/default/pcap/tls_2_reasms_b.pcapng...
Running thread 0...

nDPI Memory statistics:
	nDPI Memory (once):      42.82 KB     
	Flow Memory (per flow):  1.15 KB      
	Actual Memory:           11.06 MB     
	Peak Memory:             11.06 MB     
	Setup Time:              21 msec
	Packet Processing Time:  0 msec

Traffic statistics:
	Ethernet bytes:        13815         (includes ethernet CRC/IFC/trailer)
	Discarded bytes:       0            
	IP packets:            15            of 15 packets total
	IP bytes:              13455         (avg pkt size 897 bytes)
	Unique flows:          1            
	TCP Packets:           15           
	UDP Packets:           0            
	VLAN Packets:          0            
	MPLS Packets:          0            
	PPPoE Packets:         0            
	Fragmented Packets:    0            
	Max Packet size:       1380         
	Packet Len < 64:       3            
	Packet Len 64-128:     0            
	Packet Len 128-256:    1            
	Packet Len 256-1024:   3            
	Packet Len 1024-1500:  8            
	Packet Len > 1500:     0            
	nDPI throughput:       47.92 K pps / 336.74 Mb/sec
	Analysis begin:        09/Dec/2021 17:59:22
	Analysis end:          09/Dec/2021 17:59:23
	Traffic throughput:    14.21 pps / 102.28 Kb/sec
	Traffic duration:      1.055 sec
	DPI Packets (TCP):     5             (5.00 pkts/flow)
	Confidence: DPI        1             (flows)


Detected protocols:
	FbookReelStory       packets: 15            bytes: 13455         flows: 1            


Protocol statistics:
	Fun                  packets: 15            bytes: 13455         flows: 1            
