
-----------------------------------------------------------
* NOTE: This is demo app to show *some* nDPI features.
* In this demo we have implemented only some basic features
* just to show you what you can do with the library. Feel 
* free to extend it and send us the patches for inclusion
------------------------------------------------------------

Using nDPI (4.13.0-5225-2e7b75a) [1 thread(s)]
Using libgcrypt version 1.8.6internal
Reading packets from pcap file ./tests/cfgs/default/pcap/ubntac2.pcap...
Running thread 0...

nDPI Memory statistics:
	nDPI Memory (once):      42.82 KB     
	Flow Memory (per flow):  1.15 KB      
	Actual Memory:           11.10 MB     
	Peak Memory:             11.10 MB     
	Setup Time:              20 msec
	Packet Processing Time:  0 msec

Traffic statistics:
	Ethernet bytes:        4495          (includes ethernet CRC/IFC/trailer)
	Discarded bytes:       0            
	IP packets:            19            of 19 packets total
	IP bytes:              4039          (avg pkt size 212 bytes)
	Unique flows:          10           
	TCP Packets:           10           
	UDP Packets:           9            
	VLAN Packets:          0            
	MPLS Packets:          0            
	PPPoE Packets:         0            
	Fragmented Packets:    0            
	Max Packet size:       1243         
	Packet Len < 64:       8            
	Packet Len 64-128:     0            
	Packet Len 128-256:    9            
	Packet Len 256-1024:   1            
	Packet Len 1024-1500:  1            
	Packet Len > 1500:     0            
	nDPI throughput:       41.30 K pps / 74.55 Mb/sec
	Analysis begin:        01/Jan/1970 05:34:30
	Analysis end:          13/Feb/2017 05:21:44
	Traffic throughput:    0.00 pps / 0 b/sec
	Traffic duration:      1486943232.000 sec
	DPI Packets (TCP):     5             (5.00 pkts/flow)
	DPI Packets (UDP):     9             (1.00 pkts/flow)
	Confidence: DPI        10            (flows)


Detected protocols:
	UBNTAC2              packets: 19            bytes: 4039          flows: 10           


Protocol statistics:
	Safe                 packets: 19            bytes: 4039          flows: 10           

Risk stats [found 1 (10.0 %) flows with risks]:
	Known Proto on Non Std Port                  1 [50.0 %]
	HTTP/TLS/QUIC Numeric Hostname/SNI           1 [50.0 %]

	NOTE: as one flow can have multiple risks set, the sum of the
	      last column can exceed the number of flows with risks.


