
-----------------------------------------------------------
* NOTE: This is demo app to show *some* nDPI features.
* In this demo we have implemented only some basic features
* just to show you what you can do with the library. Feel 
* free to extend it and send us the patches for inclusion
------------------------------------------------------------

Using nDPI (4.13.0-5225-2e7b75a) [1 thread(s)]
Using libgcrypt version 1.8.6internal
Reading packets from pcap file ./tests/cfgs/default/pcap/dnp3.pcap...
Running thread 0...

nDPI Memory statistics:
	nDPI Memory (once):      42.82 KB     
	Flow Memory (per flow):  1.15 KB      
	Actual Memory:           11.12 MB     
	Peak Memory:             11.12 MB     
	Setup Time:              20 msec
	Packet Processing Time:  0 msec

Traffic statistics:
	Ethernet bytes:        51786         (includes ethernet CRC/IFC/trailer)
	Discarded bytes:       0            
	IP packets:            543           of 543 packets total
	IP bytes:              38754         (avg pkt size 71 bytes)
	Unique flows:          8            
	TCP Packets:           543          
	UDP Packets:           0            
	VLAN Packets:          0            
	MPLS Packets:          0            
	PPPoE Packets:         0            
	Fragmented Packets:    0            
	Max Packet size:       113          
	Packet Len < 64:       507          
	Packet Len 64-128:     36           
	Packet Len 128-256:    0            
	Packet Len 256-1024:   0            
	Packet Len 1024-1500:  0            
	Packet Len > 1500:     0            
	nDPI throughput:       926.62 K pps / 674.22 Mb/sec
	Analysis begin:        11/Oct/2004 19:08:58
	Analysis end:          11/Oct/2004 22:16:25
	Traffic throughput:    0.05 pps / 36 b/sec
	Traffic duration:      11246.604 sec
	DPI Packets (TCP):     80            (10.00 pkts/flow)
	Confidence: DPI        8             (flows)


Detected protocols:
	DNP3                 packets: 543           bytes: 38754         flows: 8            


Protocol statistics:
	Acceptable           packets: 543           bytes: 38754         flows: 8            
