
-----------------------------------------------------------
* NOTE: This is demo app to show *some* nDPI features.
* In this demo we have implemented only some basic features
* just to show you what you can do with the library. Feel 
* free to extend it and send us the patches for inclusion
------------------------------------------------------------

Using nDPI (4.13.0-5225-2e7b75a) [1 thread(s)]
Using libgcrypt version 1.8.6internal
Reading packets from pcap file ./tests/cfgs/default/pcap/riotgames.pcap...
Running thread 0...

nDPI Memory statistics:
	nDPI Memory (once):      42.82 KB     
	Flow Memory (per flow):  1.15 KB      
	Actual Memory:           11.10 MB     
	Peak Memory:             11.10 MB     
	Setup Time:              21 msec
	Packet Processing Time:  0 msec

Traffic statistics:
	Ethernet bytes:        5009          (includes ethernet CRC/IFC/trailer)
	Discarded bytes:       0            
	IP packets:            44            of 44 packets total
	IP bytes:              3953          (avg pkt size 89 bytes)
	Unique flows:          9            
	TCP Packets:           0            
	UDP Packets:           44           
	VLAN Packets:          0            
	MPLS Packets:          0            
	PPPoE Packets:         0            
	Fragmented Packets:    0            
	Max Packet size:       225          
	Packet Len < 64:       41           
	Packet Len 64-128:     0            
	Packet Len 128-256:    3            
	Packet Len 256-1024:   0            
	Packet Len 1024-1500:  0            
	Packet Len > 1500:     0            
	nDPI throughput:       94.83 K pps / 82.36 Mb/sec
	Analysis begin:        10/Feb/2022 04:06:18
	Analysis end:          06/Jul/2022 01:45:27
	Traffic throughput:    0.00 pps / 0 b/sec
	Traffic duration:      12605949.000 sec
	DPI Packets (UDP):     9             (1.00 pkts/flow)
	Confidence: DPI        9             (flows)


Detected protocols:
	Discord              packets: 4             bytes: 220           flows: 2            
	RiotGames            packets: 40            bytes: 3733          flows: 7            


Protocol statistics:
	Fun                  packets: 44            bytes: 3953          flows: 9            
