
-----------------------------------------------------------
* NOTE: This is demo app to show *some* nDPI features.
* In this demo we have implemented only some basic features
* just to show you what you can do with the library. Feel 
* free to extend it and send us the patches for inclusion
------------------------------------------------------------

Using nDPI (4.13.0-5225-2e7b75a) [1 thread(s)]
Using libgcrypt version 1.8.6internal
Reading packets from pcap file ./tests/cfgs/default/pcap/facebook.pcap...
Running thread 0...

nDPI Memory statistics:
	nDPI Memory (once):      42.82 KB     
	Flow Memory (per flow):  1.15 KB      
	Actual Memory:           11.10 MB     
	Peak Memory:             11.10 MB     
	Setup Time:              18 msec
	Packet Processing Time:  0 msec

Traffic statistics:
	Ethernet bytes:        31951         (includes ethernet CRC/IFC/trailer)
	Discarded bytes:       0            
	IP packets:            60            of 60 packets total
	IP bytes:              30511         (avg pkt size 508 bytes)
	Unique flows:          2            
	TCP Packets:           60           
	UDP Packets:           0            
	VLAN Packets:          0            
	MPLS Packets:          0            
	PPPoE Packets:         0            
	Fragmented Packets:    0            
	Max Packet size:       1420         
	Packet Len < 64:       21           
	Packet Len 64-128:     10           
	Packet Len 128-256:    6            
	Packet Len 256-1024:   7            
	Packet Len 1024-1500:  16           
	Packet Len > 1500:     0            
	nDPI throughput:       97.72 K pps / 397.01 Mb/sec
	Analysis begin:        28/Aug/2016 19:35:22
	Analysis end:          28/Aug/2016 19:35:24
	Traffic throughput:    32.19 pps / 133.94 Kb/sec
	Traffic duration:      1.864 sec
	DPI Packets (TCP):     16            (8.00 pkts/flow)
	Confidence: DPI        2             (flows)


Detected protocols:
	Facebook             packets: 60            bytes: 30511         flows: 2            


Protocol statistics:
	Fun                  packets: 60            bytes: 30511         flows: 2            
