
-----------------------------------------------------------
* NOTE: This is demo app to show *some* nDPI features.
* In this demo we have implemented only some basic features
* just to show you what you can do with the library. Feel 
* free to extend it and send us the patches for inclusion
------------------------------------------------------------

Using nDPI (4.13.0-5225-2e7b75a) [1 thread(s)]
Using libgcrypt version 1.8.6internal
Reading packets from pcap file ./tests/cfgs/default/pcap/hl7.pcap...
Running thread 0...

nDPI Memory statistics:
	nDPI Memory (once):      42.82 KB     
	Flow Memory (per flow):  1.15 KB      
	Actual Memory:           11.07 MB     
	Peak Memory:             11.07 MB     
	Setup Time:              19 msec
	Packet Processing Time:  0 msec

Traffic statistics:
	Ethernet bytes:        8447          (includes ethernet CRC/IFC/trailer)
	Discarded bytes:       0            
	IP packets:            47            of 47 packets total
	IP bytes:              7319          (avg pkt size 155 bytes)
	Unique flows:          3            
	TCP Packets:           47           
	UDP Packets:           0            
	VLAN Packets:          0            
	MPLS Packets:          0            
	PPPoE Packets:         0            
	Fragmented Packets:    0            
	Max Packet size:       1480         
	Packet Len < 64:       36           
	Packet Len 64-128:     0            
	Packet Len 128-256:    5            
	Packet Len 256-1024:   5            
	Packet Len 1024-1500:  1            
	Packet Len > 1500:     0            
	nDPI throughput:       121.45 K pps / 166.53 Mb/sec
	Analysis begin:        30/Jan/2018 06:53:42
	Analysis end:          30/Jan/2018 06:59:11
	Traffic throughput:    0.14 pps / 205 b/sec
	Traffic duration:      329.212 sec
	DPI Packets (TCP):     18            (6.00 pkts/flow)
	Confidence: DPI        3             (flows)


Detected protocols:
	HL7                  packets: 47            bytes: 7319          flows: 3            


Protocol statistics:
	Acceptable           packets: 47            bytes: 7319          flows: 3            

Risk stats [found 3 (100.0 %) flows with risks]:
	Known Proto on Non Std Port                  3 [100.0 %]

	NOTE: as one flow can have multiple risks set, the sum of the
	      last column can exceed the number of flows with risks.


