
-----------------------------------------------------------
* NOTE: This is demo app to show *some* nDPI features.
* In this demo we have implemented only some basic features
* just to show you what you can do with the library. Feel 
* free to extend it and send us the patches for inclusion
------------------------------------------------------------

Using nDPI (4.13.0-5225-2e7b75a) [1 thread(s)]
Using libgcrypt version 1.8.6internal
Reading packets from pcap file ./tests/cfgs/default/pcap/mpeg-dash.pcap...
Running thread 0...

nDPI Memory statistics:
	nDPI Memory (once):      42.82 KB     
	Flow Memory (per flow):  1.15 KB      
	Actual Memory:           11.07 MB     
	Peak Memory:             11.07 MB     
	Setup Time:              19 msec
	Packet Processing Time:  0 msec

Traffic statistics:
	Ethernet bytes:        4981          (includes ethernet CRC/IFC/trailer)
	Discarded bytes:       0            
	IP packets:            13            of 13 packets total
	IP bytes:              4669          (avg pkt size 359 bytes)
	Unique flows:          4            
	TCP Packets:           13           
	UDP Packets:           0            
	VLAN Packets:          0            
	MPLS Packets:          0            
	PPPoE Packets:         0            
	Fragmented Packets:    0            
	Max Packet size:       1472         
	Packet Len < 64:       6            
	Packet Len 64-128:     1            
	Packet Len 128-256:    3            
	Packet Len 256-1024:   1            
	Packet Len 1024-1500:  2            
	Packet Len > 1500:     0            
	nDPI throughput:       26.64 K pps / 77.87 Mb/sec
	Analysis begin:        18/Apr/2021 16:40:12
	Analysis end:          17/May/2022 16:23:34
	Traffic throughput:    0.00 pps / 0 b/sec
	Traffic duration:      34040604.000 sec
	DPI Packets (TCP):     13            (3.25 pkts/flow)
	Confidence: DPI        4             (flows)


Detected protocols:
	MpegDash             packets: 13            bytes: 4669          flows: 4            


Protocol statistics:
	Fun                  packets: 13            bytes: 4669          flows: 4            

Risk stats [found 1 (25.0 %) flows with risks]:
	Unidirectional Traffic                       1 [100.0 %]

	NOTE: as one flow can have multiple risks set, the sum of the
	      last column can exceed the number of flows with risks.


