
-----------------------------------------------------------
* NOTE: This is demo app to show *some* nDPI features.
* In this demo we have implemented only some basic features
* just to show you what you can do with the library. Feel 
* free to extend it and send us the patches for inclusion
------------------------------------------------------------

Using nDPI (4.13.0-5225-2e7b75a) [1 thread(s)]
Using libgcrypt version 1.8.6internal
Reading packets from pcap file ./tests/cfgs/default/pcap/citrix.pcap...
Running thread 0...

nDPI Memory statistics:
	nDPI Memory (once):      42.82 KB     
	Flow Memory (per flow):  1.15 KB      
	Actual Memory:           11.06 MB     
	Peak Memory:             11.06 MB     
	Setup Time:              21 msec
	Packet Processing Time:  0 msec

Traffic statistics:
	Ethernet bytes:        13732         (includes ethernet CRC/IFC/trailer)
	Discarded bytes:       0            
	IP packets:            100           of 100 packets total
	IP bytes:              11332         (avg pkt size 113 bytes)
	Unique flows:          1            
	TCP Packets:           100          
	UDP Packets:           0            
	VLAN Packets:          0            
	MPLS Packets:          0            
	PPPoE Packets:         0            
	Fragmented Packets:    0            
	Max Packet size:       875          
	Packet Len < 64:       72           
	Packet Len 64-128:     20           
	Packet Len 128-256:    3            
	Packet Len 256-1024:   5            
	Packet Len 1024-1500:  0            
	Packet Len > 1500:     0            
	nDPI throughput:       255.10 K pps / 267.26 Mb/sec
	Analysis begin:        01/Jan/1970 05:30:01
	Analysis end:          01/Jan/1970 05:30:01
	Traffic throughput:    171.19 pps / 183.65 Kb/sec
	Traffic duration:      0.584 sec
	DPI Packets (TCP):     4             (4.00 pkts/flow)
	Confidence: DPI        1             (flows)


Detected protocols:
	Citrix               packets: 100           bytes: 11332         flows: 1            


Protocol statistics:
	Acceptable           packets: 100           bytes: 11332         flows: 1            
