
-----------------------------------------------------------
* NOTE: This is demo app to show *some* nDPI features.
* In this demo we have implemented only some basic features
* just to show you what you can do with the library. Feel 
* free to extend it and send us the patches for inclusion
------------------------------------------------------------

Using nDPI (4.13.0-5225-2e7b75a) [1 thread(s)]
Using libgcrypt version 1.8.6internal
Reading packets from pcap file ./tests/cfgs/default/pcap/tls_multiple_synack_different_seq.pcapng...
Running thread 0...

nDPI Memory statistics:
	nDPI Memory (once):      42.82 KB     
	Flow Memory (per flow):  1.15 KB      
	Actual Memory:           11.07 MB     
	Peak Memory:             11.07 MB     
	Setup Time:              20 msec
	Packet Processing Time:  0 msec

Traffic statistics:
	Ethernet bytes:        6772          (includes ethernet CRC/IFC/trailer)
	Discarded bytes:       0            
	IP packets:            10            of 10 packets total
	IP bytes:              6532          (avg pkt size 653 bytes)
	Unique flows:          1            
	TCP Packets:           10           
	UDP Packets:           0            
	VLAN Packets:          0            
	MPLS Packets:          0            
	PPPoE Packets:         0            
	Fragmented Packets:    0            
	Max Packet size:       1380         
	Packet Len < 64:       4            
	Packet Len 64-128:     1            
	Packet Len 128-256:    0            
	Packet Len 256-1024:   1            
	Packet Len 1024-1500:  4            
	Packet Len > 1500:     0            
	nDPI throughput:       31.06 K pps / 160.45 Mb/sec
	Analysis begin:        09/Dec/2021 18:20:41
	Analysis end:          09/Dec/2021 18:21:10
	Traffic throughput:    0.34 pps / 1.80 Kb/sec
	Traffic duration:      29.376 sec
	DPI Packets (TCP):     10            (10.00 pkts/flow)
	Confidence: DPI        1             (flows)


Detected protocols:
	AmazonAWS            packets: 10            bytes: 6532          flows: 1            


Protocol statistics:
	Acceptable           packets: 10            bytes: 6532          flows: 1            
