
-----------------------------------------------------------
* NOTE: This is demo app to show *some* nDPI features.
* In this demo we have implemented only some basic features
* just to show you what you can do with the library. Feel 
* free to extend it and send us the patches for inclusion
------------------------------------------------------------

Using nDPI (4.13.0-5225-2e7b75a) [1 thread(s)]
Using libgcrypt version 1.8.6internal
Reading packets from pcap file ./tests/cfgs/default/pcap/dns_ambiguous_names.pcap...
Running thread 0...

nDPI Memory statistics:
	nDPI Memory (once):      42.82 KB     
	Flow Memory (per flow):  1.15 KB      
	Actual Memory:           11.10 MB     
	Peak Memory:             11.10 MB     
	Setup Time:              19 msec
	Packet Processing Time:  0 msec

Traffic statistics:
	Ethernet bytes:        3267          (includes ethernet CRC/IFC/trailer)
	Discarded bytes:       0            
	IP packets:            20            of 20 packets total
	IP bytes:              2787          (avg pkt size 139 bytes)
	Unique flows:          10           
	TCP Packets:           0            
	UDP Packets:           20           
	VLAN Packets:          0            
	MPLS Packets:          0            
	PPPoE Packets:         0            
	Fragmented Packets:    0            
	Max Packet size:       343          
	Packet Len < 64:       9            
	Packet Len 64-128:     7            
	Packet Len 128-256:    2            
	Packet Len 256-1024:   2            
	Packet Len 1024-1500:  0            
	Packet Len > 1500:     0            
	nDPI throughput:       50.00 K pps / 62.31 Mb/sec
	Analysis begin:        08/Jul/2021 17:05:23
	Analysis end:          08/Jul/2021 17:05:24
	Traffic throughput:    26.89 pps / 34.32 Kb/sec
	Traffic duration:      0.744 sec
	DPI Packets (UDP):     20            (2.00 pkts/flow)
	Confidence: DPI        10            (flows)


Detected protocols:
	DNS                  packets: 20            bytes: 2787          flows: 10           


Protocol statistics:
	Acceptable           packets: 20            bytes: 2787          flows: 10           

Risk stats [found 1 (10.0 %) flows with risks]:
	Non-Printable/Invalid Chars Detected         1 [50.0 %]
	Error Code                                   1 [50.0 %]

	NOTE: as one flow can have multiple risks set, the sum of the
	      last column can exceed the number of flows with risks.


