
-----------------------------------------------------------
* NOTE: This is demo app to show *some* nDPI features.
* In this demo we have implemented only some basic features
* just to show you what you can do with the library. Feel 
* free to extend it and send us the patches for inclusion
------------------------------------------------------------

Using nDPI (4.13.0-5225-2e7b75a) [1 thread(s)]
Using libgcrypt version 1.8.6internal
Reading packets from pcap file ./tests/cfgs/default/pcap/avast.pcap...
Running thread 0...

nDPI Memory statistics:
	nDPI Memory (once):      42.82 KB     
	Flow Memory (per flow):  1.15 KB      
	Actual Memory:           11.13 MB     
	Peak Memory:             11.13 MB     
	Setup Time:              19 msec
	Packet Processing Time:  0 msec

Traffic statistics:
	Ethernet bytes:        12841         (includes ethernet CRC/IFC/trailer)
	Discarded bytes:       0            
	IP packets:            142           of 142 packets total
	IP bytes:              9433          (avg pkt size 66 bytes)
	Unique flows:          10           
	TCP Packets:           142          
	UDP Packets:           0            
	VLAN Packets:          0            
	MPLS Packets:          0            
	PPPoE Packets:         0            
	Fragmented Packets:    0            
	Max Packet size:       116          
	Packet Len < 64:       131          
	Packet Len 64-128:     11           
	Packet Len 128-256:    0            
	Packet Len 256-1024:   0            
	Packet Len 1024-1500:  0            
	Packet Len > 1500:     0            
	nDPI throughput:       261.03 K pps / 180.09 Mb/sec
	Analysis begin:        12/Jun/2022 19:45:22
	Analysis end:          13/Jul/2022 18:15:24
	Traffic throughput:    0.00 pps / 0 b/sec
	Traffic duration:      2673002.750 sec
	DPI Packets (TCP):     40            (4.00 pkts/flow)
	Confidence: DPI        10            (flows)


Detected protocols:
	AVAST                packets: 142           bytes: 9433          flows: 10           


Protocol statistics:
	Safe                 packets: 142           bytes: 9433          flows: 10           
