
-----------------------------------------------------------
* NOTE: This is demo app to show *some* nDPI features.
* In this demo we have implemented only some basic features
* just to show you what you can do with the library. Feel 
* free to extend it and send us the patches for inclusion
------------------------------------------------------------

Using nDPI (4.13.0-5225-2e7b75a) [1 thread(s)]
Using libgcrypt version 1.8.6internal
Reading packets from pcap file ./tests/cfgs/default/pcap/bfd.pcap...
Running thread 0...

nDPI Memory statistics:
	nDPI Memory (once):      42.82 KB     
	Flow Memory (per flow):  1.15 KB      
	Actual Memory:           11.07 MB     
	Peak Memory:             11.07 MB     
	Setup Time:              19 msec
	Packet Processing Time:  0 msec

Traffic statistics:
	Ethernet bytes:        962           (includes ethernet CRC/IFC/trailer)
	Discarded bytes:       0            
	IP packets:            11            of 11 packets total
	IP bytes:              698           (avg pkt size 63 bytes)
	Unique flows:          4            
	TCP Packets:           0            
	UDP Packets:           11           
	VLAN Packets:          11           
	MPLS Packets:          0            
	PPPoE Packets:         0            
	Fragmented Packets:    0            
	Max Packet size:       32           
	Packet Len < 64:       11           
	Packet Len 64-128:     0            
	Packet Len 128-256:    0            
	Packet Len 256-1024:   0            
	Packet Len 1024-1500:  0            
	Packet Len > 1500:     0            
	nDPI throughput:       39.71 K pps / 26.50 Mb/sec
	Analysis begin:        11/Aug/2014 17:06:34
	Analysis end:          11/Aug/2014 17:06:35
	Traffic throughput:    12.74 pps / 8.70 Kb/sec
	Traffic duration:      0.863 sec
	DPI Packets (UDP):     4             (1.00 pkts/flow)
	Confidence: DPI        4             (flows)


Detected protocols:
	BFD                  packets: 11            bytes: 698           flows: 4            


Protocol statistics:
	Acceptable           packets: 11            bytes: 698           flows: 4            

Risk stats [found 4 (100.0 %) flows with risks]:
	Unidirectional Traffic                       4 [100.0 %]

	NOTE: as one flow can have multiple risks set, the sum of the
	      last column can exceed the number of flows with risks.


