
-----------------------------------------------------------
* NOTE: This is demo app to show *some* nDPI features.
* In this demo we have implemented only some basic features
* just to show you what you can do with the library. Feel 
* free to extend it and send us the patches for inclusion
------------------------------------------------------------

Using nDPI (4.13.0-5225-2e7b75a) [1 thread(s)]
Using libgcrypt version 1.8.6internal
Reading packets from pcap file ./tests/cfgs/default/pcap/iso9506-1-mms.pcap...
Running thread 0...

nDPI Memory statistics:
	nDPI Memory (once):      42.82 KB     
	Flow Memory (per flow):  1.15 KB      
	Actual Memory:           11.05 MB     
	Peak Memory:             11.05 MB     
	Setup Time:              18 msec
	Packet Processing Time:  0 msec

Traffic statistics:
	Ethernet bytes:        2435          (includes ethernet CRC/IFC/trailer)
	Discarded bytes:       0            
	IP packets:            22            of 22 packets total
	IP bytes:              1907          (avg pkt size 86 bytes)
	Unique flows:          1            
	TCP Packets:           22           
	UDP Packets:           0            
	VLAN Packets:          0            
	MPLS Packets:          0            
	PPPoE Packets:         0            
	Fragmented Packets:    0            
	Max Packet size:       187          
	Packet Len < 64:       18           
	Packet Len 64-128:     2            
	Packet Len 128-256:    2            
	Packet Len 256-1024:   0            
	Packet Len 1024-1500:  0            
	Packet Len > 1500:     0            
	nDPI throughput:       68.97 K pps / 58.24 Mb/sec
	Analysis begin:        18/Jul/2008 18:03:31
	Analysis end:          18/Jul/2008 18:03:32
	Traffic throughput:    35.89 pps / 31.04 Kb/sec
	Traffic duration:      0.613 sec
	DPI Packets (TCP):     7             (7.00 pkts/flow)
	Confidence: DPI        1             (flows)


Detected protocols:
	ISO9506-1-MMS        packets: 22            bytes: 1907          flows: 1            


Protocol statistics:
	Acceptable           packets: 22            bytes: 1907          flows: 1            
