
-----------------------------------------------------------
* NOTE: This is demo app to show *some* nDPI features.
* In this demo we have implemented only some basic features
* just to show you what you can do with the library. Feel 
* free to extend it and send us the patches for inclusion
------------------------------------------------------------

Using nDPI (4.13.0-5225-2e7b75a) [1 thread(s)]
Using libgcrypt version 1.8.6internal
Reading packets from pcap file ./tests/cfgs/default/pcap/iqiyi.pcap...
Running thread 0...

nDPI Memory statistics:
	nDPI Memory (once):      42.82 KB     
	Flow Memory (per flow):  1.15 KB      
	Actual Memory:           11.05 MB     
	Peak Memory:             11.05 MB     
	Setup Time:              18 msec
	Packet Processing Time:  0 msec

Traffic statistics:
	Ethernet bytes:        375           (includes ethernet CRC/IFC/trailer)
	Discarded bytes:       0            
	IP packets:            2             of 2 packets total
	IP bytes:              327           (avg pkt size 163 bytes)
	Unique flows:          1            
	TCP Packets:           0            
	UDP Packets:           2            
	VLAN Packets:          0            
	MPLS Packets:          0            
	PPPoE Packets:         0            
	Fragmented Packets:    0            
	Max Packet size:       144          
	Packet Len < 64:       0            
	Packet Len 64-128:     0            
	Packet Len 128-256:    2            
	Packet Len 256-1024:   0            
	Packet Len 1024-1500:  0            
	Packet Len > 1500:     0            
	nDPI throughput:       7.22 K pps / 10.33 Mb/sec
	Analysis begin:        22/Apr/2024 21:48:37
	Analysis end:          22/Apr/2024 21:48:38
	Traffic throughput:    4.54 pps / 6.65 Kb/sec
	Traffic duration:      0.441 sec
	DPI Packets (UDP):     1             (1.00 pkts/flow)
	Confidence: DPI        1             (flows)


Detected protocols:
	iQIYI                packets: 2             bytes: 327           flows: 1            


Protocol statistics:
	Fun                  packets: 2             bytes: 327           flows: 1            
