
-----------------------------------------------------------
* NOTE: This is demo app to show *some* nDPI features.
* In this demo we have implemented only some basic features
* just to show you what you can do with the library. Feel 
* free to extend it and send us the patches for inclusion
------------------------------------------------------------

Using nDPI (4.13.0-5225-2e7b75a) [1 thread(s)]
Using libgcrypt version 1.8.6internal
Reading packets from pcap file ./tests/cfgs/default/pcap/srvloc.pcap...
Running thread 0...

nDPI Memory statistics:
	nDPI Memory (once):      42.82 KB     
	Flow Memory (per flow):  1.15 KB      
	Actual Memory:           14.70 MB     
	Peak Memory:             14.70 MB     
	Setup Time:              18 msec
	Packet Processing Time:  5 msec

Traffic statistics:
	Ethernet bytes:        72221         (includes ethernet CRC/IFC/trailer)
	Discarded bytes:       0            
	IP packets:            629           of 629 packets total
	IP bytes:              57125         (avg pkt size 90 bytes)
	Unique flows:          620          
	TCP Packets:           0            
	UDP Packets:           629          
	VLAN Packets:          0            
	MPLS Packets:          0            
	PPPoE Packets:         0            
	Fragmented Packets:    0            
	Max Packet size:       119          
	Packet Len < 64:       500          
	Packet Len 64-128:     129          
	Packet Len 128-256:    0            
	Packet Len 256-1024:   0            
	Packet Len 1024-1500:  0            
	Packet Len > 1500:     0            
	nDPI throughput:       125.55 K pps / 109.98 Mb/sec
	Analysis begin:        01/Jun/2023 16:40:25
	Analysis end:          16/Jun/2023 18:11:04
	Traffic throughput:    0.00 pps / 0 b/sec
	Traffic duration:      1301439.625 sec
	DPI Packets (UDP):     620           (1.00 pkts/flow)
	Confidence: DPI        620           (flows)


Detected protocols:
	Service_Location_Protocol packets: 629           bytes: 57125         flows: 620          


Protocol statistics:
	Acceptable           packets: 629           bytes: 57125         flows: 620          

Risk stats [found 620 (100.0 %) flows with risks]:
	Unidirectional Traffic                     620 [100.0 %]

	NOTE: as one flow can have multiple risks set, the sum of the
	      last column can exceed the number of flows with risks.


