
-----------------------------------------------------------
* NOTE: This is demo app to show *some* nDPI features.
* In this demo we have implemented only some basic features
* just to show you what you can do with the library. Feel 
* free to extend it and send us the patches for inclusion
------------------------------------------------------------

Using nDPI (4.13.0-5225-2e7b75a) [1 thread(s)]
Using libgcrypt version 1.8.6internal
Reading packets from pcap file ./tests/cfgs/default/pcap/line.pcap...
Running thread 0...

nDPI Memory statistics:
	nDPI Memory (once):      42.82 KB     
	Flow Memory (per flow):  1.15 KB      
	Actual Memory:           11.14 MB     
	Peak Memory:             11.14 MB     
	Setup Time:              18 msec
	Packet Processing Time:  0 msec

Traffic statistics:
	Ethernet bytes:        70192         (includes ethernet CRC/IFC/trailer)
	Discarded bytes:       0            
	IP packets:            290           of 290 packets total
	IP bytes:              63232         (avg pkt size 218 bytes)
	Unique flows:          5            
	TCP Packets:           109          
	UDP Packets:           181          
	VLAN Packets:          0            
	MPLS Packets:          0            
	PPPoE Packets:         0            
	Fragmented Packets:    0            
	Max Packet size:       3158         
	Packet Len < 64:       115          
	Packet Len 64-128:     77           
	Packet Len 128-256:    34           
	Packet Len 256-1024:   61           
	Packet Len 1024-1500:  2            
	Packet Len > 1500:     1            
	nDPI throughput:       399.45 K pps / 737.63 Mb/sec
	Analysis begin:        01/Jan/1970 05:40:08
	Analysis end:          23/Sep/2022 11:40:18
	Traffic throughput:    0.00 pps / 0 b/sec
	Traffic duration:      1663912832.000 sec
	DPI Packets (TCP):     13            (6.50 pkts/flow)
	DPI Packets (UDP):     3             (1.00 pkts/flow)
	Confidence: DPI        5             (flows)


Detected protocols:
	TLS                  packets: 72            bytes: 11499         flows: 1            
	Line                 packets: 37            bytes: 9480          flows: 1            
	LineCall             packets: 181           bytes: 42253         flows: 3            


Protocol statistics:
	Safe                 packets: 72            bytes: 11499         flows: 1            
	Acceptable           packets: 218           bytes: 51733         flows: 4            

Risk stats [found 1 (20.0 %) flows with risks]:
	TLS (probably) Not Carrying HTTPS            1 [100.0 %]

	NOTE: as one flow can have multiple risks set, the sum of the
	      last column can exceed the number of flows with risks.


