
-----------------------------------------------------------
* NOTE: This is demo app to show *some* nDPI features.
* In this demo we have implemented only some basic features
* just to show you what you can do with the library. Feel 
* free to extend it and send us the patches for inclusion
------------------------------------------------------------

Using nDPI (4.13.0-5225-2e7b75a) [1 thread(s)]
Using libgcrypt version 1.8.6internal
Reading packets from pcap file ./tests/cfgs/default/pcap/mqtt.pcap...
Running thread 0...

nDPI Memory statistics:
	nDPI Memory (once):      42.82 KB     
	Flow Memory (per flow):  1.15 KB      
	Actual Memory:           11.05 MB     
	Peak Memory:             11.05 MB     
	Setup Time:              17 msec
	Packet Processing Time:  0 msec

Traffic statistics:
	Ethernet bytes:        1697          (includes ethernet CRC/IFC/trailer)
	Discarded bytes:       0            
	IP packets:            9             of 9 packets total
	IP bytes:              1481          (avg pkt size 164 bytes)
	Unique flows:          2            
	TCP Packets:           9            
	UDP Packets:           0            
	VLAN Packets:          1            
	MPLS Packets:          0            
	PPPoE Packets:         0            
	Fragmented Packets:    0            
	Max Packet size:       424          
	Packet Len < 64:       4            
	Packet Len 64-128:     3            
	Packet Len 128-256:    0            
	Packet Len 256-1024:   2            
	Packet Len 1024-1500:  0            
	Packet Len > 1500:     0            
	nDPI throughput:       26.55 K pps / 38.19 Mb/sec
	Analysis begin:        24/Jan/2022 14:16:49
	Analysis end:          24/Jan/2022 14:22:29
	Traffic throughput:    0.03 pps / 39 b/sec
	Traffic duration:      339.932 sec
	DPI Packets (TCP):     3             (1.50 pkts/flow)
	Confidence: DPI        2             (flows)


Detected protocols:
	MQTT                 packets: 9             bytes: 1481          flows: 2            


Protocol statistics:
	Acceptable           packets: 9             bytes: 1481          flows: 2            

Risk stats [found 1 (50.0 %) flows with risks]:
	Unidirectional Traffic                       1 [100.0 %]

	NOTE: as one flow can have multiple risks set, the sum of the
	      last column can exceed the number of flows with risks.


