
-----------------------------------------------------------
* NOTE: This is demo app to show *some* nDPI features.
* In this demo we have implemented only some basic features
* just to show you what you can do with the library. Feel 
* free to extend it and send us the patches for inclusion
------------------------------------------------------------

Using nDPI (4.13.0-5225-2e7b75a) [1 thread(s)]
Using libgcrypt version 1.8.6internal
Reading packets from pcap file ./tests/cfgs/default/pcap/tls_change_cipher.pcap...
Running thread 0...

nDPI Memory statistics:
	nDPI Memory (once):      42.82 KB     
	Flow Memory (per flow):  1.15 KB      
	Actual Memory:           11.06 MB     
	Peak Memory:             11.06 MB     
	Setup Time:              18 msec
	Packet Processing Time:  0 msec

Traffic statistics:
	Ethernet bytes:        14089         (includes ethernet CRC/IFC/trailer)
	Discarded bytes:       0            
	IP packets:            14            of 14 packets total
	IP bytes:              13753         (avg pkt size 982 bytes)
	Unique flows:          1            
	TCP Packets:           0            
	UDP Packets:           14           
	VLAN Packets:          14           
	MPLS Packets:          0            
	PPPoE Packets:         0            
	Fragmented Packets:    0            
	Max Packet size:       1416         
	Packet Len < 64:       0            
	Packet Len 64-128:     1            
	Packet Len 128-256:    2            
	Packet Len 256-1024:   4            
	Packet Len 1024-1500:  7            
	Packet Len > 1500:     0            
	nDPI throughput:       44.16 K pps / 339.09 Mb/sec
	Analysis begin:        21/Jan/2024 02:32:04
	Analysis end:          21/Jan/2024 02:32:09
	Traffic throughput:    2.81 pps / 22.08 Kb/sec
	Traffic duration:      4.985 sec
	DPI Packets (UDP):     1             (1.00 pkts/flow)
	Confidence: DPI        1             (flows)


Detected protocols:
	GTP_U                packets: 14            bytes: 13753         flows: 1            


Protocol statistics:
	Acceptable           packets: 14            bytes: 13753         flows: 1            
