
-----------------------------------------------------------
* NOTE: This is demo app to show *some* nDPI features.
* In this demo we have implemented only some basic features
* just to show you what you can do with the library. Feel 
* free to extend it and send us the patches for inclusion
------------------------------------------------------------

Using nDPI (4.13.0-5225-2e7b75a) [1 thread(s)]
Using libgcrypt version 1.8.6internal
Reading packets from pcap file ./tests/cfgs/default/pcap/linecall_falsepositve.pcap...
Running thread 0...

nDPI Memory statistics:
	nDPI Memory (once):      42.82 KB     
	Flow Memory (per flow):  1.15 KB      
	Actual Memory:           11.06 MB     
	Peak Memory:             11.06 MB     
	Setup Time:              18 msec
	Packet Processing Time:  0 msec

Traffic statistics:
	Ethernet bytes:        17450         (includes ethernet CRC/IFC/trailer)
	Discarded bytes:       0            
	IP packets:            42            of 42 packets total
	IP bytes:              16442         (avg pkt size 391 bytes)
	Unique flows:          1            
	TCP Packets:           0            
	UDP Packets:           42           
	VLAN Packets:          42           
	MPLS Packets:          0            
	PPPoE Packets:         0            
	Fragmented Packets:    0            
	Max Packet size:       690          
	Packet Len < 64:       0            
	Packet Len 64-128:     0            
	Packet Len 128-256:    14           
	Packet Len 256-1024:   28           
	Packet Len 1024-1500:  0            
	Packet Len > 1500:     0            
	nDPI throughput:       136.36 K pps / 432.25 Mb/sec
	Analysis begin:        11/Jan/2023 19:19:26
	Analysis end:          11/Jan/2023 19:21:57
	Traffic throughput:    0.28 pps / 928 b/sec
	Traffic duration:      150.385 sec
	DPI Packets (UDP):     9             (9.00 pkts/flow)
	Confidence: Unknown    1             (flows)


Detected protocols:
	Unknown              packets: 42            bytes: 16442         flows: 1            


Protocol statistics:
	Unrated              packets: 42            bytes: 16442         flows: 1            

Risk stats [found 1 (100.0 %) flows with risks]:
	Susp Entropy                                 1 [100.0 %]

	NOTE: as one flow can have multiple risks set, the sum of the
	      last column can exceed the number of flows with risks.


