
-----------------------------------------------------------
* NOTE: This is demo app to show *some* nDPI features.
* In this demo we have implemented only some basic features
* just to show you what you can do with the library. Feel 
* free to extend it and send us the patches for inclusion
------------------------------------------------------------

Using nDPI (4.13.0-5225-2e7b75a) [1 thread(s)]
Using libgcrypt version 1.8.6internal
Reading packets from pcap file ./tests/cfgs/default/pcap/stun_msteams_unidir.pcapng...
Running thread 0...

nDPI Memory statistics:
	nDPI Memory (once):      42.82 KB     
	Flow Memory (per flow):  1.15 KB      
	Actual Memory:           11.05 MB     
	Peak Memory:             11.05 MB     
	Setup Time:              20 msec
	Packet Processing Time:  0 msec

Traffic statistics:
	Ethernet bytes:        6232          (includes ethernet CRC/IFC/trailer)
	Discarded bytes:       0            
	IP packets:            12            of 12 packets total
	IP bytes:              5944          (avg pkt size 495 bytes)
	Unique flows:          1            
	TCP Packets:           0            
	UDP Packets:           12           
	VLAN Packets:          0            
	MPLS Packets:          0            
	PPPoE Packets:         0            
	Fragmented Packets:    0            
	Max Packet size:       1223         
	Packet Len < 64:       2            
	Packet Len 64-128:     6            
	Packet Len 128-256:    0            
	Packet Len 256-1024:   0            
	Packet Len 1024-1500:  4            
	Packet Len > 1500:     0            
	nDPI throughput:       39.60 K pps / 156.92 Mb/sec
	Analysis begin:        18/Apr/2021 16:36:45
	Analysis end:          18/Apr/2021 16:36:50
	Traffic throughput:    2.65 pps / 10.74 Kb/sec
	Traffic duration:      4.535 sec
	DPI Packets (UDP):     7             (7.00 pkts/flow)
	Confidence: DPI        1             (flows)


Detected protocols:
	TeamsCall            packets: 12            bytes: 5944          flows: 1            


Protocol statistics:
	Acceptable           packets: 12            bytes: 5944          flows: 1            

Risk stats [found 1 (100.0 %) flows with risks]:
	Known Proto on Non Std Port                  1 [50.0 %]
	Unidirectional Traffic                       1 [50.0 %]

	NOTE: as one flow can have multiple risks set, the sum of the
	      last column can exceed the number of flows with risks.


