
-----------------------------------------------------------
* NOTE: This is demo app to show *some* nDPI features.
* In this demo we have implemented only some basic features
* just to show you what you can do with the library. Feel 
* free to extend it and send us the patches for inclusion
------------------------------------------------------------

Using nDPI (4.13.0-5225-2e7b75a) [1 thread(s)]
Using libgcrypt version 1.8.6internal
Reading packets from pcap file ./tests/cfgs/default/pcap/bot.pcap...
Running thread 0...

nDPI Memory statistics:
	nDPI Memory (once):      42.82 KB     
	Flow Memory (per flow):  1.15 KB      
	Actual Memory:           11.46 MB     
	Peak Memory:             11.46 MB     
	Setup Time:              18 msec
	Packet Processing Time:  0 msec

Traffic statistics:
	Ethernet bytes:        440772        (includes ethernet CRC/IFC/trailer)
	Discarded bytes:       0            
	IP packets:            402           of 402 packets total
	IP bytes:              431124        (avg pkt size 1072 bytes)
	Unique flows:          1            
	TCP Packets:           402          
	UDP Packets:           0            
	VLAN Packets:          402          
	MPLS Packets:          0            
	PPPoE Packets:         0            
	Fragmented Packets:    0            
	Max Packet size:       1460         
	Packet Len < 64:       118          
	Packet Len 64-128:     0            
	Packet Len 128-256:    0            
	Packet Len 256-1024:   2            
	Packet Len 1024-1500:  282          
	Packet Len > 1500:     0            
	nDPI throughput:       654.72 K pps / 5.35 Gb/sec
	Analysis begin:        17/Feb/2022 20:00:40
	Analysis end:          17/Feb/2022 20:00:45
	Traffic throughput:    70.98 pps / 608.04 Kb/sec
	Traffic duration:      5.663 sec
	DPI Packets (TCP):     6             (6.00 pkts/flow)
	Confidence: DPI        1             (flows)


Detected protocols:
	HTTP                 packets: 402           bytes: 431124        flows: 1            


Protocol statistics:
	Acceptable           packets: 402           bytes: 431124        flows: 1            

Risk stats [found 1 (100.0 %) flows with risks]:
	Crawler/Bot                                  1 [100.0 %]

	NOTE: as one flow can have multiple risks set, the sum of the
	      last column can exceed the number of flows with risks.


