
-----------------------------------------------------------
* NOTE: This is demo app to show *some* nDPI features.
* In this demo we have implemented only some basic features
* just to show you what you can do with the library. Feel 
* free to extend it and send us the patches for inclusion
------------------------------------------------------------

Using nDPI (4.13.0-5225-2e7b75a) [1 thread(s)]
Using libgcrypt version 1.8.6internal
Reading packets from pcap file ./tests/cfgs/default/pcap/tplink_shp.pcap...
Running thread 0...

nDPI Memory statistics:
	nDPI Memory (once):      42.82 KB     
	Flow Memory (per flow):  1.15 KB      
	Actual Memory:           11.10 MB     
	Peak Memory:             11.10 MB     
	Setup Time:              21 msec
	Packet Processing Time:  0 msec

Traffic statistics:
	Ethernet bytes:        23845         (includes ethernet CRC/IFC/trailer)
	Discarded bytes:       0            
	IP packets:            251           of 251 packets total
	IP bytes:              17821         (avg pkt size 71 bytes)
	Unique flows:          8            
	TCP Packets:           0            
	UDP Packets:           251          
	VLAN Packets:          0            
	MPLS Packets:          0            
	PPPoE Packets:         0            
	Fragmented Packets:    0            
	Max Packet size:       37           
	Packet Len < 64:       251          
	Packet Len 64-128:     0            
	Packet Len 128-256:    0            
	Packet Len 256-1024:   0            
	Packet Len 1024-1500:  0            
	Packet Len > 1500:     0            
	nDPI throughput:       540.95 K pps / 392.08 Mb/sec
	Analysis begin:        20/Dec/2022 01:34:06
	Analysis end:          20/Dec/2022 02:05:15
	Traffic throughput:    0.13 pps / 102 b/sec
	Traffic duration:      1869.085 sec
	DPI Packets (UDP):     8             (1.00 pkts/flow)
	Confidence: DPI        8             (flows)


Detected protocols:
	TPLINK_SHP           packets: 251           bytes: 17821         flows: 8            


Protocol statistics:
	Acceptable           packets: 251           bytes: 17821         flows: 8            
