
-----------------------------------------------------------
* NOTE: This is demo app to show *some* nDPI features.
* In this demo we have implemented only some basic features
* just to show you what you can do with the library. Feel 
* free to extend it and send us the patches for inclusion
------------------------------------------------------------

Using nDPI (4.13.0-5225-2e7b75a) [1 thread(s)]
Using libgcrypt version 1.8.6internal
Reading packets from pcap file ./tests/cfgs/default/pcap/443-safari.pcap...
Running thread 0...

nDPI Memory statistics:
	nDPI Memory (once):      42.82 KB     
	Flow Memory (per flow):  1.15 KB      
	Actual Memory:           11.07 MB     
	Peak Memory:             11.07 MB     
	Setup Time:              18 msec
	Packet Processing Time:  0 msec

Traffic statistics:
	Ethernet bytes:        20913         (includes ethernet CRC/IFC/trailer)
	Discarded bytes:       0            
	IP packets:            41            of 41 packets total
	IP bytes:              19929         (avg pkt size 486 bytes)
	Unique flows:          1            
	TCP Packets:           41           
	UDP Packets:           0            
	VLAN Packets:          0            
	MPLS Packets:          0            
	PPPoE Packets:         0            
	Fragmented Packets:    0            
	Max Packet size:       1472         
	Packet Len < 64:       20           
	Packet Len 64-128:     6            
	Packet Len 128-256:    1            
	Packet Len 256-1024:   4            
	Packet Len 1024-1500:  10           
	Packet Len > 1500:     0            
	nDPI throughput:       81.35 K pps / 316.57 Mb/sec
	Analysis begin:        08/Feb/2020 02:32:39
	Analysis end:          08/Feb/2020 02:32:40
	Traffic throughput:    37.46 pps / 149.29 Kb/sec
	Traffic duration:      1.094 sec
	DPI Packets (TCP):     7             (7.00 pkts/flow)
	Confidence: DPI        1             (flows)


Detected protocols:
	ntop                 packets: 41            bytes: 19929         flows: 1            


Protocol statistics:
	Safe                 packets: 41            bytes: 19929         flows: 1            
