
-----------------------------------------------------------
* NOTE: This is demo app to show *some* nDPI features.
* In this demo we have implemented only some basic features
* just to show you what you can do with the library. Feel 
* free to extend it and send us the patches for inclusion
------------------------------------------------------------

Using nDPI (4.13.0-5225-2e7b75a) [1 thread(s)]
Using libgcrypt version 1.8.6internal
Reading packets from pcap file ./tests/cfgs/default/pcap/teredo.pcap...
Running thread 0...

nDPI Memory statistics:
	nDPI Memory (once):      42.82 KB     
	Flow Memory (per flow):  1.15 KB      
	Actual Memory:           11.07 MB     
	Peak Memory:             11.07 MB     
	Setup Time:              18 msec
	Packet Processing Time:  0 msec

Traffic statistics:
	Ethernet bytes:        3150          (includes ethernet CRC/IFC/trailer)
	Discarded bytes:       0            
	IP packets:            24            of 24 packets total
	IP bytes:              2574          (avg pkt size 107 bytes)
	Unique flows:          5            
	TCP Packets:           0            
	UDP Packets:           24           
	VLAN Packets:          0            
	MPLS Packets:          0            
	PPPoE Packets:         0            
	Fragmented Packets:    0            
	Max Packet size:       117          
	Packet Len < 64:       14           
	Packet Len 64-128:     10           
	Packet Len 128-256:    0            
	Packet Len 256-1024:   0            
	Packet Len 1024-1500:  0            
	Packet Len > 1500:     0            
	nDPI throughput:       66.30 K pps / 66.39 Mb/sec
	Analysis begin:        06/Aug/2015 15:03:35
	Analysis end:          06/Aug/2015 15:04:13
	Traffic throughput:    0.63 pps / 661 b/sec
	Traffic duration:      38.097 sec
	DPI Packets (UDP):     5             (1.00 pkts/flow)
	Confidence: DPI        5             (flows)


Detected protocols:
	Teredo               packets: 24            bytes: 2574          flows: 5            


Protocol statistics:
	Acceptable           packets: 24            bytes: 2574          flows: 5            
