
-----------------------------------------------------------
* NOTE: This is demo app to show *some* nDPI features.
* In this demo we have implemented only some basic features
* just to show you what you can do with the library. Feel 
* free to extend it and send us the patches for inclusion
------------------------------------------------------------

Using nDPI (4.13.0-5225-2e7b75a) [1 thread(s)]
Using libgcrypt version 1.8.6internal
Reading packets from pcap file ./tests/cfgs/default/pcap/paltalk.pcapng...
Running thread 0...

nDPI Memory statistics:
	nDPI Memory (once):      42.82 KB     
	Flow Memory (per flow):  1.15 KB      
	Actual Memory:           11.08 MB     
	Peak Memory:             11.08 MB     
	Setup Time:              18 msec
	Packet Processing Time:  0 msec

Traffic statistics:
	Ethernet bytes:        3919          (includes ethernet CRC/IFC/trailer)
	Discarded bytes:       0            
	IP packets:            17            of 17 packets total
	IP bytes:              3511          (avg pkt size 206 bytes)
	Unique flows:          4            
	TCP Packets:           17           
	UDP Packets:           0            
	VLAN Packets:          0            
	MPLS Packets:          0            
	PPPoE Packets:         0            
	Fragmented Packets:    0            
	Max Packet size:       1460         
	Packet Len < 64:       14           
	Packet Len 64-128:     0            
	Packet Len 128-256:    1            
	Packet Len 256-1024:   1            
	Packet Len 1024-1500:  1            
	Packet Len > 1500:     0            
	nDPI throughput:       48.71 K pps / 85.67 Mb/sec
	Analysis begin:        24/Oct/2024 20:26:21
	Analysis end:          24/Oct/2024 20:26:26
	Traffic throughput:    3.08 pps / 5.56 Kb/sec
	Traffic duration:      5.511 sec
	DPI Packets (TCP):     17            (4.25 pkts/flow)
	Confidence: DPI        4             (flows)


Detected protocols:
	Paltalk              packets: 17            bytes: 3511          flows: 4            


Protocol statistics:
	Acceptable           packets: 17            bytes: 3511          flows: 4            

Risk stats [found 1 (25.0 %) flows with risks]:
	TLS (probably) Not Carrying HTTPS            1 [100.0 %]

	NOTE: as one flow can have multiple risks set, the sum of the
	      last column can exceed the number of flows with risks.


