
-----------------------------------------------------------
* NOTE: This is demo app to show *some* nDPI features.
* In this demo we have implemented only some basic features
* just to show you what you can do with the library. Feel 
* free to extend it and send us the patches for inclusion
------------------------------------------------------------

Using nDPI (4.13.0-5225-2e7b75a) [1 thread(s)]
Using libgcrypt version 1.8.6internal
Reading packets from pcap file ./tests/cfgs/default/pcap/ajp.pcap...
Running thread 0...

nDPI Memory statistics:
	nDPI Memory (once):      42.82 KB     
	Flow Memory (per flow):  1.15 KB      
	Actual Memory:           11.06 MB     
	Peak Memory:             11.06 MB     
	Setup Time:              18 msec
	Packet Processing Time:  0 msec

Traffic statistics:
	Ethernet bytes:        5070          (includes ethernet CRC/IFC/trailer)
	Discarded bytes:       0            
	IP packets:            26            of 38 packets total
	IP bytes:              4446          (avg pkt size 117 bytes)
	Unique flows:          2            
	TCP Packets:           26           
	UDP Packets:           0            
	VLAN Packets:          26           
	MPLS Packets:          0            
	PPPoE Packets:         0            
	Fragmented Packets:    0            
	Max Packet size:       858          
	Packet Len < 64:       20           
	Packet Len 64-128:     0            
	Packet Len 128-256:    0            
	Packet Len 256-1024:   6            
	Packet Len 1024-1500:  0            
	Packet Len > 1500:     0            
	nDPI throughput:       85.53 K pps / 127.24 Mb/sec
	Analysis begin:        11/Sep/2017 23:59:44
	Analysis end:          11/Sep/2017 23:59:44
	Traffic throughput:    152.22 pps / 231.89 Kb/sec
	Traffic duration:      0.171 sec
	DPI Packets (TCP):     8             (4.00 pkts/flow)
	Confidence: DPI        2             (flows)


Detected protocols:
	AJP                  packets: 26            bytes: 4446          flows: 2            


Protocol statistics:
	Acceptable           packets: 26            bytes: 4446          flows: 2            
