
-----------------------------------------------------------
* NOTE: This is demo app to show *some* nDPI features.
* In this demo we have implemented only some basic features
* just to show you what you can do with the library. Feel 
* free to extend it and send us the patches for inclusion
------------------------------------------------------------

Using nDPI (4.13.0-5225-2e7b75a) [1 thread(s)]
Using libgcrypt version 1.8.6internal
Reading packets from pcap file ./tests/cfgs/default/pcap/BGP_Cisco_hdlc_slarp.pcap...
Running thread 0...

nDPI Memory statistics:
	nDPI Memory (once):      42.82 KB     
	Flow Memory (per flow):  1.15 KB      
	Actual Memory:           11.05 MB     
	Peak Memory:             11.05 MB     
	Setup Time:              20 msec
	Packet Processing Time:  0 msec

Traffic statistics:
	Ethernet bytes:        1305          (includes ethernet CRC/IFC/trailer)
	Discarded bytes:       0            
	IP packets:            14            of 14 packets total
	IP bytes:              969           (avg pkt size 69 bytes)
	Unique flows:          1            
	TCP Packets:           14           
	UDP Packets:           0            
	VLAN Packets:          0            
	MPLS Packets:          0            
	PPPoE Packets:         0            
	Fragmented Packets:    0            
	Max Packet size:       171          
	Packet Len < 64:       11           
	Packet Len 64-128:     2            
	Packet Len 128-256:    1            
	Packet Len 256-1024:   0            
	Packet Len 1024-1500:  0            
	Packet Len > 1500:     0            
	nDPI throughput:       31.89 K pps / 22.68 Mb/sec
	Analysis begin:        18/Oct/2015 13:58:59
	Analysis end:          18/Oct/2015 13:59:49
	Traffic throughput:    0.28 pps / 208 b/sec
	Traffic duration:      50.099 sec
	DPI Packets (TCP):     4             (4.00 pkts/flow)
	Confidence: DPI        1             (flows)


Detected protocols:
	BGP                  packets: 14            bytes: 969           flows: 1            


Protocol statistics:
	Acceptable           packets: 14            bytes: 969           flows: 1            
