
-----------------------------------------------------------
* NOTE: This is demo app to show *some* nDPI features.
* In this demo we have implemented only some basic features
* just to show you what you can do with the library. Feel 
* free to extend it and send us the patches for inclusion
------------------------------------------------------------

Using nDPI (4.13.0-5225-2e7b75a) [1 thread(s)]
Using libgcrypt version 1.8.6internal
Reading packets from pcap file ./tests/cfgs/default/pcap/dns.pcap...
Running thread 0...

nDPI Memory statistics:
	nDPI Memory (once):      42.82 KB     
	Flow Memory (per flow):  1.15 KB      
	Actual Memory:           11.07 MB     
	Peak Memory:             11.07 MB     
	Setup Time:              18 msec
	Packet Processing Time:  0 msec

Traffic statistics:
	Ethernet bytes:        3961          (includes ethernet CRC/IFC/trailer)
	Discarded bytes:       0            
	IP packets:            17            of 17 packets total
	IP bytes:              3553          (avg pkt size 209 bytes)
	Unique flows:          4            
	TCP Packets:           11           
	UDP Packets:           6            
	VLAN Packets:          2            
	MPLS Packets:          0            
	PPPoE Packets:         2            
	Fragmented Packets:    0            
	Max Packet size:       1240         
	Packet Len < 64:       13           
	Packet Len 64-128:     0            
	Packet Len 128-256:    1            
	Packet Len 256-1024:   2            
	Packet Len 1024-1500:  1            
	Packet Len > 1500:     0            
	nDPI throughput:       37.44 K pps / 66.56 Mb/sec
	Analysis begin:        01/Jan/1970 05:30:15
	Analysis end:          17/Jan/2017 22:40:25
	Traffic throughput:    0.00 pps / 0 b/sec
	Traffic duration:      1484673024.000 sec
	DPI Packets (TCP):     6             (6.00 pkts/flow)
	DPI Packets (UDP):     6             (2.00 pkts/flow)
	Confidence: DPI        4             (flows)


Detected protocols:
	DNS                  packets: 16            bytes: 3182          flows: 3            
	MDNS                 packets: 1             bytes: 371           flows: 1            


Protocol statistics:
	Acceptable           packets: 17            bytes: 3553          flows: 4            
