
-----------------------------------------------------------
* NOTE: This is demo app to show *some* nDPI features.
* In this demo we have implemented only some basic features
* just to show you what you can do with the library. Feel 
* free to extend it and send us the patches for inclusion
------------------------------------------------------------

Using nDPI (4.13.0-5225-2e7b75a) [1 thread(s)]
Using libgcrypt version 1.8.6internal
Reading packets from pcap file ./tests/cfgs/default/pcap/pinterest.pcap...
Running thread 0...

nDPI Memory statistics:
	nDPI Memory (once):      42.82 KB     
	Flow Memory (per flow):  1.15 KB      
	Actual Memory:           12.67 MB     
	Peak Memory:             12.67 MB     
	Setup Time:              21 msec
	Packet Processing Time:  3 msec

Traffic statistics:
	Ethernet bytes:        468159        (includes ethernet CRC/IFC/trailer)
	Discarded bytes:       0            
	IP packets:            911           of 911 packets total
	IP bytes:              446295        (avg pkt size 489 bytes)
	Unique flows:          37           
	TCP Packets:           911          
	UDP Packets:           0            
	VLAN Packets:          0            
	MPLS Packets:          0            
	PPPoE Packets:         0            
	Fragmented Packets:    0            
	Max Packet size:       12452        
	Packet Len < 64:       453          
	Packet Len 64-128:     91           
	Packet Len 128-256:    42           
	Packet Len 256-1024:   107          
	Packet Len 1024-1500:  207          
	Packet Len > 1500:     11           
	nDPI throughput:       251.24 K pps / 985.04 Mb/sec
	Analysis begin:        13/Nov/2020 23:18:30
	Analysis end:          13/Nov/2020 23:18:53
	Traffic throughput:    39.25 pps / 157.58 Kb/sec
	Traffic duration:      23.211 sec
	Guessed flow protos:   16           
	DPI Packets (TCP):     216           (5.84 pkts/flow)
	Confidence: Match by port 16            (flows)
	Confidence: DPI        21            (flows)


Detected protocols:
	TLS                  packets: 157           bytes: 68609         flows: 19           
	ADS_Analytic_Track   packets: 48            bytes: 23075         flows: 1            
	Facebook             packets: 84            bytes: 77604         flows: 2            
	Google               packets: 328           bytes: 150112        flows: 5            
	Pinterest            packets: 239           bytes: 115791        flows: 9            
	GoogleServices       packets: 55            bytes: 11104         flows: 1            


Protocol statistics:
	Safe                 packets: 157           bytes: 68609         flows: 19           
	Acceptable           packets: 383           bytes: 161216        flows: 6            
	Fun                  packets: 323           bytes: 193395        flows: 11           
	Tracker/Ads          packets: 48            bytes: 23075         flows: 1            
