
-----------------------------------------------------------
* NOTE: This is demo app to show *some* nDPI features.
* In this demo we have implemented only some basic features
* just to show you what you can do with the library. Feel 
* free to extend it and send us the patches for inclusion
------------------------------------------------------------

Using nDPI (4.13.0-5225-2e7b75a) [1 thread(s)]
Using libgcrypt version 1.8.6internal
Reading packets from pcap file ./tests/cfgs/default/pcap/pia.pcap...
Running thread 0...

nDPI Memory statistics:
	nDPI Memory (once):      42.82 KB     
	Flow Memory (per flow):  1.15 KB      
	Actual Memory:           11.06 MB     
	Peak Memory:             11.06 MB     
	Setup Time:              18 msec
	Packet Processing Time:  0 msec

Traffic statistics:
	Ethernet bytes:        4058          (includes ethernet CRC/IFC/trailer)
	Discarded bytes:       0            
	IP packets:            9             of 9 packets total
	IP bytes:              3842          (avg pkt size 426 bytes)
	Unique flows:          1            
	TCP Packets:           9            
	UDP Packets:           0            
	VLAN Packets:          0            
	MPLS Packets:          0            
	PPPoE Packets:         0            
	Fragmented Packets:    0            
	Max Packet size:       1480         
	Packet Len < 64:       5            
	Packet Len 64-128:     1            
	Packet Len 128-256:    0            
	Packet Len 256-1024:   1            
	Packet Len 1024-1500:  2            
	Packet Len > 1500:     0            
	nDPI throughput:       28.30 K pps / 97.36 Mb/sec
	Analysis begin:        19/Feb/2021 22:52:35
	Analysis end:          19/Feb/2021 22:52:35
	Traffic throughput:    241.20 pps / 849.65 Kb/sec
	Traffic duration:      0.037 sec
	DPI Packets (TCP):     7             (7.00 pkts/flow)
	Confidence: DPI        1             (flows)


Detected protocols:
	PrivateInternetAccess packets: 9             bytes: 3842          flows: 1            


Protocol statistics:
	Acceptable           packets: 9             bytes: 3842          flows: 1            

Risk stats [found 1 (100.0 %) flows with risks]:
	TLS (probably) Not Carrying HTTPS            1 [50.0 %]
	Missing SNI TLS Extn                         1 [50.0 %]

	NOTE: as one flow can have multiple risks set, the sum of the
	      last column can exceed the number of flows with risks.


