
-----------------------------------------------------------
* NOTE: This is demo app to show *some* nDPI features.
* In this demo we have implemented only some basic features
* just to show you what you can do with the library. Feel 
* free to extend it and send us the patches for inclusion
------------------------------------------------------------

Using nDPI (4.13.0-5225-2e7b75a) [1 thread(s)]
Using libgcrypt version 1.8.6internal
Reading packets from pcap file ./tests/cfgs/default/pcap/telegram_videocall_2.pcapng...
Running thread 0...

nDPI Memory statistics:
	nDPI Memory (once):      42.82 KB     
	Flow Memory (per flow):  1.15 KB      
	Actual Memory:           11.21 MB     
	Peak Memory:             11.21 MB     
	Setup Time:              18 msec
	Packet Processing Time:  0 msec

Traffic statistics:
	Ethernet bytes:        138825        (includes ethernet CRC/IFC/trailer)
	Discarded bytes:       0            
	IP packets:            315           of 315 packets total
	IP bytes:              131265        (avg pkt size 416 bytes)
	Unique flows:          8            
	TCP Packets:           0            
	UDP Packets:           315          
	VLAN Packets:          0            
	MPLS Packets:          0            
	PPPoE Packets:         0            
	Fragmented Packets:    0            
	Max Packet size:       1219         
	Packet Len < 64:       59           
	Packet Len 64-128:     68           
	Packet Len 128-256:    76           
	Packet Len 256-1024:   73           
	Packet Len 1024-1500:  39           
	Packet Len > 1500:     0            
	nDPI throughput:       550.70 K pps / 1.81 Gb/sec
	Analysis begin:        18/Nov/2024 21:48:50
	Analysis end:          18/Nov/2024 21:49:03
	Traffic throughput:    24.31 pps / 83.69 Kb/sec
	Traffic duration:      12.959 sec
	DPI Packets (UDP):     38            (4.75 pkts/flow)
	Confidence: DPI        8             (flows)


Detected protocols:
	MDNS                 packets: 2             bytes: 194           flows: 2            
	STUN                 packets: 8             bytes: 560           flows: 2            
	TelegramVoip         packets: 305           bytes: 130511        flows: 4            


Protocol statistics:
	Acceptable           packets: 315           bytes: 131265        flows: 8            

Risk stats [found 3 (37.5 %) flows with risks]:
	Known Proto on Non Std Port                  3 [60.0 %]
	Unidirectional Traffic                       2 [40.0 %]

	NOTE: as one flow can have multiple risks set, the sum of the
	      last column can exceed the number of flows with risks.


