
-----------------------------------------------------------
* NOTE: This is demo app to show *some* nDPI features.
* In this demo we have implemented only some basic features
* just to show you what you can do with the library. Feel 
* free to extend it and send us the patches for inclusion
------------------------------------------------------------

Using nDPI (4.13.0-5225-2e7b75a) [1 thread(s)]
Using libgcrypt version 1.8.6internal
Reading packets from pcap file ./tests/cfgs/default/pcap/quic-mvfst-exp.pcap...
Running thread 0...

nDPI Memory statistics:
	nDPI Memory (once):      42.82 KB     
	Flow Memory (per flow):  1.15 KB      
	Actual Memory:           11.08 MB     
	Peak Memory:             11.08 MB     
	Setup Time:              18 msec
	Packet Processing Time:  0 msec

Traffic statistics:
	Ethernet bytes:        27029         (includes ethernet CRC/IFC/trailer)
	Discarded bytes:       0            
	IP packets:            30            of 30 packets total
	IP bytes:              26309         (avg pkt size 876 bytes)
	Unique flows:          1            
	TCP Packets:           0            
	UDP Packets:           30           
	VLAN Packets:          0            
	MPLS Packets:          0            
	PPPoE Packets:         0            
	Fragmented Packets:    0            
	Max Packet size:       1240         
	Packet Len < 64:       7            
	Packet Len 64-128:     1            
	Packet Len 128-256:    0            
	Packet Len 256-1024:   4            
	Packet Len 1024-1500:  18           
	Packet Len > 1500:     0            
	nDPI throughput:       80.65 K pps / 554.34 Mb/sec
	Analysis begin:        17/Sep/2020 23:34:23
	Analysis end:          17/Sep/2020 23:34:23
	Traffic throughput:    190.10 pps / 1.31 Mb/sec
	Traffic duration:      0.158 sec
	DPI Packets (UDP):     1             (1.00 pkts/flow)
	Confidence: DPI        1             (flows)


Detected protocols:
	FbookReelStory       packets: 30            bytes: 26309         flows: 1            


Protocol statistics:
	Fun                  packets: 30            bytes: 26309         flows: 1            
