
-----------------------------------------------------------
* NOTE: This is demo app to show *some* nDPI features.
* In this demo we have implemented only some basic features
* just to show you what you can do with the library. Feel 
* free to extend it and send us the patches for inclusion
------------------------------------------------------------

Using nDPI (4.13.0-5225-2e7b75a) [1 thread(s)]
Using libgcrypt version 1.8.6internal
Reading packets from pcap file ./tests/cfgs/default/pcap/munin.pcap...
Running thread 0...

nDPI Memory statistics:
	nDPI Memory (once):      42.82 KB     
	Flow Memory (per flow):  1.15 KB      
	Actual Memory:           11.07 MB     
	Peak Memory:             11.07 MB     
	Setup Time:              21 msec
	Packet Processing Time:  0 msec

Traffic statistics:
	Ethernet bytes:        6862          (includes ethernet CRC/IFC/trailer)
	Discarded bytes:       0            
	IP packets:            60            of 60 packets total
	IP bytes:              5422          (avg pkt size 90 bytes)
	Unique flows:          4            
	TCP Packets:           60           
	UDP Packets:           0            
	VLAN Packets:          0            
	MPLS Packets:          0            
	PPPoE Packets:         0            
	Fragmented Packets:    0            
	Max Packet size:       315          
	Packet Len < 64:       55           
	Packet Len 64-128:     1            
	Packet Len 128-256:    3            
	Packet Len 256-1024:   1            
	Packet Len 1024-1500:  0            
	Packet Len > 1500:     0            
	nDPI throughput:       139.86 K pps / 122.03 Mb/sec
	Analysis begin:        20/Oct/2022 06:05:02
	Analysis end:          20/Oct/2022 19:30:02
	Traffic throughput:    0.00 pps / 1 b/sec
	Traffic duration:      48299.508 sec
	DPI Packets (TCP):     16            (4.00 pkts/flow)
	Confidence: DPI        4             (flows)


Detected protocols:
	Munin                packets: 60            bytes: 5422          flows: 4            


Protocol statistics:
	Acceptable           packets: 60            bytes: 5422          flows: 4            
