
-----------------------------------------------------------
* NOTE: This is demo app to show *some* nDPI features.
* In this demo we have implemented only some basic features
* just to show you what you can do with the library. Feel 
* free to extend it and send us the patches for inclusion
------------------------------------------------------------

Using nDPI (4.13.0-5225-2e7b75a) [1 thread(s)]
Using libgcrypt version 1.8.6internal
Reading packets from pcap file ./tests/cfgs/default/pcap/quic-mvfst-22.pcap...
Running thread 0...

nDPI Memory statistics:
	nDPI Memory (once):      42.82 KB     
	Flow Memory (per flow):  1.15 KB      
	Actual Memory:           11.33 MB     
	Peak Memory:             11.33 MB     
	Setup Time:              20 msec
	Packet Processing Time:  0 msec

Traffic statistics:
	Ethernet bytes:        300063        (includes ethernet CRC/IFC/trailer)
	Discarded bytes:       0            
	IP packets:            490           of 490 packets total
	IP bytes:              288303        (avg pkt size 588 bytes)
	Unique flows:          1            
	TCP Packets:           0            
	UDP Packets:           490          
	VLAN Packets:          0            
	MPLS Packets:          0            
	PPPoE Packets:         0            
	Fragmented Packets:    0            
	Max Packet size:       1260         
	Packet Len < 64:       207          
	Packet Len 64-128:     6            
	Packet Len 128-256:    6            
	Packet Len 256-1024:   106          
	Packet Len 1024-1500:  165          
	Packet Len > 1500:     0            
	nDPI throughput:       724.85 K pps / 3.31 Gb/sec
	Analysis begin:        01/Jan/1970 05:30:24
	Analysis end:          01/Jan/1970 05:32:19
	Traffic throughput:    4.25 pps / 20.35 Kb/sec
	Traffic duration:      115.212 sec
	DPI Packets (UDP):     1             (1.00 pkts/flow)
	Confidence: DPI        1             (flows)


Detected protocols:
	Facebook             packets: 490           bytes: 288303        flows: 1            


Protocol statistics:
	Fun                  packets: 490           bytes: 288303        flows: 1            
