
-----------------------------------------------------------
* NOTE: This is demo app to show *some* nDPI features.
* In this demo we have implemented only some basic features
* just to show you what you can do with the library. Feel 
* free to extend it and send us the patches for inclusion
------------------------------------------------------------

Using nDPI (4.13.0-5225-2e7b75a) [1 thread(s)]
Using libgcrypt version 1.8.6internal
Reading packets from pcap file ./tests/cfgs/default/pcap/chrome.pcap...
Running thread 0...

nDPI Memory statistics:
	nDPI Memory (once):      42.82 KB     
	Flow Memory (per flow):  1.15 KB      
	Actual Memory:           11.16 MB     
	Peak Memory:             11.16 MB     
	Setup Time:              17 msec
	Packet Processing Time:  0 msec

Traffic statistics:
	Ethernet bytes:        71179         (includes ethernet CRC/IFC/trailer)
	Discarded bytes:       0            
	IP packets:            127           of 127 packets total
	IP bytes:              68131         (avg pkt size 536 bytes)
	Unique flows:          6            
	TCP Packets:           127          
	UDP Packets:           0            
	VLAN Packets:          0            
	MPLS Packets:          0            
	PPPoE Packets:         0            
	Fragmented Packets:    0            
	Max Packet size:       1472         
	Packet Len < 64:       63           
	Packet Len 64-128:     6            
	Packet Len 128-256:    0            
	Packet Len 256-1024:   26           
	Packet Len 1024-1500:  32           
	Packet Len > 1500:     0            
	nDPI throughput:       167.33 K pps / 715.48 Mb/sec
	Analysis begin:        13/May/2021 16:11:47
	Analysis end:          13/May/2021 16:11:49
	Traffic throughput:    84.47 pps / 369.86 Kb/sec
	Traffic duration:      1.504 sec
	DPI Packets (TCP):     36            (6.00 pkts/flow)
	Confidence: DPI        6             (flows)


Detected protocols:
	TLS                  packets: 127           bytes: 68131         flows: 6            


Protocol statistics:
	Safe                 packets: 127           bytes: 68131         flows: 6            
