
-----------------------------------------------------------
* NOTE: This is demo app to show *some* nDPI features.
* In this demo we have implemented only some basic features
* just to show you what you can do with the library. Feel 
* free to extend it and send us the patches for inclusion
------------------------------------------------------------

Using nDPI (4.13.0-5225-2e7b75a) [1 thread(s)]
Using libgcrypt version 1.8.6internal
Reading packets from pcap file ./tests/cfgs/default/pcap/quic_frags_different_dcid.pcapng...
Running thread 0...

nDPI Memory statistics:
	nDPI Memory (once):      42.82 KB     
	Flow Memory (per flow):  1.15 KB      
	Actual Memory:           11.07 MB     
	Peak Memory:             11.07 MB     
	Setup Time:              20 msec
	Packet Processing Time:  0 msec

Traffic statistics:
	Ethernet bytes:        3898          (includes ethernet CRC/IFC/trailer)
	Discarded bytes:       0            
	IP packets:            3             of 3 packets total
	IP bytes:              3826          (avg pkt size 1275 bytes)
	Unique flows:          1            
	TCP Packets:           0            
	UDP Packets:           3            
	VLAN Packets:          0            
	MPLS Packets:          0            
	PPPoE Packets:         0            
	Fragmented Packets:    0            
	Max Packet size:       1258         
	Packet Len < 64:       0            
	Packet Len 64-128:     0            
	Packet Len 128-256:    0            
	Packet Len 256-1024:   0            
	Packet Len 1024-1500:  3            
	Packet Len > 1500:     0            
	nDPI throughput:       6.48 K pps / 64.23 Mb/sec
	Analysis begin:        21/Jan/2024 02:31:02
	Analysis end:          21/Jan/2024 02:31:02
	Traffic throughput:    11.74 pps / 119.22 Kb/sec
	Traffic duration:      0.255 sec
	DPI Packets (UDP):     3             (3.00 pkts/flow)
	Confidence: DPI        1             (flows)


Detected protocols:
	Cloudflare           packets: 3             bytes: 3826          flows: 1            


Protocol statistics:
	Acceptable           packets: 3             bytes: 3826          flows: 1            
