
-----------------------------------------------------------
* NOTE: This is demo app to show *some* nDPI features.
* In this demo we have implemented only some basic features
* just to show you what you can do with the library. Feel 
* free to extend it and send us the patches for inclusion
------------------------------------------------------------

Using nDPI (4.13.0-5225-2e7b75a) [1 thread(s)]
Using libgcrypt version 1.8.6internal
Reading packets from pcap file ./tests/cfgs/default/pcap/dns_multiple_transactions_same_flow.pcap...
Running thread 0...

nDPI Memory statistics:
	nDPI Memory (once):      42.82 KB     
	Flow Memory (per flow):  1.15 KB      
	Actual Memory:           11.06 MB     
	Peak Memory:             11.06 MB     
	Setup Time:              18 msec
	Packet Processing Time:  0 msec

Traffic statistics:
	Ethernet bytes:        12889         (includes ethernet CRC/IFC/trailer)
	Discarded bytes:       0            
	IP packets:            80            of 80 packets total
	IP bytes:              10969         (avg pkt size 137 bytes)
	Unique flows:          1            
	TCP Packets:           0            
	UDP Packets:           80           
	VLAN Packets:          0            
	MPLS Packets:          0            
	PPPoE Packets:         0            
	Fragmented Packets:    0            
	Max Packet size:       322          
	Packet Len < 64:       50           
	Packet Len 64-128:     10           
	Packet Len 128-256:    9            
	Packet Len 256-1024:   11           
	Packet Len 1024-1500:  0            
	Packet Len > 1500:     0            
	nDPI throughput:       243.16 K pps / 298.89 Mb/sec
	Analysis begin:        01/Jan/1970 05:30:30
	Analysis end:          01/Jan/1970 05:37:14
	Traffic throughput:    0.20 pps / 255 b/sec
	Traffic duration:      403.665 sec
	DPI Packets (UDP):     2             (2.00 pkts/flow)
	Confidence: DPI        1             (flows)


Detected protocols:
	DNS                  packets: 80            bytes: 10969         flows: 1            


Protocol statistics:
	Acceptable           packets: 80            bytes: 10969         flows: 1            
