
-----------------------------------------------------------
* NOTE: This is demo app to show *some* nDPI features.
* In this demo we have implemented only some basic features
* just to show you what you can do with the library. Feel 
* free to extend it and send us the patches for inclusion
------------------------------------------------------------

Using nDPI (4.13.0-5225-2e7b75a) [1 thread(s)]
Using libgcrypt version 1.8.6internal
Reading packets from pcap file ./tests/cfgs/default/pcap/hpvirtgrp.pcap...
Running thread 0...

nDPI Memory statistics:
	nDPI Memory (once):      42.82 KB     
	Flow Memory (per flow):  1.15 KB      
	Actual Memory:           11.12 MB     
	Peak Memory:             11.12 MB     
	Setup Time:              21 msec
	Packet Processing Time:  0 msec

Traffic statistics:
	Ethernet bytes:        15979         (includes ethernet CRC/IFC/trailer)
	Discarded bytes:       0            
	IP packets:            135           of 135 packets total
	IP bytes:              12739         (avg pkt size 94 bytes)
	Unique flows:          9            
	TCP Packets:           135          
	UDP Packets:           0            
	VLAN Packets:          0            
	MPLS Packets:          0            
	PPPoE Packets:         0            
	Fragmented Packets:    0            
	Max Packet size:       183          
	Packet Len < 64:       104          
	Packet Len 64-128:     9            
	Packet Len 128-256:    22           
	Packet Len 256-1024:   0            
	Packet Len 1024-1500:  0            
	Packet Len > 1500:     0            
	nDPI throughput:       237.68 K pps / 214.63 Mb/sec
	Analysis begin:        04/Mar/2021 15:35:31
	Analysis end:          05/Mar/2021 04:22:04
	Traffic throughput:    0.00 pps / 2 b/sec
	Traffic duration:      45992.918 sec
	DPI Packets (TCP):     37            (4.11 pkts/flow)
	Confidence: DPI        9             (flows)


Detected protocols:
	HP_VIRTGRP           packets: 135           bytes: 12739         flows: 9            


Protocol statistics:
	Acceptable           packets: 135           bytes: 12739         flows: 9            
