
-----------------------------------------------------------
* NOTE: This is demo app to show *some* nDPI features.
* In this demo we have implemented only some basic features
* just to show you what you can do with the library. Feel 
* free to extend it and send us the patches for inclusion
------------------------------------------------------------

Using nDPI (4.13.0-5225-2e7b75a) [1 thread(s)]
Using libgcrypt version 1.8.6internal
Reading packets from pcap file ./tests/cfgs/default/pcap/pptp.pcap...
Running thread 0...

nDPI Memory statistics:
	nDPI Memory (once):      42.82 KB     
	Flow Memory (per flow):  1.15 KB      
	Actual Memory:           11.05 MB     
	Peak Memory:             11.05 MB     
	Setup Time:              18 msec
	Packet Processing Time:  0 msec

Traffic statistics:
	Ethernet bytes:        2904          (includes ethernet CRC/IFC/trailer)
	Discarded bytes:       0            
	IP packets:            24            of 24 packets total
	IP bytes:              2328          (avg pkt size 97 bytes)
	Unique flows:          1            
	TCP Packets:           24           
	UDP Packets:           0            
	VLAN Packets:          0            
	MPLS Packets:          0            
	PPPoE Packets:         0            
	Fragmented Packets:    0            
	Max Packet size:       200          
	Packet Len < 64:       19           
	Packet Len 64-128:     1            
	Packet Len 128-256:    4            
	Packet Len 256-1024:   0            
	Packet Len 1024-1500:  0            
	Packet Len > 1500:     0            
	nDPI throughput:       93.75 K pps / 86.55 Mb/sec
	Analysis begin:        04/Jan/2016 13:48:51
	Analysis end:          04/Jan/2016 13:48:56
	Traffic throughput:    4.42 pps / 4.18 Kb/sec
	Traffic duration:      5.432 sec
	DPI Packets (TCP):     4             (4.00 pkts/flow)
	Confidence: DPI        1             (flows)


Detected protocols:
	PPTP                 packets: 24            bytes: 2328          flows: 1            


Protocol statistics:
	Acceptable           packets: 24            bytes: 2328          flows: 1            
