
-----------------------------------------------------------
* NOTE: This is demo app to show *some* nDPI features.
* In this demo we have implemented only some basic features
* just to show you what you can do with the library. Feel 
* free to extend it and send us the patches for inclusion
------------------------------------------------------------

Using nDPI (4.13.0-5225-2e7b75a) [1 thread(s)]
Using libgcrypt version 1.8.6internal
Reading packets from pcap file ./tests/cfgs/default/pcap/dnscrypt-v1-and-resolver-pings.pcap...
Running thread 0...

nDPI Memory statistics:
	nDPI Memory (once):      42.82 KB     
	Flow Memory (per flow):  1.15 KB      
	Actual Memory:           12.77 MB     
	Peak Memory:             12.77 MB     
	Setup Time:              18 msec
	Packet Processing Time:  3 msec

Traffic statistics:
	Ethernet bytes:        321274        (includes ethernet CRC/IFC/trailer)
	Discarded bytes:       11280        
	IP packets:            488           of 608 packets total
	IP bytes:              309562        (avg pkt size 509 bytes)
	Unique flows:          245          
	TCP Packets:           0            
	UDP Packets:           488          
	VLAN Packets:          0            
	MPLS Packets:          0            
	PPPoE Packets:         0            
	Fragmented Packets:    120          
	Max Packet size:       1480         
	Packet Len < 64:       6            
	Packet Len 64-128:     0            
	Packet Len 128-256:    221          
	Packet Len 256-1024:   141          
	Packet Len 1024-1500:  120          
	Packet Len > 1500:     0            
	nDPI throughput:       126.36 K pps / 634.68 Mb/sec
	Analysis begin:        01/Jan/2000 19:38:25
	Analysis end:          01/Jan/2000 20:47:41
	Traffic throughput:    0.12 pps / 618 b/sec
	Traffic duration:      4156.150 sec
	DPI Packets (UDP):     256           (1.04 pkts/flow)
	Confidence: DPI        245           (flows)


Detected protocols:
	DNScrypt             packets: 488           bytes: 309562        flows: 245          


Protocol statistics:
	Acceptable           packets: 488           bytes: 309562        flows: 245          

Risk stats [found 14 (5.7 %) flows with risks]:
	Unidirectional Traffic                      14 [100.0 %]

	NOTE: as one flow can have multiple risks set, the sum of the
	      last column can exceed the number of flows with risks.


