
-----------------------------------------------------------
* NOTE: This is demo app to show *some* nDPI features.
* In this demo we have implemented only some basic features
* just to show you what you can do with the library. Feel 
* free to extend it and send us the patches for inclusion
------------------------------------------------------------

Using nDPI (4.13.0-5225-2e7b75a) [1 thread(s)]
Using libgcrypt version 1.8.6internal
Reading packets from pcap file ./tests/cfgs/default/pcap/syncthing.pcap...
Running thread 0...

nDPI Memory statistics:
	nDPI Memory (once):      42.82 KB     
	Flow Memory (per flow):  1.15 KB      
	Actual Memory:           11.08 MB     
	Peak Memory:             11.08 MB     
	Setup Time:              18 msec
	Packet Processing Time:  0 msec

Traffic statistics:
	Ethernet bytes:        16496         (includes ethernet CRC/IFC/trailer)
	Discarded bytes:       0            
	IP packets:            34            of 34 packets total
	IP bytes:              15680         (avg pkt size 461 bytes)
	Unique flows:          4            
	TCP Packets:           0            
	UDP Packets:           34           
	VLAN Packets:          0            
	MPLS Packets:          0            
	PPPoE Packets:         0            
	Fragmented Packets:    0            
	Max Packet size:       476          
	Packet Len < 64:       0            
	Packet Len 64-128:     0            
	Packet Len 128-256:    8            
	Packet Len 256-1024:   26           
	Packet Len 1024-1500:  0            
	Packet Len > 1500:     0            
	nDPI throughput:       86.73 K pps / 321.06 Mb/sec
	Analysis begin:        13/Sep/2022 14:13:30
	Analysis end:          13/Sep/2022 14:21:07
	Traffic throughput:    0.07 pps / 289 b/sec
	Traffic duration:      456.357 sec
	DPI Packets (UDP):     4             (1.00 pkts/flow)
	Confidence: DPI        4             (flows)


Detected protocols:
	Syncthing            packets: 34            bytes: 15680         flows: 4            


Protocol statistics:
	Fun                  packets: 34            bytes: 15680         flows: 4            
