
-----------------------------------------------------------
* NOTE: This is demo app to show *some* nDPI features.
* In this demo we have implemented only some basic features
* just to show you what you can do with the library. Feel 
* free to extend it and send us the patches for inclusion
------------------------------------------------------------

Using nDPI (4.13.0-5225-2e7b75a) [1 thread(s)]
Using libgcrypt version 1.8.6internal
Reading packets from pcap file ./tests/cfgs/default/pcap/hots.pcapng...
Running thread 0...

nDPI Memory statistics:
	nDPI Memory (once):      42.82 KB     
	Flow Memory (per flow):  1.15 KB      
	Actual Memory:           11.07 MB     
	Peak Memory:             11.07 MB     
	Setup Time:              21 msec
	Packet Processing Time:  0 msec

Traffic statistics:
	Ethernet bytes:        12545         (includes ethernet CRC/IFC/trailer)
	Discarded bytes:       0            
	IP packets:            100           of 100 packets total
	IP bytes:              10145         (avg pkt size 101 bytes)
	Unique flows:          3            
	TCP Packets:           0            
	UDP Packets:           100          
	VLAN Packets:          0            
	MPLS Packets:          0            
	PPPoE Packets:         0            
	Fragmented Packets:    0            
	Max Packet size:       130          
	Packet Len < 64:       45           
	Packet Len 64-128:     52           
	Packet Len 128-256:    3            
	Packet Len 256-1024:   0            
	Packet Len 1024-1500:  0            
	Packet Len > 1500:     0            
	nDPI throughput:       250.00 K pps / 239.28 Mb/sec
	Analysis begin:        08/Jun/2022 03:05:18
	Analysis end:          09/Jun/2022 20:05:19
	Traffic throughput:    0.00 pps / 0 b/sec
	Traffic duration:      147600.203 sec
	DPI Packets (UDP):     3             (1.00 pkts/flow)
	Confidence: DPI        3             (flows)


Detected protocols:
	Heroes_of_the_Storm  packets: 100           bytes: 10145         flows: 3            


Protocol statistics:
	Fun                  packets: 100           bytes: 10145         flows: 3            

Risk stats [found 2 (66.7 %) flows with risks]:
	Unidirectional Traffic                       2 [100.0 %]

	NOTE: as one flow can have multiple risks set, the sum of the
	      last column can exceed the number of flows with risks.


