
-----------------------------------------------------------
* NOTE: This is demo app to show *some* nDPI features.
* In this demo we have implemented only some basic features
* just to show you what you can do with the library. Feel 
* free to extend it and send us the patches for inclusion
------------------------------------------------------------

Using nDPI (4.13.0-5225-2e7b75a) [1 thread(s)]
Using libgcrypt version 1.8.6internal
Reading packets from pcap file ./tests/cfgs/default/pcap/ssh_unidirectional.pcap...
Running thread 0...

nDPI Memory statistics:
	nDPI Memory (once):      42.82 KB     
	Flow Memory (per flow):  1.15 KB      
	Actual Memory:           11.05 MB     
	Peak Memory:             11.05 MB     
	Setup Time:              20 msec
	Packet Processing Time:  0 msec

Traffic statistics:
	Ethernet bytes:        1250          (includes ethernet CRC/IFC/trailer)
	Discarded bytes:       0            
	IP packets:            13            of 13 packets total
	IP bytes:              938           (avg pkt size 72 bytes)
	Unique flows:          1            
	TCP Packets:           13           
	UDP Packets:           0            
	VLAN Packets:          0            
	MPLS Packets:          0            
	PPPoE Packets:         0            
	Fragmented Packets:    0            
	Max Packet size:       71           
	Packet Len < 64:       12           
	Packet Len 64-128:     1            
	Packet Len 128-256:    0            
	Packet Len 256-1024:   0            
	Packet Len 1024-1500:  0            
	Packet Len > 1500:     0            
	nDPI throughput:       46.43 K pps / 34.06 Mb/sec
	Analysis begin:        22/May/2024 20:38:58
	Analysis end:          22/May/2024 20:38:58
	Traffic throughput:    23.62 pps / 17.74 Kb/sec
	Traffic duration:      0.550 sec
	DPI Packets (TCP):     13            (13.00 pkts/flow)
	Confidence: DPI        1             (flows)


Detected protocols:
	SSH                  packets: 13            bytes: 938           flows: 1            


Protocol statistics:
	Acceptable           packets: 13            bytes: 938           flows: 1            
