
-----------------------------------------------------------
* NOTE: This is demo app to show *some* nDPI features.
* In this demo we have implemented only some basic features
* just to show you what you can do with the library. Feel 
* free to extend it and send us the patches for inclusion
------------------------------------------------------------

Using nDPI (4.13.0-5225-2e7b75a) [1 thread(s)]
Using libgcrypt version 1.8.6internal
Reading packets from pcap file ./tests/cfgs/default/pcap/youtube_quic.pcap...
Running thread 0...

nDPI Memory statistics:
	nDPI Memory (once):      42.82 KB     
	Flow Memory (per flow):  1.15 KB      
	Actual Memory:           11.24 MB     
	Peak Memory:             11.24 MB     
	Setup Time:              19 msec
	Packet Processing Time:  0 msec

Traffic statistics:
	Ethernet bytes:        198575        (includes ethernet CRC/IFC/trailer)
	Discarded bytes:       0            
	IP packets:            289           of 289 packets total
	IP bytes:              191639        (avg pkt size 663 bytes)
	Unique flows:          3            
	TCP Packets:           0            
	UDP Packets:           289          
	VLAN Packets:          0            
	MPLS Packets:          0            
	PPPoE Packets:         0            
	Fragmented Packets:    0            
	Max Packet size:       1358         
	Packet Len < 64:       87           
	Packet Len 64-128:     9            
	Packet Len 128-256:    49           
	Packet Len 256-1024:   33           
	Packet Len 1024-1500:  111          
	Packet Len > 1500:     0            
	nDPI throughput:       408.19 K pps / 2.09 Gb/sec
	Analysis begin:        13/Mar/2017 05:40:23
	Analysis end:          13/Mar/2017 05:40:26
	Traffic throughput:    85.11 pps / 456.90 Kb/sec
	Traffic duration:      3.395 sec
	DPI Packets (UDP):     3             (1.00 pkts/flow)
	Confidence: DPI        3             (flows)


Detected protocols:
	YouTube              packets: 258           bytes: 178495        flows: 1            
	Google               packets: 31            bytes: 13144         flows: 2            


Protocol statistics:
	Acceptable           packets: 31            bytes: 13144         flows: 2            
	Fun                  packets: 258           bytes: 178495        flows: 1            
