
-----------------------------------------------------------
* NOTE: This is demo app to show *some* nDPI features.
* In this demo we have implemented only some basic features
* just to show you what you can do with the library. Feel 
* free to extend it and send us the patches for inclusion
------------------------------------------------------------

Using nDPI (4.13.0-5225-2e7b75a) [1 thread(s)]
Using libgcrypt version 1.8.6internal
Reading packets from pcap file ./tests/cfgs/default/pcap/dlep.pcapng...
Running thread 0...

nDPI Memory statistics:
	nDPI Memory (once):      42.82 KB     
	Flow Memory (per flow):  1.15 KB      
	Actual Memory:           11.06 MB     
	Peak Memory:             11.06 MB     
	Setup Time:              18 msec
	Packet Processing Time:  0 msec

Traffic statistics:
	Ethernet bytes:        563           (includes ethernet CRC/IFC/trailer)
	Discarded bytes:       0            
	IP packets:            4             of 4 packets total
	IP bytes:              467           (avg pkt size 116 bytes)
	Unique flows:          3            
	TCP Packets:           2            
	UDP Packets:           2            
	VLAN Packets:          0            
	MPLS Packets:          0            
	PPPoE Packets:         0            
	Fragmented Packets:    0            
	Max Packet size:       177          
	Packet Len < 64:       2            
	Packet Len 64-128:     1            
	Packet Len 128-256:    1            
	Packet Len 256-1024:   0            
	Packet Len 1024-1500:  0            
	Packet Len > 1500:     0            
	nDPI throughput:       13.33 K pps / 14.32 Mb/sec
	Analysis begin:        13/Aug/2019 20:42:00
	Analysis end:          13/Aug/2019 20:42:00
	Traffic throughput:    496.89 pps / 546.39 Kb/sec
	Traffic duration:      0.008 sec
	DPI Packets (TCP):     1             (1.00 pkts/flow)
	DPI Packets (UDP):     2             (1.00 pkts/flow)
	Confidence: DPI        3             (flows)


Detected protocols:
	DLEP                 packets: 4             bytes: 467           flows: 3            


Protocol statistics:
	Acceptable           packets: 4             bytes: 467           flows: 3            

Risk stats [found 1 (33.3 %) flows with risks]:
	Unidirectional Traffic                       1 [100.0 %]

	NOTE: as one flow can have multiple risks set, the sum of the
	      last column can exceed the number of flows with risks.


