
-----------------------------------------------------------
* NOTE: This is demo app to show *some* nDPI features.
* In this demo we have implemented only some basic features
* just to show you what you can do with the library. Feel 
* free to extend it and send us the patches for inclusion
------------------------------------------------------------

Using nDPI (4.13.0-5225-2e7b75a) [1 thread(s)]
Using libgcrypt version 1.8.6internal
Reading packets from pcap file ./tests/cfgs/default/pcap/bitcoin.pcap...
Running thread 0...

nDPI Memory statistics:
	nDPI Memory (once):      42.82 KB     
	Flow Memory (per flow):  1.15 KB      
	Actual Memory:           11.48 MB     
	Peak Memory:             11.48 MB     
	Setup Time:              18 msec
	Packet Processing Time:  0 msec

Traffic statistics:
	Ethernet bytes:        439240        (includes ethernet CRC/IFC/trailer)
	Discarded bytes:       0            
	IP packets:            529           of 529 packets total
	IP bytes:              426544        (avg pkt size 806 bytes)
	Unique flows:          6            
	TCP Packets:           529          
	UDP Packets:           0            
	VLAN Packets:          0            
	MPLS Packets:          0            
	PPPoE Packets:         0            
	Fragmented Packets:    0            
	Max Packet size:       1480         
	Packet Len < 64:       6            
	Packet Len 64-128:     204          
	Packet Len 128-256:    30           
	Packet Len 256-1024:   43           
	Packet Len 1024-1500:  246          
	Packet Len > 1500:     0            
	nDPI throughput:       946.33 K pps / 5.85 Gb/sec
	Analysis begin:        28/Mar/2011 21:28:57
	Analysis end:          28/Mar/2011 22:00:10
	Traffic throughput:    0.28 pps / 1.83 Kb/sec
	Traffic duration:      1873.115 sec
	DPI Packets (TCP):     6             (1.00 pkts/flow)
	Confidence: DPI        6             (flows)


Detected protocols:
	BITCOIN              packets: 529           bytes: 426544        flows: 6            


Protocol statistics:
	Acceptable           packets: 529           bytes: 426544        flows: 6            
