
-----------------------------------------------------------
* NOTE: This is demo app to show *some* nDPI features.
* In this demo we have implemented only some basic features
* just to show you what you can do with the library. Feel 
* free to extend it and send us the patches for inclusion
------------------------------------------------------------

Using nDPI (4.13.0-5225-2e7b75a) [1 thread(s)]
Using libgcrypt version 1.8.6internal
Reading packets from pcap file ./tests/cfgs/default/pcap/ptpv2.pcap...
Running thread 0...

nDPI Memory statistics:
	nDPI Memory (once):      42.82 KB     
	Flow Memory (per flow):  1.15 KB      
	Actual Memory:           11.06 MB     
	Peak Memory:             11.06 MB     
	Setup Time:              20 msec
	Packet Processing Time:  0 msec

Traffic statistics:
	Ethernet bytes:        2000          (includes ethernet CRC/IFC/trailer)
	Discarded bytes:       0            
	IP packets:            14            of 14 packets total
	IP bytes:              1664          (avg pkt size 118 bytes)
	Unique flows:          3            
	TCP Packets:           0            
	UDP Packets:           14           
	VLAN Packets:          0            
	MPLS Packets:          0            
	PPPoE Packets:         0            
	Fragmented Packets:    0            
	Max Packet size:       74           
	Packet Len < 64:       1            
	Packet Len 64-128:     13           
	Packet Len 128-256:    0            
	Packet Len 256-1024:   0            
	Packet Len 1024-1500:  0            
	Packet Len > 1500:     0            
	nDPI throughput:       43.34 K pps / 47.24 Mb/sec
	Analysis begin:        17/Sep/2011 00:13:50
	Analysis end:          17/Sep/2011 00:13:51
	Traffic throughput:    36.27 pps / 40.48 Kb/sec
	Traffic duration:      0.386 sec
	DPI Packets (UDP):     3             (1.00 pkts/flow)
	Confidence: DPI        3             (flows)


Detected protocols:
	PTPv2                packets: 14            bytes: 1664          flows: 3            


Protocol statistics:
	Acceptable           packets: 14            bytes: 1664          flows: 3            

Risk stats [found 1 (33.3 %) flows with risks]:
	Unidirectional Traffic                       1 [100.0 %]

	NOTE: as one flow can have multiple risks set, the sum of the
	      last column can exceed the number of flows with risks.


