
-----------------------------------------------------------
* NOTE: This is demo app to show *some* nDPI features.
* In this demo we have implemented only some basic features
* just to show you what you can do with the library. Feel 
* free to extend it and send us the patches for inclusion
------------------------------------------------------------

Using nDPI (4.13.0-5225-2e7b75a) [1 thread(s)]
Using libgcrypt version 1.8.6internal
Reading packets from pcap file ./tests/cfgs/default/pcap/openvpn_nohmac.pcapng...
Running thread 0...

nDPI Memory statistics:
	nDPI Memory (once):      42.82 KB     
	Flow Memory (per flow):  1.15 KB      
	Actual Memory:           11.34 MB     
	Peak Memory:             11.34 MB     
	Setup Time:              18 msec
	Packet Processing Time:  0 msec

Traffic statistics:
	Ethernet bytes:        326587        (includes ethernet CRC/IFC/trailer)
	Discarded bytes:       0            
	IP packets:            944           of 944 packets total
	IP bytes:              303931        (avg pkt size 321 bytes)
	Unique flows:          1            
	TCP Packets:           0            
	UDP Packets:           944          
	VLAN Packets:          0            
	MPLS Packets:          0            
	PPPoE Packets:         0            
	Fragmented Packets:    0            
	Max Packet size:       1456         
	Packet Len < 64:       50           
	Packet Len 64-128:     396          
	Packet Len 128-256:    321          
	Packet Len 256-1024:   70           
	Packet Len 1024-1500:  107          
	Packet Len > 1500:     0            
	nDPI throughput:       1.49 M pps / 3.83 Gb/sec
	Analysis begin:        10/Dec/2017 01:08:23
	Analysis end:          10/Dec/2017 01:09:36
	Traffic throughput:    12.89 pps / 34.83 Kb/sec
	Traffic duration:      73.247 sec
	DPI Packets (UDP):     2             (2.00 pkts/flow)
	Confidence: DPI        1             (flows)


Detected protocols:
	OpenVPN              packets: 944           bytes: 303931        flows: 1            


Protocol statistics:
	Acceptable           packets: 944           bytes: 303931        flows: 1            
