
-----------------------------------------------------------
* NOTE: This is demo app to show *some* nDPI features.
* In this demo we have implemented only some basic features
* just to show you what you can do with the library. Feel 
* free to extend it and send us the patches for inclusion
------------------------------------------------------------

Using nDPI (4.13.0-5225-2e7b75a) [1 thread(s)]
Using libgcrypt version 1.8.6internal
Reading packets from pcap file ./tests/cfgs/default/pcap/mikrotik_mndp.pcap...
Running thread 0...

nDPI Memory statistics:
	nDPI Memory (once):      42.82 KB     
	Flow Memory (per flow):  1.15 KB      
	Actual Memory:           11.06 MB     
	Peak Memory:             11.06 MB     
	Setup Time:              21 msec
	Packet Processing Time:  0 msec

Traffic statistics:
	Ethernet bytes:        673           (includes ethernet CRC/IFC/trailer)
	Discarded bytes:       0            
	IP packets:            3             of 3 packets total
	IP bytes:              601           (avg pkt size 200 bytes)
	Unique flows:          3            
	TCP Packets:           0            
	UDP Packets:           3            
	VLAN Packets:          0            
	MPLS Packets:          0            
	PPPoE Packets:         0            
	Fragmented Packets:    0            
	Max Packet size:       185          
	Packet Len < 64:       0            
	Packet Len 64-128:     0            
	Packet Len 128-256:    3            
	Packet Len 256-1024:   0            
	Packet Len 1024-1500:  0            
	Packet Len > 1500:     0            
	nDPI throughput:       8.52 K pps / 14.59 Mb/sec
	Analysis begin:        02/Aug/2016 07:49:50
	Analysis end:          14/Nov/2024 19:37:21
	Traffic throughput:    0.00 pps / 0 b/sec
	Traffic duration:      261488848.000 sec
	DPI Packets (UDP):     3             (1.00 pkts/flow)
	Confidence: DPI        3             (flows)


Detected protocols:
	Mikrotik             packets: 3             bytes: 601           flows: 3            


Protocol statistics:
	Acceptable           packets: 3             bytes: 601           flows: 3            
