
-----------------------------------------------------------
* NOTE: This is demo app to show *some* nDPI features.
* In this demo we have implemented only some basic features
* just to show you what you can do with the library. Feel 
* free to extend it and send us the patches for inclusion
------------------------------------------------------------

Using nDPI (4.13.0-5225-2e7b75a) [1 thread(s)]
Using libgcrypt version 1.8.6internal
Reading packets from pcap file ./tests/cfgs/default/pcap/signal_audiocall.pcapng...
Running thread 0...

nDPI Memory statistics:
	nDPI Memory (once):      42.82 KB     
	Flow Memory (per flow):  1.15 KB      
	Actual Memory:           11.11 MB     
	Peak Memory:             11.11 MB     
	Setup Time:              17 msec
	Packet Processing Time:  0 msec

Traffic statistics:
	Ethernet bytes:        56990         (includes ethernet CRC/IFC/trailer)
	Discarded bytes:       0            
	IP packets:            268           of 268 packets total
	IP bytes:              50558         (avg pkt size 188 bytes)
	Unique flows:          4            
	TCP Packets:           0            
	UDP Packets:           268          
	VLAN Packets:          0            
	MPLS Packets:          0            
	PPPoE Packets:         0            
	Fragmented Packets:    0            
	Max Packet size:       303          
	Packet Len < 64:       49           
	Packet Len 64-128:     104          
	Packet Len 128-256:    18           
	Packet Len 256-1024:   97           
	Packet Len 1024-1500:  0            
	Packet Len > 1500:     0            
	nDPI throughput:       548.06 K pps / 889.16 Mb/sec
	Analysis begin:        19/Nov/2024 19:20:52
	Analysis end:          19/Nov/2024 19:21:11
	Traffic throughput:    14.03 pps / 23.31 Kb/sec
	Traffic duration:      19.098 sec
	DPI Packets (UDP):     28            (7.00 pkts/flow)
	Confidence: DPI (cache) 3             (flows)
	Confidence: DPI        1             (flows)


Detected protocols:
	SignalVoip           packets: 268           bytes: 50558         flows: 4            


Protocol statistics:
	Acceptable           packets: 268           bytes: 50558         flows: 4            

Risk stats [found 2 (50.0 %) flows with risks]:
	Known Proto on Non Std Port                  2 [100.0 %]

	NOTE: as one flow can have multiple risks set, the sum of the
	      last column can exceed the number of flows with risks.


