
-----------------------------------------------------------
* NOTE: This is demo app to show *some* nDPI features.
* In this demo we have implemented only some basic features
* just to show you what you can do with the library. Feel 
* free to extend it and send us the patches for inclusion
------------------------------------------------------------

Using nDPI (4.13.0-5225-2e7b75a) [1 thread(s)]
Using libgcrypt version 1.8.6internal
Reading packets from pcap file ./tests/cfgs/default/pcap/youtubeupload.pcap...
Running thread 0...

nDPI Memory statistics:
	nDPI Memory (once):      42.82 KB     
	Flow Memory (per flow):  1.15 KB      
	Actual Memory:           11.19 MB     
	Peak Memory:             11.19 MB     
	Setup Time:              20 msec
	Packet Processing Time:  0 msec

Traffic statistics:
	Ethernet bytes:        130326        (includes ethernet CRC/IFC/trailer)
	Discarded bytes:       0            
	IP packets:            137           of 137 packets total
	IP bytes:              127038        (avg pkt size 927 bytes)
	Unique flows:          3            
	TCP Packets:           13           
	UDP Packets:           124          
	VLAN Packets:          0            
	MPLS Packets:          0            
	PPPoE Packets:         0            
	Fragmented Packets:    0            
	Max Packet size:       1450         
	Packet Len < 64:       39           
	Packet Len 64-128:     4            
	Packet Len 128-256:    1            
	Packet Len 256-1024:   6            
	Packet Len 1024-1500:  87           
	Packet Len > 1500:     0            
	nDPI throughput:       239.51 K pps / 1.70 Gb/sec
	Analysis begin:        19/Nov/2017 20:12:56
	Analysis end:          19/Nov/2017 20:13:14
	Traffic throughput:    7.55 pps / 56.12 Kb/sec
	Traffic duration:      18.143 sec
	DPI Packets (TCP):     8             (8.00 pkts/flow)
	DPI Packets (UDP):     2             (1.00 pkts/flow)
	Confidence: DPI        3             (flows)


Detected protocols:
	YouTubeUpload        packets: 137           bytes: 127038        flows: 3            


Protocol statistics:
	Fun                  packets: 137           bytes: 127038        flows: 3            
