
-----------------------------------------------------------
* NOTE: This is demo app to show *some* nDPI features.
* In this demo we have implemented only some basic features
* just to show you what you can do with the library. Feel 
* free to extend it and send us the patches for inclusion
------------------------------------------------------------

Using nDPI (4.13.0-5225-2e7b75a) [1 thread(s)]
Using libgcrypt version 1.8.6internal
Reading packets from pcap file ./tests/cfgs/default/pcap/socks.pcap...
Running thread 0...

nDPI Memory statistics:
	nDPI Memory (once):      42.82 KB     
	Flow Memory (per flow):  1.15 KB      
	Actual Memory:           11.08 MB     
	Peak Memory:             11.08 MB     
	Setup Time:              18 msec
	Packet Processing Time:  0 msec

Traffic statistics:
	Ethernet bytes:        11999         (includes ethernet CRC/IFC/trailer)
	Discarded bytes:       0            
	IP packets:            60            of 60 packets total
	IP bytes:              10559         (avg pkt size 175 bytes)
	Unique flows:          4            
	TCP Packets:           60           
	UDP Packets:           0            
	VLAN Packets:          0            
	MPLS Packets:          0            
	PPPoE Packets:         0            
	Fragmented Packets:    0            
	Max Packet size:       1480         
	Packet Len < 64:       49           
	Packet Len 64-128:     0            
	Packet Len 128-256:    6            
	Packet Len 256-1024:   2            
	Packet Len 1024-1500:  3            
	Packet Len > 1500:     0            
	nDPI throughput:       133.33 K pps / 203.43 Mb/sec
	Analysis begin:        26/Nov/2013 19:28:14
	Analysis end:          02/Dec/2013 22:41:57
	Traffic throughput:    0.00 pps / 0 b/sec
	Traffic duration:      530023.500 sec
	DPI Packets (TCP):     23            (5.75 pkts/flow)
	Confidence: DPI        4             (flows)


Detected protocols:
	SOCKS                packets: 60            bytes: 10559         flows: 4            


Protocol statistics:
	Acceptable           packets: 60            bytes: 10559         flows: 4            

Risk stats [found 1 (25.0 %) flows with risks]:
	Known Proto on Non Std Port                  1 [100.0 %]

	NOTE: as one flow can have multiple risks set, the sum of the
	      last column can exceed the number of flows with risks.


