
-----------------------------------------------------------
* NOTE: This is demo app to show *some* nDPI features.
* In this demo we have implemented only some basic features
* just to show you what you can do with the library. Feel 
* free to extend it and send us the patches for inclusion
------------------------------------------------------------

Using nDPI (4.13.0-5225-2e7b75a) [1 thread(s)]
Using libgcrypt version 1.8.6internal
Reading packets from pcap file ./tests/cfgs/default/pcap/quic_t50.pcap...
Running thread 0...

nDPI Memory statistics:
	nDPI Memory (once):      42.82 KB     
	Flow Memory (per flow):  1.15 KB      
	Actual Memory:           11.07 MB     
	Peak Memory:             11.07 MB     
	Setup Time:              20 msec
	Packet Processing Time:  0 msec

Traffic statistics:
	Ethernet bytes:        8708          (includes ethernet CRC/IFC/trailer)
	Discarded bytes:       0            
	IP packets:            12            of 12 packets total
	IP bytes:              8420          (avg pkt size 701 bytes)
	Unique flows:          1            
	TCP Packets:           0            
	UDP Packets:           12           
	VLAN Packets:          0            
	MPLS Packets:          0            
	PPPoE Packets:         0            
	Fragmented Packets:    0            
	Max Packet size:       1358         
	Packet Len < 64:       4            
	Packet Len 64-128:     1            
	Packet Len 128-256:    0            
	Packet Len 256-1024:   2            
	Packet Len 1024-1500:  5            
	Packet Len > 1500:     0            
	nDPI throughput:       22.81 K pps / 126.31 Mb/sec
	Analysis begin:        28/Aug/2020 18:17:00
	Analysis end:          28/Aug/2020 18:17:00
	Traffic throughput:    28.63 pps / 162.29 Kb/sec
	Traffic duration:      0.419 sec
	DPI Packets (UDP):     1             (1.00 pkts/flow)
	Confidence: DPI        1             (flows)


Detected protocols:
	GoogleServices       packets: 12            bytes: 8420          flows: 1            


Protocol statistics:
	Acceptable           packets: 12            bytes: 8420          flows: 1            
