
-----------------------------------------------------------
* NOTE: This is demo app to show *some* nDPI features.
* In this demo we have implemented only some basic features
* just to show you what you can do with the library. Feel 
* free to extend it and send us the patches for inclusion
------------------------------------------------------------

Using nDPI (4.13.0-5225-2e7b75a) [1 thread(s)]
Using libgcrypt version 1.8.6internal
Reading packets from pcap file ./tests/cfgs/default/pcap/teamspeak3.pcap...
Running thread 0...

nDPI Memory statistics:
	nDPI Memory (once):      42.82 KB     
	Flow Memory (per flow):  1.15 KB      
	Actual Memory:           11.08 MB     
	Peak Memory:             11.08 MB     
	Setup Time:              18 msec
	Packet Processing Time:  0 msec

Traffic statistics:
	Ethernet bytes:        47151         (includes ethernet CRC/IFC/trailer)
	Discarded bytes:       0            
	IP packets:            589           of 589 packets total
	IP bytes:              33015         (avg pkt size 56 bytes)
	Unique flows:          2            
	TCP Packets:           0            
	UDP Packets:           589          
	VLAN Packets:          0            
	MPLS Packets:          0            
	PPPoE Packets:         0            
	Fragmented Packets:    0            
	Max Packet size:       196          
	Packet Len < 64:       583          
	Packet Len 64-128:     0            
	Packet Len 128-256:    6            
	Packet Len 256-1024:   0            
	Packet Len 1024-1500:  0            
	Packet Len > 1500:     0            
	nDPI throughput:       1.04 M pps / 635.57 Mb/sec
	Analysis begin:        01/Jan/2000 22:24:40
	Analysis end:          09/Nov/2022 02:49:19
	Traffic throughput:    0.00 pps / 0 b/sec
	Traffic duration:      721196672.000 sec
	DPI Packets (UDP):     4             (2.00 pkts/flow)
	Confidence: DPI        2             (flows)


Detected protocols:
	TeamSpeak            packets: 589           bytes: 33015         flows: 2            


Protocol statistics:
	Fun                  packets: 589           bytes: 33015         flows: 2            

Risk stats [found 1 (50.0 %) flows with risks]:
	Unidirectional Traffic                       1 [100.0 %]

	NOTE: as one flow can have multiple risks set, the sum of the
	      last column can exceed the number of flows with risks.


