
-----------------------------------------------------------
* NOTE: This is demo app to show *some* nDPI features.
* In this demo we have implemented only some basic features
* just to show you what you can do with the library. Feel 
* free to extend it and send us the patches for inclusion
------------------------------------------------------------

Using nDPI (4.13.0-5225-2e7b75a) [1 thread(s)]
Using libgcrypt version 1.8.6internal
Reading packets from pcap file ./tests/cfgs/default/pcap/doq.pcapng...
Running thread 0...

nDPI Memory statistics:
	nDPI Memory (once):      42.82 KB     
	Flow Memory (per flow):  1.15 KB      
	Actual Memory:           11.07 MB     
	Peak Memory:             11.07 MB     
	Setup Time:              17 msec
	Packet Processing Time:  0 msec

Traffic statistics:
	Ethernet bytes:        6438          (includes ethernet CRC/IFC/trailer)
	Discarded bytes:       0            
	IP packets:            20            of 20 packets total
	IP bytes:              5958          (avg pkt size 297 bytes)
	Unique flows:          2            
	TCP Packets:           0            
	UDP Packets:           14           
	VLAN Packets:          0            
	MPLS Packets:          0            
	PPPoE Packets:         0            
	Fragmented Packets:    0            
	Max Packet size:       1240         
	Packet Len < 64:       3            
	Packet Len 64-128:     7            
	Packet Len 128-256:    7            
	Packet Len 256-1024:   1            
	Packet Len 1024-1500:  2            
	Packet Len > 1500:     0            
	nDPI throughput:       44.35 K pps / 108.91 Mb/sec
	Analysis begin:        22/Nov/2020 20:11:33
	Analysis end:          22/Nov/2020 20:11:36
	Traffic throughput:    6.32 pps / 15.90 Kb/sec
	Traffic duration:      3.164 sec
	DPI Packets (UDP):     1             (1.00 pkts/flow)
	DPI Packets (other):   1             (1.00 pkts/flow)
	Confidence: DPI        2             (flows)


Detected protocols:
	ICMPV6               packets: 6             bytes: 1170          flows: 1            
	DoH_DoT              packets: 14            bytes: 4788          flows: 1            


Protocol statistics:
	Acceptable           packets: 20            bytes: 5958          flows: 2            

Risk stats [found 2 (100.0 %) flows with risks]:
	Missing SNI TLS Extn                         1 [50.0 %]
	Unidirectional Traffic                       1 [50.0 %]

	NOTE: as one flow can have multiple risks set, the sum of the
	      last column can exceed the number of flows with risks.


