
-----------------------------------------------------------
* NOTE: This is demo app to show *some* nDPI features.
* In this demo we have implemented only some basic features
* just to show you what you can do with the library. Feel 
* free to extend it and send us the patches for inclusion
------------------------------------------------------------

Using nDPI (4.13.0-5225-2e7b75a) [1 thread(s)]
Using libgcrypt version 1.8.6internal
Reading packets from pcap file ./tests/cfgs/default/pcap/conncheck.pcap...
Running thread 0...

nDPI Memory statistics:
	nDPI Memory (once):      42.82 KB     
	Flow Memory (per flow):  1.15 KB      
	Actual Memory:           11.12 MB     
	Peak Memory:             11.12 MB     
	Setup Time:              18 msec
	Packet Processing Time:  0 msec

Traffic statistics:
	Ethernet bytes:        19322         (includes ethernet CRC/IFC/trailer)
	Discarded bytes:       0            
	IP packets:            92            of 92 packets total
	IP bytes:              17114         (avg pkt size 186 bytes)
	Unique flows:          10           
	TCP Packets:           90           
	UDP Packets:           2            
	VLAN Packets:          0            
	MPLS Packets:          0            
	PPPoE Packets:         0            
	Fragmented Packets:    0            
	Max Packet size:       885          
	Packet Len < 64:       59           
	Packet Len 64-128:     0            
	Packet Len 128-256:    18           
	Packet Len 256-1024:   15           
	Packet Len 1024-1500:  0            
	Packet Len > 1500:     0            
	nDPI throughput:       185.48 K pps / 297.21 Mb/sec
	Analysis begin:        06/Jun/2024 19:00:38
	Analysis end:          06/Jun/2024 19:03:22
	Traffic throughput:    0.56 pps / 945 b/sec
	Traffic duration:      163.454 sec
	DPI Packets (TCP):     65            (7.22 pkts/flow)
	DPI Packets (UDP):     2             (2.00 pkts/flow)
	Confidence: DPI        10            (flows)


Detected protocols:
	DNS                  packets: 2             bytes: 305           flows: 1            
	HTTP                 packets: 10            bytes: 2272          flows: 1            
	ntop                 packets: 61            bytes: 10472         flows: 6            
	Google               packets: 10            bytes: 2153          flows: 1            
	PlayStore            packets: 9             bytes: 1912          flows: 1            


Protocol statistics:
	Safe                 packets: 70            bytes: 12384         flows: 7            
	Acceptable           packets: 22            bytes: 4730          flows: 3            
