
-----------------------------------------------------------
* NOTE: This is demo app to show *some* nDPI features.
* In this demo we have implemented only some basic features
* just to show you what you can do with the library. Feel 
* free to extend it and send us the patches for inclusion
------------------------------------------------------------

Using nDPI (4.13.0-5225-2e7b75a) [1 thread(s)]
Using libgcrypt version 1.8.6internal
Reading packets from pcap file ./tests/cfgs/default/pcap/dingtalk.pcap...
Running thread 0...

nDPI Memory statistics:
	nDPI Memory (once):      42.82 KB     
	Flow Memory (per flow):  1.15 KB      
	Actual Memory:           11.07 MB     
	Peak Memory:             11.07 MB     
	Setup Time:              18 msec
	Packet Processing Time:  0 msec

Traffic statistics:
	Ethernet bytes:        5274          (includes ethernet CRC/IFC/trailer)
	Discarded bytes:       0            
	IP packets:            16            of 16 packets total
	IP bytes:              4890          (avg pkt size 305 bytes)
	Unique flows:          2            
	TCP Packets:           16           
	UDP Packets:           0            
	VLAN Packets:          0            
	MPLS Packets:          0            
	PPPoE Packets:         0            
	Fragmented Packets:    0            
	Max Packet size:       3513         
	Packet Len < 64:       12           
	Packet Len 64-128:     2            
	Packet Len 128-256:    0            
	Packet Len 256-1024:   1            
	Packet Len 1024-1500:  0            
	Packet Len > 1500:     1            
	nDPI throughput:       40.40 K pps / 101.61 Mb/sec
	Analysis begin:        07/Oct/2024 13:52:57
	Analysis end:          07/Oct/2024 13:53:34
	Traffic throughput:    0.43 pps / 1.12 Kb/sec
	Traffic duration:      36.792 sec
	DPI Packets (TCP):     11            (5.50 pkts/flow)
	Confidence: DPI        2             (flows)


Detected protocols:
	DingTalk             packets: 16            bytes: 4890          flows: 2            


Protocol statistics:
	Acceptable           packets: 16            bytes: 4890          flows: 2            
