
-----------------------------------------------------------
* NOTE: This is demo app to show *some* nDPI features.
* In this demo we have implemented only some basic features
* just to show you what you can do with the library. Feel 
* free to extend it and send us the patches for inclusion
------------------------------------------------------------

Using nDPI (4.13.0-5225-2e7b75a) [1 thread(s)]
Using libgcrypt version 1.8.6internal
Reading packets from pcap file ./tests/cfgs/default/pcap/reasm_segv_anon.pcapng...
Running thread 0...

nDPI Memory statistics:
	nDPI Memory (once):      42.82 KB     
	Flow Memory (per flow):  1.15 KB      
	Actual Memory:           11.12 MB     
	Peak Memory:             11.12 MB     
	Setup Time:              21 msec
	Packet Processing Time:  0 msec

Traffic statistics:
	Ethernet bytes:        79908         (includes ethernet CRC/IFC/trailer)
	Discarded bytes:       0            
	IP packets:            82            of 82 packets total
	IP bytes:              77940         (avg pkt size 950 bytes)
	Unique flows:          1            
	TCP Packets:           0            
	UDP Packets:           82           
	VLAN Packets:          0            
	MPLS Packets:          0            
	PPPoE Packets:         0            
	Fragmented Packets:    0            
	Max Packet size:       1456         
	Packet Len < 64:       4            
	Packet Len 64-128:     26           
	Packet Len 128-256:    0            
	Packet Len 256-1024:   2            
	Packet Len 1024-1500:  50           
	Packet Len > 1500:     0            
	nDPI throughput:       129.54 K pps / 963.11 Mb/sec
	Analysis begin:        17/Feb/2019 22:30:28
	Analysis end:          17/Feb/2019 22:30:44
	Traffic throughput:    5.23 pps / 39.84 Kb/sec
	Traffic duration:      15.671 sec
	DPI Packets (UDP):     1             (1.00 pkts/flow)
	Confidence: DPI        1             (flows)


Detected protocols:
	GTP_U                packets: 82            bytes: 77940         flows: 1            


Protocol statistics:
	Acceptable           packets: 82            bytes: 77940         flows: 1            
