
-----------------------------------------------------------
* NOTE: This is demo app to show *some* nDPI features.
* In this demo we have implemented only some basic features
* just to show you what you can do with the library. Feel 
* free to extend it and send us the patches for inclusion
------------------------------------------------------------

Using nDPI (4.13.0-5225-2e7b75a) [1 thread(s)]
Using libgcrypt version 1.8.6internal
Reading packets from pcap file ./tests/cfgs/default/pcap/http_connect.pcap...
Running thread 0...

nDPI Memory statistics:
	nDPI Memory (once):      42.82 KB     
	Flow Memory (per flow):  1.15 KB      
	Actual Memory:           11.12 MB     
	Peak Memory:             11.12 MB     
	Setup Time:              18 msec
	Packet Processing Time:  0 msec

Traffic statistics:
	Ethernet bytes:        65915         (includes ethernet CRC/IFC/trailer)
	Discarded bytes:       0            
	IP packets:            100           of 100 packets total
	IP bytes:              63515         (avg pkt size 635 bytes)
	Unique flows:          3            
	TCP Packets:           98           
	UDP Packets:           2            
	VLAN Packets:          0            
	MPLS Packets:          0            
	PPPoE Packets:         0            
	Fragmented Packets:    0            
	Max Packet size:       5556         
	Packet Len < 64:       47           
	Packet Len 64-128:     12           
	Packet Len 128-256:    7            
	Packet Len 256-1024:   7            
	Packet Len 1024-1500:  23           
	Packet Len > 1500:     4            
	nDPI throughput:       182.82 K pps / 919.36 Mb/sec
	Analysis begin:        12/Sep/2021 19:22:02
	Analysis end:          12/Sep/2021 19:22:02
	Traffic throughput:    884.03 pps / 4.45 Mb/sec
	Traffic duration:      0.113 sec
	DPI Packets (TCP):     12            (6.00 pkts/flow)
	DPI Packets (UDP):     2             (2.00 pkts/flow)
	Confidence: DPI        3             (flows)


Detected protocols:
	DNS                  packets: 2             bytes: 178           flows: 1            
	TLS                  packets: 58            bytes: 36496         flows: 1            
	HTTP_Connect         packets: 40            bytes: 26841         flows: 1            


Protocol statistics:
	Safe                 packets: 58            bytes: 36496         flows: 1            
	Acceptable           packets: 42            bytes: 27019         flows: 2            

Risk stats [found 1 (33.3 %) flows with risks]:
	Susp Entropy                                 1 [100.0 %]

	NOTE: as one flow can have multiple risks set, the sum of the
	      last column can exceed the number of flows with risks.


