
-----------------------------------------------------------
* NOTE: This is demo app to show *some* nDPI features.
* In this demo we have implemented only some basic features
* just to show you what you can do with the library. Feel 
* free to extend it and send us the patches for inclusion
------------------------------------------------------------

Using nDPI (4.13.0-5225-2e7b75a) [1 thread(s)]
Using libgcrypt version 1.8.6internal
Reading packets from pcap file ./tests/cfgs/default/pcap/ieee_c37118.pcap...
Running thread 0...

nDPI Memory statistics:
	nDPI Memory (once):      42.82 KB     
	Flow Memory (per flow):  1.15 KB      
	Actual Memory:           11.12 MB     
	Peak Memory:             11.12 MB     
	Setup Time:              18 msec
	Packet Processing Time:  0 msec

Traffic statistics:
	Ethernet bytes:        92706         (includes ethernet CRC/IFC/trailer)
	Discarded bytes:       0            
	IP packets:            778           of 778 packets total
	IP bytes:              74034         (avg pkt size 95 bytes)
	Unique flows:          2            
	TCP Packets:           417          
	UDP Packets:           361          
	VLAN Packets:          0            
	MPLS Packets:          0            
	PPPoE Packets:         0            
	Fragmented Packets:    0            
	Max Packet size:       382          
	Packet Len < 64:       524          
	Packet Len 64-128:     252          
	Packet Len 128-256:    1            
	Packet Len 256-1024:   1            
	Packet Len 1024-1500:  0            
	Packet Len > 1500:     0            
	nDPI throughput:       1.53 M pps / 1.35 Gb/sec
	Analysis begin:        06/Aug/2008 16:40:07
	Analysis end:          06/Aug/2008 17:23:05
	Traffic throughput:    0.30 pps / 287 b/sec
	Traffic duration:      2578.048 sec
	DPI Packets (TCP):     4             (4.00 pkts/flow)
	DPI Packets (UDP):     1             (1.00 pkts/flow)
	Confidence: DPI        2             (flows)


Detected protocols:
	IEEE-C37118          packets: 778           bytes: 74034         flows: 2            


Protocol statistics:
	Acceptable           packets: 778           bytes: 74034         flows: 2            
