
-----------------------------------------------------------
* NOTE: This is demo app to show *some* nDPI features.
* In this demo we have implemented only some basic features
* just to show you what you can do with the library. Feel 
* free to extend it and send us the patches for inclusion
------------------------------------------------------------

Using nDPI (4.13.0-5225-2e7b75a) [1 thread(s)]
Using libgcrypt version 1.8.6internal
Reading packets from pcap file ./tests/cfgs/default/pcap/nest_log_sink.pcap...
Running thread 0...

nDPI Memory statistics:
	nDPI Memory (once):      42.82 KB     
	Flow Memory (per flow):  1.15 KB      
	Actual Memory:           11.27 MB     
	Peak Memory:             11.27 MB     
	Setup Time:              19 msec
	Packet Processing Time:  1 msec

Traffic statistics:
	Ethernet bytes:        137036        (includes ethernet CRC/IFC/trailer)
	Discarded bytes:       0            
	IP packets:            774           of 1000 packets total
	IP bytes:              118460        (avg pkt size 118 bytes)
	Unique flows:          14           
	TCP Packets:           759          
	UDP Packets:           15           
	VLAN Packets:          0            
	MPLS Packets:          0            
	PPPoE Packets:         0            
	Fragmented Packets:    0            
	Max Packet size:       699          
	Packet Len < 64:       467          
	Packet Len 64-128:     140          
	Packet Len 128-256:    39           
	Packet Len 256-1024:   128          
	Packet Len 1024-1500:  0            
	Packet Len > 1500:     0            
	nDPI throughput:       510.22 K pps / 689.19 Mb/sec
	Analysis begin:        12/Sep/2018 06:13:12
	Analysis end:          12/Sep/2018 08:05:15
	Traffic throughput:    0.12 pps / 163 b/sec
	Traffic duration:      6723.004 sec
	Guessed flow protos:   1            
	DPI Packets (TCP):     129           (9.92 pkts/flow)
	DPI Packets (UDP):     2             (2.00 pkts/flow)
	Confidence: Match by port 1             (flows)
	Confidence: DPI        13            (flows)


Detected protocols:
	DNS                  packets: 15            bytes: 1612          flows: 1            
	NestLogSink          packets: 759           bytes: 116848        flows: 13           


Protocol statistics:
	Acceptable           packets: 774           bytes: 118460        flows: 14           
