
-----------------------------------------------------------
* NOTE: This is demo app to show *some* nDPI features.
* In this demo we have implemented only some basic features
* just to show you what you can do with the library. Feel 
* free to extend it and send us the patches for inclusion
------------------------------------------------------------

Using nDPI (4.13.0-5225-2e7b75a) [1 thread(s)]
Using libgcrypt version 1.8.6internal
Reading packets from pcap file ./tests/cfgs/default/pcap/source_engine.pcap...
Running thread 0...

nDPI Memory statistics:
	nDPI Memory (once):      42.82 KB     
	Flow Memory (per flow):  1.15 KB      
	Actual Memory:           11.14 MB     
	Peak Memory:             11.14 MB     
	Setup Time:              18 msec
	Packet Processing Time:  0 msec

Traffic statistics:
	Ethernet bytes:        1547          (includes ethernet CRC/IFC/trailer)
	Discarded bytes:       0            
	IP packets:            17            of 17 packets total
	IP bytes:              1139          (avg pkt size 67 bytes)
	Unique flows:          17           
	TCP Packets:           0            
	UDP Packets:           17           
	VLAN Packets:          0            
	MPLS Packets:          0            
	PPPoE Packets:         0            
	Fragmented Packets:    0            
	Max Packet size:       33           
	Packet Len < 64:       17           
	Packet Len 64-128:     0            
	Packet Len 128-256:    0            
	Packet Len 256-1024:   0            
	Packet Len 1024-1500:  0            
	Packet Len > 1500:     0            
	nDPI throughput:       35.27 K pps / 24.49 Mb/sec
	Analysis begin:        31/Mar/2023 18:37:12
	Analysis end:          31/Mar/2023 21:51:09
	Traffic throughput:    0.00 pps / 1 b/sec
	Traffic duration:      11637.009 sec
	DPI Packets (UDP):     17            (1.00 pkts/flow)
	Confidence: DPI        17            (flows)


Detected protocols:
	Source_Engine        packets: 17            bytes: 1139          flows: 17           


Protocol statistics:
	Fun                  packets: 17            bytes: 1139          flows: 17           

Risk stats [found 17 (100.0 %) flows with risks]:
	Unidirectional Traffic                      17 [100.0 %]

	NOTE: as one flow can have multiple risks set, the sum of the
	      last column can exceed the number of flows with risks.


