
-----------------------------------------------------------
* NOTE: This is demo app to show *some* nDPI features.
* In this demo we have implemented only some basic features
* just to show you what you can do with the library. Feel 
* free to extend it and send us the patches for inclusion
------------------------------------------------------------

Using nDPI (4.13.0-5225-2e7b75a) [1 thread(s)]
Using libgcrypt version 1.8.6internal
Reading packets from pcap file ./tests/cfgs/default/pcap/coap_mqtt.pcap...
Running thread 0...

nDPI Memory statistics:
	nDPI Memory (once):      42.82 KB     
	Flow Memory (per flow):  1.15 KB      
	Actual Memory:           11.24 MB     
	Peak Memory:             11.24 MB     
	Setup Time:              18 msec
	Packet Processing Time:  0 msec

Traffic statistics:
	Ethernet bytes:        128421        (includes ethernet CRC/IFC/trailer)
	Discarded bytes:       0            
	IP packets:            1080          of 1082 packets total
	IP bytes:              102501        (avg pkt size 94 bytes)
	Unique flows:          16           
	TCP Packets:           261          
	UDP Packets:           819          
	VLAN Packets:          0            
	MPLS Packets:          0            
	PPPoE Packets:         0            
	Fragmented Packets:    0            
	Max Packet size:       137          
	Packet Len < 64:       604          
	Packet Len 64-128:     475          
	Packet Len 128-256:    1            
	Packet Len 256-1024:   0            
	Packet Len 1024-1500:  0            
	Packet Len > 1500:     0            
	nDPI throughput:       1.69 M pps / 1.50 Gb/sec
	Analysis begin:        09/Apr/2012 13:18:30
	Analysis end:          20/Feb/2016 00:11:26
	Traffic throughput:    0.00 pps / 0 b/sec
	Traffic duration:      121949576.000 sec
	DPI Packets (TCP):     7             (1.75 pkts/flow)
	DPI Packets (UDP):     12            (1.00 pkts/flow)
	Confidence: DPI        16            (flows)


Detected protocols:
	COAP                 packets: 19            bytes: 1614          flows: 8            
	Dropbox              packets: 800           bytes: 80676         flows: 4            
	MQTT                 packets: 261           bytes: 20211         flows: 4            


Protocol statistics:
	Safe                 packets: 19            bytes: 1614          flows: 8            
	Acceptable           packets: 1061          bytes: 100887        flows: 8            

Risk stats [found 9 (56.2 %) flows with risks]:
	Known Proto on Non Std Port                  4 [44.4 %]
	Unidirectional Traffic                       5 [55.6 %]

	NOTE: as one flow can have multiple risks set, the sum of the
	      last column can exceed the number of flows with risks.


