
-----------------------------------------------------------
* NOTE: This is demo app to show *some* nDPI features.
* In this demo we have implemented only some basic features
* just to show you what you can do with the library. Feel 
* free to extend it and send us the patches for inclusion
------------------------------------------------------------

Using nDPI (4.13.0-5225-2e7b75a) [1 thread(s)]
Using libgcrypt version 1.8.6internal
Reading packets from pcap file ./tests/cfgs/default/pcap/armagetron.pcapng...
Running thread 0...

nDPI Memory statistics:
	nDPI Memory (once):      42.82 KB     
	Flow Memory (per flow):  1.15 KB      
	Actual Memory:           11.37 MB     
	Peak Memory:             11.37 MB     
	Setup Time:              21 msec
	Packet Processing Time:  0 msec

Traffic statistics:
	Ethernet bytes:        42994         (includes ethernet CRC/IFC/trailer)
	Discarded bytes:       0            
	IP packets:            305           of 305 packets total
	IP bytes:              35674         (avg pkt size 116 bytes)
	Unique flows:          50           
	TCP Packets:           0            
	UDP Packets:           305          
	VLAN Packets:          0            
	MPLS Packets:          0            
	PPPoE Packets:         0            
	Fragmented Packets:    0            
	Max Packet size:       540          
	Packet Len < 64:       238          
	Packet Len 64-128:     2            
	Packet Len 128-256:    24           
	Packet Len 256-1024:   41           
	Packet Len 1024-1500:  0            
	Packet Len > 1500:     0            
	nDPI throughput:       377.94 K pps / 406.47 Mb/sec
	Analysis begin:        25/Mar/2025 17:00:05
	Analysis end:          25/Mar/2025 17:01:06
	Traffic throughput:    5.07 pps / 5.58 Kb/sec
	Traffic duration:      60.184 sec
	DPI Packets (UDP):     50            (1.00 pkts/flow)
	Confidence: DPI        50            (flows)


Detected protocols:
	Armagetron           packets: 305           bytes: 35674         flows: 50           


Protocol statistics:
	Fun                  packets: 305           bytes: 35674         flows: 50           

Risk stats [found 1 (2.0 %) flows with risks]:
	Unidirectional Traffic                       1 [100.0 %]

	NOTE: as one flow can have multiple risks set, the sum of the
	      last column can exceed the number of flows with risks.


