
-----------------------------------------------------------
* NOTE: This is demo app to show *some* nDPI features.
* In this demo we have implemented only some basic features
* just to show you what you can do with the library. Feel 
* free to extend it and send us the patches for inclusion
------------------------------------------------------------

Using nDPI (4.13.0-5225-2e7b75a) [1 thread(s)]
Using libgcrypt version 1.8.6internal
Reading packets from pcap file ./tests/cfgs/default/pcap/tinc.pcap...
Running thread 0...

nDPI Memory statistics:
	nDPI Memory (once):      42.82 KB     
	Flow Memory (per flow):  1.15 KB      
	Actual Memory:           11.41 MB     
	Peak Memory:             11.41 MB     
	Setup Time:              18 msec
	Packet Processing Time:  0 msec

Traffic statistics:
	Ethernet bytes:        359899        (includes ethernet CRC/IFC/trailer)
	Discarded bytes:       0            
	IP packets:            317           of 317 packets total
	IP bytes:              352291        (avg pkt size 1111 bytes)
	Unique flows:          4            
	TCP Packets:           53           
	UDP Packets:           264          
	VLAN Packets:          0            
	MPLS Packets:          0            
	PPPoE Packets:         0            
	Fragmented Packets:    0            
	Max Packet size:       1476         
	Packet Len < 64:       34           
	Packet Len 64-128:     32           
	Packet Len 128-256:    8            
	Packet Len 256-1024:   17           
	Packet Len 1024-1500:  226          
	Packet Len > 1500:     0            
	nDPI throughput:       492.24 K pps / 4.16 Gb/sec
	Analysis begin:        28/May/2017 20:27:07
	Analysis end:          28/May/2017 20:27:55
	Traffic throughput:    6.69 pps / 59.33 Kb/sec
	Traffic duration:      47.391 sec
	DPI Packets (TCP):     19            (9.50 pkts/flow)
	DPI Packets (UDP):     2             (1.00 pkts/flow)
	Confidence: DPI (cache) 2             (flows)
	Confidence: DPI        2             (flows)


Detected protocols:
	TINC                 packets: 317           bytes: 352291        flows: 4            


Protocol statistics:
	Acceptable           packets: 317           bytes: 352291        flows: 4            

Risk stats [found 4 (100.0 %) flows with risks]:
	Known Proto on Non Std Port                  4 [100.0 %]

	NOTE: as one flow can have multiple risks set, the sum of the
	      last column can exceed the number of flows with risks.


