
-----------------------------------------------------------
* NOTE: This is demo app to show *some* nDPI features.
* In this demo we have implemented only some basic features
* just to show you what you can do with the library. Feel 
* free to extend it and send us the patches for inclusion
------------------------------------------------------------

Using nDPI (4.13.0-5225-2e7b75a) [1 thread(s)]
Using libgcrypt version 1.8.6internal
Reading packets from pcap file ./tests/cfgs/default/pcap/mongodb.pcap...
Running thread 0...

nDPI Memory statistics:
	nDPI Memory (once):      42.82 KB     
	Flow Memory (per flow):  1.15 KB      
	Actual Memory:           11.09 MB     
	Peak Memory:             11.09 MB     
	Setup Time:              18 msec
	Packet Processing Time:  0 msec

Traffic statistics:
	Ethernet bytes:        3388          (includes ethernet CRC/IFC/trailer)
	Discarded bytes:       0            
	IP packets:            27            of 27 packets total
	IP bytes:              2740          (avg pkt size 101 bytes)
	Unique flows:          8            
	TCP Packets:           27           
	UDP Packets:           0            
	VLAN Packets:          27           
	MPLS Packets:          0            
	PPPoE Packets:         0            
	Fragmented Packets:    0            
	Max Packet size:       301          
	Packet Len < 64:       22           
	Packet Len 64-128:     3            
	Packet Len 128-256:    0            
	Packet Len 256-1024:   2            
	Packet Len 1024-1500:  0            
	Packet Len > 1500:     0            
	nDPI throughput:       64.59 K pps / 61.84 Mb/sec
	Analysis begin:        03/Jan/2017 21:42:58
	Analysis end:          08/Jan/2017 00:18:36
	Traffic throughput:    0.00 pps / 0 b/sec
	Traffic duration:      354937.156 sec
	Guessed flow protos:   2            
	DPI Packets (TCP):     27            (3.38 pkts/flow)
	Confidence: Unknown    1             (flows)
	Confidence: Match by port 2             (flows)
	Confidence: DPI        5             (flows)


Detected protocols:
	Unknown              packets: 3             bytes: 230           flows: 1            
	MongoDB              packets: 24            bytes: 2510          flows: 7            


Protocol statistics:
	Acceptable           packets: 24            bytes: 2510          flows: 7            
	Unrated              packets: 3             bytes: 230           flows: 1            

Risk stats [found 3 (37.5 %) flows with risks]:
	Known Proto on Non Std Port                  1 [33.3 %]
	Unidirectional Traffic                       2 [66.7 %]

	NOTE: as one flow can have multiple risks set, the sum of the
	      last column can exceed the number of flows with risks.


