
-----------------------------------------------------------
* NOTE: This is demo app to show *some* nDPI features.
* In this demo we have implemented only some basic features
* just to show you what you can do with the library. Feel 
* free to extend it and send us the patches for inclusion
------------------------------------------------------------

Using nDPI (4.13.0-5225-2e7b75a) [1 thread(s)]
Using libgcrypt version 1.8.6internal
Reading packets from pcap file ./tests/cfgs/default/pcap/ftp.pcap...
Running thread 0...

nDPI Memory statistics:
	nDPI Memory (once):      42.82 KB     
	Flow Memory (per flow):  1.15 KB      
	Actual Memory:           11.18 MB     
	Peak Memory:             11.18 MB     
	Setup Time:              18 msec
	Packet Processing Time:  0 msec

Traffic statistics:
	Ethernet bytes:        130590        (includes ethernet CRC/IFC/trailer)
	Discarded bytes:       0            
	IP packets:            209           of 209 packets total
	IP bytes:              125574        (avg pkt size 600 bytes)
	Unique flows:          3            
	TCP Packets:           209          
	UDP Packets:           0            
	VLAN Packets:          0            
	MPLS Packets:          0            
	PPPoE Packets:         0            
	Fragmented Packets:    0            
	Max Packet size:       1472         
	Packet Len < 64:       122          
	Packet Len 64-128:     9            
	Packet Len 128-256:    0            
	Packet Len 256-1024:   1            
	Packet Len 1024-1500:  77           
	Packet Len > 1500:     0            
	nDPI throughput:       285.13 K pps / 1.33 Gb/sec
	Analysis begin:        15/Mar/2019 00:33:54
	Analysis end:          15/Mar/2019 00:34:03
	Traffic throughput:    24.65 pps / 120.33 Kb/sec
	Traffic duration:      8.479 sec
	DPI Packets (TCP):     39            (13.00 pkts/flow)
	Confidence: Unknown    1             (flows)
	Confidence: DPI        2             (flows)


Detected protocols:
	Unknown              packets: 132           bytes: 118184        flows: 1            
	FTP_CONTROL          packets: 68            bytes: 5571          flows: 1            
	FTP_DATA             packets: 9             bytes: 1819          flows: 1            


Protocol statistics:
	Acceptable           packets: 9             bytes: 1819          flows: 1            
	Unsafe               packets: 68            bytes: 5571          flows: 1            
	Unrated              packets: 132           bytes: 118184        flows: 1            

Risk stats [found 1 (33.3 %) flows with risks]:
	Unsafe Protocol                              1 [50.0 %]
	Clear-Text Credentials                       1 [50.0 %]

	NOTE: as one flow can have multiple risks set, the sum of the
	      last column can exceed the number of flows with risks.


