
-----------------------------------------------------------
* NOTE: This is demo app to show *some* nDPI features.
* In this demo we have implemented only some basic features
* just to show you what you can do with the library. Feel 
* free to extend it and send us the patches for inclusion
------------------------------------------------------------

Using nDPI (4.13.0-5225-2e7b75a) [1 thread(s)]
Using libgcrypt version 1.8.6internal
Reading packets from pcap file ./tests/cfgs/default/pcap/openflow.pcap...
Running thread 0...

nDPI Memory statistics:
	nDPI Memory (once):      42.82 KB     
	Flow Memory (per flow):  1.15 KB      
	Actual Memory:           11.05 MB     
	Peak Memory:             11.05 MB     
	Setup Time:              20 msec
	Packet Processing Time:  0 msec

Traffic statistics:
	Ethernet bytes:        2330          (includes ethernet CRC/IFC/trailer)
	Discarded bytes:       0            
	IP packets:            21            of 21 packets total
	IP bytes:              1826          (avg pkt size 86 bytes)
	Unique flows:          1            
	TCP Packets:           21           
	UDP Packets:           0            
	VLAN Packets:          0            
	MPLS Packets:          0            
	PPPoE Packets:         0            
	Fragmented Packets:    0            
	Max Packet size:       264          
	Packet Len < 64:       18           
	Packet Len 64-128:     2            
	Packet Len 128-256:    0            
	Packet Len 256-1024:   1            
	Packet Len 1024-1500:  0            
	Packet Len > 1500:     0            
	nDPI throughput:       54.40 K pps / 46.05 Mb/sec
	Analysis begin:        14/Nov/2017 14:57:27
	Analysis end:          14/Nov/2017 14:57:27
	Traffic throughput:    361.76 pps / 313.58 Kb/sec
	Traffic duration:      0.058 sec
	DPI Packets (TCP):     4             (4.00 pkts/flow)
	Confidence: DPI        1             (flows)


Detected protocols:
	OpenFlow             packets: 21            bytes: 1826          flows: 1            


Protocol statistics:
	Acceptable           packets: 21            bytes: 1826          flows: 1            
