
-----------------------------------------------------------
* NOTE: This is demo app to show *some* nDPI features.
* In this demo we have implemented only some basic features
* just to show you what you can do with the library. Feel 
* free to extend it and send us the patches for inclusion
------------------------------------------------------------

Using nDPI (4.13.0-5225-2e7b75a) [1 thread(s)]
Using libgcrypt version 1.8.6internal
Reading packets from pcap file ./tests/cfgs/default/pcap/smtp.pcap...
Running thread 0...

nDPI Memory statistics:
	nDPI Memory (once):      42.82 KB     
	Flow Memory (per flow):  1.15 KB      
	Actual Memory:           11.07 MB     
	Peak Memory:             11.07 MB     
	Setup Time:              22 msec
	Packet Processing Time:  0 msec

Traffic statistics:
	Ethernet bytes:        25437         (includes ethernet CRC/IFC/trailer)
	Discarded bytes:       0            
	IP packets:            95            of 95 packets total
	IP bytes:              23157         (avg pkt size 243 bytes)
	Unique flows:          1            
	TCP Packets:           95           
	UDP Packets:           0            
	VLAN Packets:          0            
	MPLS Packets:          0            
	PPPoE Packets:         0            
	Fragmented Packets:    0            
	Max Packet size:       1480         
	Packet Len < 64:       81           
	Packet Len 64-128:     3            
	Packet Len 128-256:    0            
	Packet Len 256-1024:   0            
	Packet Len 1024-1500:  11           
	Packet Len > 1500:     0            
	nDPI throughput:       174.31 K pps / 356.09 Mb/sec
	Analysis begin:        07/Aug/1999 17:50:08
	Analysis end:          07/Aug/1999 17:50:08
	Traffic throughput:    408.33 pps / 854.18 Kb/sec
	Traffic duration:      0.233 sec
	DPI Packets (TCP):     11            (11.00 pkts/flow)
	Confidence: DPI        1             (flows)


Detected protocols:
	SMTP                 packets: 95            bytes: 23157         flows: 1            


Protocol statistics:
	Acceptable           packets: 95            bytes: 23157         flows: 1            
