
-----------------------------------------------------------
* NOTE: This is demo app to show *some* nDPI features.
* In this demo we have implemented only some basic features
* just to show you what you can do with the library. Feel 
* free to extend it and send us the patches for inclusion
------------------------------------------------------------

Using nDPI (4.13.0-5225-2e7b75a) [1 thread(s)]
Using libgcrypt version 1.8.6internal
Reading packets from pcap file ./tests/cfgs/default/pcap/jrmi.pcap...
Running thread 0...

nDPI Memory statistics:
	nDPI Memory (once):      42.82 KB     
	Flow Memory (per flow):  1.15 KB      
	Actual Memory:           11.05 MB     
	Peak Memory:             11.05 MB     
	Setup Time:              18 msec
	Packet Processing Time:  0 msec

Traffic statistics:
	Ethernet bytes:        2164          (includes ethernet CRC/IFC/trailer)
	Discarded bytes:       0            
	IP packets:            19            of 19 packets total
	IP bytes:              1708          (avg pkt size 89 bytes)
	Unique flows:          1            
	TCP Packets:           19           
	UDP Packets:           0            
	VLAN Packets:          0            
	MPLS Packets:          0            
	PPPoE Packets:         0            
	Fragmented Packets:    0            
	Max Packet size:       355          
	Packet Len < 64:       17           
	Packet Len 64-128:     1            
	Packet Len 128-256:    0            
	Packet Len 256-1024:   1            
	Packet Len 1024-1500:  0            
	Packet Len > 1500:     0            
	nDPI throughput:       54.13 K pps / 47.04 Mb/sec
	Analysis begin:        13/Jun/2024 20:37:46
	Analysis end:          13/Jun/2024 20:37:46
	Traffic throughput:    117.27 pps / 104.34 Kb/sec
	Traffic duration:      0.162 sec
	DPI Packets (TCP):     4             (4.00 pkts/flow)
	Confidence: DPI        1             (flows)


Detected protocols:
	JRMI                 packets: 19            bytes: 1708          flows: 1            


Protocol statistics:
	Acceptable           packets: 19            bytes: 1708          flows: 1            
