
-----------------------------------------------------------
* NOTE: This is demo app to show *some* nDPI features.
* In this demo we have implemented only some basic features
* just to show you what you can do with the library. Feel 
* free to extend it and send us the patches for inclusion
------------------------------------------------------------

Using nDPI (4.13.0-5225-2e7b75a) [1 thread(s)]
Using libgcrypt version 1.8.6internal
Reading packets from pcap file ./tests/cfgs/default/pcap/vxlan.pcap...
Running thread 0...

nDPI Memory statistics:
	nDPI Memory (once):      42.82 KB     
	Flow Memory (per flow):  1.15 KB      
	Actual Memory:           11.18 MB     
	Peak Memory:             11.18 MB     
	Setup Time:              20 msec
	Packet Processing Time:  0 msec

Traffic statistics:
	Ethernet bytes:        88370         (includes ethernet CRC/IFC/trailer)
	Discarded bytes:       0            
	IP packets:            127           of 127 packets total
	IP bytes:              85322         (avg pkt size 671 bytes)
	Unique flows:          9            
	TCP Packets:           0            
	UDP Packets:           127          
	VLAN Packets:          127          
	MPLS Packets:          0            
	PPPoE Packets:         0            
	Fragmented Packets:    0            
	Max Packet size:       1462         
	Packet Len < 64:       0            
	Packet Len 64-128:     63           
	Packet Len 128-256:    8            
	Packet Len 256-1024:   9            
	Packet Len 1024-1500:  47           
	Packet Len > 1500:     0            
	nDPI throughput:       284.75 K pps / 1.48 Gb/sec
	Analysis begin:        16/Dec/2021 15:57:22
	Analysis end:          16/Dec/2021 15:57:23
	Traffic throughput:    201.22 pps / 1.07 Mb/sec
	Traffic duration:      0.631 sec
	DPI Packets (UDP):     9             (1.00 pkts/flow)
	Confidence: DPI        9             (flows)


Detected protocols:
	VXLAN                packets: 127           bytes: 85322         flows: 9            


Protocol statistics:
	Acceptable           packets: 127           bytes: 85322         flows: 9            

Risk stats [found 9 (100.0 %) flows with risks]:
	Unidirectional Traffic                       9 [100.0 %]

	NOTE: as one flow can have multiple risks set, the sum of the
	      last column can exceed the number of flows with risks.


