
-----------------------------------------------------------
* NOTE: This is demo app to show *some* nDPI features.
* In this demo we have implemented only some basic features
* just to show you what you can do with the library. Feel 
* free to extend it and send us the patches for inclusion
------------------------------------------------------------

Using nDPI (4.13.0-5225-2e7b75a) [1 thread(s)]
Using libgcrypt version 1.8.6internal
Reading packets from pcap file ./tests/cfgs/default/pcap/someip-udp-method-call.pcapng...
Running thread 0...

nDPI Memory statistics:
	nDPI Memory (once):      42.82 KB     
	Flow Memory (per flow):  1.15 KB      
	Actual Memory:           11.05 MB     
	Peak Memory:             11.05 MB     
	Setup Time:              17 msec
	Packet Processing Time:  0 msec

Traffic statistics:
	Ethernet bytes:        576           (includes ethernet CRC/IFC/trailer)
	Discarded bytes:       0            
	IP packets:            3             of 3 packets total
	IP bytes:              504           (avg pkt size 168 bytes)
	Unique flows:          2            
	TCP Packets:           0            
	UDP Packets:           3            
	VLAN Packets:          0            
	MPLS Packets:          0            
	PPPoE Packets:         0            
	Fragmented Packets:    0            
	Max Packet size:       336          
	Packet Len < 64:       2            
	Packet Len 64-128:     0            
	Packet Len 128-256:    0            
	Packet Len 256-1024:   1            
	Packet Len 1024-1500:  0            
	Packet Len > 1500:     0            
	nDPI throughput:       10.91 K pps / 15.98 Mb/sec
	Analysis begin:        15/Aug/2017 14:57:55
	Analysis end:          15/Aug/2017 14:57:55
	Traffic throughput:    113.77 pps / 170.65 Kb/sec
	Traffic duration:      0.026 sec
	DPI Packets (UDP):     2             (1.00 pkts/flow)
	Confidence: DPI        2             (flows)


Detected protocols:
	SOMEIP               packets: 3             bytes: 504           flows: 2            


Protocol statistics:
	Acceptable           packets: 3             bytes: 504           flows: 2            

Risk stats [found 2 (100.0 %) flows with risks]:
	Known Proto on Non Std Port                  2 [100.0 %]

	NOTE: as one flow can have multiple risks set, the sum of the
	      last column can exceed the number of flows with risks.


