
-----------------------------------------------------------
* NOTE: This is demo app to show *some* nDPI features.
* In this demo we have implemented only some basic features
* just to show you what you can do with the library. Feel 
* free to extend it and send us the patches for inclusion
------------------------------------------------------------

Using nDPI (4.13.0-5225-2e7b75a) [1 thread(s)]
Using libgcrypt version 1.8.6internal
Reading packets from pcap file ./tests/cfgs/default/pcap/hsrp0.pcap...
Running thread 0...

nDPI Memory statistics:
	nDPI Memory (once):      42.82 KB     
	Flow Memory (per flow):  1.15 KB      
	Actual Memory:           11.06 MB     
	Peak Memory:             11.06 MB     
	Setup Time:              18 msec
	Packet Processing Time:  0 msec

Traffic statistics:
	Ethernet bytes:        360           (includes ethernet CRC/IFC/trailer)
	Discarded bytes:       0            
	IP packets:            4             of 4 packets total
	IP bytes:              264           (avg pkt size 66 bytes)
	Unique flows:          4            
	TCP Packets:           0            
	UDP Packets:           4            
	VLAN Packets:          4            
	MPLS Packets:          0            
	PPPoE Packets:         0            
	Fragmented Packets:    0            
	Max Packet size:       28           
	Packet Len < 64:       4            
	Packet Len 64-128:     0            
	Packet Len 128-256:    0            
	Packet Len 256-1024:   0            
	Packet Len 1024-1500:  0            
	Packet Len > 1500:     0            
	nDPI throughput:       9.88 K pps / 6.78 Mb/sec
	Analysis begin:        13/Sep/2005 00:36:10
	Analysis end:          13/Sep/2005 00:36:11
	Traffic throughput:    3.83 pps / 2.69 Kb/sec
	Traffic duration:      1.044 sec
	DPI Packets (UDP):     4             (1.00 pkts/flow)
	Confidence: DPI        4             (flows)


Detected protocols:
	HSRP                 packets: 4             bytes: 264           flows: 4            


Protocol statistics:
	Acceptable           packets: 4             bytes: 264           flows: 4            
