
-----------------------------------------------------------
* NOTE: This is demo app to show *some* nDPI features.
* In this demo we have implemented only some basic features
* just to show you what you can do with the library. Feel 
* free to extend it and send us the patches for inclusion
------------------------------------------------------------

Using nDPI (4.13.0-5225-2e7b75a) [1 thread(s)]
Using libgcrypt version 1.8.6internal
Reading packets from pcap file ./tests/cfgs/default/pcap/ripe_atlas.pcap...
Running thread 0...

nDPI Memory statistics:
	nDPI Memory (once):      42.82 KB     
	Flow Memory (per flow):  1.15 KB      
	Actual Memory:           11.08 MB     
	Peak Memory:             11.08 MB     
	Setup Time:              21 msec
	Packet Processing Time:  0 msec

Traffic statistics:
	Ethernet bytes:        637           (includes ethernet CRC/IFC/trailer)
	Discarded bytes:       0            
	IP packets:            7             of 7 packets total
	IP bytes:              469           (avg pkt size 67 bytes)
	Unique flows:          7            
	TCP Packets:           0            
	UDP Packets:           7            
	VLAN Packets:          0            
	MPLS Packets:          0            
	PPPoE Packets:         0            
	Fragmented Packets:    0            
	Max Packet size:       33           
	Packet Len < 64:       7            
	Packet Len 64-128:     0            
	Packet Len 128-256:    0            
	Packet Len 256-1024:   0            
	Packet Len 1024-1500:  0            
	Packet Len > 1500:     0            
	nDPI throughput:       14.83 K pps / 10.30 Mb/sec
	Analysis begin:        01/Jun/2023 16:45:51
	Analysis end:          01/Jun/2023 19:00:43
	Traffic throughput:    0.00 pps / 0 b/sec
	Traffic duration:      8091.354 sec
	DPI Packets (UDP):     7             (1.00 pkts/flow)
	Confidence: DPI        7             (flows)


Detected protocols:
	RipeAtlas            packets: 7             bytes: 469           flows: 7            


Protocol statistics:
	Acceptable           packets: 7             bytes: 469           flows: 7            

Risk stats [found 6 (85.7 %) flows with risks]:
	Unidirectional Traffic                       6 [100.0 %]

	NOTE: as one flow can have multiple risks set, the sum of the
	      last column can exceed the number of flows with risks.


