
-----------------------------------------------------------
* NOTE: This is demo app to show *some* nDPI features.
* In this demo we have implemented only some basic features
* just to show you what you can do with the library. Feel 
* free to extend it and send us the patches for inclusion
------------------------------------------------------------

Using nDPI (4.13.0-5225-2e7b75a) [1 thread(s)]
Using libgcrypt version 1.8.6internal
Reading packets from pcap file ./tests/cfgs/default/pcap/dns-google-nsid.pcapng...
Running thread 0...

nDPI Memory statistics:
	nDPI Memory (once):      42.82 KB     
	Flow Memory (per flow):  1.15 KB      
	Actual Memory:           11.08 MB     
	Peak Memory:             11.08 MB     
	Setup Time:              18 msec
	Packet Processing Time:  0 msec

Traffic statistics:
	Ethernet bytes:        2506          (includes ethernet CRC/IFC/trailer)
	Discarded bytes:       0            
	IP packets:            14            of 14 packets total
	IP bytes:              2170          (avg pkt size 155 bytes)
	Unique flows:          7            
	TCP Packets:           0            
	UDP Packets:           14           
	VLAN Packets:          0            
	MPLS Packets:          0            
	PPPoE Packets:         0            
	Fragmented Packets:    0            
	Max Packet size:       260          
	Packet Len < 64:       4            
	Packet Len 64-128:     7            
	Packet Len 128-256:    2            
	Packet Len 256-1024:   1            
	Packet Len 1024-1500:  0            
	Packet Len > 1500:     0            
	nDPI throughput:       34.31 K pps / 46.86 Mb/sec
	Analysis begin:        29/Jul/2023 14:57:52
	Analysis end:          30/Jul/2023 22:11:35
	Traffic throughput:    0.00 pps / 0 b/sec
	Traffic duration:      112423.008 sec
	DPI Packets (UDP):     14            (2.00 pkts/flow)
	Confidence: DPI        7             (flows)


Detected protocols:
	DNS                  packets: 14            bytes: 2170          flows: 7            


Protocol statistics:
	Acceptable           packets: 14            bytes: 2170          flows: 7            
