
-----------------------------------------------------------
* NOTE: This is demo app to show *some* nDPI features.
* In this demo we have implemented only some basic features
* just to show you what you can do with the library. Feel 
* free to extend it and send us the patches for inclusion
------------------------------------------------------------

Using nDPI (4.13.0-5225-2e7b75a) [1 thread(s)]
Using libgcrypt version 1.8.6internal
Reading packets from pcap file ./tests/cfgs/default/pcap/codm.pcap...
Running thread 0...

nDPI Memory statistics:
	nDPI Memory (once):      42.82 KB     
	Flow Memory (per flow):  1.15 KB      
	Actual Memory:           11.07 MB     
	Peak Memory:             11.07 MB     
	Setup Time:              18 msec
	Packet Processing Time:  0 msec

Traffic statistics:
	Ethernet bytes:        3902          (includes ethernet CRC/IFC/trailer)
	Discarded bytes:       0            
	IP packets:            13            of 13 packets total
	IP bytes:              3590          (avg pkt size 276 bytes)
	Unique flows:          3            
	TCP Packets:           7            
	UDP Packets:           6            
	VLAN Packets:          0            
	MPLS Packets:          0            
	PPPoE Packets:         0            
	Fragmented Packets:    0            
	Max Packet size:       1452         
	Packet Len < 64:       8            
	Packet Len 64-128:     0            
	Packet Len 128-256:    1            
	Packet Len 256-1024:   3            
	Packet Len 1024-1500:  1            
	Packet Len > 1500:     0            
	nDPI throughput:       34.21 K pps / 78.34 Mb/sec
	Analysis begin:        06/May/2024 03:16:15
	Analysis end:          06/May/2024 03:47:25
	Traffic throughput:    0.01 pps / 16 b/sec
	Traffic duration:      1870.668 sec
	DPI Packets (TCP):     7             (7.00 pkts/flow)
	DPI Packets (UDP):     5             (2.50 pkts/flow)
	Confidence: DPI        3             (flows)


Detected protocols:
	CoD_Mobile           packets: 13            bytes: 3590          flows: 3            


Protocol statistics:
	Fun                  packets: 13            bytes: 3590          flows: 3            

Risk stats [found 1 (33.3 %) flows with risks]:
	Known Proto on Non Std Port                  1 [100.0 %]

	NOTE: as one flow can have multiple risks set, the sum of the
	      last column can exceed the number of flows with risks.


