
-----------------------------------------------------------
* NOTE: This is demo app to show *some* nDPI features.
* In this demo we have implemented only some basic features
* just to show you what you can do with the library. Feel 
* free to extend it and send us the patches for inclusion
------------------------------------------------------------

Using nDPI (4.13.0-5225-2e7b75a) [1 thread(s)]
Using libgcrypt version 1.8.6internal
Reading packets from pcap file ./tests/cfgs/default/pcap/hsrp2_ipv6.pcapng...
Running thread 0...

nDPI Memory statistics:
	nDPI Memory (once):      42.82 KB     
	Flow Memory (per flow):  1.15 KB      
	Actual Memory:           11.06 MB     
	Peak Memory:             11.06 MB     
	Setup Time:              18 msec
	Packet Processing Time:  0 msec

Traffic statistics:
	Ethernet bytes:        5238          (includes ethernet CRC/IFC/trailer)
	Discarded bytes:       0            
	IP packets:            36            of 36 packets total
	IP bytes:              4374          (avg pkt size 121 bytes)
	Unique flows:          2            
	TCP Packets:           0            
	UDP Packets:           36           
	VLAN Packets:          36           
	MPLS Packets:          0            
	PPPoE Packets:         0            
	Fragmented Packets:    0            
	Max Packet size:       80           
	Packet Len < 64:       9            
	Packet Len 64-128:     27           
	Packet Len 128-256:    0            
	Packet Len 256-1024:   0            
	Packet Len 1024-1500:  0            
	Packet Len > 1500:     0            
	nDPI throughput:       141.73 K pps / 157.33 Mb/sec
	Analysis begin:        13/May/2020 16:55:01
	Analysis end:          13/May/2020 16:57:20
	Traffic throughput:    0.26 pps / 302 b/sec
	Traffic duration:      138.564 sec
	DPI Packets (UDP):     2             (1.00 pkts/flow)
	Confidence: DPI        2             (flows)


Detected protocols:
	HSRP                 packets: 36            bytes: 4374          flows: 2            


Protocol statistics:
	Acceptable           packets: 36            bytes: 4374          flows: 2            

Risk stats [found 2 (100.0 %) flows with risks]:
	Known Proto on Non Std Port                  2 [100.0 %]

	NOTE: as one flow can have multiple risks set, the sum of the
	      last column can exceed the number of flows with risks.


