
-----------------------------------------------------------
* NOTE: This is demo app to show *some* nDPI features.
* In this demo we have implemented only some basic features
* just to show you what you can do with the library. Feel 
* free to extend it and send us the patches for inclusion
------------------------------------------------------------

Using nDPI (4.13.0-5225-2e7b75a) [1 thread(s)]
Using libgcrypt version 1.8.6internal
Reading packets from pcap file ./tests/cfgs/default/pcap/zabbix.pcap...
Running thread 0...

nDPI Memory statistics:
	nDPI Memory (once):      42.82 KB     
	Flow Memory (per flow):  1.15 KB      
	Actual Memory:           11.20 MB     
	Peak Memory:             11.20 MB     
	Setup Time:              19 msec
	Packet Processing Time:  0 msec

Traffic statistics:
	Ethernet bytes:        30235         (includes ethernet CRC/IFC/trailer)
	Discarded bytes:       0            
	IP packets:            236           of 236 packets total
	IP bytes:              24571         (avg pkt size 104 bytes)
	Unique flows:          24           
	TCP Packets:           236          
	UDP Packets:           0            
	VLAN Packets:          0            
	MPLS Packets:          0            
	PPPoE Packets:         0            
	Fragmented Packets:    0            
	Max Packet size:       777          
	Packet Len < 64:       193          
	Packet Len 64-128:     5            
	Packet Len 128-256:    21           
	Packet Len 256-1024:   17           
	Packet Len 1024-1500:  0            
	Packet Len > 1500:     0            
	nDPI throughput:       414.04 K pps / 404.69 Mb/sec
	Analysis begin:        28/Oct/2019 14:44:30
	Analysis end:          15/Jul/2022 13:46:26
	Traffic throughput:    0.00 pps / 0 b/sec
	Traffic duration:      85618912.000 sec
	DPI Packets (TCP):     96            (4.00 pkts/flow)
	Confidence: DPI        24            (flows)


Detected protocols:
	Zabbix               packets: 236           bytes: 24571         flows: 24           


Protocol statistics:
	Acceptable           packets: 236           bytes: 24571         flows: 24           
