
-----------------------------------------------------------
* NOTE: This is demo app to show *some* nDPI features.
* In this demo we have implemented only some basic features
* just to show you what you can do with the library. Feel 
* free to extend it and send us the patches for inclusion
------------------------------------------------------------

Using nDPI (4.13.0-5225-2e7b75a) [1 thread(s)]
Using libgcrypt version 1.8.6internal
Reading packets from pcap file ./tests/cfgs/default/pcap/443-curl.pcap...
Running thread 0...

nDPI Memory statistics:
	nDPI Memory (once):      42.82 KB     
	Flow Memory (per flow):  1.15 KB      
	Actual Memory:           11.12 MB     
	Peak Memory:             11.12 MB     
	Setup Time:              21 msec
	Packet Processing Time:  0 msec

Traffic statistics:
	Ethernet bytes:        76598         (includes ethernet CRC/IFC/trailer)
	Discarded bytes:       0            
	IP packets:            109           of 109 packets total
	IP bytes:              73982         (avg pkt size 678 bytes)
	Unique flows:          1            
	TCP Packets:           109          
	UDP Packets:           0            
	VLAN Packets:          0            
	MPLS Packets:          0            
	PPPoE Packets:         0            
	Fragmented Packets:    0            
	Max Packet size:       1472         
	Packet Len < 64:       50           
	Packet Len 64-128:     9            
	Packet Len 128-256:    3            
	Packet Len 256-1024:   1            
	Packet Len 1024-1500:  46           
	Packet Len > 1500:     0            
	nDPI throughput:       158.66 K pps / 850.65 Mb/sec
	Analysis begin:        08/Feb/2020 03:35:20
	Analysis end:          08/Feb/2020 03:35:21
	Traffic throughput:    99.44 pps / 545.96 Kb/sec
	Traffic duration:      1.096 sec
	DPI Packets (TCP):     7             (7.00 pkts/flow)
	Confidence: DPI        1             (flows)


Detected protocols:
	ntop                 packets: 109           bytes: 73982         flows: 1            


Protocol statistics:
	Safe                 packets: 109           bytes: 73982         flows: 1            
