
-----------------------------------------------------------
* NOTE: This is demo app to show *some* nDPI features.
* In this demo we have implemented only some basic features
* just to show you what you can do with the library. Feel 
* free to extend it and send us the patches for inclusion
------------------------------------------------------------

Using nDPI (4.13.0-5225-2e7b75a) [1 thread(s)]
Using libgcrypt version 1.8.6internal
Reading packets from pcap file ./tests/cfgs/default/pcap/tls-appdata.pcap...
Running thread 0...

nDPI Memory statistics:
	nDPI Memory (once):      42.82 KB     
	Flow Memory (per flow):  1.15 KB      
	Actual Memory:           11.21 MB     
	Peak Memory:             11.21 MB     
	Setup Time:              18 msec
	Packet Processing Time:  0 msec

Traffic statistics:
	Ethernet bytes:        122825        (includes ethernet CRC/IFC/trailer)
	Discarded bytes:       0            
	IP packets:            120           of 120 packets total
	IP bytes:              119945        (avg pkt size 999 bytes)
	Unique flows:          2            
	TCP Packets:           120          
	UDP Packets:           0            
	VLAN Packets:          0            
	MPLS Packets:          0            
	PPPoE Packets:         0            
	Fragmented Packets:    0            
	Max Packet size:       2924         
	Packet Len < 64:       68           
	Packet Len 64-128:     0            
	Packet Len 128-256:    3            
	Packet Len 256-1024:   0            
	Packet Len 1024-1500:  20           
	Packet Len > 1500:     29           
	nDPI throughput:       140.19 K pps / 1.07 Gb/sec
	Analysis begin:        20/Jan/2022 05:30:25
	Analysis end:          31/Jan/2022 13:09:18
	Traffic throughput:    0.00 pps / 1 b/sec
	Traffic duration:      977933.812 sec
	DPI Packets (TCP):     17            (8.50 pkts/flow)
	Confidence: DPI        2             (flows)


Detected protocols:
	TLS                  packets: 120           bytes: 119945        flows: 2            


Protocol statistics:
	Safe                 packets: 120           bytes: 119945        flows: 2            
