
-----------------------------------------------------------
* NOTE: This is demo app to show *some* nDPI features.
* In this demo we have implemented only some basic features
* just to show you what you can do with the library. Feel 
* free to extend it and send us the patches for inclusion
------------------------------------------------------------

Using nDPI (4.13.0-5225-2e7b75a) [1 thread(s)]
Using libgcrypt version 1.8.6internal
Reading packets from pcap file ./tests/cfgs/default/pcap/tls_torrent.pcapng...
Running thread 0...

nDPI Memory statistics:
	nDPI Memory (once):      42.82 KB     
	Flow Memory (per flow):  1.15 KB      
	Actual Memory:           11.07 MB     
	Peak Memory:             11.07 MB     
	Setup Time:              19 msec
	Packet Processing Time:  0 msec

Traffic statistics:
	Ethernet bytes:        6476          (includes ethernet CRC/IFC/trailer)
	Discarded bytes:       0            
	IP packets:            7             of 7 packets total
	IP bytes:              6308          (avg pkt size 901 bytes)
	Unique flows:          1            
	TCP Packets:           7            
	UDP Packets:           0            
	VLAN Packets:          0            
	MPLS Packets:          0            
	PPPoE Packets:         0            
	Fragmented Packets:    0            
	Max Packet size:       1420         
	Packet Len < 64:       2            
	Packet Len 64-128:     0            
	Packet Len 128-256:    0            
	Packet Len 256-1024:   1            
	Packet Len 1024-1500:  4            
	Packet Len > 1500:     0            
	nDPI throughput:       14.93 K pps / 105.35 Mb/sec
	Analysis begin:        09/Dec/2021 18:23:27
	Analysis end:          09/Dec/2021 18:23:27
	Traffic throughput:    43.31 pps / 313.02 Kb/sec
	Traffic duration:      0.162 sec
	DPI Packets (TCP):     7             (7.00 pkts/flow)
	Confidence: DPI        1             (flows)


Detected protocols:
	BitTorrent           packets: 7             bytes: 6308          flows: 1            


Protocol statistics:
	Acceptable           packets: 7             bytes: 6308          flows: 1            

Risk stats [found 1 (100.0 %) flows with risks]:
	TLS (probably) Not Carrying HTTPS            1 [100.0 %]

	NOTE: as one flow can have multiple risks set, the sum of the
	      last column can exceed the number of flows with risks.


