
-----------------------------------------------------------
* NOTE: This is demo app to show *some* nDPI features.
* In this demo we have implemented only some basic features
* just to show you what you can do with the library. Feel 
* free to extend it and send us the patches for inclusion
------------------------------------------------------------

Using nDPI (4.13.0-5225-2e7b75a) [1 thread(s)]
Using libgcrypt version 1.8.6internal
Reading packets from pcap file ./tests/cfgs/default/pcap/genshin-impact.pcap...
Running thread 0...

nDPI Memory statistics:
	nDPI Memory (once):      42.82 KB     
	Flow Memory (per flow):  1.15 KB      
	Actual Memory:           11.10 MB     
	Peak Memory:             11.10 MB     
	Setup Time:              19 msec
	Packet Processing Time:  0 msec

Traffic statistics:
	Ethernet bytes:        20565         (includes ethernet CRC/IFC/trailer)
	Discarded bytes:       0            
	IP packets:            90            of 90 packets total
	IP bytes:              18405         (avg pkt size 204 bytes)
	Unique flows:          6            
	TCP Packets:           45           
	UDP Packets:           45           
	VLAN Packets:          0            
	MPLS Packets:          0            
	PPPoE Packets:         0            
	Fragmented Packets:    0            
	Max Packet size:       1434         
	Packet Len < 64:       39           
	Packet Len 64-128:     23           
	Packet Len 128-256:    13           
	Packet Len 256-1024:   11           
	Packet Len 1024-1500:  4            
	Packet Len > 1500:     0            
	nDPI throughput:       220.59 K pps / 384.56 Mb/sec
	Analysis begin:        12/Mar/2021 02:46:12
	Analysis end:          12/Jun/2022 19:50:06
	Traffic throughput:    0.00 pps / 0 b/sec
	Traffic duration:      39546236.000 sec
	DPI Packets (TCP):     12            (4.00 pkts/flow)
	DPI Packets (UDP):     3             (1.00 pkts/flow)
	Confidence: DPI        6             (flows)


Detected protocols:
	GenshinImpact        packets: 90            bytes: 18405         flows: 6            


Protocol statistics:
	Fun                  packets: 90            bytes: 18405         flows: 6            

Risk stats [found 2 (33.3 %) flows with risks]:
	Known Proto on Non Std Port                  2 [100.0 %]

	NOTE: as one flow can have multiple risks set, the sum of the
	      last column can exceed the number of flows with risks.


