
-----------------------------------------------------------
* NOTE: This is demo app to show *some* nDPI features.
* In this demo we have implemented only some basic features
* just to show you what you can do with the library. Feel 
* free to extend it and send us the patches for inclusion
------------------------------------------------------------

Using nDPI (4.13.0-5225-2e7b75a) [1 thread(s)]
Using libgcrypt version 1.8.6internal
Reading packets from pcap file ./tests/cfgs/default/pcap/ah.pcapng...
Running thread 0...

nDPI Memory statistics:
	nDPI Memory (once):      42.82 KB     
	Flow Memory (per flow):  1.15 KB      
	Actual Memory:           11.06 MB     
	Peak Memory:             11.06 MB     
	Setup Time:              19 msec
	Packet Processing Time:  0 msec

Traffic statistics:
	Ethernet bytes:        1912          (includes ethernet CRC/IFC/trailer)
	Discarded bytes:       0            
	IP packets:            6             of 6 packets total
	IP bytes:              1768          (avg pkt size 294 bytes)
	Unique flows:          2            
	TCP Packets:           0            
	UDP Packets:           4            
	VLAN Packets:          0            
	MPLS Packets:          0            
	PPPoE Packets:         0            
	Fragmented Packets:    0            
	Max Packet size:       366          
	Packet Len < 64:       0            
	Packet Len 64-128:     2            
	Packet Len 128-256:    0            
	Packet Len 256-1024:   4            
	Packet Len 1024-1500:  0            
	Packet Len > 1500:     0            
	nDPI throughput:       20.48 K pps / 49.79 Mb/sec
	Analysis begin:        20/Apr/2020 04:58:49
	Analysis end:          20/Apr/2020 04:58:51
	Traffic throughput:    3.00 pps / 7.47 Kb/sec
	Traffic duration:      2.000 sec
	DPI Packets (UDP):     1             (1.00 pkts/flow)
	DPI Packets (other):   1             (1.00 pkts/flow)
	Confidence: DPI        2             (flows)


Detected protocols:
	IPSec                packets: 6             bytes: 1768          flows: 2            


Protocol statistics:
	Safe                 packets: 6             bytes: 1768          flows: 2            
