
-----------------------------------------------------------
* NOTE: This is demo app to show *some* nDPI features.
* In this demo we have implemented only some basic features
* just to show you what you can do with the library. Feel 
* free to extend it and send us the patches for inclusion
------------------------------------------------------------

Using nDPI (4.13.0-5225-2e7b75a) [1 thread(s)]
Using libgcrypt version 1.8.6internal
Reading packets from pcap file ./tests/cfgs/default/pcap/tls_long_cert.pcap...
Running thread 0...

nDPI Memory statistics:
	nDPI Memory (once):      42.82 KB     
	Flow Memory (per flow):  1.15 KB      
	Actual Memory:           11.20 MB     
	Peak Memory:             11.20 MB     
	Setup Time:              19 msec
	Packet Processing Time:  0 msec

Traffic statistics:
	Ethernet bytes:        121969        (includes ethernet CRC/IFC/trailer)
	Discarded bytes:       0            
	IP packets:            182           of 182 packets total
	IP bytes:              117601        (avg pkt size 646 bytes)
	Unique flows:          1            
	TCP Packets:           182          
	UDP Packets:           0            
	VLAN Packets:          0            
	MPLS Packets:          0            
	PPPoE Packets:         0            
	Fragmented Packets:    0            
	Max Packet size:       1480         
	Packet Len < 64:       85           
	Packet Len 64-128:     5            
	Packet Len 128-256:    5            
	Packet Len 256-1024:   17           
	Packet Len 1024-1500:  70           
	Packet Len > 1500:     0            
	nDPI throughput:       245.28 K pps / 1.22 Gb/sec
	Analysis begin:        26/Mar/2019 22:21:18
	Analysis end:          26/Mar/2019 22:22:29
	Traffic throughput:    2.55 pps / 13.36 Kb/sec
	Traffic duration:      71.339 sec
	DPI Packets (TCP):     9             (9.00 pkts/flow)
	Confidence: DPI        1             (flows)


Detected protocols:
	TLS                  packets: 182           bytes: 117601        flows: 1            


Protocol statistics:
	Safe                 packets: 182           bytes: 117601        flows: 1            
