
-----------------------------------------------------------
* NOTE: This is demo app to show *some* nDPI features.
* In this demo we have implemented only some basic features
* just to show you what you can do with the library. Feel 
* free to extend it and send us the patches for inclusion
------------------------------------------------------------

Using nDPI (4.13.0-5225-2e7b75a) [1 thread(s)]
Using libgcrypt version 1.8.6internal
Reading packets from pcap file ./tests/cfgs/default/pcap/quic-mvfst-27.pcapng...
Running thread 0...

nDPI Memory statistics:
	nDPI Memory (once):      42.82 KB     
	Flow Memory (per flow):  1.15 KB      
	Actual Memory:           11.07 MB     
	Peak Memory:             11.07 MB     
	Setup Time:              18 msec
	Packet Processing Time:  0 msec

Traffic statistics:
	Ethernet bytes:        11879         (includes ethernet CRC/IFC/trailer)
	Discarded bytes:       0            
	IP packets:            20            of 20 packets total
	IP bytes:              11399         (avg pkt size 569 bytes)
	Unique flows:          1            
	TCP Packets:           0            
	UDP Packets:           20           
	VLAN Packets:          0            
	MPLS Packets:          0            
	PPPoE Packets:         0            
	Fragmented Packets:    0            
	Max Packet size:       1260         
	Packet Len < 64:       9            
	Packet Len 64-128:     2            
	Packet Len 128-256:    1            
	Packet Len 256-1024:   2            
	Packet Len 1024-1500:  6            
	Packet Len > 1500:     0            
	nDPI throughput:       56.34 K pps / 255.29 Mb/sec
	Analysis begin:        01/Jan/1970 05:30:41
	Analysis end:          01/Jan/1970 05:30:50
	Traffic throughput:    2.23 pps / 10.36 Kb/sec
	Traffic duration:      8.960 sec
	DPI Packets (UDP):     1             (1.00 pkts/flow)
	Confidence: DPI        1             (flows)


Detected protocols:
	Facebook             packets: 20            bytes: 11399         flows: 1            


Protocol statistics:
	Fun                  packets: 20            bytes: 11399         flows: 1            
