
-----------------------------------------------------------
* NOTE: This is demo app to show *some* nDPI features.
* In this demo we have implemented only some basic features
* just to show you what you can do with the library. Feel 
* free to extend it and send us the patches for inclusion
------------------------------------------------------------

Using nDPI (4.13.0-5225-2e7b75a) [1 thread(s)]
Using libgcrypt version 1.8.6internal
Reading packets from pcap file ./tests/cfgs/default/pcap/teams.pcap...
Running thread 0...

nDPI Memory statistics:
	nDPI Memory (once):      42.82 KB     
	Flow Memory (per flow):  1.15 KB      
	Actual Memory:           12.64 MB     
	Peak Memory:             12.64 MB     
	Setup Time:              21 msec
	Packet Processing Time:  4 msec

Traffic statistics:
	Ethernet bytes:        712947        (includes ethernet CRC/IFC/trailer)
	Discarded bytes:       1560         
	IP packets:            1498          of 1540 packets total
	IP bytes:              676995        (avg pkt size 439 bytes)
	Unique flows:          83           
	TCP Packets:           1317         
	UDP Packets:           179          
	VLAN Packets:          0            
	MPLS Packets:          0            
	PPPoE Packets:         0            
	Fragmented Packets:    0            
	Max Packet size:       1472         
	Packet Len < 64:       696          
	Packet Len 64-128:     171          
	Packet Len 128-256:    142          
	Packet Len 256-1024:   153          
	Packet Len 1024-1500:  336          
	Packet Len > 1500:     0            
	nDPI throughput:       345.48 K pps / 1.23 Gb/sec
	Analysis begin:        16/Apr/2020 18:24:32
	Analysis end:          16/Apr/2020 18:24:58
	Traffic throughput:    58.51 pps / 217.56 Kb/sec
	Traffic duration:      25.602 sec
	Guessed flow protos:   2            
	DPI Packets (TCP):     349           (8.31 pkts/flow)
	DPI Packets (UDP):     117           (2.92 pkts/flow)
	DPI Packets (other):   1             (1.00 pkts/flow)
	Confidence: Unknown    1             (flows)
	Confidence: Match by port 1             (flows)
	Confidence: DPI (partial) 5             (flows)
	Confidence: DPI        76            (flows)


Detected protocols:
	Unknown              packets: 4             bytes: 456           flows: 1            
	DNS                  packets: 45            bytes: 6351          flows: 22           
	DHCP                 packets: 7             bytes: 2323          flows: 2            
	ntop                 packets: 37            bytes: 9514          flows: 2            
	TeamsCall            packets: 124           bytes: 33394         flows: 13           
	ICMP                 packets: 2             bytes: 140           flows: 1            
	TLS                  packets: 20            bytes: 11474         flows: 2            
	Dropbox              packets: 2             bytes: 1054          flows: 2            
	Spotify              packets: 1             bytes: 82            flows: 1            
	Telegram             packets: 3             bytes: 186           flows: 1            
	Microsoft365         packets: 531           bytes: 334618        flows: 13           
	Teams                packets: 722           bytes: 277403        flows: 23           


Protocol statistics:
	Safe                 packets: 779           bytes: 298391        flows: 27           
	Acceptable           packets: 714           bytes: 378066        flows: 54           
	Fun                  packets: 1             bytes: 82            flows: 1            
	Unrated              packets: 4             bytes: 456           flows: 1            

Risk stats [found 30 (36.1 %) flows with risks]:
	Known Proto on Non Std Port                  8 [23.5 %]
	TLS Cert Mismatch                            2 [ 5.9 %]
	TLS (probably) Not Carrying HTTPS           17 [50.0 %]
	Susp Entropy                                 1 [ 2.9 %]
	Error Code                                   1 [ 2.9 %]
	Unidirectional Traffic                       4 [11.8 %]
	Minor Issues                                 1 [ 2.9 %]

	NOTE: as one flow can have multiple risks set, the sum of the
	      last column can exceed the number of flows with risks.


