
-----------------------------------------------------------
* NOTE: This is demo app to show *some* nDPI features.
* In this demo we have implemented only some basic features
* just to show you what you can do with the library. Feel 
* free to extend it and send us the patches for inclusion
------------------------------------------------------------

Using nDPI (4.13.0-5225-2e7b75a) [1 thread(s)]
Using libgcrypt version 1.8.6internal
Reading packets from pcap file ./tests/cfgs/default/pcap/upnp.pcap...
Running thread 0...

nDPI Memory statistics:
	nDPI Memory (once):      42.82 KB     
	Flow Memory (per flow):  1.15 KB      
	Actual Memory:           11.06 MB     
	Peak Memory:             11.06 MB     
	Setup Time:              17 msec
	Packet Processing Time:  0 msec

Traffic statistics:
	Ethernet bytes:        10248         (includes ethernet CRC/IFC/trailer)
	Discarded bytes:       0            
	IP packets:            14            of 14 packets total
	IP bytes:              9912          (avg pkt size 708 bytes)
	Unique flows:          2            
	TCP Packets:           0            
	UDP Packets:           14           
	VLAN Packets:          0            
	MPLS Packets:          0            
	PPPoE Packets:         0            
	Fragmented Packets:    0            
	Max Packet size:       664          
	Packet Len < 64:       0            
	Packet Len 64-128:     0            
	Packet Len 128-256:    0            
	Packet Len 256-1024:   14           
	Packet Len 1024-1500:  0            
	Packet Len > 1500:     0            
	nDPI throughput:       25.36 K pps / 141.64 Mb/sec
	Analysis begin:        06/Nov/2018 20:11:54
	Analysis end:          06/Nov/2018 20:12:01
	Traffic throughput:    2.11 pps / 12.05 Kb/sec
	Traffic duration:      6.647 sec
	DPI Packets (UDP):     2             (1.00 pkts/flow)
	Confidence: DPI        2             (flows)


Detected protocols:
	WSD                  packets: 14            bytes: 9912          flows: 2            


Protocol statistics:
	Acceptable           packets: 14            bytes: 9912          flows: 2            
