
-----------------------------------------------------------
* NOTE: This is demo app to show *some* nDPI features.
* In this demo we have implemented only some basic features
* just to show you what you can do with the library. Feel 
* free to extend it and send us the patches for inclusion
------------------------------------------------------------

Using nDPI (4.13.0-5225-2e7b75a) [1 thread(s)]
Using libgcrypt version 1.8.6internal
Reading packets from pcap file ./tests/cfgs/default/pcap/WebattackRCE.pcap...
Running thread 0...

nDPI Memory statistics:
	nDPI Memory (once):      42.82 KB     
	Flow Memory (per flow):  1.15 KB      
	Actual Memory:           16.02 MB     
	Peak Memory:             16.02 MB     
	Setup Time:              18 msec
	Packet Processing Time:  8 msec

Traffic statistics:
	Ethernet bytes:        210131        (includes ethernet CRC/IFC/trailer)
	Discarded bytes:       0            
	IP packets:            797           of 797 packets total
	IP bytes:              191003        (avg pkt size 239 bytes)
	Unique flows:          797          
	TCP Packets:           797          
	UDP Packets:           0            
	VLAN Packets:          0            
	MPLS Packets:          0            
	PPPoE Packets:         0            
	Fragmented Packets:    0            
	Max Packet size:       617          
	Packet Len < 64:       0            
	Packet Len 64-128:     0            
	Packet Len 128-256:    684          
	Packet Len 256-1024:   113          
	Packet Len 1024-1500:  0            
	Packet Len > 1500:     0            
	nDPI throughput:       93.30 K pps / 187.68 Mb/sec
	Analysis begin:        15/Dec/2019 20:01:16
	Analysis end:          15/Dec/2019 20:01:18
	Traffic throughput:    554.73 pps / 1.12 Mb/sec
	Traffic duration:      1.437 sec
	DPI Packets (TCP):     797           (1.00 pkts/flow)
	Confidence: DPI        797           (flows)


Detected protocols:
	HTTP                 packets: 797           bytes: 191003        flows: 797          


Protocol statistics:
	Acceptable           packets: 797           bytes: 191003        flows: 797          

Risk stats [found 797 (100.0 %) flows with risks]:
	RCE Injection                                2 [ 0.1 %]
	Known Proto on Non Std Port                797 [32.7 %]
	HTTP Susp User-Agent                        62 [ 2.5 %]
	HTTP/TLS/QUIC Numeric Hostname/SNI         777 [31.9 %]
	Possible Exploit Attempt                     2 [ 0.1 %]
	Crawler/Bot                                  1 [ 0.0 %]
	Unidirectional Traffic                     797 [32.7 %]

	NOTE: as one flow can have multiple risks set, the sum of the
	      last column can exceed the number of flows with risks.


