
-----------------------------------------------------------
* NOTE: This is demo app to show *some* nDPI features.
* In this demo we have implemented only some basic features
* just to show you what you can do with the library. Feel 
* free to extend it and send us the patches for inclusion
------------------------------------------------------------

Using nDPI (4.13.0-5225-2e7b75a) [1 thread(s)]
Using libgcrypt version 1.8.6internal
Reading packets from pcap file ./tests/cfgs/default/pcap/rtps.pcap...
Running thread 0...

nDPI Memory statistics:
	nDPI Memory (once):      42.82 KB     
	Flow Memory (per flow):  1.15 KB      
	Actual Memory:           11.07 MB     
	Peak Memory:             11.07 MB     
	Setup Time:              21 msec
	Packet Processing Time:  0 msec

Traffic statistics:
	Ethernet bytes:        23078         (includes ethernet CRC/IFC/trailer)
	Discarded bytes:       0            
	IP packets:            29            of 29 packets total
	IP bytes:              22382         (avg pkt size 771 bytes)
	Unique flows:          1            
	TCP Packets:           0            
	UDP Packets:           29           
	VLAN Packets:          0            
	MPLS Packets:          0            
	PPPoE Packets:         0            
	Fragmented Packets:    0            
	Max Packet size:       788          
	Packet Len < 64:       1            
	Packet Len 64-128:     1            
	Packet Len 128-256:    0            
	Packet Len 256-1024:   27           
	Packet Len 1024-1500:  0            
	Packet Len > 1500:     0            
	nDPI throughput:       68.72 K pps / 417.23 Mb/sec
	Analysis begin:        21/Jun/2017 11:30:47
	Analysis end:          21/Jun/2017 11:38:57
	Traffic throughput:    0.06 pps / 376 b/sec
	Traffic duration:      490.031 sec
	DPI Packets (UDP):     1             (1.00 pkts/flow)
	Confidence: DPI        1             (flows)


Detected protocols:
	RTPS                 packets: 29            bytes: 22382         flows: 1            


Protocol statistics:
	Acceptable           packets: 29            bytes: 22382         flows: 1            

Risk stats [found 1 (100.0 %) flows with risks]:
	Known Proto on Non Std Port                  1 [50.0 %]
	Unidirectional Traffic                       1 [50.0 %]

	NOTE: as one flow can have multiple risks set, the sum of the
	      last column can exceed the number of flows with risks.


