
-----------------------------------------------------------
* NOTE: This is demo app to show *some* nDPI features.
* In this demo we have implemented only some basic features
* just to show you what you can do with the library. Feel 
* free to extend it and send us the patches for inclusion
------------------------------------------------------------

Using nDPI (4.13.0-5225-2e7b75a) [1 thread(s)]
Using libgcrypt version 1.8.6internal
Reading packets from pcap file ./tests/cfgs/default/pcap/quic046.pcap...
Running thread 0...

nDPI Memory statistics:
	nDPI Memory (once):      42.82 KB     
	Flow Memory (per flow):  1.15 KB      
	Actual Memory:           11.13 MB     
	Peak Memory:             11.13 MB     
	Setup Time:              20 msec
	Packet Processing Time:  0 msec

Traffic statistics:
	Ethernet bytes:        93697         (includes ethernet CRC/IFC/trailer)
	Discarded bytes:       0            
	IP packets:            100           of 100 packets total
	IP bytes:              91297         (avg pkt size 912 bytes)
	Unique flows:          1            
	TCP Packets:           0            
	UDP Packets:           100          
	VLAN Packets:          0            
	MPLS Packets:          0            
	PPPoE Packets:         0            
	Fragmented Packets:    0            
	Max Packet size:       1358         
	Packet Len < 64:       27           
	Packet Len 64-128:     1            
	Packet Len 128-256:    8            
	Packet Len 256-1024:   2            
	Packet Len 1024-1500:  62           
	Packet Len > 1500:     0            
	nDPI throughput:       261.78 K pps / 1.83 Gb/sec
	Analysis begin:        17/Mar/2020 20:13:11
	Analysis end:          17/Mar/2020 20:13:11
	Traffic throughput:    1.90 K pps / 13.55 Mb/sec
	Traffic duration:      0.053 sec
	DPI Packets (UDP):     1             (1.00 pkts/flow)
	Confidence: DPI        1             (flows)


Detected protocols:
	YouTube              packets: 100           bytes: 91297         flows: 1            


Protocol statistics:
	Fun                  packets: 100           bytes: 91297         flows: 1            
