
-----------------------------------------------------------
* NOTE: This is demo app to show *some* nDPI features.
* In this demo we have implemented only some basic features
* just to show you what you can do with the library. Feel 
* free to extend it and send us the patches for inclusion
------------------------------------------------------------

Using nDPI (4.13.0-5225-2e7b75a) [1 thread(s)]
Using libgcrypt version 1.8.6internal
Reading packets from pcap file ./tests/cfgs/default/pcap/z3950.pcapng...
Running thread 0...

nDPI Memory statistics:
	nDPI Memory (once):      42.82 KB     
	Flow Memory (per flow):  1.15 KB      
	Actual Memory:           11.06 MB     
	Peak Memory:             11.06 MB     
	Setup Time:              18 msec
	Packet Processing Time:  0 msec

Traffic statistics:
	Ethernet bytes:        7052          (includes ethernet CRC/IFC/trailer)
	Discarded bytes:       0            
	IP packets:            31            of 31 packets total
	IP bytes:              6308          (avg pkt size 203 bytes)
	Unique flows:          2            
	TCP Packets:           31           
	UDP Packets:           0            
	VLAN Packets:          0            
	MPLS Packets:          0            
	PPPoE Packets:         0            
	Fragmented Packets:    0            
	Max Packet size:       1472         
	Packet Len < 64:       21           
	Packet Len 64-128:     5            
	Packet Len 128-256:    2            
	Packet Len 256-1024:   1            
	Packet Len 1024-1500:  2            
	Packet Len > 1500:     0            
	nDPI throughput:       64.58 K pps / 112.09 Mb/sec
	Analysis begin:        14/Jun/2021 19:54:57
	Analysis end:          30/Jun/2021 21:53:20
	Traffic throughput:    0.00 pps / 0 b/sec
	Traffic duration:      1389502.875 sec
	Guessed flow protos:   1            
	DPI Packets (TCP):     26            (13.00 pkts/flow)
	Confidence: Match by port 1             (flows)
	Confidence: DPI        1             (flows)


Detected protocols:
	Z3950                packets: 31            bytes: 6308          flows: 2            


Protocol statistics:
	Acceptable           packets: 31            bytes: 6308          flows: 2            

Risk stats [found 1 (50.0 %) flows with risks]:
	Known Proto on Non Std Port                  1 [100.0 %]

	NOTE: as one flow can have multiple risks set, the sum of the
	      last column can exceed the number of flows with risks.


