
-----------------------------------------------------------
* NOTE: This is demo app to show *some* nDPI features.
* In this demo we have implemented only some basic features
* just to show you what you can do with the library. Feel 
* free to extend it and send us the patches for inclusion
------------------------------------------------------------

Using nDPI (4.13.0-5225-2e7b75a) [1 thread(s)]
Using libgcrypt version 1.8.6internal
Reading packets from pcap file ./tests/cfgs/default/pcap/safari.pcap...
Running thread 0...

nDPI Memory statistics:
	nDPI Memory (once):      42.82 KB     
	Flow Memory (per flow):  1.15 KB      
	Actual Memory:           11.20 MB     
	Peak Memory:             11.20 MB     
	Setup Time:              18 msec
	Packet Processing Time:  0 msec

Traffic statistics:
	Ethernet bytes:        87422         (includes ethernet CRC/IFC/trailer)
	Discarded bytes:       0            
	IP packets:            168           of 168 packets total
	IP bytes:              83390         (avg pkt size 496 bytes)
	Unique flows:          7            
	TCP Packets:           168          
	UDP Packets:           0            
	VLAN Packets:          0            
	MPLS Packets:          0            
	PPPoE Packets:         0            
	Fragmented Packets:    0            
	Max Packet size:       1472         
	Packet Len < 64:       86           
	Packet Len 64-128:     9            
	Packet Len 128-256:    11           
	Packet Len 256-1024:   20           
	Packet Len 1024-1500:  42           
	Packet Len > 1500:     0            
	nDPI throughput:       182.21 K pps / 723.40 Mb/sec
	Analysis begin:        13/May/2021 14:57:04
	Analysis end:          13/May/2021 14:57:07
	Traffic throughput:    54.02 pps / 219.62 Kb/sec
	Traffic duration:      3.110 sec
	DPI Packets (TCP):     46            (6.57 pkts/flow)
	Confidence: DPI        7             (flows)


Detected protocols:
	TLS                  packets: 168           bytes: 83390         flows: 7            


Protocol statistics:
	Safe                 packets: 168           bytes: 83390         flows: 7            

Risk stats [found 5 (71.4 %) flows with risks]:
	TLS (probably) Not Carrying HTTPS            5 [100.0 %]

	NOTE: as one flow can have multiple risks set, the sum of the
	      last column can exceed the number of flows with risks.


