
-----------------------------------------------------------
* NOTE: This is demo app to show *some* nDPI features.
* In this demo we have implemented only some basic features
* just to show you what you can do with the library. Feel 
* free to extend it and send us the patches for inclusion
------------------------------------------------------------

Using nDPI (4.13.0-5225-2e7b75a) [1 thread(s)]
Using libgcrypt version 1.8.6internal
Reading packets from pcap file ./tests/cfgs/default/pcap/pgsql.pcap...
Running thread 0...

nDPI Memory statistics:
	nDPI Memory (once):      42.82 KB     
	Flow Memory (per flow):  1.15 KB      
	Actual Memory:           11.10 MB     
	Peak Memory:             11.10 MB     
	Setup Time:              21 msec
	Packet Processing Time:  0 msec

Traffic statistics:
	Ethernet bytes:        11025         (includes ethernet CRC/IFC/trailer)
	Discarded bytes:       0            
	IP packets:            88            of 88 packets total
	IP bytes:              8913          (avg pkt size 101 bytes)
	Unique flows:          6            
	TCP Packets:           88           
	UDP Packets:           0            
	VLAN Packets:          0            
	MPLS Packets:          0            
	PPPoE Packets:         0            
	Fragmented Packets:    0            
	Max Packet size:       421          
	Packet Len < 64:       65           
	Packet Len 64-128:     12           
	Packet Len 128-256:    7            
	Packet Len 256-1024:   4            
	Packet Len 1024-1500:  0            
	Packet Len > 1500:     0            
	nDPI throughput:       220.00 K pps / 210.29 Mb/sec
	Analysis begin:        19/Dec/2004 16:29:43
	Analysis end:          18/Dec/2019 06:03:51
	Traffic throughput:    0.00 pps / 0 b/sec
	Traffic duration:      473175232.000 sec
	DPI Packets (TCP):     36            (6.00 pkts/flow)
	Confidence: DPI        6             (flows)


Detected protocols:
	PostgreSQL           packets: 88            bytes: 8913          flows: 6            


Protocol statistics:
	Acceptable           packets: 88            bytes: 8913          flows: 6            
