
-----------------------------------------------------------
* NOTE: This is demo app to show *some* nDPI features.
* In this demo we have implemented only some basic features
* just to show you what you can do with the library. Feel 
* free to extend it and send us the patches for inclusion
------------------------------------------------------------

Using nDPI (4.13.0-5225-2e7b75a) [1 thread(s)]
Using libgcrypt version 1.8.6internal
Reading packets from pcap file ./tests/cfgs/default/pcap/tk.pcap...
Running thread 0...

nDPI Memory statistics:
	nDPI Memory (once):      42.82 KB     
	Flow Memory (per flow):  1.15 KB      
	Actual Memory:           11.06 MB     
	Peak Memory:             11.06 MB     
	Setup Time:              20 msec
	Packet Processing Time:  0 msec

Traffic statistics:
	Ethernet bytes:        710           (includes ethernet CRC/IFC/trailer)
	Discarded bytes:       0            
	IP packets:            6             of 6 packets total
	IP bytes:              566           (avg pkt size 94 bytes)
	Unique flows:          3            
	TCP Packets:           0            
	UDP Packets:           6            
	VLAN Packets:          0            
	MPLS Packets:          0            
	PPPoE Packets:         0            
	Fragmented Packets:    0            
	Max Packet size:       97           
	Packet Len < 64:       4            
	Packet Len 64-128:     2            
	Packet Len 128-256:    0            
	Packet Len 256-1024:   0            
	Packet Len 1024-1500:  0            
	Packet Len > 1500:     0            
	nDPI throughput:       21.82 K pps / 19.70 Mb/sec
	Analysis begin:        22/Feb/2021 01:58:35
	Analysis end:          22/Feb/2021 01:58:35
	Traffic throughput:    28.51 pps / 26.35 Kb/sec
	Traffic duration:      0.210 sec
	DPI Packets (UDP):     6             (2.00 pkts/flow)
	Confidence: DPI        3             (flows)


Detected protocols:
	DNS                  packets: 6             bytes: 566           flows: 3            


Protocol statistics:
	Acceptable           packets: 6             bytes: 566           flows: 3            
