
-----------------------------------------------------------
* NOTE: This is demo app to show *some* nDPI features.
* In this demo we have implemented only some basic features
* just to show you what you can do with the library. Feel 
* free to extend it and send us the patches for inclusion
------------------------------------------------------------

Using nDPI (4.13.0-5225-2e7b75a) [1 thread(s)]
Using libgcrypt version 1.8.6internal
Reading packets from pcap file ./tests/cfgs/default/pcap/mysql.pcapng...
Running thread 0...

nDPI Memory statistics:
	nDPI Memory (once):      42.82 KB     
	Flow Memory (per flow):  1.15 KB      
	Actual Memory:           11.06 MB     
	Peak Memory:             11.06 MB     
	Setup Time:              21 msec
	Packet Processing Time:  0 msec

Traffic statistics:
	Ethernet bytes:        7993          (includes ethernet CRC/IFC/trailer)
	Discarded bytes:       0            
	IP packets:            41            of 41 packets total
	IP bytes:              7009          (avg pkt size 170 bytes)
	Unique flows:          2            
	TCP Packets:           41           
	UDP Packets:           0            
	VLAN Packets:          0            
	MPLS Packets:          0            
	PPPoE Packets:         0            
	Fragmented Packets:    0            
	Max Packet size:       2250         
	Packet Len < 64:       26           
	Packet Len 64-128:     6            
	Packet Len 128-256:    4            
	Packet Len 256-1024:   4            
	Packet Len 1024-1500:  0            
	Packet Len > 1500:     1            
	nDPI throughput:       99.27 K pps / 147.66 Mb/sec
	Analysis begin:        23/Jan/2024 03:19:24
	Analysis end:          23/Jan/2024 03:40:47
	Traffic throughput:    0.03 pps / 49 b/sec
	Traffic duration:      1282.806 sec
	DPI Packets (TCP):     8             (4.00 pkts/flow)
	Confidence: DPI        2             (flows)


Detected protocols:
	MySQL                packets: 41            bytes: 7009          flows: 2            


Protocol statistics:
	Acceptable           packets: 41            bytes: 7009          flows: 2            
