
-----------------------------------------------------------
* NOTE: This is demo app to show *some* nDPI features.
* In this demo we have implemented only some basic features
* just to show you what you can do with the library. Feel 
* free to extend it and send us the patches for inclusion
------------------------------------------------------------

Using nDPI (4.13.0-5225-2e7b75a) [1 thread(s)]
Using libgcrypt version 1.8.6internal
Reading packets from pcap file ./tests/cfgs/default/pcap/ldp.pcap...
Running thread 0...

nDPI Memory statistics:
	nDPI Memory (once):      42.82 KB     
	Flow Memory (per flow):  1.15 KB      
	Actual Memory:           11.06 MB     
	Peak Memory:             11.06 MB     
	Setup Time:              18 msec
	Packet Processing Time:  0 msec

Traffic statistics:
	Ethernet bytes:        1114          (includes ethernet CRC/IFC/trailer)
	Discarded bytes:       0            
	IP packets:            7             of 7 packets total
	IP bytes:              946           (avg pkt size 135 bytes)
	Unique flows:          3            
	TCP Packets:           4            
	UDP Packets:           3            
	VLAN Packets:          0            
	MPLS Packets:          0            
	PPPoE Packets:         0            
	Fragmented Packets:    0            
	Max Packet size:       242          
	Packet Len < 64:       4            
	Packet Len 64-128:     1            
	Packet Len 128-256:    2            
	Packet Len 256-1024:   0            
	Packet Len 1024-1500:  0            
	Packet Len > 1500:     0            
	nDPI throughput:       17.46 K pps / 21.19 Mb/sec
	Analysis begin:        15/Jul/2008 22:53:13
	Analysis end:          15/Jul/2008 22:53:17
	Traffic throughput:    1.64 pps / 2.03 Kb/sec
	Traffic duration:      4.280 sec
	DPI Packets (TCP):     1             (1.00 pkts/flow)
	DPI Packets (UDP):     2             (1.00 pkts/flow)
	Confidence: DPI        3             (flows)


Detected protocols:
	LDP                  packets: 7             bytes: 946           flows: 3            


Protocol statistics:
	Acceptable           packets: 7             bytes: 946           flows: 3            
