
-----------------------------------------------------------
* NOTE: This is demo app to show *some* nDPI features.
* In this demo we have implemented only some basic features
* just to show you what you can do with the library. Feel 
* free to extend it and send us the patches for inclusion
------------------------------------------------------------

Using nDPI (4.13.0-5225-2e7b75a) [1 thread(s)]
Using libgcrypt version 1.8.6internal
Reading packets from pcap file ./tests/cfgs/default/pcap/opc-ua.pcap...
Running thread 0...

nDPI Memory statistics:
	nDPI Memory (once):      42.82 KB     
	Flow Memory (per flow):  1.15 KB      
	Actual Memory:           11.09 MB     
	Peak Memory:             11.09 MB     
	Setup Time:              18 msec
	Packet Processing Time:  0 msec

Traffic statistics:
	Ethernet bytes:        54722         (includes ethernet CRC/IFC/trailer)
	Discarded bytes:       0            
	IP packets:            381           of 381 packets total
	IP bytes:              45578         (avg pkt size 119 bytes)
	Unique flows:          1            
	TCP Packets:           381          
	UDP Packets:           0            
	VLAN Packets:          0            
	MPLS Packets:          0            
	PPPoE Packets:         0            
	Fragmented Packets:    0            
	Max Packet size:       640          
	Packet Len < 64:       195          
	Packet Len 64-128:     42           
	Packet Len 128-256:    136          
	Packet Len 256-1024:   8            
	Packet Len 1024-1500:  0            
	Packet Len > 1500:     0            
	nDPI throughput:       1.19 M pps / 1.28 Gb/sec
	Analysis begin:        09/Nov/2022 01:00:46
	Analysis end:          09/Nov/2022 01:00:46
	Traffic throughput:    27.09 K pps / 29.69 Mb/sec
	Traffic duration:      0.014 sec
	DPI Packets (TCP):     5             (5.00 pkts/flow)
	Confidence: DPI        1             (flows)


Detected protocols:
	OPC-UA               packets: 381           bytes: 45578         flows: 1            


Protocol statistics:
	Acceptable           packets: 381           bytes: 45578         flows: 1            
