
-----------------------------------------------------------
* NOTE: This is demo app to show *some* nDPI features.
* In this demo we have implemented only some basic features
* just to show you what you can do with the library. Feel 
* free to extend it and send us the patches for inclusion
------------------------------------------------------------

Using nDPI (4.13.0-5225-2e7b75a) [1 thread(s)]
Using libgcrypt version 1.8.6internal
Reading packets from pcap file ./tests/cfgs/default/pcap/radmin3.pcapng...
Running thread 0...

nDPI Memory statistics:
	nDPI Memory (once):      42.82 KB     
	Flow Memory (per flow):  1.15 KB      
	Actual Memory:           11.06 MB     
	Peak Memory:             11.06 MB     
	Setup Time:              22 msec
	Packet Processing Time:  0 msec

Traffic statistics:
	Ethernet bytes:        1482          (includes ethernet CRC/IFC/trailer)
	Discarded bytes:       0            
	IP packets:            17            of 17 packets total
	IP bytes:              1074          (avg pkt size 63 bytes)
	Unique flows:          2            
	TCP Packets:           17           
	UDP Packets:           0            
	VLAN Packets:          0            
	MPLS Packets:          0            
	PPPoE Packets:         0            
	Fragmented Packets:    0            
	Max Packet size:       66           
	Packet Len < 64:       16           
	Packet Len 64-128:     1            
	Packet Len 128-256:    0            
	Packet Len 256-1024:   0            
	Packet Len 1024-1500:  0            
	Packet Len > 1500:     0            
	nDPI throughput:       52.15 K pps / 34.68 Mb/sec
	Analysis begin:        24/Jan/2024 23:13:45
	Analysis end:          24/Jan/2024 23:13:52
	Traffic throughput:    2.41 pps / 1.64 Kb/sec
	Traffic duration:      7.043 sec
	DPI Packets (TCP):     12            (6.00 pkts/flow)
	Confidence: DPI        2             (flows)


Detected protocols:
	Radmin               packets: 17            bytes: 1074          flows: 2            


Protocol statistics:
	Acceptable           packets: 17            bytes: 1074          flows: 2            

Risk stats [found 2 (100.0 %) flows with risks]:
	Desktop/File Sharing                         2 [100.0 %]

	NOTE: as one flow can have multiple risks set, the sum of the
	      last column can exceed the number of flows with risks.


