
-----------------------------------------------------------
* NOTE: This is demo app to show *some* nDPI features.
* In this demo we have implemented only some basic features
* just to show you what you can do with the library. Feel 
* free to extend it and send us the patches for inclusion
------------------------------------------------------------

Using nDPI (4.13.0-5225-2e7b75a) [1 thread(s)]
Using libgcrypt version 1.8.6internal
Reading packets from pcap file ./tests/cfgs/default/pcap/soap.pcap...
Running thread 0...

nDPI Memory statistics:
	nDPI Memory (once):      42.82 KB     
	Flow Memory (per flow):  1.15 KB      
	Actual Memory:           11.07 MB     
	Peak Memory:             11.07 MB     
	Setup Time:              21 msec
	Packet Processing Time:  0 msec

Traffic statistics:
	Ethernet bytes:        11428         (includes ethernet CRC/IFC/trailer)
	Discarded bytes:       0            
	IP packets:            20            of 20 packets total
	IP bytes:              10948         (avg pkt size 547 bytes)
	Unique flows:          3            
	TCP Packets:           20           
	UDP Packets:           0            
	VLAN Packets:          5            
	MPLS Packets:          0            
	PPPoE Packets:         0            
	Fragmented Packets:    0            
	Max Packet size:       1472         
	Packet Len < 64:       11           
	Packet Len 64-128:     0            
	Packet Len 128-256:    1            
	Packet Len 256-1024:   1            
	Packet Len 1024-1500:  7            
	Packet Len > 1500:     0            
	nDPI throughput:       51.15 K pps / 222.99 Mb/sec
	Analysis begin:        01/Jan/2000 18:25:21
	Analysis end:          09/Dec/2021 18:18:12
	Traffic throughput:    0.00 pps / 0 b/sec
	Traffic duration:      692322752.000 sec
	DPI Packets (TCP):     11            (3.67 pkts/flow)
	Confidence: DPI        3             (flows)


Detected protocols:
	SOAP                 packets: 20            bytes: 10948         flows: 3            


Protocol statistics:
	Acceptable           packets: 20            bytes: 10948         flows: 3            

Risk stats [found 1 (33.3 %) flows with risks]:
	Known Proto on Non Std Port                  1 [50.0 %]
	Unidirectional Traffic                       1 [50.0 %]

	NOTE: as one flow can have multiple risks set, the sum of the
	      last column can exceed the number of flows with risks.


