
-----------------------------------------------------------
* NOTE: This is demo app to show *some* nDPI features.
* In this demo we have implemented only some basic features
* just to show you what you can do with the library. Feel 
* free to extend it and send us the patches for inclusion
------------------------------------------------------------

Using nDPI (4.13.0-5225-2e7b75a) [1 thread(s)]
Using libgcrypt version 1.8.6internal
Reading packets from pcap file ./tests/cfgs/default/pcap/dos_win98_smb_netbeui.pcap...
Running thread 0...

nDPI Memory statistics:
	nDPI Memory (once):      42.82 KB     
	Flow Memory (per flow):  1.15 KB      
	Actual Memory:           11.09 MB     
	Peak Memory:             11.09 MB     
	Setup Time:              18 msec
	Packet Processing Time:  0 msec

Traffic statistics:
	Ethernet bytes:        10055         (includes ethernet CRC/IFC/trailer)
	Discarded bytes:       0            
	IP packets:            62            of 220 packets total
	IP bytes:              8567          (avg pkt size 38 bytes)
	Unique flows:          4            
	TCP Packets:           0            
	UDP Packets:           61           
	VLAN Packets:          0            
	MPLS Packets:          0            
	PPPoE Packets:         0            
	Fragmented Packets:    0            
	Max Packet size:       215          
	Packet Len < 64:       1            
	Packet Len 64-128:     46           
	Packet Len 128-256:    15           
	Packet Len 256-1024:   0            
	Packet Len 1024-1500:  0            
	Packet Len > 1500:     0            
	nDPI throughput:       200.00 K pps / 247.46 Mb/sec
	Analysis begin:        15/Dec/2019 17:06:36
	Analysis end:          15/Dec/2019 17:08:51
	Traffic throughput:    0.46 pps / 594 b/sec
	Traffic duration:      135.251 sec
	DPI Packets (UDP):     3             (1.00 pkts/flow)
	DPI Packets (other):   1             (1.00 pkts/flow)
	Confidence: DPI        4             (flows)


Detected protocols:
	NetBIOS              packets: 46            bytes: 5060          flows: 2            
	SMBv1                packets: 15            bytes: 3447          flows: 1            
	ICMP                 packets: 1             bytes: 60            flows: 1            


Protocol statistics:
	Acceptable           packets: 47            bytes: 5120          flows: 3            
	Dangerous            packets: 15            bytes: 3447          flows: 1            

Risk stats [found 1 (25.0 %) flows with risks]:
	Unidirectional Traffic                       1 [100.0 %]

	NOTE: as one flow can have multiple risks set, the sum of the
	      last column can exceed the number of flows with risks.


