
-----------------------------------------------------------
* NOTE: This is demo app to show *some* nDPI features.
* In this demo we have implemented only some basic features
* just to show you what you can do with the library. Feel 
* free to extend it and send us the patches for inclusion
------------------------------------------------------------

Using nDPI (4.13.0-5225-2e7b75a) [1 thread(s)]
Using libgcrypt version 1.8.6internal
Reading packets from pcap file ./tests/cfgs/default/pcap/ossfuzz_seed_fake_traces_4.pcapng...
Running thread 0...

nDPI Memory statistics:
	nDPI Memory (once):      42.82 KB     
	Flow Memory (per flow):  1.15 KB      
	Actual Memory:           11.05 MB     
	Peak Memory:             11.05 MB     
	Setup Time:              19 msec
	Packet Processing Time:  0 msec

Traffic statistics:
	Ethernet bytes:        116           (includes ethernet CRC/IFC/trailer)
	Discarded bytes:       0            
	IP packets:            2             of 2 packets total
	IP bytes:              68            (avg pkt size 34 bytes)
	Unique flows:          1            
	TCP Packets:           0            
	UDP Packets:           2            
	VLAN Packets:          0            
	MPLS Packets:          0            
	PPPoE Packets:         0            
	Fragmented Packets:    0            
	Max Packet size:       16           
	Packet Len < 64:       2            
	Packet Len 64-128:     0            
	Packet Len 128-256:    0            
	Packet Len 256-1024:   0            
	Packet Len 1024-1500:  0            
	Packet Len > 1500:     0            
	nDPI throughput:       6.58 K pps / 2.91 Mb/sec
	Analysis begin:        31/Jan/2023 01:18:06
	Analysis end:          31/Jan/2023 01:18:17
	Traffic throughput:    0.19 pps / 86 b/sec
	Traffic duration:      10.697 sec
	DPI Packets (UDP):     2             (2.00 pkts/flow)
	Confidence: Unknown    1             (flows)


Detected protocols:
	Unknown              packets: 2             bytes: 68            flows: 1            


Protocol statistics:
	Unrated              packets: 2             bytes: 68            flows: 1            
