
-----------------------------------------------------------
* NOTE: This is demo app to show *some* nDPI features.
* In this demo we have implemented only some basic features
* just to show you what you can do with the library. Feel 
* free to extend it and send us the patches for inclusion
------------------------------------------------------------

Using nDPI (4.13.0-5225-2e7b75a) [1 thread(s)]
Using libgcrypt version 1.8.6internal
Reading packets from pcap file ./tests/cfgs/default/pcap/collectd.pcap...
Running thread 0...

nDPI Memory statistics:
	nDPI Memory (once):      42.82 KB     
	Flow Memory (per flow):  1.15 KB      
	Actual Memory:           11.19 MB     
	Peak Memory:             11.19 MB     
	Setup Time:              19 msec
	Packet Processing Time:  0 msec

Traffic statistics:
	Ethernet bytes:        111330        (includes ethernet CRC/IFC/trailer)
	Discarded bytes:       0            
	IP packets:            81            of 81 packets total
	IP bytes:              109386        (avg pkt size 1350 bytes)
	Unique flows:          8            
	TCP Packets:           0            
	UDP Packets:           81           
	VLAN Packets:          0            
	MPLS Packets:          0            
	PPPoE Packets:         0            
	Fragmented Packets:    0            
	Max Packet size:       1400         
	Packet Len < 64:       0            
	Packet Len 64-128:     0            
	Packet Len 128-256:    1            
	Packet Len 256-1024:   1            
	Packet Len 1024-1500:  79           
	Packet Len > 1500:     0            
	nDPI throughput:       188.37 K pps / 1.93 Gb/sec
	Analysis begin:        01/Jan/2000 21:25:54
	Analysis end:          15/Jun/2022 23:33:02
	Traffic throughput:    0.00 pps / 0 b/sec
	Traffic duration:      708574016.000 sec
	Guessed flow protos:   3            
	DPI Packets (UDP):     13            (1.62 pkts/flow)
	Confidence: Match by port 3             (flows)
	Confidence: DPI        5             (flows)


Detected protocols:
	collectd             packets: 81            bytes: 109386        flows: 8            


Protocol statistics:
	Acceptable           packets: 81            bytes: 109386        flows: 8            

Risk stats [found 2 (25.0 %) flows with risks]:
	Susp Entropy                                 2 [100.0 %]

	NOTE: as one flow can have multiple risks set, the sum of the
	      last column can exceed the number of flows with risks.


