
-----------------------------------------------------------
* NOTE: This is demo app to show *some* nDPI features.
* In this demo we have implemented only some basic features
* just to show you what you can do with the library. Feel 
* free to extend it and send us the patches for inclusion
------------------------------------------------------------

Using nDPI (4.13.0-5225-2e7b75a) [1 thread(s)]
Using libgcrypt version 1.8.6internal
Reading packets from pcap file ./tests/cfgs/default/pcap/IEC104.pcap...
Running thread 0...

nDPI Memory statistics:
	nDPI Memory (once):      42.82 KB     
	Flow Memory (per flow):  1.15 KB      
	Actual Memory:           11.05 MB     
	Peak Memory:             11.05 MB     
	Setup Time:              18 msec
	Packet Processing Time:  0 msec

Traffic statistics:
	Ethernet bytes:        1791          (includes ethernet CRC/IFC/trailer)
	Discarded bytes:       0            
	IP packets:            15            of 15 packets total
	IP bytes:              1431          (avg pkt size 95 bytes)
	Unique flows:          2            
	TCP Packets:           15           
	UDP Packets:           0            
	VLAN Packets:          0            
	MPLS Packets:          0            
	PPPoE Packets:         0            
	Fragmented Packets:    0            
	Max Packet size:       272          
	Packet Len < 64:       12           
	Packet Len 64-128:     0            
	Packet Len 128-256:    2            
	Packet Len 256-1024:   1            
	Packet Len 1024-1500:  0            
	Packet Len > 1500:     0            
	nDPI throughput:       48.86 K pps / 44.51 Mb/sec
	Analysis begin:        03/Oct/2011 13:34:48
	Analysis end:          03/Oct/2011 13:34:50
	Traffic throughput:    7.49 pps / 6.99 Kb/sec
	Traffic duration:      2.003 sec
	DPI Packets (TCP):     4             (2.00 pkts/flow)
	Confidence: DPI        2             (flows)


Detected protocols:
	IEC60870             packets: 15            bytes: 1431          flows: 2            


Protocol statistics:
	Acceptable           packets: 15            bytes: 1431          flows: 2            
