
-----------------------------------------------------------
* NOTE: This is demo app to show *some* nDPI features.
* In this demo we have implemented only some basic features
* just to show you what you can do with the library. Feel 
* free to extend it and send us the patches for inclusion
------------------------------------------------------------

Using nDPI (4.13.0-5225-2e7b75a) [1 thread(s)]
Using libgcrypt version 1.8.6internal
Reading packets from pcap file ./tests/cfgs/default/pcap/signal_videocall_multiparty.pcapng...
Running thread 0...

nDPI Memory statistics:
	nDPI Memory (once):      42.82 KB     
	Flow Memory (per flow):  1.15 KB      
	Actual Memory:           11.14 MB     
	Peak Memory:             11.14 MB     
	Setup Time:              17 msec
	Packet Processing Time:  0 msec

Traffic statistics:
	Ethernet bytes:        103159        (includes ethernet CRC/IFC/trailer)
	Discarded bytes:       0            
	IP packets:            260           of 260 packets total
	IP bytes:              96919         (avg pkt size 372 bytes)
	Unique flows:          1            
	TCP Packets:           0            
	UDP Packets:           260          
	VLAN Packets:          0            
	MPLS Packets:          0            
	PPPoE Packets:         0            
	Fragmented Packets:    0            
	Max Packet size:       1219         
	Packet Len < 64:       94           
	Packet Len 64-128:     30           
	Packet Len 128-256:    9            
	Packet Len 256-1024:   104          
	Packet Len 1024-1500:  23           
	Packet Len > 1500:     0            
	nDPI throughput:       762.46 K pps / 2.25 Gb/sec
	Analysis begin:        03/Dec/2024 23:08:35
	Analysis end:          03/Dec/2024 23:08:53
	Traffic throughput:    14.46 pps / 44.83 Kb/sec
	Traffic duration:      17.976 sec
	DPI Packets (UDP):     7             (7.00 pkts/flow)
	Confidence: DPI        1             (flows)


Detected protocols:
	SignalVoip           packets: 260           bytes: 96919         flows: 1            


Protocol statistics:
	Acceptable           packets: 260           bytes: 96919         flows: 1            

Risk stats [found 1 (100.0 %) flows with risks]:
	Known Proto on Non Std Port                  1 [100.0 %]

	NOTE: as one flow can have multiple risks set, the sum of the
	      last column can exceed the number of flows with risks.


