
-----------------------------------------------------------
* NOTE: This is demo app to show *some* nDPI features.
* In this demo we have implemented only some basic features
* just to show you what you can do with the library. Feel 
* free to extend it and send us the patches for inclusion
------------------------------------------------------------

Using nDPI (4.13.0-5225-2e7b75a) [1 thread(s)]
Using libgcrypt version 1.8.6internal
Reading packets from pcap file ./tests/cfgs/default/pcap/imo.pcap...
Running thread 0...

nDPI Memory statistics:
	nDPI Memory (once):      42.82 KB     
	Flow Memory (per flow):  1.15 KB      
	Actual Memory:           11.09 MB     
	Peak Memory:             11.09 MB     
	Setup Time:              18 msec
	Packet Processing Time:  0 msec

Traffic statistics:
	Ethernet bytes:        37780         (includes ethernet CRC/IFC/trailer)
	Discarded bytes:       0            
	IP packets:            100           of 100 packets total
	IP bytes:              35380         (avg pkt size 353 bytes)
	Unique flows:          2            
	TCP Packets:           0            
	UDP Packets:           100          
	VLAN Packets:          0            
	MPLS Packets:          0            
	PPPoE Packets:         0            
	Fragmented Packets:    0            
	Max Packet size:       1232         
	Packet Len < 64:       51           
	Packet Len 64-128:     7            
	Packet Len 128-256:    14           
	Packet Len 256-1024:   5            
	Packet Len 1024-1500:  23           
	Packet Len > 1500:     0            
	nDPI throughput:       236.97 K pps / 683.03 Mb/sec
	Analysis begin:        06/Mar/2022 20:39:26
	Analysis end:          06/Mar/2022 20:39:30
	Traffic throughput:    29.95 pps / 88.39 Kb/sec
	Traffic duration:      3.339 sec
	DPI Packets (UDP):     7             (3.50 pkts/flow)
	Confidence: DPI        2             (flows)


Detected protocols:
	IMO                  packets: 100           bytes: 35380         flows: 2            


Protocol statistics:
	Acceptable           packets: 100           bytes: 35380         flows: 2            
