
-----------------------------------------------------------
* NOTE: This is demo app to show *some* nDPI features.
* In this demo we have implemented only some basic features
* just to show you what you can do with the library. Feel 
* free to extend it and send us the patches for inclusion
------------------------------------------------------------

Using nDPI (4.13.0-5225-2e7b75a) [1 thread(s)]
Using libgcrypt version 1.8.6internal
Reading packets from pcap file ./tests/cfgs/default/pcap/tls_missing_ch_frag.pcap...
Running thread 0...

nDPI Memory statistics:
	nDPI Memory (once):      42.82 KB     
	Flow Memory (per flow):  1.15 KB      
	Actual Memory:           11.07 MB     
	Peak Memory:             11.07 MB     
	Setup Time:              18 msec
	Packet Processing Time:  0 msec

Traffic statistics:
	Ethernet bytes:        10418         (includes ethernet CRC/IFC/trailer)
	Discarded bytes:       0            
	IP packets:            14            of 14 packets total
	IP bytes:              10082         (avg pkt size 720 bytes)
	Unique flows:          1            
	TCP Packets:           14           
	UDP Packets:           0            
	VLAN Packets:          0            
	MPLS Packets:          0            
	PPPoE Packets:         0            
	Fragmented Packets:    0            
	Max Packet size:       1989         
	Packet Len < 64:       5            
	Packet Len 64-128:     1            
	Packet Len 128-256:    1            
	Packet Len 256-1024:   1            
	Packet Len 1024-1500:  5            
	Packet Len > 1500:     1            
	nDPI throughput:       35.53 K pps / 201.73 Mb/sec
	Analysis begin:        14/Jul/2021 14:17:51
	Analysis end:          14/Jul/2021 14:17:51
	Traffic throughput:    37.39 pps / 217.40 Kb/sec
	Traffic duration:      0.374 sec
	DPI Packets (TCP):     14            (14.00 pkts/flow)
	Confidence: DPI        1             (flows)


Detected protocols:
	TLS                  packets: 14            bytes: 10082         flows: 1            


Protocol statistics:
	Safe                 packets: 14            bytes: 10082         flows: 1            
