
-----------------------------------------------------------
* NOTE: This is demo app to show *some* nDPI features.
* In this demo we have implemented only some basic features
* just to show you what you can do with the library. Feel 
* free to extend it and send us the patches for inclusion
------------------------------------------------------------

Using nDPI (4.13.0-5225-2e7b75a) [1 thread(s)]
Using libgcrypt version 1.8.6internal
Reading packets from pcap file ./tests/cfgs/default/pcap/uftp_v4_v5.pcap...
Running thread 0...

nDPI Memory statistics:
	nDPI Memory (once):      42.82 KB     
	Flow Memory (per flow):  1.15 KB      
	Actual Memory:           11.34 MB     
	Peak Memory:             11.34 MB     
	Setup Time:              18 msec
	Packet Processing Time:  0 msec

Traffic statistics:
	Ethernet bytes:        302580        (includes ethernet CRC/IFC/trailer)
	Discarded bytes:       0            
	IP packets:            260           of 260 packets total
	IP bytes:              296340        (avg pkt size 1139 bytes)
	Unique flows:          3            
	TCP Packets:           0            
	UDP Packets:           260          
	VLAN Packets:          0            
	MPLS Packets:          0            
	PPPoE Packets:         0            
	Fragmented Packets:    0            
	Max Packet size:       1332         
	Packet Len < 64:       44           
	Packet Len 64-128:     1            
	Packet Len 128-256:    0            
	Packet Len 256-1024:   1            
	Packet Len 1024-1500:  214          
	Packet Len > 1500:     0            
	nDPI throughput:       315.53 K pps / 2.74 Gb/sec
	Analysis begin:        07/Aug/2016 03:22:29
	Analysis end:          23/Apr/2020 20:45:33
	Traffic throughput:    0.00 pps / 0 b/sec
	Traffic duration:      117134584.000 sec
	DPI Packets (UDP):     3             (1.00 pkts/flow)
	Confidence: DPI        3             (flows)


Detected protocols:
	UFTP                 packets: 260           bytes: 296340        flows: 3            


Protocol statistics:
	Acceptable           packets: 260           bytes: 296340        flows: 3            
