
-----------------------------------------------------------
* NOTE: This is demo app to show *some* nDPI features.
* In this demo we have implemented only some basic features
* just to show you what you can do with the library. Feel 
* free to extend it and send us the patches for inclusion
------------------------------------------------------------

Using nDPI (4.13.0-5225-2e7b75a) [1 thread(s)]
Using libgcrypt version 1.8.6internal
Reading packets from pcap file ./tests/cfgs/default/pcap/nfsv2.pcap...
Running thread 0...

nDPI Memory statistics:
	nDPI Memory (once):      42.82 KB     
	Flow Memory (per flow):  1.15 KB      
	Actual Memory:           11.10 MB     
	Peak Memory:             11.10 MB     
	Setup Time:              20 msec
	Packet Processing Time:  0 msec

Traffic statistics:
	Ethernet bytes:        26888         (includes ethernet CRC/IFC/trailer)
	Discarded bytes:       0            
	IP packets:            156           of 156 packets total
	IP bytes:              23144         (avg pkt size 148 bytes)
	Unique flows:          7            
	TCP Packets:           0            
	UDP Packets:           156          
	VLAN Packets:          0            
	MPLS Packets:          0            
	PPPoE Packets:         0            
	Fragmented Packets:    0            
	Max Packet size:       180          
	Packet Len < 64:       29           
	Packet Len 64-128:     29           
	Packet Len 128-256:    98           
	Packet Len 256-1024:   0            
	Packet Len 1024-1500:  0            
	Packet Len > 1500:     0            
	nDPI throughput:       427.40 K pps / 562.03 Mb/sec
	Analysis begin:        03/Dec/1999 13:18:58
	Analysis end:          03/Dec/1999 13:18:58
	Traffic throughput:    318.37 pps / 428.70 Kb/sec
	Traffic duration:      0.490 sec
	DPI Packets (UDP):     7             (1.00 pkts/flow)
	Confidence: DPI        7             (flows)


Detected protocols:
	NFS                  packets: 156           bytes: 23144         flows: 7            


Protocol statistics:
	Acceptable           packets: 156           bytes: 23144         flows: 7            

Risk stats [found 5 (71.4 %) flows with risks]:
	Known Proto on Non Std Port                  5 [100.0 %]

	NOTE: as one flow can have multiple risks set, the sum of the
	      last column can exceed the number of flows with risks.


