
-----------------------------------------------------------
* NOTE: This is demo app to show *some* nDPI features.
* In this demo we have implemented only some basic features
* just to show you what you can do with the library. Feel 
* free to extend it and send us the patches for inclusion
------------------------------------------------------------

Using nDPI (4.13.0-5225-2e7b75a) [1 thread(s)]
Using libgcrypt version 1.8.6internal
Reading packets from pcap file ./tests/cfgs/default/pcap/dns2.pcap...
Running thread 0...

nDPI Memory statistics:
	nDPI Memory (once):      42.82 KB     
	Flow Memory (per flow):  1.15 KB      
	Actual Memory:           11.05 MB     
	Peak Memory:             11.05 MB     
	Setup Time:              19 msec
	Packet Processing Time:  0 msec

Traffic statistics:
	Ethernet bytes:        501           (includes ethernet CRC/IFC/trailer)
	Discarded bytes:       0            
	IP packets:            4             of 4 packets total
	IP bytes:              405           (avg pkt size 101 bytes)
	Unique flows:          1            
	TCP Packets:           0            
	UDP Packets:           4            
	VLAN Packets:          0            
	MPLS Packets:          0            
	PPPoE Packets:         0            
	Fragmented Packets:    0            
	Max Packet size:       119          
	Packet Len < 64:       2            
	Packet Len 64-128:     2            
	Packet Len 128-256:    0            
	Packet Len 256-1024:   0            
	Packet Len 1024-1500:  0            
	Packet Len > 1500:     0            
	nDPI throughput:       16.60 K pps / 15.86 Mb/sec
	Analysis begin:        27/Sep/2024 21:51:48
	Analysis end:          27/Sep/2024 21:51:48
	Traffic throughput:    135.69 pps / 132.77 Kb/sec
	Traffic duration:      0.029 sec
	DPI Packets (UDP):     3             (3.00 pkts/flow)
	Confidence: DPI        1             (flows)


Detected protocols:
	DNS                  packets: 4             bytes: 405           flows: 1            


Protocol statistics:
	Acceptable           packets: 4             bytes: 405           flows: 1            
