
-----------------------------------------------------------
* NOTE: This is demo app to show *some* nDPI features.
* In this demo we have implemented only some basic features
* just to show you what you can do with the library. Feel 
* free to extend it and send us the patches for inclusion
------------------------------------------------------------

Using nDPI (4.13.0-5225-2e7b75a) [1 thread(s)]
Using libgcrypt version 1.8.6internal
Reading packets from pcap file ./tests/cfgs/default/pcap/whatsapp.pcap...
Running thread 0...

nDPI Memory statistics:
	nDPI Memory (once):      42.82 KB     
	Flow Memory (per flow):  1.15 KB      
	Actual Memory:           11.81 MB     
	Peak Memory:             11.81 MB     
	Setup Time:              18 msec
	Packet Processing Time:  2 msec

Traffic statistics:
	Ethernet bytes:        112589        (includes ethernet CRC/IFC/trailer)
	Discarded bytes:       0            
	IP packets:            679           of 679 packets total
	IP bytes:              96293         (avg pkt size 141 bytes)
	Unique flows:          86           
	TCP Packets:           679          
	UDP Packets:           0            
	VLAN Packets:          0            
	MPLS Packets:          0            
	PPPoE Packets:         0            
	Fragmented Packets:    0            
	Max Packet size:       1301         
	Packet Len < 64:       544          
	Packet Len 64-128:     39           
	Packet Len 128-256:    1            
	Packet Len 256-1024:   73           
	Packet Len 1024-1500:  22           
	Packet Len > 1500:     0            
	nDPI throughput:       269.23 K pps / 340.60 Mb/sec
	Analysis begin:        12/Jun/2022 16:16:41
	Analysis end:          13/Jun/2022 16:12:21
	Traffic throughput:    0.01 pps / 10 b/sec
	Traffic duration:      86139.547 sec
	DPI Packets (TCP):     344           (4.00 pkts/flow)
	Confidence: DPI        86            (flows)


Detected protocols:
	WhatsApp             packets: 679           bytes: 96293         flows: 86           


Protocol statistics:
	Acceptable           packets: 679           bytes: 96293         flows: 86           

Risk stats [found 86 (100.0 %) flows with risks]:
	Unidirectional Traffic                      86 [100.0 %]

	NOTE: as one flow can have multiple risks set, the sum of the
	      last column can exceed the number of flows with risks.


