
-----------------------------------------------------------
* NOTE: This is demo app to show *some* nDPI features.
* In this demo we have implemented only some basic features
* just to show you what you can do with the library. Feel 
* free to extend it and send us the patches for inclusion
------------------------------------------------------------

Using nDPI (4.13.0-5225-2e7b75a) [1 thread(s)]
Using libgcrypt version 1.8.6internal
Reading packets from pcap file ./tests/cfgs/default/pcap/quic-29.pcap...
Running thread 0...

nDPI Memory statistics:
	nDPI Memory (once):      42.82 KB     
	Flow Memory (per flow):  1.15 KB      
	Actual Memory:           11.07 MB     
	Peak Memory:             11.07 MB     
	Setup Time:              20 msec
	Packet Processing Time:  0 msec

Traffic statistics:
	Ethernet bytes:        9746          (includes ethernet CRC/IFC/trailer)
	Discarded bytes:       0            
	IP packets:            15            of 15 packets total
	IP bytes:              9386          (avg pkt size 625 bytes)
	Unique flows:          1            
	TCP Packets:           0            
	UDP Packets:           15           
	VLAN Packets:          0            
	MPLS Packets:          0            
	PPPoE Packets:         0            
	Fragmented Packets:    0            
	Max Packet size:       1260         
	Packet Len < 64:       4            
	Packet Len 64-128:     1            
	Packet Len 128-256:    1            
	Packet Len 256-1024:   3            
	Packet Len 1024-1500:  6            
	Packet Len > 1500:     0            
	nDPI throughput:       27.83 K pps / 137.95 Mb/sec
	Analysis begin:        15/Jun/2020 03:24:31
	Analysis end:          15/Jun/2020 03:24:31
	Traffic throughput:    438.39 pps / 2.17 Mb/sec
	Traffic duration:      0.034 sec
	DPI Packets (UDP):     1             (1.00 pkts/flow)
	Confidence: DPI        1             (flows)


Detected protocols:
	QUIC                 packets: 15            bytes: 9386          flows: 1            


Protocol statistics:
	Acceptable           packets: 15            bytes: 9386          flows: 1            
