
-----------------------------------------------------------
* NOTE: This is demo app to show *some* nDPI features.
* In this demo we have implemented only some basic features
* just to show you what you can do with the library. Feel 
* free to extend it and send us the patches for inclusion
------------------------------------------------------------

Using nDPI (4.13.0-5225-2e7b75a) [1 thread(s)]
Using libgcrypt version 1.8.6internal
Reading packets from pcap file ./tests/cfgs/default/pcap/rsh-syslog-false-positive.pcap...
Running thread 0...

nDPI Memory statistics:
	nDPI Memory (once):      42.82 KB     
	Flow Memory (per flow):  1.15 KB      
	Actual Memory:           11.05 MB     
	Peak Memory:             11.05 MB     
	Setup Time:              20 msec
	Packet Processing Time:  0 msec

Traffic statistics:
	Ethernet bytes:        3479          (includes ethernet CRC/IFC/trailer)
	Discarded bytes:       2484         
	IP packets:            6             of 8 packets total
	IP bytes:              3335          (avg pkt size 416 bytes)
	Unique flows:          1            
	TCP Packets:           6            
	UDP Packets:           0            
	VLAN Packets:          0            
	MPLS Packets:          0            
	PPPoE Packets:         0            
	Fragmented Packets:    0            
	Max Packet size:       824          
	Packet Len < 64:       0            
	Packet Len 64-128:     0            
	Packet Len 128-256:    0            
	Packet Len 256-1024:   6            
	Packet Len 1024-1500:  0            
	Packet Len > 1500:     0            
	nDPI throughput:       22.22 K pps / 98.31 Mb/sec
	Analysis begin:        24/May/2016 13:20:52
	Analysis end:          24/May/2016 13:20:53
	Traffic throughput:    73.16 pps / 331.43 Kb/sec
	Traffic duration:      0.082 sec
	DPI Packets (TCP):     1             (1.00 pkts/flow)
	Confidence: DPI        1             (flows)


Detected protocols:
	Syslog               packets: 6             bytes: 3335          flows: 1            


Protocol statistics:
	Acceptable           packets: 6             bytes: 3335          flows: 1            

Risk stats [found 1 (100.0 %) flows with risks]:
	Unidirectional Traffic                       1 [100.0 %]

	NOTE: as one flow can have multiple risks set, the sum of the
	      last column can exceed the number of flows with risks.


