
-----------------------------------------------------------
* NOTE: This is demo app to show *some* nDPI features.
* In this demo we have implemented only some basic features
* just to show you what you can do with the library. Feel 
* free to extend it and send us the patches for inclusion
------------------------------------------------------------

Using nDPI (4.13.0-5225-2e7b75a) [1 thread(s)]
Using libgcrypt version 1.8.6internal
Reading packets from pcap file ./tests/cfgs/default/pcap/cassandra.pcap...
Running thread 0...

nDPI Memory statistics:
	nDPI Memory (once):      42.82 KB     
	Flow Memory (per flow):  1.15 KB      
	Actual Memory:           11.06 MB     
	Peak Memory:             11.06 MB     
	Setup Time:              20 msec
	Packet Processing Time:  0 msec

Traffic statistics:
	Ethernet bytes:        2180          (includes ethernet CRC/IFC/trailer)
	Discarded bytes:       0            
	IP packets:            20            of 20 packets total
	IP bytes:              1700          (avg pkt size 85 bytes)
	Unique flows:          3            
	TCP Packets:           20           
	UDP Packets:           0            
	VLAN Packets:          0            
	MPLS Packets:          0            
	PPPoE Packets:         0            
	Fragmented Packets:    0            
	Max Packet size:       143          
	Packet Len < 64:       17           
	Packet Len 64-128:     2            
	Packet Len 128-256:    1            
	Packet Len 256-1024:   0            
	Packet Len 1024-1500:  0            
	Packet Len > 1500:     0            
	nDPI throughput:       64.94 K pps / 54.00 Mb/sec
	Analysis begin:        23/Dec/2015 22:21:38
	Analysis end:          01/Jan/1970 05:30:29
	Traffic throughput:    0.00 pps / 0 b/sec
	Traffic duration:      18445292797952.000 sec
	DPI Packets (TCP):     16            (5.33 pkts/flow)
	Confidence: DPI        3             (flows)


Detected protocols:
	Cassandra            packets: 20            bytes: 1700          flows: 3            


Protocol statistics:
	Acceptable           packets: 20            bytes: 1700          flows: 3            
