
-----------------------------------------------------------
* NOTE: This is demo app to show *some* nDPI features.
* In this demo we have implemented only some basic features
* just to show you what you can do with the library. Feel 
* free to extend it and send us the patches for inclusion
------------------------------------------------------------

Using nDPI (4.13.0-5225-2e7b75a) [1 thread(s)]
Using libgcrypt version 1.8.6internal
Reading packets from pcap file ./tests/cfgs/default/pcap/cloudflare-warp.pcap...
Running thread 0...

nDPI Memory statistics:
	nDPI Memory (once):      42.82 KB     
	Flow Memory (per flow):  1.15 KB      
	Actual Memory:           11.13 MB     
	Peak Memory:             11.13 MB     
	Setup Time:              18 msec
	Packet Processing Time:  0 msec

Traffic statistics:
	Ethernet bytes:        16599         (includes ethernet CRC/IFC/trailer)
	Discarded bytes:       0            
	IP packets:            78            of 78 packets total
	IP bytes:              14727         (avg pkt size 188 bytes)
	Unique flows:          9            
	TCP Packets:           63           
	UDP Packets:           15           
	VLAN Packets:          0            
	MPLS Packets:          0            
	PPPoE Packets:         0            
	Fragmented Packets:    0            
	Max Packet size:       2857         
	Packet Len < 64:       48           
	Packet Len 64-128:     17           
	Packet Len 128-256:    6            
	Packet Len 256-1024:   5            
	Packet Len 1024-1500:  0            
	Packet Len > 1500:     2            
	nDPI throughput:       138.05 K pps / 224.14 Mb/sec
	Analysis begin:        26/Jun/2022 13:38:52
	Analysis end:          28/Jun/2024 09:14:42
	Traffic throughput:    0.00 pps / 0 b/sec
	Traffic duration:      63315352.000 sec
	Guessed flow protos:   3            
	DPI Packets (TCP):     41            (5.12 pkts/flow)
	DPI Packets (UDP):     1             (1.00 pkts/flow)
	Confidence: Match by port 2             (flows)
	Confidence: DPI        6             (flows)
	Confidence: Match by IP 1             (flows)


Detected protocols:
	Jabber               packets: 11            bytes: 890           flows: 1            
	TLS                  packets: 5             bytes: 294           flows: 2            
	Google               packets: 3             bytes: 182           flows: 1            
	FacebookMessenger    packets: 17            bytes: 2369          flows: 1            
	GoogleServices       packets: 5             bytes: 492           flows: 1            
	CloudflareWarp       packets: 37            bytes: 10500         flows: 3            


Protocol statistics:
	Safe                 packets: 5             bytes: 294           flows: 2            
	Acceptable           packets: 73            bytes: 14433         flows: 7            

Risk stats [found 3 (33.3 %) flows with risks]:
	TLS (probably) Not Carrying HTTPS            1 [33.3 %]
	Susp Entropy                                 1 [33.3 %]
	Unidirectional Traffic                       1 [33.3 %]

	NOTE: as one flow can have multiple risks set, the sum of the
	      last column can exceed the number of flows with risks.


