
-----------------------------------------------------------
* NOTE: This is demo app to show *some* nDPI features.
* In this demo we have implemented only some basic features
* just to show you what you can do with the library. Feel 
* free to extend it and send us the patches for inclusion
------------------------------------------------------------

Using nDPI (4.13.0-5225-2e7b75a) [1 thread(s)]
Using libgcrypt version 1.8.6internal
Reading packets from pcap file ./tests/cfgs/default/pcap/ethernetIP.pcap...
Running thread 0...

nDPI Memory statistics:
	nDPI Memory (once):      42.82 KB     
	Flow Memory (per flow):  1.15 KB      
	Actual Memory:           11.08 MB     
	Peak Memory:             11.08 MB     
	Setup Time:              18 msec
	Packet Processing Time:  0 msec

Traffic statistics:
	Ethernet bytes:        19784         (includes ethernet CRC/IFC/trailer)
	Discarded bytes:       0            
	IP packets:            100           of 100 packets total
	IP bytes:              17384         (avg pkt size 173 bytes)
	Unique flows:          4            
	TCP Packets:           100          
	UDP Packets:           0            
	VLAN Packets:          0            
	MPLS Packets:          0            
	PPPoE Packets:         0            
	Fragmented Packets:    0            
	Max Packet size:       1224         
	Packet Len < 64:       32           
	Packet Len 64-128:     40           
	Packet Len 128-256:    13           
	Packet Len 256-1024:   14           
	Packet Len 1024-1500:  1            
	Packet Len > 1500:     0            
	nDPI throughput:       233.10 K pps / 351.84 Mb/sec
	Analysis begin:        12/Nov/2012 16:33:00
	Analysis end:          12/Nov/2012 16:33:01
	Traffic throughput:    127.14 pps / 196.51 Kb/sec
	Traffic duration:      0.787 sec
	DPI Packets (TCP):     4             (1.00 pkts/flow)
	Confidence: DPI        4             (flows)


Detected protocols:
	EthernetIP           packets: 100           bytes: 17384         flows: 4            


Protocol statistics:
	Acceptable           packets: 100           bytes: 17384         flows: 4            
