
-----------------------------------------------------------
* NOTE: This is demo app to show *some* nDPI features.
* In this demo we have implemented only some basic features
* just to show you what you can do with the library. Feel 
* free to extend it and send us the patches for inclusion
------------------------------------------------------------

Using nDPI (4.13.0-5225-2e7b75a) [1 thread(s)]
Using libgcrypt version 1.8.6internal
Reading packets from pcap file ./tests/cfgs/default/pcap/raknet.pcap...
Running thread 0...

nDPI Memory statistics:
	nDPI Memory (once):      42.82 KB     
	Flow Memory (per flow):  1.15 KB      
	Actual Memory:           11.12 MB     
	Peak Memory:             11.12 MB     
	Setup Time:              17 msec
	Packet Processing Time:  0 msec

Traffic statistics:
	Ethernet bytes:        11184         (includes ethernet CRC/IFC/trailer)
	Discarded bytes:       0            
	IP packets:            66            of 66 packets total
	IP bytes:              9600          (avg pkt size 145 bytes)
	Unique flows:          12           
	TCP Packets:           0            
	UDP Packets:           66           
	VLAN Packets:          0            
	MPLS Packets:          0            
	PPPoE Packets:         0            
	Fragmented Packets:    0            
	Max Packet size:       1472         
	Packet Len < 64:       54           
	Packet Len 64-128:     5            
	Packet Len 128-256:    4            
	Packet Len 256-1024:   0            
	Packet Len 1024-1500:  3            
	Packet Len > 1500:     0            
	nDPI throughput:       124.76 K pps / 161.30 Mb/sec
	Analysis begin:        01/Jan/2000 12:57:04
	Analysis end:          01/Jan/2000 13:25:04
	Traffic throughput:    0.04 pps / 53 b/sec
	Traffic duration:      1680.342 sec
	DPI Packets (UDP):     26            (2.17 pkts/flow)
	Confidence: Unknown    2             (flows)
	Confidence: DPI        10            (flows)


Detected protocols:
	Unknown              packets: 2             bytes: 314           flows: 2            
	RakNet               packets: 64            bytes: 9286          flows: 10           


Protocol statistics:
	Fun                  packets: 64            bytes: 9286          flows: 10           
	Unrated              packets: 2             bytes: 314           flows: 2            

Risk stats [found 9 (75.0 %) flows with risks]:
	Unidirectional Traffic                       9 [100.0 %]

	NOTE: as one flow can have multiple risks set, the sum of the
	      last column can exceed the number of flows with risks.


