
-----------------------------------------------------------
* NOTE: This is demo app to show *some* nDPI features.
* In this demo we have implemented only some basic features
* just to show you what you can do with the library. Feel 
* free to extend it and send us the patches for inclusion
------------------------------------------------------------

Using nDPI (4.13.0-5225-2e7b75a) [1 thread(s)]
Using libgcrypt version 1.8.6internal
Reading packets from pcap file ./tests/cfgs/default/pcap/amqp.pcap...
Running thread 0...

nDPI Memory statistics:
	nDPI Memory (once):      42.82 KB     
	Flow Memory (per flow):  1.15 KB      
	Actual Memory:           11.09 MB     
	Peak Memory:             11.09 MB     
	Setup Time:              19 msec
	Packet Processing Time:  0 msec

Traffic statistics:
	Ethernet bytes:        27354         (includes ethernet CRC/IFC/trailer)
	Discarded bytes:       0            
	IP packets:            160           of 160 packets total
	IP bytes:              23514         (avg pkt size 146 bytes)
	Unique flows:          3            
	TCP Packets:           160          
	UDP Packets:           0            
	VLAN Packets:          0            
	MPLS Packets:          0            
	PPPoE Packets:         0            
	Fragmented Packets:    0            
	Max Packet size:       480          
	Packet Len < 64:       88           
	Packet Len 64-128:     18           
	Packet Len 128-256:    28           
	Packet Len 256-1024:   26           
	Packet Len 1024-1500:  0            
	Packet Len > 1500:     0            
	nDPI throughput:       398.01 K pps / 519.14 Mb/sec
	Analysis begin:        31/Mar/2017 01:32:46
	Analysis end:          31/Mar/2017 01:32:50
	Traffic throughput:    38.79 pps / 51.81 Kb/sec
	Traffic duration:      4.125 sec
	DPI Packets (TCP):     9             (3.00 pkts/flow)
	Confidence: DPI        3             (flows)


Detected protocols:
	AMQP                 packets: 160           bytes: 23514         flows: 3            


Protocol statistics:
	Acceptable           packets: 160           bytes: 23514         flows: 3            
