
-----------------------------------------------------------
* NOTE: This is demo app to show *some* nDPI features.
* In this demo we have implemented only some basic features
* just to show you what you can do with the library. Feel 
* free to extend it and send us the patches for inclusion
------------------------------------------------------------

Using nDPI (4.13.0-5225-2e7b75a) [1 thread(s)]
Using libgcrypt version 1.8.6internal
Reading packets from pcap file ./tests/cfgs/default/pcap/radius_false_positive.pcapng...
Running thread 0...

nDPI Memory statistics:
	nDPI Memory (once):      42.82 KB     
	Flow Memory (per flow):  1.15 KB      
	Actual Memory:           11.05 MB     
	Peak Memory:             11.05 MB     
	Setup Time:              22 msec
	Packet Processing Time:  0 msec

Traffic statistics:
	Ethernet bytes:        7719          (includes ethernet CRC/IFC/trailer)
	Discarded bytes:       0            
	IP packets:            10            of 10 packets total
	IP bytes:              7479          (avg pkt size 747 bytes)
	Unique flows:          1            
	TCP Packets:           0            
	UDP Packets:           10           
	VLAN Packets:          0            
	MPLS Packets:          0            
	PPPoE Packets:         0            
	Fragmented Packets:    0            
	Max Packet size:       1238         
	Packet Len < 64:       2            
	Packet Len 64-128:     0            
	Packet Len 128-256:    3            
	Packet Len 256-1024:   0            
	Packet Len 1024-1500:  5            
	Packet Len > 1500:     0            
	nDPI throughput:       31.35 K pps / 184.61 Mb/sec
	Analysis begin:        07/Dec/2021 22:54:52
	Analysis end:          07/Dec/2021 22:54:53
	Traffic throughput:    29.10 pps / 175.49 Kb/sec
	Traffic duration:      0.344 sec
	DPI Packets (UDP):     1             (1.00 pkts/flow)
	Confidence: DPI        1             (flows)


Detected protocols:
	QUIC                 packets: 10            bytes: 7479          flows: 1            


Protocol statistics:
	Acceptable           packets: 10            bytes: 7479          flows: 1            

Risk stats [found 1 (100.0 %) flows with risks]:
	Unidirectional Traffic                       1 [100.0 %]

	NOTE: as one flow can have multiple risks set, the sum of the
	      last column can exceed the number of flows with risks.


