
-----------------------------------------------------------
* NOTE: This is demo app to show *some* nDPI features.
* In this demo we have implemented only some basic features
* just to show you what you can do with the library. Feel 
* free to extend it and send us the patches for inclusion
------------------------------------------------------------

Using nDPI (4.13.0-5225-2e7b75a) [1 thread(s)]
Using libgcrypt version 1.8.6internal
Reading packets from pcap file ./tests/cfgs/default/pcap/tls_heur__vmess-tcp.pcapng...
Running thread 0...

nDPI Memory statistics:
	nDPI Memory (once):      42.82 KB     
	Flow Memory (per flow):  1.15 KB      
	Actual Memory:           11.14 MB     
	Peak Memory:             11.14 MB     
	Setup Time:              21 msec
	Packet Processing Time:  0 msec

Traffic statistics:
	Ethernet bytes:        72143         (includes ethernet CRC/IFC/trailer)
	Discarded bytes:       0            
	IP packets:            100           of 100 packets total
	IP bytes:              69743         (avg pkt size 697 bytes)
	Unique flows:          4            
	TCP Packets:           96           
	UDP Packets:           4            
	VLAN Packets:          0            
	MPLS Packets:          0            
	PPPoE Packets:         0            
	Fragmented Packets:    0            
	Max Packet size:       7147         
	Packet Len < 64:       55           
	Packet Len 64-128:     8            
	Packet Len 128-256:    7            
	Packet Len 256-1024:   9            
	Packet Len 1024-1500:  8            
	Packet Len > 1500:     13           
	nDPI throughput:       157.48 K pps / 866.78 Mb/sec
	Analysis begin:        31/Aug/2024 18:20:04
	Analysis end:          31/Aug/2024 18:20:06
	Traffic throughput:    43.68 pps / 246.20 Kb/sec
	Traffic duration:      2.289 sec
	DPI Packets (TCP):     38            (12.67 pkts/flow)
	DPI Packets (UDP):     3             (3.00 pkts/flow)
	Confidence: Unknown    1             (flows)
	Confidence: DPI        3             (flows)


Detected protocols:
	Unknown              packets: 29            bytes: 22543         flows: 1            
	DNS                  packets: 4             bytes: 900           flows: 1            
	YouTube              packets: 37            bytes: 24955         flows: 1            
	SOCKS                packets: 30            bytes: 21345         flows: 1            


Protocol statistics:
	Acceptable           packets: 34            bytes: 22245         flows: 2            
	Fun                  packets: 37            bytes: 24955         flows: 1            
	Unrated              packets: 29            bytes: 22543         flows: 1            
