
-----------------------------------------------------------
* NOTE: This is demo app to show *some* nDPI features.
* In this demo we have implemented only some basic features
* just to show you what you can do with the library. Feel 
* free to extend it and send us the patches for inclusion
------------------------------------------------------------

Using nDPI (4.13.0-5225-2e7b75a) [1 thread(s)]
Using libgcrypt version 1.8.6internal
Reading packets from pcap file ./tests/cfgs/default/pcap/jsonrpc.pcap...
Running thread 0...

nDPI Memory statistics:
	nDPI Memory (once):      42.82 KB     
	Flow Memory (per flow):  1.15 KB      
	Actual Memory:           11.06 MB     
	Peak Memory:             11.06 MB     
	Setup Time:              18 msec
	Packet Processing Time:  0 msec

Traffic statistics:
	Ethernet bytes:        3199          (includes ethernet CRC/IFC/trailer)
	Discarded bytes:       0            
	IP packets:            16            of 16 packets total
	IP bytes:              2815          (avg pkt size 175 bytes)
	Unique flows:          2            
	TCP Packets:           16           
	UDP Packets:           0            
	VLAN Packets:          0            
	MPLS Packets:          0            
	PPPoE Packets:         0            
	Fragmented Packets:    0            
	Max Packet size:       1090         
	Packet Len < 64:       12           
	Packet Len 64-128:     1            
	Packet Len 128-256:    1            
	Packet Len 256-1024:   1            
	Packet Len 1024-1500:  1            
	Packet Len > 1500:     0            
	nDPI throughput:       39.51 K pps / 60.26 Mb/sec
	Analysis begin:        19/Dec/2023 05:13:07
	Analysis end:          31/Dec/2014 02:13:17
	Traffic throughput:    0.00 pps / 0 b/sec
	Traffic duration:      18446460911616.000 sec
	DPI Packets (TCP):     10            (5.00 pkts/flow)
	Confidence: DPI        2             (flows)


Detected protocols:
	JSON-RPC             packets: 16            bytes: 2815          flows: 2            


Protocol statistics:
	Acceptable           packets: 16            bytes: 2815          flows: 2            

Risk stats [found 1 (50.0 %) flows with risks]:
	HTTP Obsolete Server                         1 [100.0 %]

	NOTE: as one flow can have multiple risks set, the sum of the
	      last column can exceed the number of flows with risks.


