
-----------------------------------------------------------
* NOTE: This is demo app to show *some* nDPI features.
* In this demo we have implemented only some basic features
* just to show you what you can do with the library. Feel 
* free to extend it and send us the patches for inclusion
------------------------------------------------------------

Using nDPI (4.13.0-5225-2e7b75a) [1 thread(s)]
Using libgcrypt version 1.8.6internal
Reading packets from pcap file ./tests/cfgs/default/pcap/zoom_p2p.pcapng...
Running thread 0...

nDPI Memory statistics:
	nDPI Memory (once):      42.82 KB     
	Flow Memory (per flow):  1.15 KB      
	Actual Memory:           11.37 MB     
	Peak Memory:             11.37 MB     
	Setup Time:              19 msec
	Packet Processing Time:  0 msec

Traffic statistics:
	Ethernet bytes:        290116        (includes ethernet CRC/IFC/trailer)
	Discarded bytes:       0            
	IP packets:            763           of 763 packets total
	IP bytes:              271804        (avg pkt size 356 bytes)
	Unique flows:          12           
	TCP Packets:           0            
	UDP Packets:           710          
	VLAN Packets:          0            
	MPLS Packets:          0            
	PPPoE Packets:         0            
	Fragmented Packets:    0            
	Max Packet size:       1268         
	Packet Len < 64:       80           
	Packet Len 64-128:     370          
	Packet Len 128-256:    28           
	Packet Len 256-1024:   197          
	Packet Len 1024-1500:  88           
	Packet Len > 1500:     0            
	nDPI throughput:       1.15 M pps / 3.25 Gb/sec
	Analysis begin:        27/Oct/2022 23:11:08
	Analysis end:          27/Oct/2022 23:18:48
	Traffic throughput:    1.66 pps / 4.93 Kb/sec
	Traffic duration:      459.292 sec
	DPI Packets (UDP):     28            (2.80 pkts/flow)
	DPI Packets (other):   2             (1.00 pkts/flow)
	Confidence: DPI        12            (flows)


Detected protocols:
	MDNS                 packets: 3             bytes: 549           flows: 1            
	ICMP                 packets: 53            bytes: 6042          flows: 2            
	Dropbox              packets: 16            bytes: 2784          flows: 1            
	Zoom                 packets: 691           bytes: 262429        flows: 8            


Protocol statistics:
	Acceptable           packets: 763           bytes: 271804        flows: 12           

Risk stats [found 9 (75.0 %) flows with risks]:
	Susp Entropy                                 2 [18.2 %]
	Unidirectional Traffic                       9 [81.8 %]

	NOTE: as one flow can have multiple risks set, the sum of the
	      last column can exceed the number of flows with risks.


