
-----------------------------------------------------------
* NOTE: This is demo app to show *some* nDPI features.
* In this demo we have implemented only some basic features
* just to show you what you can do with the library. Feel 
* free to extend it and send us the patches for inclusion
------------------------------------------------------------

Using nDPI (4.13.0-5225-2e7b75a) [1 thread(s)]
Using libgcrypt version 1.8.6internal
Reading packets from pcap file ./tests/cfgs/default/pcap/tuya_lp.pcap...
Running thread 0...

nDPI Memory statistics:
	nDPI Memory (once):      42.82 KB     
	Flow Memory (per flow):  1.15 KB      
	Actual Memory:           11.14 MB     
	Peak Memory:             11.14 MB     
	Setup Time:              18 msec
	Packet Processing Time:  0 msec

Traffic statistics:
	Ethernet bytes:        24300         (includes ethernet CRC/IFC/trailer)
	Discarded bytes:       0            
	IP packets:            98            of 98 packets total
	IP bytes:              21948         (avg pkt size 223 bytes)
	Unique flows:          13           
	TCP Packets:           0            
	UDP Packets:           98           
	VLAN Packets:          0            
	MPLS Packets:          0            
	PPPoE Packets:         0            
	Fragmented Packets:    0            
	Max Packet size:       196          
	Packet Len < 64:       0            
	Packet Len 64-128:     0            
	Packet Len 128-256:    98           
	Packet Len 256-1024:   0            
	Packet Len 1024-1500:  0            
	Packet Len > 1500:     0            
	nDPI throughput:       190.66 K pps / 360.69 Mb/sec
	Analysis begin:        17/Dec/2022 01:18:41
	Analysis end:          17/Dec/2022 01:19:18
	Traffic throughput:    2.67 pps / 5.18 Kb/sec
	Traffic duration:      36.646 sec
	DPI Packets (UDP):     13            (1.00 pkts/flow)
	Confidence: DPI        13            (flows)


Detected protocols:
	TuyaLP               packets: 98            bytes: 21948         flows: 13           


Protocol statistics:
	Acceptable           packets: 98            bytes: 21948         flows: 13           
