
-----------------------------------------------------------
* NOTE: This is demo app to show *some* nDPI features.
* In this demo we have implemented only some basic features
* just to show you what you can do with the library. Feel 
* free to extend it and send us the patches for inclusion
------------------------------------------------------------

Using nDPI (4.13.0-5225-2e7b75a) [1 thread(s)]
Using libgcrypt version 1.8.6internal
Reading packets from pcap file ./tests/cfgs/default/pcap/kafka.pcapng...
Running thread 0...

nDPI Memory statistics:
	nDPI Memory (once):      42.82 KB     
	Flow Memory (per flow):  1.15 KB      
	Actual Memory:           11.10 MB     
	Peak Memory:             11.10 MB     
	Setup Time:              20 msec
	Packet Processing Time:  0 msec

Traffic statistics:
	Ethernet bytes:        8051          (includes ethernet CRC/IFC/trailer)
	Discarded bytes:       0            
	IP packets:            41            of 41 packets total
	IP bytes:              7067          (avg pkt size 172 bytes)
	Unique flows:          9            
	TCP Packets:           41           
	UDP Packets:           0            
	VLAN Packets:          0            
	MPLS Packets:          0            
	PPPoE Packets:         0            
	Fragmented Packets:    0            
	Max Packet size:       480          
	Packet Len < 64:       16           
	Packet Len 64-128:     10           
	Packet Len 128-256:    8            
	Packet Len 256-1024:   7            
	Packet Len 1024-1500:  0            
	Packet Len > 1500:     0            
	nDPI throughput:       80.55 K pps / 120.68 Mb/sec
	Analysis begin:        19/Apr/2023 00:35:06
	Analysis end:          21/Dec/2023 09:56:09
	Traffic throughput:    0.00 pps / 0 b/sec
	Traffic duration:      21288064.000 sec
	Guessed flow protos:   1            
	DPI Packets (TCP):     16            (1.78 pkts/flow)
	Confidence: Match by port 1             (flows)
	Confidence: DPI        8             (flows)


Detected protocols:
	Kafka                packets: 41            bytes: 7067          flows: 9            


Protocol statistics:
	Acceptable           packets: 41            bytes: 7067          flows: 9            

Risk stats [found 3 (33.3 %) flows with risks]:
	Unidirectional Traffic                       3 [100.0 %]

	NOTE: as one flow can have multiple risks set, the sum of the
	      last column can exceed the number of flows with risks.


