
-----------------------------------------------------------
* NOTE: This is demo app to show *some* nDPI features.
* In this demo we have implemented only some basic features
* just to show you what you can do with the library. Feel 
* free to extend it and send us the patches for inclusion
------------------------------------------------------------

Using nDPI (4.13.0-5225-2e7b75a) [1 thread(s)]
Using libgcrypt version 1.8.6internal
Reading packets from pcap file ./tests/cfgs/default/pcap/ssdp-m-search.pcap...
Running thread 0...

nDPI Memory statistics:
	nDPI Memory (once):      42.82 KB     
	Flow Memory (per flow):  1.15 KB      
	Actual Memory:           11.05 MB     
	Peak Memory:             11.05 MB     
	Setup Time:              20 msec
	Packet Processing Time:  0 msec

Traffic statistics:
	Ethernet bytes:        1653          (includes ethernet CRC/IFC/trailer)
	Discarded bytes:       0            
	IP packets:            19            of 19 packets total
	IP bytes:              1197          (avg pkt size 63 bytes)
	Unique flows:          1            
	TCP Packets:           0            
	UDP Packets:           19           
	VLAN Packets:          0            
	MPLS Packets:          0            
	PPPoE Packets:         0            
	Fragmented Packets:    0            
	Max Packet size:       29           
	Packet Len < 64:       19           
	Packet Len 64-128:     0            
	Packet Len 128-256:    0            
	Packet Len 256-1024:   0            
	Packet Len 1024-1500:  0            
	Packet Len > 1500:     0            
	nDPI throughput:       48.97 K pps / 32.50 Mb/sec
	Analysis begin:        20/Jul/2018 08:14:05
	Analysis end:          20/Jul/2018 08:15:35
	Traffic throughput:    0.21 pps / 146 b/sec
	Traffic duration:      90.000 sec
	DPI Packets (UDP):     1             (1.00 pkts/flow)
	Confidence: DPI        1             (flows)


Detected protocols:
	SSDP                 packets: 19            bytes: 1197          flows: 1            


Protocol statistics:
	Acceptable           packets: 19            bytes: 1197          flows: 1            
