
-----------------------------------------------------------
* NOTE: This is demo app to show *some* nDPI features.
* In this demo we have implemented only some basic features
* just to show you what you can do with the library. Feel 
* free to extend it and send us the patches for inclusion
------------------------------------------------------------

Using nDPI (4.13.0-5225-2e7b75a) [1 thread(s)]
Using libgcrypt version 1.8.6internal
Reading packets from pcap file ./tests/cfgs/default/pcap/ip_fragmented_garbage.pcap...
Running thread 0...

nDPI Memory statistics:
	nDPI Memory (once):      42.82 KB     
	Flow Memory (per flow):  1.15 KB      
	Actual Memory:           11.11 MB     
	Peak Memory:             11.11 MB     
	Setup Time:              18 msec
	Packet Processing Time:  0 msec

Traffic statistics:
	Ethernet bytes:        312           (includes ethernet CRC/IFC/trailer)
	Discarded bytes:       62368        
	IP packets:            4             of 1252 packets total
	IP bytes:              216           (avg pkt size 0 bytes)
	Unique flows:          1            
	TCP Packets:           0            
	UDP Packets:           0            
	VLAN Packets:          0            
	MPLS Packets:          0            
	PPPoE Packets:         0            
	Fragmented Packets:    1248         
	Max Packet size:       16           
	Packet Len < 64:       4            
	Packet Len 64-128:     0            
	Packet Len 128-256:    0            
	Packet Len 256-1024:   0            
	Packet Len 1024-1500:  0            
	Packet Len > 1500:     0            
	nDPI throughput:       8.95 K pps / 5.33 Mb/sec
	Analysis begin:        14/Aug/2018 16:23:44
	Analysis end:          14/Aug/2018 16:23:45
	Traffic throughput:    4.37 pps / 2.66 Kb/sec
	Traffic duration:      0.915 sec
	DPI Packets (TCP):     4             (4.00 pkts/flow)
	Confidence: Unknown    1             (flows)


Detected protocols:
	Unknown              packets: 4             bytes: 216           flows: 1            


Protocol statistics:
	Unrated              packets: 4             bytes: 216           flows: 1            
