
-----------------------------------------------------------
* NOTE: This is demo app to show *some* nDPI features.
* In this demo we have implemented only some basic features
* just to show you what you can do with the library. Feel 
* free to extend it and send us the patches for inclusion
------------------------------------------------------------

Using nDPI (4.13.0-5225-2e7b75a) [1 thread(s)]
Using libgcrypt version 1.8.6internal
Reading packets from pcap file ./tests/cfgs/default/pcap/dnscrypt_skype_false_positive.pcapng...
Running thread 0...

nDPI Memory statistics:
	nDPI Memory (once):      42.82 KB     
	Flow Memory (per flow):  1.15 KB      
	Actual Memory:           11.05 MB     
	Peak Memory:             11.05 MB     
	Setup Time:              18 msec
	Packet Processing Time:  0 msec

Traffic statistics:
	Ethernet bytes:        2524          (includes ethernet CRC/IFC/trailer)
	Discarded bytes:       0            
	IP packets:            6             of 6 packets total
	IP bytes:              2380          (avg pkt size 396 bytes)
	Unique flows:          1            
	TCP Packets:           0            
	UDP Packets:           6            
	VLAN Packets:          0            
	MPLS Packets:          0            
	PPPoE Packets:         0            
	Fragmented Packets:    0            
	Max Packet size:       520          
	Packet Len < 64:       0            
	Packet Len 64-128:     1            
	Packet Len 128-256:    2            
	Packet Len 256-1024:   3            
	Packet Len 1024-1500:  0            
	Packet Len > 1500:     0            
	nDPI throughput:       14.18 K pps / 45.52 Mb/sec
	Analysis begin:        30/Jun/2021 06:39:23
	Analysis end:          30/Jun/2021 08:05:00
	Traffic throughput:    0.00 pps / 3 b/sec
	Traffic duration:      5137.129 sec
	DPI Packets (UDP):     2             (2.00 pkts/flow)
	Confidence: DPI        1             (flows)


Detected protocols:
	DNScrypt             packets: 6             bytes: 2380          flows: 1            


Protocol statistics:
	Acceptable           packets: 6             bytes: 2380          flows: 1            
