
-----------------------------------------------------------
* NOTE: This is demo app to show *some* nDPI features.
* In this demo we have implemented only some basic features
* just to show you what you can do with the library. Feel 
* free to extend it and send us the patches for inclusion
------------------------------------------------------------

Using nDPI (4.13.0-5225-2e7b75a) [1 thread(s)]
Using libgcrypt version 1.8.6internal
Reading packets from pcap file ./tests/cfgs/default/pcap/trdp.pcapng...
Running thread 0...

nDPI Memory statistics:
	nDPI Memory (once):      42.82 KB     
	Flow Memory (per flow):  1.15 KB      
	Actual Memory:           11.06 MB     
	Peak Memory:             11.06 MB     
	Setup Time:              18 msec
	Packet Processing Time:  0 msec

Traffic statistics:
	Ethernet bytes:        1844          (includes ethernet CRC/IFC/trailer)
	Discarded bytes:       0            
	IP packets:            14            of 14 packets total
	IP bytes:              1508          (avg pkt size 107 bytes)
	Unique flows:          3            
	TCP Packets:           10           
	UDP Packets:           4            
	VLAN Packets:          0            
	MPLS Packets:          0            
	PPPoE Packets:         0            
	Fragmented Packets:    0            
	Max Packet size:       168          
	Packet Len < 64:       8            
	Packet Len 64-128:     2            
	Packet Len 128-256:    4            
	Packet Len 256-1024:   0            
	Packet Len 1024-1500:  0            
	Packet Len > 1500:     0            
	nDPI throughput:       38.46 K pps / 38.65 Mb/sec
	Analysis begin:        16/Aug/2024 17:46:48
	Analysis end:          16/Aug/2024 17:16:35
	Traffic throughput:    0.00 pps / 0 b/sec
	Traffic duration:      18446744027136.000 sec
	DPI Packets (TCP):     4             (4.00 pkts/flow)
	DPI Packets (UDP):     2             (1.00 pkts/flow)
	Confidence: DPI        3             (flows)


Detected protocols:
	TRDP                 packets: 14            bytes: 1508          flows: 3            


Protocol statistics:
	Acceptable           packets: 14            bytes: 1508          flows: 3            

Risk stats [found 1 (33.3 %) flows with risks]:
	Unidirectional Traffic                       1 [100.0 %]

	NOTE: as one flow can have multiple risks set, the sum of the
	      last column can exceed the number of flows with risks.


