
-----------------------------------------------------------
* NOTE: This is demo app to show *some* nDPI features.
* In this demo we have implemented only some basic features
* just to show you what you can do with the library. Feel 
* free to extend it and send us the patches for inclusion
------------------------------------------------------------

Using nDPI (4.13.0-5225-2e7b75a) [1 thread(s)]
Using libgcrypt version 1.8.6internal
Reading packets from pcap file ./tests/cfgs/default/pcap/sflow.pcap...
Running thread 0...

nDPI Memory statistics:
	nDPI Memory (once):      42.82 KB     
	Flow Memory (per flow):  1.15 KB      
	Actual Memory:           11.05 MB     
	Peak Memory:             11.05 MB     
	Setup Time:              19 msec
	Packet Processing Time:  0 msec

Traffic statistics:
	Ethernet bytes:        1918          (includes ethernet CRC/IFC/trailer)
	Discarded bytes:       0            
	IP packets:            9             of 9 packets total
	IP bytes:              1702          (avg pkt size 189 bytes)
	Unique flows:          1            
	TCP Packets:           0            
	UDP Packets:           9            
	VLAN Packets:          0            
	MPLS Packets:          0            
	PPPoE Packets:         0            
	Fragmented Packets:    0            
	Max Packet size:       180          
	Packet Len < 64:       0            
	Packet Len 64-128:     0            
	Packet Len 128-256:    9            
	Packet Len 256-1024:   0            
	Packet Len 1024-1500:  0            
	Packet Len > 1500:     0            
	nDPI throughput:       22.73 K pps / 36.95 Mb/sec
	Analysis begin:        02/Sep/2013 18:08:08
	Analysis end:          02/Sep/2013 18:09:57
	Traffic throughput:    0.08 pps / 140 b/sec
	Traffic duration:      109.009 sec
	DPI Packets (UDP):     2             (2.00 pkts/flow)
	Confidence: DPI        1             (flows)


Detected protocols:
	sFlow                packets: 9             bytes: 1702          flows: 1            


Protocol statistics:
	Acceptable           packets: 9             bytes: 1702          flows: 1            
