
-----------------------------------------------------------
* NOTE: This is demo app to show *some* nDPI features.
* In this demo we have implemented only some basic features
* just to show you what you can do with the library. Feel 
* free to extend it and send us the patches for inclusion
------------------------------------------------------------

Using nDPI (4.13.0-5225-2e7b75a) [1 thread(s)]
Using libgcrypt version 1.8.6internal
Reading packets from pcap file ./tests/cfgs/default/pcap/stun_signal_tcp.pcapng...
Running thread 0...

nDPI Memory statistics:
	nDPI Memory (once):      42.82 KB     
	Flow Memory (per flow):  1.15 KB      
	Actual Memory:           11.16 MB     
	Peak Memory:             11.16 MB     
	Setup Time:              21 msec
	Packet Processing Time:  0 msec

Traffic statistics:
	Ethernet bytes:        126216        (includes ethernet CRC/IFC/trailer)
	Discarded bytes:       0            
	IP packets:            500           of 500 packets total
	IP bytes:              114216        (avg pkt size 228 bytes)
	Unique flows:          1            
	TCP Packets:           500          
	UDP Packets:           0            
	VLAN Packets:          0            
	MPLS Packets:          0            
	PPPoE Packets:         0            
	Fragmented Packets:    0            
	Max Packet size:       1440         
	Packet Len < 64:       210          
	Packet Len 64-128:     119          
	Packet Len 128-256:    19           
	Packet Len 256-1024:   136          
	Packet Len 1024-1500:  16           
	Packet Len > 1500:     0            
	nDPI throughput:       939.85 K pps / 1.77 Gb/sec
	Analysis begin:        03/Dec/2024 23:06:18
	Analysis end:          03/Dec/2024 23:06:35
	Traffic throughput:    28.70 pps / 56.60 Kb/sec
	Traffic duration:      17.421 sec
	DPI Packets (TCP):     10            (10.00 pkts/flow)
	Confidence: DPI        1             (flows)


Detected protocols:
	SignalVoip           packets: 500           bytes: 114216        flows: 1            


Protocol statistics:
	Acceptable           packets: 500           bytes: 114216        flows: 1            
