
-----------------------------------------------------------
* NOTE: This is demo app to show *some* nDPI features.
* In this demo we have implemented only some basic features
* just to show you what you can do with the library. Feel 
* free to extend it and send us the patches for inclusion
------------------------------------------------------------

Using nDPI (4.13.0-5225-2e7b75a) [1 thread(s)]
Using libgcrypt version 1.8.6internal
Reading packets from pcap file ./tests/cfgs/default/pcap/openvpn-tlscrypt.pcap...
Running thread 0...

nDPI Memory statistics:
	nDPI Memory (once):      42.82 KB     
	Flow Memory (per flow):  1.15 KB      
	Actual Memory:           11.05 MB     
	Peak Memory:             11.05 MB     
	Setup Time:              18 msec
	Packet Processing Time:  0 msec

Traffic statistics:
	Ethernet bytes:        5666          (includes ethernet CRC/IFC/trailer)
	Discarded bytes:       0            
	IP packets:            13            of 13 packets total
	IP bytes:              5354          (avg pkt size 411 bytes)
	Unique flows:          1            
	TCP Packets:           0            
	UDP Packets:           13           
	VLAN Packets:          0            
	MPLS Packets:          0            
	PPPoE Packets:         0            
	Fragmented Packets:    0            
	Max Packet size:       1184         
	Packet Len < 64:       0            
	Packet Len 64-128:     5            
	Packet Len 128-256:    2            
	Packet Len 256-1024:   5            
	Packet Len 1024-1500:  1            
	Packet Len > 1500:     0            
	nDPI throughput:       36.93 K pps / 122.81 Mb/sec
	Analysis begin:        16/Apr/2022 16:16:47
	Analysis end:          16/Apr/2022 16:16:47
	Traffic throughput:    848.18 pps / 2.82 Mb/sec
	Traffic duration:      0.015 sec
	DPI Packets (UDP):     4             (4.00 pkts/flow)
	Confidence: DPI        1             (flows)


Detected protocols:
	OpenVPN              packets: 13            bytes: 5354          flows: 1            


Protocol statistics:
	Acceptable           packets: 13            bytes: 5354          flows: 1            
