
-----------------------------------------------------------
* NOTE: This is demo app to show *some* nDPI features.
* In this demo we have implemented only some basic features
* just to show you what you can do with the library. Feel 
* free to extend it and send us the patches for inclusion
------------------------------------------------------------

Using nDPI (4.13.0-5225-2e7b75a) [1 thread(s)]
Using libgcrypt version 1.8.6internal
Reading packets from pcap file ./tests/cfgs/default/pcap/dlt_ppp.pcap...
Running thread 0...

nDPI Memory statistics:
	nDPI Memory (once):      42.82 KB     
	Flow Memory (per flow):  1.15 KB      
	Actual Memory:           11.06 MB     
	Peak Memory:             11.06 MB     
	Setup Time:              18 msec
	Packet Processing Time:  0 msec

Traffic statistics:
	Ethernet bytes:        1254          (includes ethernet CRC/IFC/trailer)
	Discarded bytes:       0            
	IP packets:            1             of 1 packets total
	IP bytes:              1230          (avg pkt size 1230 bytes)
	Unique flows:          1            
	TCP Packets:           0            
	UDP Packets:           1            
	VLAN Packets:          0            
	MPLS Packets:          0            
	PPPoE Packets:         0            
	Fragmented Packets:    0            
	Max Packet size:       1208         
	Packet Len < 64:       0            
	Packet Len 64-128:     0            
	Packet Len 128-256:    0            
	Packet Len 256-1024:   0            
	Packet Len 1024-1500:  1            
	Packet Len > 1500:     0            
	nDPI throughput:       2.61 K pps / 24.98 Mb/sec
	Analysis begin:        01/Jan/1970 05:30:01
	Analysis end:          01/Jan/1970 05:30:01
	Traffic throughput:    0.00 pps / 0 b/sec
	Traffic duration:      0.000 sec
	DPI Packets (UDP):     1             (1.00 pkts/flow)
	Confidence: DPI        1             (flows)


Detected protocols:
	QUIC                 packets: 1             bytes: 1230          flows: 1            


Protocol statistics:
	Acceptable           packets: 1             bytes: 1230          flows: 1            

Risk stats [found 1 (100.0 %) flows with risks]:
	Unidirectional Traffic                       1 [100.0 %]

	NOTE: as one flow can have multiple risks set, the sum of the
	      last column can exceed the number of flows with risks.


