
-----------------------------------------------------------
* NOTE: This is demo app to show *some* nDPI features.
* In this demo we have implemented only some basic features
* just to show you what you can do with the library. Feel 
* free to extend it and send us the patches for inclusion
------------------------------------------------------------

Using nDPI (4.13.0-5225-2e7b75a) [1 thread(s)]
Using libgcrypt version 1.8.6internal
Reading packets from pcap file ./tests/cfgs/default/pcap/iax.pcap...
Running thread 0...

nDPI Memory statistics:
	nDPI Memory (once):      42.82 KB     
	Flow Memory (per flow):  1.15 KB      
	Actual Memory:           11.06 MB     
	Peak Memory:             11.06 MB     
	Setup Time:              19 msec
	Packet Processing Time:  0 msec

Traffic statistics:
	Ethernet bytes:        10372         (includes ethernet CRC/IFC/trailer)
	Discarded bytes:       0            
	IP packets:            50            of 50 packets total
	IP bytes:              9172          (avg pkt size 183 bytes)
	Unique flows:          1            
	TCP Packets:           0            
	UDP Packets:           50           
	VLAN Packets:          0            
	MPLS Packets:          0            
	PPPoE Packets:         0            
	Fragmented Packets:    0            
	Max Packet size:       180          
	Packet Len < 64:       7            
	Packet Len 64-128:     1            
	Packet Len 128-256:    42           
	Packet Len 256-1024:   0            
	Packet Len 1024-1500:  0            
	Packet Len > 1500:     0            
	nDPI throughput:       144.51 K pps / 228.71 Mb/sec
	Analysis begin:        12/Aug/2005 15:16:45
	Analysis end:          12/Aug/2005 15:16:46
	Traffic throughput:    95.05 pps / 154.05 Kb/sec
	Traffic duration:      0.526 sec
	DPI Packets (UDP):     1             (1.00 pkts/flow)
	Confidence: DPI        1             (flows)


Detected protocols:
	IAX                  packets: 50            bytes: 9172          flows: 1            


Protocol statistics:
	Acceptable           packets: 50            bytes: 9172          flows: 1            
