
-----------------------------------------------------------
* NOTE: This is demo app to show *some* nDPI features.
* In this demo we have implemented only some basic features
* just to show you what you can do with the library. Feel 
* free to extend it and send us the patches for inclusion
------------------------------------------------------------

Using nDPI (4.13.0-5225-2e7b75a) [1 thread(s)]
Using libgcrypt version 1.8.6internal
Reading packets from pcap file ./tests/cfgs/default/pcap/tls_2_reasms.pcapng...
Running thread 0...

nDPI Memory statistics:
	nDPI Memory (once):      42.82 KB     
	Flow Memory (per flow):  1.15 KB      
	Actual Memory:           11.06 MB     
	Peak Memory:             11.06 MB     
	Setup Time:              18 msec
	Packet Processing Time:  0 msec

Traffic statistics:
	Ethernet bytes:        7243          (includes ethernet CRC/IFC/trailer)
	Discarded bytes:       0            
	IP packets:            14            of 14 packets total
	IP bytes:              6907          (avg pkt size 493 bytes)
	Unique flows:          1            
	TCP Packets:           14           
	UDP Packets:           0            
	VLAN Packets:          0            
	MPLS Packets:          0            
	PPPoE Packets:         0            
	Fragmented Packets:    0            
	Max Packet size:       1380         
	Packet Len < 64:       2            
	Packet Len 64-128:     3            
	Packet Len 128-256:    3            
	Packet Len 256-1024:   3            
	Packet Len 1024-1500:  3            
	Packet Len > 1500:     0            
	nDPI throughput:       40.23 K pps / 158.79 Mb/sec
	Analysis begin:        09/Dec/2021 17:59:18
	Analysis end:          09/Dec/2021 17:59:19
	Traffic throughput:    14.71 pps / 59.47 Kb/sec
	Traffic duration:      0.951 sec
	DPI Packets (TCP):     4             (4.00 pkts/flow)
	Confidence: DPI        1             (flows)


Detected protocols:
	Instagram            packets: 14            bytes: 6907          flows: 1            


Protocol statistics:
	Fun                  packets: 14            bytes: 6907          flows: 1            
