
-----------------------------------------------------------
* NOTE: This is demo app to show *some* nDPI features.
* In this demo we have implemented only some basic features
* just to show you what you can do with the library. Feel 
* free to extend it and send us the patches for inclusion
------------------------------------------------------------

Using nDPI (4.13.0-5225-2e7b75a) [1 thread(s)]
Using libgcrypt version 1.8.6internal
Reading packets from pcap file ./tests/cfgs/default/pcap/dnscrypt-v2.pcap...
Running thread 0...

nDPI Memory statistics:
	nDPI Memory (once):      42.82 KB     
	Flow Memory (per flow):  1.15 KB      
	Actual Memory:           11.06 MB     
	Peak Memory:             11.06 MB     
	Setup Time:              18 msec
	Packet Processing Time:  0 msec

Traffic statistics:
	Ethernet bytes:        4444          (includes ethernet CRC/IFC/trailer)
	Discarded bytes:       0            
	IP packets:            6             of 6 packets total
	IP bytes:              4300          (avg pkt size 716 bytes)
	Unique flows:          3            
	TCP Packets:           0            
	UDP Packets:           6            
	VLAN Packets:          0            
	MPLS Packets:          0            
	PPPoE Packets:         0            
	Fragmented Packets:    0            
	Max Packet size:       1096         
	Packet Len < 64:       0            
	Packet Len 64-128:     0            
	Packet Len 128-256:    2            
	Packet Len 256-1024:   1            
	Packet Len 1024-1500:  3            
	Packet Len > 1500:     0            
	nDPI throughput:       13.95 K pps / 78.85 Mb/sec
	Analysis begin:        02/Jan/2000 02:32:01
	Analysis end:          02/Jan/2000 02:33:25
	Traffic throughput:    0.07 pps / 423 b/sec
	Traffic duration:      83.985 sec
	DPI Packets (UDP):     6             (2.00 pkts/flow)
	Confidence: DPI        3             (flows)


Detected protocols:
	DNScrypt             packets: 6             bytes: 4300          flows: 3            


Protocol statistics:
	Acceptable           packets: 6             bytes: 4300          flows: 3            
