
-----------------------------------------------------------
* NOTE: This is demo app to show *some* nDPI features.
* In this demo we have implemented only some basic features
* just to show you what you can do with the library. Feel 
* free to extend it and send us the patches for inclusion
------------------------------------------------------------

Using nDPI (4.13.0-5225-2e7b75a) [1 thread(s)]
Using libgcrypt version 1.8.6internal
Reading packets from pcap file ./tests/cfgs/default/pcap/firefox.pcap...
Running thread 0...

nDPI Memory statistics:
	nDPI Memory (once):      42.82 KB     
	Flow Memory (per flow):  1.15 KB      
	Actual Memory:           11.16 MB     
	Peak Memory:             11.16 MB     
	Setup Time:              21 msec
	Packet Processing Time:  0 msec

Traffic statistics:
	Ethernet bytes:        63329         (includes ethernet CRC/IFC/trailer)
	Discarded bytes:       0            
	IP packets:            129           of 129 packets total
	IP bytes:              60233         (avg pkt size 466 bytes)
	Unique flows:          6            
	TCP Packets:           129          
	UDP Packets:           0            
	VLAN Packets:          0            
	MPLS Packets:          0            
	PPPoE Packets:         0            
	Fragmented Packets:    0            
	Max Packet size:       1472         
	Packet Len < 64:       67           
	Packet Len 64-128:     6            
	Packet Len 128-256:    0            
	Packet Len 256-1024:   29           
	Packet Len 1024-1500:  27           
	Packet Len > 1500:     0            
	nDPI throughput:       176.71 K pps / 661.87 Mb/sec
	Analysis begin:        13/May/2021 23:16:37
	Analysis end:          13/May/2021 23:16:39
	Traffic throughput:    87.51 pps / 335.63 Kb/sec
	Traffic duration:      1.474 sec
	DPI Packets (TCP):     36            (6.00 pkts/flow)
	Confidence: DPI        6             (flows)


Detected protocols:
	TLS                  packets: 129           bytes: 60233         flows: 6            


Protocol statistics:
	Safe                 packets: 129           bytes: 60233         flows: 6            
