
-----------------------------------------------------------
* NOTE: This is demo app to show *some* nDPI features.
* In this demo we have implemented only some basic features
* just to show you what you can do with the library. Feel 
* free to extend it and send us the patches for inclusion
------------------------------------------------------------

Using nDPI (4.13.0-5225-2e7b75a) [1 thread(s)]
Using libgcrypt version 1.8.6internal
Reading packets from pcap file ./tests/cfgs/default/pcap/pgm.pcap...
Running thread 0...

nDPI Memory statistics:
	nDPI Memory (once):      42.82 KB     
	Flow Memory (per flow):  1.15 KB      
	Actual Memory:           11.23 MB     
	Peak Memory:             11.23 MB     
	Setup Time:              18 msec
	Packet Processing Time:  0 msec

Traffic statistics:
	Ethernet bytes:        220302        (includes ethernet CRC/IFC/trailer)
	Discarded bytes:       0            
	IP packets:            1000          of 1000 packets total
	IP bytes:              196302        (avg pkt size 196 bytes)
	Unique flows:          1            
	TCP Packets:           0            
	UDP Packets:           0            
	VLAN Packets:          0            
	MPLS Packets:          0            
	PPPoE Packets:         0            
	Fragmented Packets:    0            
	Max Packet size:       1310         
	Packet Len < 64:       29           
	Packet Len 64-128:     652          
	Packet Len 128-256:    213          
	Packet Len 256-1024:   79           
	Packet Len 1024-1500:  27           
	Packet Len > 1500:     0            
	nDPI throughput:       2.22 M pps / 3.64 Gb/sec
	Analysis begin:        07/Jun/2022 06:50:15
	Analysis end:          07/Jun/2022 06:51:34
	Traffic throughput:    12.67 pps / 21.81 Kb/sec
	Traffic duration:      78.906 sec
	DPI Packets (other):   1             (1.00 pkts/flow)
	Confidence: DPI        1             (flows)


Detected protocols:
	PGM                  packets: 1000          bytes: 196302        flows: 1            


Protocol statistics:
	Acceptable           packets: 1000          bytes: 196302        flows: 1            
