
-----------------------------------------------------------
* NOTE: This is demo app to show *some* nDPI features.
* In this demo we have implemented only some basic features
* just to show you what you can do with the library. Feel 
* free to extend it and send us the patches for inclusion
------------------------------------------------------------

Using nDPI (4.13.0-5225-2e7b75a) [1 thread(s)]
Using libgcrypt version 1.8.6internal
Reading packets from pcap file ./tests/cfgs/default/pcap/vivox.pcapng...
Running thread 0...

nDPI Memory statistics:
	nDPI Memory (once):      42.82 KB     
	Flow Memory (per flow):  1.15 KB      
	Actual Memory:           11.06 MB     
	Peak Memory:             11.06 MB     
	Setup Time:              21 msec
	Packet Processing Time:  0 msec

Traffic statistics:
	Ethernet bytes:        1038          (includes ethernet CRC/IFC/trailer)
	Discarded bytes:       0            
	IP packets:            7             of 7 packets total
	IP bytes:              870           (avg pkt size 124 bytes)
	Unique flows:          2            
	TCP Packets:           4            
	UDP Packets:           3            
	VLAN Packets:          0            
	MPLS Packets:          0            
	PPPoE Packets:         0            
	Fragmented Packets:    0            
	Max Packet size:       261          
	Packet Len < 64:       4            
	Packet Len 64-128:     1            
	Packet Len 128-256:    1            
	Packet Len 256-1024:   1            
	Packet Len 1024-1500:  0            
	Packet Len > 1500:     0            
	nDPI throughput:       22.58 K pps / 25.55 Mb/sec
	Analysis begin:        05/Jan/2025 23:05:51
	Analysis end:          05/Jan/2025 23:06:43
	Traffic throughput:    0.13 pps / 158 b/sec
	Traffic duration:      52.307 sec
	DPI Packets (TCP):     4             (4.00 pkts/flow)
	DPI Packets (UDP):     3             (3.00 pkts/flow)
	Confidence: DPI        2             (flows)


Detected protocols:
	RTP                  packets: 3             bytes: 361           flows: 1            
	Vivox                packets: 4             bytes: 509           flows: 1            


Protocol statistics:
	Acceptable           packets: 3             bytes: 361           flows: 1            
	Fun                  packets: 4             bytes: 509           flows: 1            

Risk stats [found 1 (50.0 %) flows with risks]:
	TLS (probably) Not Carrying HTTPS            1 [100.0 %]

	NOTE: as one flow can have multiple risks set, the sum of the
	      last column can exceed the number of flows with risks.


