
-----------------------------------------------------------
* NOTE: This is demo app to show *some* nDPI features.
* In this demo we have implemented only some basic features
* just to show you what you can do with the library. Feel 
* free to extend it and send us the patches for inclusion
------------------------------------------------------------

Using nDPI (4.13.0-5225-2e7b75a) [1 thread(s)]
Using libgcrypt version 1.8.6internal
Reading packets from pcap file ./tests/cfgs/default/pcap/tftp.pcap...
Running thread 0...

nDPI Memory statistics:
	nDPI Memory (once):      42.82 KB     
	Flow Memory (per flow):  1.15 KB      
	Actual Memory:           11.12 MB     
	Peak Memory:             11.12 MB     
	Setup Time:              18 msec
	Packet Processing Time:  0 msec

Traffic statistics:
	Ethernet bytes:        34069         (includes ethernet CRC/IFC/trailer)
	Discarded bytes:       0            
	IP packets:            109           of 109 packets total
	IP bytes:              31453         (avg pkt size 288 bytes)
	Unique flows:          9            
	TCP Packets:           0            
	UDP Packets:           109          
	VLAN Packets:          0            
	MPLS Packets:          0            
	PPPoE Packets:         0            
	Fragmented Packets:    0            
	Max Packet size:       524          
	Packet Len < 64:       59           
	Packet Len 64-128:     0            
	Packet Len 128-256:    0            
	Packet Len 256-1024:   50           
	Packet Len 1024-1500:  0            
	Packet Len > 1500:     0            
	nDPI throughput:       249.43 K pps / 594.80 Mb/sec
	Analysis begin:        01/Jan/2000 18:05:24
	Analysis end:          21/Aug/2023 04:16:02
	Traffic throughput:    0.00 pps / 0 b/sec
	Traffic duration:      745841408.000 sec
	Guessed flow protos:   2            
	DPI Packets (UDP):     15            (1.67 pkts/flow)
	Confidence: Match by port 2             (flows)
	Confidence: DPI        7             (flows)


Detected protocols:
	TFTP                 packets: 109           bytes: 31453         flows: 9            


Protocol statistics:
	Acceptable           packets: 109           bytes: 31453         flows: 9            

Risk stats [found 9 (100.0 %) flows with risks]:
	Known Proto on Non Std Port                  3 [30.0 %]
	Unidirectional Traffic                       7 [70.0 %]

	NOTE: as one flow can have multiple risks set, the sum of the
	      last column can exceed the number of flows with risks.


