
-----------------------------------------------------------
* NOTE: This is demo app to show *some* nDPI features.
* In this demo we have implemented only some basic features
* just to show you what you can do with the library. Feel 
* free to extend it and send us the patches for inclusion
------------------------------------------------------------

Using nDPI (4.13.0-5225-2e7b75a) [1 thread(s)]
Using libgcrypt version 1.8.6internal
Reading packets from pcap file ./tests/cfgs/default/pcap/bets.pcapng...
Running thread 0...

nDPI Memory statistics:
	nDPI Memory (once):      42.82 KB     
	Flow Memory (per flow):  1.15 KB      
	Actual Memory:           11.06 MB     
	Peak Memory:             11.06 MB     
	Setup Time:              22 msec
	Packet Processing Time:  0 msec

Traffic statistics:
	Ethernet bytes:        10020         (includes ethernet CRC/IFC/trailer)
	Discarded bytes:       0            
	IP packets:            33            of 33 packets total
	IP bytes:              9228          (avg pkt size 279 bytes)
	Unique flows:          1            
	TCP Packets:           33           
	UDP Packets:           0            
	VLAN Packets:          0            
	MPLS Packets:          0            
	PPPoE Packets:         0            
	Fragmented Packets:    0            
	Max Packet size:       1400         
	Packet Len < 64:       21           
	Packet Len 64-128:     5            
	Packet Len 128-256:    1            
	Packet Len 256-1024:   1            
	Packet Len 1024-1500:  5            
	Packet Len > 1500:     0            
	nDPI throughput:       68.61 K pps / 158.93 Mb/sec
	Analysis begin:        29/Aug/2023 01:22:56
	Analysis end:          29/Aug/2023 01:22:56
	Traffic throughput:    174.85 pps / 414.78 Kb/sec
	Traffic duration:      0.189 sec
	DPI Packets (TCP):     6             (6.00 pkts/flow)
	Confidence: DPI        1             (flows)


Detected protocols:
	TLS                  packets: 33            bytes: 9228          flows: 1            


Protocol statistics:
	Safe                 packets: 33            bytes: 9228          flows: 1            
