
-----------------------------------------------------------
* NOTE: This is demo app to show *some* nDPI features.
* In this demo we have implemented only some basic features
* just to show you what you can do with the library. Feel 
* free to extend it and send us the patches for inclusion
------------------------------------------------------------

Using nDPI (4.13.0-5225-2e7b75a) [1 thread(s)]
Using libgcrypt version 1.8.6internal
Reading packets from pcap file ./tests/cfgs/default/pcap/skype-conference-call.pcap...
Running thread 0...

nDPI Memory statistics:
	nDPI Memory (once):      42.82 KB     
	Flow Memory (per flow):  1.15 KB      
	Actual Memory:           11.09 MB     
	Peak Memory:             11.09 MB     
	Setup Time:              20 msec
	Packet Processing Time:  0 msec

Traffic statistics:
	Ethernet bytes:        44487         (includes ethernet CRC/IFC/trailer)
	Discarded bytes:       0            
	IP packets:            200           of 200 packets total
	IP bytes:              39687         (avg pkt size 198 bytes)
	Unique flows:          1            
	TCP Packets:           0            
	UDP Packets:           200          
	VLAN Packets:          0            
	MPLS Packets:          0            
	PPPoE Packets:         0            
	Fragmented Packets:    0            
	Max Packet size:       923          
	Packet Len < 64:       83           
	Packet Len 64-128:     46           
	Packet Len 128-256:    53           
	Packet Len 256-1024:   18           
	Packet Len 1024-1500:  0            
	Packet Len > 1500:     0            
	nDPI throughput:       526.32 K pps / 893.18 Mb/sec
	Analysis begin:        26/Jul/2017 15:08:36
	Analysis end:          26/Jul/2017 15:08:38
	Traffic throughput:    132.85 pps / 230.86 Kb/sec
	Traffic duration:      1.505 sec
	DPI Packets (UDP):     7             (7.00 pkts/flow)
	Confidence: DPI        1             (flows)


Detected protocols:
	TeamsCall            packets: 200           bytes: 39687         flows: 1            


Protocol statistics:
	Acceptable           packets: 200           bytes: 39687         flows: 1            

Risk stats [found 1 (100.0 %) flows with risks]:
	Known Proto on Non Std Port                  1 [100.0 %]

	NOTE: as one flow can have multiple risks set, the sum of the
	      last column can exceed the number of flows with risks.


