
-----------------------------------------------------------
* NOTE: This is demo app to show *some* nDPI features.
* In this demo we have implemented only some basic features
* just to show you what you can do with the library. Feel 
* free to extend it and send us the patches for inclusion
------------------------------------------------------------

Using nDPI (4.13.0-5225-2e7b75a) [1 thread(s)]
Using libgcrypt version 1.8.6internal
Reading packets from pcap file ./tests/cfgs/default/pcap/dtls_mid_sessions.pcapng...
Running thread 0...

nDPI Memory statistics:
	nDPI Memory (once):      42.82 KB     
	Flow Memory (per flow):  1.15 KB      
	Actual Memory:           11.10 MB     
	Peak Memory:             11.10 MB     
	Setup Time:              18 msec
	Packet Processing Time:  0 msec

Traffic statistics:
	Ethernet bytes:        40052         (includes ethernet CRC/IFC/trailer)
	Discarded bytes:       0            
	IP packets:            91            of 91 packets total
	IP bytes:              37868         (avg pkt size 416 bytes)
	Unique flows:          4            
	TCP Packets:           0            
	UDP Packets:           91           
	VLAN Packets:          0            
	MPLS Packets:          0            
	PPPoE Packets:         0            
	Fragmented Packets:    0            
	Max Packet size:       1461         
	Packet Len < 64:       0            
	Packet Len 64-128:     39           
	Packet Len 128-256:    24           
	Packet Len 256-1024:   13           
	Packet Len 1024-1500:  15           
	Packet Len > 1500:     0            
	nDPI throughput:       185.34 K pps / 622.35 Mb/sec
	Analysis begin:        07/Feb/2022 22:05:32
	Analysis end:          07/Feb/2022 22:05:36
	Traffic throughput:    27.15 pps / 93.35 Kb/sec
	Traffic duration:      3.352 sec
	DPI Packets (UDP):     4             (1.00 pkts/flow)
	Confidence: DPI        4             (flows)


Detected protocols:
	DTLS                 packets: 91            bytes: 37868         flows: 4            


Protocol statistics:
	Safe                 packets: 91            bytes: 37868         flows: 4            

Risk stats [found 2 (50.0 %) flows with risks]:
	Unidirectional Traffic                       2 [100.0 %]

	NOTE: as one flow can have multiple risks set, the sum of the
	      last column can exceed the number of flows with risks.


