
-----------------------------------------------------------
* NOTE: This is demo app to show *some* nDPI features.
* In this demo we have implemented only some basic features
* just to show you what you can do with the library. Feel 
* free to extend it and send us the patches for inclusion
------------------------------------------------------------

Using nDPI (4.13.0-5225-2e7b75a) [1 thread(s)]
Using libgcrypt version 1.8.6internal
Reading packets from pcap file ./tests/cfgs/default/pcap/fins.pcap...
Running thread 0...

nDPI Memory statistics:
	nDPI Memory (once):      42.82 KB     
	Flow Memory (per flow):  1.15 KB      
	Actual Memory:           11.08 MB     
	Peak Memory:             11.08 MB     
	Setup Time:              20 msec
	Packet Processing Time:  0 msec

Traffic statistics:
	Ethernet bytes:        24009         (includes ethernet CRC/IFC/trailer)
	Discarded bytes:       0            
	IP packets:            257           of 257 packets total
	IP bytes:              17841         (avg pkt size 69 bytes)
	Unique flows:          3            
	TCP Packets:           10           
	UDP Packets:           247          
	VLAN Packets:          0            
	MPLS Packets:          0            
	PPPoE Packets:         0            
	Fragmented Packets:    0            
	Max Packet size:       548          
	Packet Len < 64:       236          
	Packet Len 64-128:     15           
	Packet Len 128-256:    3            
	Packet Len 256-1024:   3            
	Packet Len 1024-1500:  0            
	Packet Len > 1500:     0            
	nDPI throughput:       655.61 K pps / 467.28 Mb/sec
	Analysis begin:        28/Jan/2009 02:14:42
	Analysis end:          04/Apr/2015 02:44:36
	Traffic throughput:    0.00 pps / 0 b/sec
	Traffic duration:      195006592.000 sec
	DPI Packets (TCP):     4             (4.00 pkts/flow)
	DPI Packets (UDP):     2             (1.00 pkts/flow)
	Confidence: DPI        3             (flows)


Detected protocols:
	FINS                 packets: 257           bytes: 17841         flows: 3            


Protocol statistics:
	Acceptable           packets: 257           bytes: 17841         flows: 3            

Risk stats [found 1 (33.3 %) flows with risks]:
	Unidirectional Traffic                       1 [100.0 %]

	NOTE: as one flow can have multiple risks set, the sum of the
	      last column can exceed the number of flows with risks.


