
-----------------------------------------------------------
* NOTE: This is demo app to show *some* nDPI features.
* In this demo we have implemented only some basic features
* just to show you what you can do with the library. Feel 
* free to extend it and send us the patches for inclusion
------------------------------------------------------------

Using nDPI (4.13.0-5225-2e7b75a) [1 thread(s)]
Using libgcrypt version 1.8.6internal
Reading packets from pcap file ./tests/cfgs/default/pcap/zoom2.pcap...
Running thread 0...

nDPI Memory statistics:
	nDPI Memory (once):      42.82 KB     
	Flow Memory (per flow):  1.15 KB      
	Actual Memory:           11.18 MB     
	Peak Memory:             11.18 MB     
	Setup Time:              18 msec
	Packet Processing Time:  0 msec

Traffic statistics:
	Ethernet bytes:        120866        (includes ethernet CRC/IFC/trailer)
	Discarded bytes:       0            
	IP packets:            342           of 342 packets total
	IP bytes:              112658        (avg pkt size 329 bytes)
	Unique flows:          4            
	TCP Packets:           20           
	UDP Packets:           322          
	VLAN Packets:          0            
	MPLS Packets:          0            
	PPPoE Packets:         0            
	Fragmented Packets:    0            
	Max Packet size:       1472         
	Packet Len < 64:       50           
	Packet Len 64-128:     153          
	Packet Len 128-256:    54           
	Packet Len 256-1024:   20           
	Packet Len 1024-1500:  65           
	Packet Len > 1500:     0            
	nDPI throughput:       655.17 K pps / 1.73 Gb/sec
	Analysis begin:        24/Jan/2022 00:47:38
	Analysis end:          24/Jan/2022 00:48:20
	Traffic throughput:    8.21 pps / 22.68 Kb/sec
	Traffic duration:      41.640 sec
	DPI Packets (TCP):     8             (8.00 pkts/flow)
	DPI Packets (UDP):     15            (5.00 pkts/flow)
	Confidence: DPI        4             (flows)


Detected protocols:
	Zoom                 packets: 342           bytes: 112658        flows: 4            


Protocol statistics:
	Acceptable           packets: 342           bytes: 112658        flows: 4            

Risk stats [found 1 (25.0 %) flows with risks]:
	TLS (probably) Not Carrying HTTPS            1 [100.0 %]

	NOTE: as one flow can have multiple risks set, the sum of the
	      last column can exceed the number of flows with risks.


