
-----------------------------------------------------------
* NOTE: This is demo app to show *some* nDPI features.
* In this demo we have implemented only some basic features
* just to show you what you can do with the library. Feel 
* free to extend it and send us the patches for inclusion
------------------------------------------------------------

Using nDPI (4.13.0-5225-2e7b75a) [1 thread(s)]
Using libgcrypt version 1.8.6internal
Reading packets from pcap file ./tests/cfgs/default/pcap/netease_games.pcapng...
Running thread 0...

nDPI Memory statistics:
	nDPI Memory (once):      42.82 KB     
	Flow Memory (per flow):  1.15 KB      
	Actual Memory:           11.08 MB     
	Peak Memory:             11.08 MB     
	Setup Time:              18 msec
	Packet Processing Time:  0 msec

Traffic statistics:
	Ethernet bytes:        3142          (includes ethernet CRC/IFC/trailer)
	Discarded bytes:       0            
	IP packets:            20            of 20 packets total
	IP bytes:              2662          (avg pkt size 133 bytes)
	Unique flows:          5            
	TCP Packets:           6            
	UDP Packets:           14           
	VLAN Packets:          0            
	MPLS Packets:          0            
	PPPoE Packets:         0            
	Fragmented Packets:    0            
	Max Packet size:       549          
	Packet Len < 64:       13           
	Packet Len 64-128:     2            
	Packet Len 128-256:    3            
	Packet Len 256-1024:   2            
	Packet Len 1024-1500:  0            
	Packet Len > 1500:     0            
	nDPI throughput:       48.19 K pps / 57.76 Mb/sec
	Analysis begin:        03/Mar/2024 08:08:26
	Analysis end:          03/Mar/2024 08:09:03
	Traffic throughput:    0.55 pps / 696 b/sec
	Traffic duration:      36.107 sec
	DPI Packets (TCP):     6             (6.00 pkts/flow)
	DPI Packets (UDP):     6             (1.50 pkts/flow)
	Confidence: DPI        5             (flows)


Detected protocols:
	DNS                  packets: 4             bytes: 572           flows: 1            
	NetEaseGames         packets: 16            bytes: 2090          flows: 4            


Protocol statistics:
	Acceptable           packets: 4             bytes: 572           flows: 1            
	Fun                  packets: 16            bytes: 2090          flows: 4            

Risk stats [found 1 (20.0 %) flows with risks]:
	TLS (probably) Not Carrying HTTPS            1 [100.0 %]

	NOTE: as one flow can have multiple risks set, the sum of the
	      last column can exceed the number of flows with risks.


