
-----------------------------------------------------------
* NOTE: This is demo app to show *some* nDPI features.
* In this demo we have implemented only some basic features
* just to show you what you can do with the library. Feel 
* free to extend it and send us the patches for inclusion
------------------------------------------------------------

Using nDPI (4.13.0-5225-2e7b75a) [1 thread(s)]
Using libgcrypt version 1.8.6internal
Reading packets from pcap file ./tests/cfgs/default/pcap/agora-sd-rtn.pcap...
Running thread 0...

nDPI Memory statistics:
	nDPI Memory (once):      42.82 KB     
	Flow Memory (per flow):  1.15 KB      
	Actual Memory:           11.30 MB     
	Peak Memory:             11.30 MB     
	Setup Time:              18 msec
	Packet Processing Time:  0 msec

Traffic statistics:
	Ethernet bytes:        122037        (includes ethernet CRC/IFC/trailer)
	Discarded bytes:       0            
	IP packets:            403           of 403 packets total
	IP bytes:              112365        (avg pkt size 278 bytes)
	Unique flows:          26           
	TCP Packets:           0            
	UDP Packets:           403          
	VLAN Packets:          0            
	MPLS Packets:          0            
	PPPoE Packets:         0            
	Fragmented Packets:    0            
	Max Packet size:       1227         
	Packet Len < 64:       70           
	Packet Len 64-128:     41           
	Packet Len 128-256:    200          
	Packet Len 256-1024:   88           
	Packet Len 1024-1500:  4            
	Packet Len > 1500:     0            
	nDPI throughput:       555.10 K pps / 1.25 Gb/sec
	Analysis begin:        04/Apr/2022 23:01:34
	Analysis end:          07/Apr/2022 18:53:22
	Traffic throughput:    0.00 pps / 3 b/sec
	Traffic duration:      244307.922 sec
	DPI Packets (UDP):     26            (1.00 pkts/flow)
	Confidence: DPI        26            (flows)


Detected protocols:
	SD-RTN               packets: 403           bytes: 112365        flows: 26           


Protocol statistics:
	Acceptable           packets: 403           bytes: 112365        flows: 26           

Risk stats [found 3 (11.5 %) flows with risks]:
	Unidirectional Traffic                       3 [100.0 %]

	NOTE: as one flow can have multiple risks set, the sum of the
	      last column can exceed the number of flows with risks.


