
-----------------------------------------------------------
* NOTE: This is demo app to show *some* nDPI features.
* In this demo we have implemented only some basic features
* just to show you what you can do with the library. Feel 
* free to extend it and send us the patches for inclusion
------------------------------------------------------------

Using nDPI (4.13.0-5225-2e7b75a) [1 thread(s)]
Using libgcrypt version 1.8.6internal
Reading packets from pcap file ./tests/cfgs/default/pcap/signal_videocall.pcapng...
Running thread 0...

nDPI Memory statistics:
	nDPI Memory (once):      42.82 KB     
	Flow Memory (per flow):  1.15 KB      
	Actual Memory:           11.18 MB     
	Peak Memory:             11.18 MB     
	Setup Time:              17 msec
	Packet Processing Time:  0 msec

Traffic statistics:
	Ethernet bytes:        131275        (includes ethernet CRC/IFC/trailer)
	Discarded bytes:       0            
	IP packets:            334           of 334 packets total
	IP bytes:              123259        (avg pkt size 369 bytes)
	Unique flows:          3            
	TCP Packets:           0            
	UDP Packets:           334          
	VLAN Packets:          0            
	MPLS Packets:          0            
	PPPoE Packets:         0            
	Fragmented Packets:    0            
	Max Packet size:       1189         
	Packet Len < 64:       95           
	Packet Len 64-128:     62           
	Packet Len 128-256:    10           
	Packet Len 256-1024:   150          
	Packet Len 1024-1500:  17           
	Packet Len > 1500:     0            
	nDPI throughput:       869.79 K pps / 2.55 Gb/sec
	Analysis begin:        19/Nov/2024 19:23:51
	Analysis end:          19/Nov/2024 19:24:04
	Traffic throughput:    25.88 pps / 79.46 Kb/sec
	Traffic duration:      12.908 sec
	DPI Packets (UDP):     21            (7.00 pkts/flow)
	Confidence: DPI (cache) 2             (flows)
	Confidence: DPI        1             (flows)


Detected protocols:
	SignalVoip           packets: 334           bytes: 123259        flows: 3            


Protocol statistics:
	Acceptable           packets: 334           bytes: 123259        flows: 3            

Risk stats [found 1 (33.3 %) flows with risks]:
	Known Proto on Non Std Port                  1 [100.0 %]

	NOTE: as one flow can have multiple risks set, the sum of the
	      last column can exceed the number of flows with risks.


