
-----------------------------------------------------------
* NOTE: This is demo app to show *some* nDPI features.
* In this demo we have implemented only some basic features
* just to show you what you can do with the library. Feel 
* free to extend it and send us the patches for inclusion
------------------------------------------------------------

Using nDPI (4.13.0-5225-2e7b75a) [1 thread(s)]
Using libgcrypt version 1.8.6internal
Reading packets from pcap file ./tests/cfgs/default/pcap/lagofast.pcap...
Running thread 0...

nDPI Memory statistics:
	nDPI Memory (once):      42.82 KB     
	Flow Memory (per flow):  1.15 KB      
	Actual Memory:           11.25 MB     
	Peak Memory:             11.25 MB     
	Setup Time:              18 msec
	Packet Processing Time:  0 msec

Traffic statistics:
	Ethernet bytes:        12990         (includes ethernet CRC/IFC/trailer)
	Discarded bytes:       0            
	IP packets:            30            of 30 packets total
	IP bytes:              12270         (avg pkt size 409 bytes)
	Unique flows:          30           
	TCP Packets:           13           
	UDP Packets:           17           
	VLAN Packets:          0            
	MPLS Packets:          0            
	PPPoE Packets:         0            
	Fragmented Packets:    0            
	Max Packet size:       1472         
	Packet Len < 64:       17           
	Packet Len 64-128:     1            
	Packet Len 128-256:    0            
	Packet Len 256-1024:   8            
	Packet Len 1024-1500:  4            
	Packet Len > 1500:     0            
	nDPI throughput:       36.63 K pps / 121.01 Mb/sec
	Analysis begin:        21/Feb/2025 15:41:08
	Analysis end:          21/Feb/2025 16:02:48
	Traffic throughput:    0.02 pps / 79 b/sec
	Traffic duration:      1300.106 sec
	DPI Packets (TCP):     13            (1.00 pkts/flow)
	DPI Packets (UDP):     17            (1.00 pkts/flow)
	Confidence: DPI        30            (flows)


Detected protocols:
	DNS                  packets: 5             bytes: 408           flows: 5            
	TLS                  packets: 5             bytes: 6130          flows: 5            
	LagoFast             packets: 20            bytes: 5732          flows: 20           


Protocol statistics:
	Safe                 packets: 5             bytes: 6130          flows: 5            
	Acceptable           packets: 25            bytes: 6140          flows: 25           

Risk stats [found 27 (90.0 %) flows with risks]:
	Unidirectional Traffic                      27 [100.0 %]

	NOTE: as one flow can have multiple risks set, the sum of the
	      last column can exceed the number of flows with risks.


