
-----------------------------------------------------------
* NOTE: This is demo app to show *some* nDPI features.
* In this demo we have implemented only some basic features
* just to show you what you can do with the library. Feel 
* free to extend it and send us the patches for inclusion
------------------------------------------------------------

Using nDPI (4.13.0-5225-2e7b75a) [1 thread(s)]
Using libgcrypt version 1.8.6internal
Reading packets from pcap file ./tests/cfgs/default/pcap/stun_dtls_unidirectional_client.pcap...
Running thread 0...

nDPI Memory statistics:
	nDPI Memory (once):      42.82 KB     
	Flow Memory (per flow):  1.15 KB      
	Actual Memory:           11.05 MB     
	Peak Memory:             11.05 MB     
	Setup Time:              18 msec
	Packet Processing Time:  0 msec

Traffic statistics:
	Ethernet bytes:        1852          (includes ethernet CRC/IFC/trailer)
	Discarded bytes:       0            
	IP packets:            6             of 6 packets total
	IP bytes:              1708          (avg pkt size 284 bytes)
	Unique flows:          1            
	TCP Packets:           0            
	UDP Packets:           6            
	VLAN Packets:          0            
	MPLS Packets:          0            
	PPPoE Packets:         0            
	Fragmented Packets:    0            
	Max Packet size:       839          
	Packet Len < 64:       0            
	Packet Len 64-128:     4            
	Packet Len 128-256:    1            
	Packet Len 256-1024:   1            
	Packet Len 1024-1500:  0            
	Packet Len > 1500:     0            
	nDPI throughput:       24.49 K pps / 57.67 Mb/sec
	Analysis begin:        09/Sep/2015 06:56:15
	Analysis end:          09/Sep/2015 06:56:16
	Traffic throughput:    5.17 pps / 12.46 Kb/sec
	Traffic duration:      1.161 sec
	DPI Packets (UDP):     6             (6.00 pkts/flow)
	Confidence: DPI        1             (flows)


Detected protocols:
	DTLS                 packets: 6             bytes: 1708          flows: 1            


Protocol statistics:
	Safe                 packets: 6             bytes: 1708          flows: 1            

Risk stats [found 1 (100.0 %) flows with risks]:
	Unidirectional Traffic                       1 [100.0 %]

	NOTE: as one flow can have multiple risks set, the sum of the
	      last column can exceed the number of flows with risks.


