
-----------------------------------------------------------
* NOTE: This is demo app to show *some* nDPI features.
* In this demo we have implemented only some basic features
* just to show you what you can do with the library. Feel 
* free to extend it and send us the patches for inclusion
------------------------------------------------------------

Using nDPI (4.13.0-5225-2e7b75a) [1 thread(s)]
Using libgcrypt version 1.8.6internal
Reading packets from pcap file ./tests/cfgs/default/pcap/gtp_false_positive.pcapng...
Running thread 0...

nDPI Memory statistics:
	nDPI Memory (once):      42.82 KB     
	Flow Memory (per flow):  1.15 KB      
	Actual Memory:           11.06 MB     
	Peak Memory:             11.06 MB     
	Setup Time:              18 msec
	Packet Processing Time:  0 msec

Traffic statistics:
	Ethernet bytes:        1020          (includes ethernet CRC/IFC/trailer)
	Discarded bytes:       0            
	IP packets:            7             of 7 packets total
	IP bytes:              852           (avg pkt size 121 bytes)
	Unique flows:          3            
	TCP Packets:           0            
	UDP Packets:           7            
	VLAN Packets:          0            
	MPLS Packets:          0            
	PPPoE Packets:         0            
	Fragmented Packets:    0            
	Max Packet size:       334          
	Packet Len < 64:       6            
	Packet Len 64-128:     0            
	Packet Len 128-256:    0            
	Packet Len 256-1024:   1            
	Packet Len 1024-1500:  0            
	Packet Len > 1500:     0            
	nDPI throughput:       20.23 K pps / 22.49 Mb/sec
	Analysis begin:        07/Dec/2021 11:24:01
	Analysis end:          28/Dec/2021 00:13:25
	Traffic throughput:    0.00 pps / 0 b/sec
	Traffic duration:      1774163.625 sec
	Guessed flow protos:   2            
	DPI Packets (UDP):     7             (2.33 pkts/flow)
	Confidence: Unknown    1             (flows)
	Confidence: Match by port 2             (flows)


Detected protocols:
	Unknown              packets: 5             bytes: 428           flows: 1            
	GTP                  packets: 2             bytes: 424           flows: 2            


Protocol statistics:
	Acceptable           packets: 2             bytes: 424           flows: 2            
	Unrated              packets: 5             bytes: 428           flows: 1            

Risk stats [found 3 (100.0 %) flows with risks]:
	Susp Entropy                                 1 [25.0 %]
	Unidirectional Traffic                       3 [75.0 %]

	NOTE: as one flow can have multiple risks set, the sum of the
	      last column can exceed the number of flows with risks.


