
-----------------------------------------------------------
* NOTE: This is demo app to show *some* nDPI features.
* In this demo we have implemented only some basic features
* just to show you what you can do with the library. Feel 
* free to extend it and send us the patches for inclusion
------------------------------------------------------------

Using nDPI (4.13.0-5225-2e7b75a) [1 thread(s)]
Using libgcrypt version 1.8.6internal
Reading packets from pcap file ./tests/cfgs/default/pcap/kerberos-login.pcap...
Running thread 0...

nDPI Memory statistics:
	nDPI Memory (once):      42.82 KB     
	Flow Memory (per flow):  1.15 KB      
	Actual Memory:           11.15 MB     
	Peak Memory:             11.15 MB     
	Setup Time:              19 msec
	Packet Processing Time:  0 msec

Traffic statistics:
	Ethernet bytes:        38208         (includes ethernet CRC/IFC/trailer)
	Discarded bytes:       0            
	IP packets:            39            of 39 packets total
	IP bytes:              37272         (avg pkt size 955 bytes)
	Unique flows:          13           
	TCP Packets:           15           
	UDP Packets:           24           
	VLAN Packets:          0            
	MPLS Packets:          0            
	PPPoE Packets:         0            
	Fragmented Packets:    0            
	Max Packet size:       1587         
	Packet Len < 64:       11           
	Packet Len 64-128:     0            
	Packet Len 128-256:    0            
	Packet Len 256-1024:   0            
	Packet Len 1024-1500:  24           
	Packet Len > 1500:     4            
	nDPI throughput:       75.44 K pps / 563.84 Mb/sec
	Analysis begin:        01/Jan/2000 14:11:06
	Analysis end:          01/Jan/2000 16:30:53
	Traffic throughput:    0.00 pps / 36 b/sec
	Traffic duration:      8386.442 sec
	DPI Packets (TCP):     11            (11.00 pkts/flow)
	DPI Packets (UDP):     12            (1.00 pkts/flow)
	Confidence: DPI        13            (flows)


Detected protocols:
	Kerberos             packets: 39            bytes: 37272         flows: 13           


Protocol statistics:
	Acceptable           packets: 39            bytes: 37272         flows: 13           
