
-----------------------------------------------------------
* NOTE: This is demo app to show *some* nDPI features.
* In this demo we have implemented only some basic features
* just to show you what you can do with the library. Feel 
* free to extend it and send us the patches for inclusion
------------------------------------------------------------

Using nDPI (4.13.0-5225-2e7b75a) [1 thread(s)]
Using libgcrypt version 1.8.6internal
Reading packets from pcap file ./tests/cfgs/default/pcap/dns-tunnel-iodine.pcap...
Running thread 0...

nDPI Memory statistics:
	nDPI Memory (once):      42.82 KB     
	Flow Memory (per flow):  1.15 KB      
	Actual Memory:           11.11 MB     
	Peak Memory:             11.11 MB     
	Setup Time:              20 msec
	Packet Processing Time:  0 msec

Traffic statistics:
	Ethernet bytes:        80668         (includes ethernet CRC/IFC/trailer)
	Discarded bytes:       0            
	IP packets:            434           of 438 packets total
	IP bytes:              70252         (avg pkt size 160 bytes)
	Unique flows:          1            
	TCP Packets:           0            
	UDP Packets:           434          
	VLAN Packets:          0            
	MPLS Packets:          0            
	PPPoE Packets:         0            
	Fragmented Packets:    0            
	Max Packet size:       1478         
	Packet Len < 64:       185          
	Packet Len 64-128:     29           
	Packet Len 128-256:    189          
	Packet Len 256-1024:   27           
	Packet Len 1024-1500:  4            
	Packet Len > 1500:     0            
	nDPI throughput:       941.43 K pps / 1.30 Gb/sec
	Analysis begin:        21/Aug/2010 07:40:40
	Analysis end:          21/Aug/2010 07:41:04
	Traffic throughput:    17.72 pps / 25.74 Kb/sec
	Traffic duration:      24.487 sec
	DPI Packets (UDP):     2             (2.00 pkts/flow)
	Confidence: DPI        1             (flows)


Detected protocols:
	DNS                  packets: 434           bytes: 70252         flows: 1            


Protocol statistics:
	Acceptable           packets: 434           bytes: 70252         flows: 1            

Risk stats [found 1 (100.0 %) flows with risks]:
	Susp DNS Traffic                             1 [50.0 %]
	Minor Issues                                 1 [50.0 %]

	NOTE: as one flow can have multiple risks set, the sum of the
	      last column can exceed the number of flows with risks.


