
-----------------------------------------------------------
* NOTE: This is demo app to show *some* nDPI features.
* In this demo we have implemented only some basic features
* just to show you what you can do with the library. Feel 
* free to extend it and send us the patches for inclusion
------------------------------------------------------------

Using nDPI (4.13.0-5225-2e7b75a) [1 thread(s)]
Using libgcrypt version 1.8.6internal
Reading packets from pcap file ./tests/cfgs/default/pcap/quic_q46_b.pcap...
Running thread 0...

nDPI Memory statistics:
	nDPI Memory (once):      42.82 KB     
	Flow Memory (per flow):  1.15 KB      
	Actual Memory:           11.05 MB     
	Peak Memory:             11.05 MB     
	Setup Time:              18 msec
	Packet Processing Time:  0 msec

Traffic statistics:
	Ethernet bytes:        7500          (includes ethernet CRC/IFC/trailer)
	Discarded bytes:       0            
	IP packets:            20            of 20 packets total
	IP bytes:              7020          (avg pkt size 351 bytes)
	Unique flows:          1            
	TCP Packets:           0            
	UDP Packets:           20           
	VLAN Packets:          0            
	MPLS Packets:          0            
	PPPoE Packets:         0            
	Fragmented Packets:    0            
	Max Packet size:       1358         
	Packet Len < 64:       12           
	Packet Len 64-128:     0            
	Packet Len 128-256:    0            
	Packet Len 256-1024:   6            
	Packet Len 1024-1500:  2            
	Packet Len > 1500:     0            
	nDPI throughput:       63.29 K pps / 181.08 Mb/sec
	Analysis begin:        28/Jun/2019 13:31:13
	Analysis end:          28/Jun/2019 13:31:16
	Traffic throughput:    6.46 pps / 18.94 Kb/sec
	Traffic duration:      3.094 sec
	DPI Packets (UDP):     1             (1.00 pkts/flow)
	Confidence: DPI        1             (flows)


Detected protocols:
	YouTubeUpload        packets: 20            bytes: 7020          flows: 1            


Protocol statistics:
	Fun                  packets: 20            bytes: 7020          flows: 1            
