
-----------------------------------------------------------
* NOTE: This is demo app to show *some* nDPI features.
* In this demo we have implemented only some basic features
* just to show you what you can do with the library. Feel 
* free to extend it and send us the patches for inclusion
------------------------------------------------------------

Using nDPI (4.13.0-5225-2e7b75a) [1 thread(s)]
Using libgcrypt version 1.8.6internal
Reading packets from pcap file ./tests/cfgs/default/pcap/tencent_games.pcap...
Running thread 0...

nDPI Memory statistics:
	nDPI Memory (once):      42.82 KB     
	Flow Memory (per flow):  1.15 KB      
	Actual Memory:           11.08 MB     
	Peak Memory:             11.08 MB     
	Setup Time:              18 msec
	Packet Processing Time:  0 msec

Traffic statistics:
	Ethernet bytes:        6386          (includes ethernet CRC/IFC/trailer)
	Discarded bytes:       0            
	IP packets:            32            of 32 packets total
	IP bytes:              5618          (avg pkt size 175 bytes)
	Unique flows:          4            
	TCP Packets:           32           
	UDP Packets:           0            
	VLAN Packets:          0            
	MPLS Packets:          0            
	PPPoE Packets:         0            
	Fragmented Packets:    0            
	Max Packet size:       2352         
	Packet Len < 64:       22           
	Packet Len 64-128:     2            
	Packet Len 128-256:    4            
	Packet Len 256-1024:   3            
	Packet Len 1024-1500:  0            
	Packet Len > 1500:     1            
	nDPI throughput:       69.57 K pps / 105.92 Mb/sec
	Analysis begin:        06/Feb/2024 22:27:08
	Analysis end:          20/Mar/2024 20:23:14
	Traffic throughput:    0.00 pps / 0 b/sec
	Traffic duration:      3707766.000 sec
	DPI Packets (TCP):     16            (4.00 pkts/flow)
	Confidence: DPI        4             (flows)


Detected protocols:
	TencentGames         packets: 32            bytes: 5618          flows: 4            


Protocol statistics:
	Fun                  packets: 32            bytes: 5618          flows: 4            
