
-----------------------------------------------------------
* NOTE: This is demo app to show *some* nDPI features.
* In this demo we have implemented only some basic features
* just to show you what you can do with the library. Feel 
* free to extend it and send us the patches for inclusion
------------------------------------------------------------

Using nDPI (4.13.0-5225-2e7b75a) [1 thread(s)]
Using libgcrypt version 1.8.6internal
Reading packets from pcap file ./tests/cfgs/default/pcap/rdp.pcap...
Running thread 0...

nDPI Memory statistics:
	nDPI Memory (once):      42.82 KB     
	Flow Memory (per flow):  1.15 KB      
	Actual Memory:           11.05 MB     
	Peak Memory:             11.05 MB     
	Setup Time:              21 msec
	Packet Processing Time:  0 msec

Traffic statistics:
	Ethernet bytes:        4138          (includes ethernet CRC/IFC/trailer)
	Discarded bytes:       0            
	IP packets:            20            of 20 packets total
	IP bytes:              3658          (avg pkt size 182 bytes)
	Unique flows:          1            
	TCP Packets:           20           
	UDP Packets:           0            
	VLAN Packets:          0            
	MPLS Packets:          0            
	PPPoE Packets:         0            
	Fragmented Packets:    0            
	Max Packet size:       1199         
	Packet Len < 64:       11           
	Packet Len 64-128:     4            
	Packet Len 128-256:    2            
	Packet Len 256-1024:   2            
	Packet Len 1024-1500:  1            
	Packet Len > 1500:     0            
	nDPI throughput:       75.47 K pps / 119.13 Mb/sec
	Analysis begin:        30/May/2019 14:41:05
	Analysis end:          30/May/2019 14:41:05
	Traffic throughput:    53.90 pps / 87.12 Kb/sec
	Traffic duration:      0.371 sec
	DPI Packets (TCP):     4             (4.00 pkts/flow)
	Confidence: DPI        1             (flows)


Detected protocols:
	RDP                  packets: 20            bytes: 3658          flows: 1            


Protocol statistics:
	Acceptable           packets: 20            bytes: 3658          flows: 1            

Risk stats [found 1 (100.0 %) flows with risks]:
	Desktop/File Sharing                         1 [100.0 %]

	NOTE: as one flow can have multiple risks set, the sum of the
	      last column can exceed the number of flows with risks.


