
-----------------------------------------------------------
* NOTE: This is demo app to show *some* nDPI features.
* In this demo we have implemented only some basic features
* just to show you what you can do with the library. Feel 
* free to extend it and send us the patches for inclusion
------------------------------------------------------------

Using nDPI (4.13.0-5225-2e7b75a) [1 thread(s)]
Using libgcrypt version 1.8.6internal
Reading packets from pcap file ./tests/cfgs/default/pcap/doh.pcapng...
Running thread 0...

nDPI Memory statistics:
	nDPI Memory (once):      42.82 KB     
	Flow Memory (per flow):  1.15 KB      
	Actual Memory:           11.07 MB     
	Peak Memory:             11.07 MB     
	Setup Time:              17 msec
	Packet Processing Time:  0 msec

Traffic statistics:
	Ethernet bytes:        17472         (includes ethernet CRC/IFC/trailer)
	Discarded bytes:       0            
	IP packets:            120           of 120 packets total
	IP bytes:              14592         (avg pkt size 121 bytes)
	Unique flows:          1            
	TCP Packets:           120          
	UDP Packets:           0            
	VLAN Packets:          0            
	MPLS Packets:          0            
	PPPoE Packets:         0            
	Fragmented Packets:    0            
	Max Packet size:       1480         
	Packet Len < 64:       89           
	Packet Len 64-128:     16           
	Packet Len 128-256:    9            
	Packet Len 256-1024:   4            
	Packet Len 1024-1500:  2            
	Packet Len > 1500:     0            
	nDPI throughput:       285.04 K pps / 316.63 Mb/sec
	Analysis begin:        09/Jun/2021 12:10:47
	Analysis end:          09/Jun/2021 12:12:50
	Traffic throughput:    0.98 pps / 1.11 Kb/sec
	Traffic duration:      122.788 sec
	DPI Packets (TCP):     6             (6.00 pkts/flow)
	Confidence: DPI        1             (flows)


Detected protocols:
	TLS                  packets: 120           bytes: 14592         flows: 1            


Protocol statistics:
	Safe                 packets: 120           bytes: 14592         flows: 1            

Risk stats [found 1 (100.0 %) flows with risks]:
	Missing SNI TLS Extn                         1 [50.0 %]
	ALPN/SNI Mismatch                            1 [50.0 %]

	NOTE: as one flow can have multiple risks set, the sum of the
	      last column can exceed the number of flows with risks.


