
-----------------------------------------------------------
* NOTE: This is demo app to show *some* nDPI features.
* In this demo we have implemented only some basic features
* just to show you what you can do with the library. Feel 
* free to extend it and send us the patches for inclusion
------------------------------------------------------------

Using nDPI (4.13.0-5225-2e7b75a) [1 thread(s)]
Using libgcrypt version 1.8.6internal
Reading packets from pcap file ./tests/cfgs/default/pcap/diameter.pcap...
Running thread 0...

nDPI Memory statistics:
	nDPI Memory (once):      42.82 KB     
	Flow Memory (per flow):  1.15 KB      
	Actual Memory:           11.05 MB     
	Peak Memory:             11.05 MB     
	Setup Time:              21 msec
	Packet Processing Time:  0 msec

Traffic statistics:
	Ethernet bytes:        2124          (includes ethernet CRC/IFC/trailer)
	Discarded bytes:       0            
	IP packets:            6             of 6 packets total
	IP bytes:              1980          (avg pkt size 330 bytes)
	Unique flows:          1            
	TCP Packets:           6            
	UDP Packets:           0            
	VLAN Packets:          0            
	MPLS Packets:          0            
	PPPoE Packets:         0            
	Fragmented Packets:    0            
	Max Packet size:       380          
	Packet Len < 64:       0            
	Packet Len 64-128:     0            
	Packet Len 128-256:    1            
	Packet Len 256-1024:   5            
	Packet Len 1024-1500:  0            
	Packet Len > 1500:     0            
	nDPI throughput:       20.62 K pps / 55.69 Mb/sec
	Analysis begin:        12/Jan/2010 12:17:58
	Analysis end:          12/Jan/2010 12:17:58
	Traffic throughput:    69.75 pps / 192.91 Kb/sec
	Traffic duration:      0.086 sec
	DPI Packets (TCP):     1             (1.00 pkts/flow)
	Confidence: DPI        1             (flows)


Detected protocols:
	Diameter             packets: 6             bytes: 1980          flows: 1            


Protocol statistics:
	Acceptable           packets: 6             bytes: 1980          flows: 1            
