
-----------------------------------------------------------
* NOTE: This is demo app to show *some* nDPI features.
* In this demo we have implemented only some basic features
* just to show you what you can do with the library. Feel 
* free to extend it and send us the patches for inclusion
------------------------------------------------------------

Using nDPI (4.13.0-5225-2e7b75a) [1 thread(s)]
Using libgcrypt version 1.8.6internal
Reading packets from pcap file ./tests/cfgs/default/pcap/roblox.pcapng...
Running thread 0...

nDPI Memory statistics:
	nDPI Memory (once):      42.82 KB     
	Flow Memory (per flow):  1.15 KB      
	Actual Memory:           11.10 MB     
	Peak Memory:             11.10 MB     
	Setup Time:              19 msec
	Packet Processing Time:  0 msec

Traffic statistics:
	Ethernet bytes:        35781         (includes ethernet CRC/IFC/trailer)
	Discarded bytes:       0            
	IP packets:            78            of 78 packets total
	IP bytes:              33909         (avg pkt size 434 bytes)
	Unique flows:          4            
	TCP Packets:           34           
	UDP Packets:           44           
	VLAN Packets:          0            
	MPLS Packets:          0            
	PPPoE Packets:         0            
	Fragmented Packets:    0            
	Max Packet size:       1480         
	Packet Len < 64:       29           
	Packet Len 64-128:     18           
	Packet Len 128-256:    5            
	Packet Len 256-1024:   8            
	Packet Len 1024-1500:  18           
	Packet Len > 1500:     0            
	nDPI throughput:       176.07 K pps / 616.22 Mb/sec
	Analysis begin:        09/Jun/2023 18:41:23
	Analysis end:          09/Jun/2023 23:27:50
	Traffic throughput:    0.00 pps / 16 b/sec
	Traffic duration:      17186.480 sec
	DPI Packets (TCP):     5             (5.00 pkts/flow)
	DPI Packets (UDP):     3             (1.00 pkts/flow)
	Confidence: DPI        4             (flows)


Detected protocols:
	RakNet               packets: 44            bytes: 21907         flows: 3            
	Roblox               packets: 34            bytes: 12002         flows: 1            


Protocol statistics:
	Fun                  packets: 78            bytes: 33909         flows: 4            
