
-----------------------------------------------------------
* NOTE: This is demo app to show *some* nDPI features.
* In this demo we have implemented only some basic features
* just to show you what you can do with the library. Feel 
* free to extend it and send us the patches for inclusion
------------------------------------------------------------

Using nDPI (4.13.0-5225-2e7b75a) [1 thread(s)]
Using libgcrypt version 1.8.6internal
Reading packets from pcap file ./tests/cfgs/default/pcap/nexon.pcapng...
Running thread 0...

nDPI Memory statistics:
	nDPI Memory (once):      42.82 KB     
	Flow Memory (per flow):  1.15 KB      
	Actual Memory:           11.07 MB     
	Peak Memory:             11.07 MB     
	Setup Time:              20 msec
	Packet Processing Time:  0 msec

Traffic statistics:
	Ethernet bytes:        16812         (includes ethernet CRC/IFC/trailer)
	Discarded bytes:       0            
	IP packets:            128           of 128 packets total
	IP bytes:              13740         (avg pkt size 107 bytes)
	Unique flows:          2            
	TCP Packets:           128          
	UDP Packets:           0            
	VLAN Packets:          0            
	MPLS Packets:          0            
	PPPoE Packets:         0            
	Fragmented Packets:    0            
	Max Packet size:       857          
	Packet Len < 64:       80           
	Packet Len 64-128:     33           
	Packet Len 128-256:    12           
	Packet Len 256-1024:   3            
	Packet Len 1024-1500:  0            
	Packet Len > 1500:     0            
	nDPI throughput:       265.01 K pps / 265.56 Mb/sec
	Analysis begin:        19/Mar/2025 18:41:46
	Analysis end:          19/Mar/2025 18:45:06
	Traffic throughput:    0.64 pps / 672 b/sec
	Traffic duration:      199.968 sec
	DPI Packets (TCP):     8             (4.00 pkts/flow)
	Confidence: DPI        2             (flows)


Detected protocols:
	Nexon                packets: 128           bytes: 13740         flows: 2            


Protocol statistics:
	Fun                  packets: 128           bytes: 13740         flows: 2            
