
-----------------------------------------------------------
* NOTE: This is demo app to show *some* nDPI features.
* In this demo we have implemented only some basic features
* just to show you what you can do with the library. Feel 
* free to extend it and send us the patches for inclusion
------------------------------------------------------------

Using nDPI (4.13.0-5225-2e7b75a) [1 thread(s)]
Using libgcrypt version 1.8.6internal
Reading packets from pcap file ./tests/cfgs/default/pcap/quic-28.pcap...
Running thread 0...

nDPI Memory statistics:
	nDPI Memory (once):      42.82 KB     
	Flow Memory (per flow):  1.15 KB      
	Actual Memory:           11.29 MB     
	Peak Memory:             11.29 MB     
	Setup Time:              21 msec
	Packet Processing Time:  0 msec

Traffic statistics:
	Ethernet bytes:        252865        (includes ethernet CRC/IFC/trailer)
	Discarded bytes:       0            
	IP packets:            253           of 253 packets total
	IP bytes:              246793        (avg pkt size 975 bytes)
	Unique flows:          1            
	TCP Packets:           0            
	UDP Packets:           253          
	VLAN Packets:          0            
	MPLS Packets:          0            
	PPPoE Packets:         0            
	Fragmented Packets:    0            
	Max Packet size:       1208         
	Packet Len < 64:       37           
	Packet Len 64-128:     12           
	Packet Len 128-256:    5            
	Packet Len 256-1024:   9            
	Packet Len 1024-1500:  190          
	Packet Len > 1500:     0            
	nDPI throughput:       318.24 K pps / 2.37 Gb/sec
	Analysis begin:        04/Jun/2020 16:14:34
	Analysis end:          04/Jun/2020 16:14:37
	Traffic throughput:    91.82 pps / 716.99 Kb/sec
	Traffic duration:      2.755 sec
	DPI Packets (UDP):     1             (1.00 pkts/flow)
	Confidence: DPI        1             (flows)


Detected protocols:
	QUIC                 packets: 253           bytes: 246793        flows: 1            


Protocol statistics:
	Acceptable           packets: 253           bytes: 246793        flows: 1            
