
-----------------------------------------------------------
* NOTE: This is demo app to show *some* nDPI features.
* In this demo we have implemented only some basic features
* just to show you what you can do with the library. Feel 
* free to extend it and send us the patches for inclusion
------------------------------------------------------------

Using nDPI (4.13.0-5225-2e7b75a) [1 thread(s)]
Using libgcrypt version 1.8.6internal
Reading packets from pcap file ./tests/cfgs/default/pcap/tailscale.pcap...
Running thread 0...

nDPI Memory statistics:
	nDPI Memory (once):      42.82 KB     
	Flow Memory (per flow):  1.15 KB      
	Actual Memory:           11.06 MB     
	Peak Memory:             11.06 MB     
	Setup Time:              18 msec
	Packet Processing Time:  0 msec

Traffic statistics:
	Ethernet bytes:        19084         (includes ethernet CRC/IFC/trailer)
	Discarded bytes:       0            
	IP packets:            107           of 107 packets total
	IP bytes:              16516         (avg pkt size 154 bytes)
	Unique flows:          1            
	TCP Packets:           0            
	UDP Packets:           107          
	VLAN Packets:          0            
	MPLS Packets:          0            
	PPPoE Packets:         0            
	Fragmented Packets:    0            
	Max Packet size:       136          
	Packet Len < 64:       0            
	Packet Len 64-128:     61           
	Packet Len 128-256:    46           
	Packet Len 256-1024:   0            
	Packet Len 1024-1500:  0            
	Packet Len > 1500:     0            
	nDPI throughput:       338.61 K pps / 460.76 Mb/sec
	Analysis begin:        10/Jun/2021 18:11:41
	Analysis end:          10/Jun/2021 18:12:13
	Traffic throughput:    3.36 pps / 4.68 Kb/sec
	Traffic duration:      31.883 sec
	DPI Packets (UDP):     1             (1.00 pkts/flow)
	Confidence: DPI        1             (flows)


Detected protocols:
	Tailscale            packets: 107           bytes: 16516         flows: 1            


Protocol statistics:
	Acceptable           packets: 107           bytes: 16516         flows: 1            
