
-----------------------------------------------------------
* NOTE: This is demo app to show *some* nDPI features.
* In this demo we have implemented only some basic features
* just to show you what you can do with the library. Feel 
* free to extend it and send us the patches for inclusion
------------------------------------------------------------

Using nDPI (4.13.0-5225-2e7b75a) [1 thread(s)]
Using libgcrypt version 1.8.6internal
Reading packets from pcap file ./tests/cfgs/default/pcap/oicq.pcap...
Running thread 0...

nDPI Memory statistics:
	nDPI Memory (once):      42.82 KB     
	Flow Memory (per flow):  1.15 KB      
	Actual Memory:           11.21 MB     
	Peak Memory:             11.21 MB     
	Setup Time:              17 msec
	Packet Processing Time:  0 msec

Traffic statistics:
	Ethernet bytes:        3238          (includes ethernet CRC/IFC/trailer)
	Discarded bytes:       0            
	IP packets:            29            of 29 packets total
	IP bytes:              2542          (avg pkt size 87 bytes)
	Unique flows:          29           
	TCP Packets:           0            
	UDP Packets:           29           
	VLAN Packets:          0            
	MPLS Packets:          0            
	PPPoE Packets:         0            
	Fragmented Packets:    0            
	Max Packet size:       60           
	Packet Len < 64:       29           
	Packet Len 64-128:     0            
	Packet Len 128-256:    0            
	Packet Len 256-1024:   0            
	Packet Len 1024-1500:  0            
	Packet Len > 1500:     0            
	nDPI throughput:       50.35 K pps / 42.89 Mb/sec
	Analysis begin:        31/Mar/2023 18:46:53
	Analysis end:          31/Mar/2023 21:56:02
	Traffic throughput:    0.00 pps / 2 b/sec
	Traffic duration:      11349.353 sec
	DPI Packets (UDP):     29            (1.00 pkts/flow)
	Confidence: DPI        29            (flows)


Detected protocols:
	OICQ                 packets: 29            bytes: 2542          flows: 29           


Protocol statistics:
	Acceptable           packets: 29            bytes: 2542          flows: 29           

Risk stats [found 29 (100.0 %) flows with risks]:
	Unidirectional Traffic                      29 [100.0 %]

	NOTE: as one flow can have multiple risks set, the sum of the
	      last column can exceed the number of flows with risks.


