
-----------------------------------------------------------
* NOTE: This is demo app to show *some* nDPI features.
* In this demo we have implemented only some basic features
* just to show you what you can do with the library. Feel 
* free to extend it and send us the patches for inclusion
------------------------------------------------------------

Using nDPI (4.13.0-5225-2e7b75a) [1 thread(s)]
Using libgcrypt version 1.8.6internal
Reading packets from pcap file ./tests/cfgs/default/pcap/ossfuzz_seed_fake_traces_2.pcapng...
Running thread 0...

nDPI Memory statistics:
	nDPI Memory (once):      42.82 KB     
	Flow Memory (per flow):  1.15 KB      
	Actual Memory:           11.13 MB     
	Peak Memory:             11.13 MB     
	Setup Time:              19 msec
	Packet Processing Time:  0 msec

Traffic statistics:
	Ethernet bytes:        37578         (includes ethernet CRC/IFC/trailer)
	Discarded bytes:       0            
	IP packets:            101           of 101 packets total
	IP bytes:              35154         (avg pkt size 348 bytes)
	Unique flows:          8            
	TCP Packets:           97           
	UDP Packets:           4            
	VLAN Packets:          0            
	MPLS Packets:          0            
	PPPoE Packets:         0            
	Fragmented Packets:    0            
	Max Packet size:       1480         
	Packet Len < 64:       60           
	Packet Len 64-128:     10           
	Packet Len 128-256:    7            
	Packet Len 256-1024:   4            
	Packet Len 1024-1500:  20           
	Packet Len > 1500:     0            
	nDPI throughput:       192.02 K pps / 545.05 Mb/sec
	Analysis begin:        01/Jan/1970 05:35:30
	Analysis end:          08/Feb/2024 19:06:36
	Traffic throughput:    0.00 pps / 0 b/sec
	Traffic duration:      1707399040.000 sec
	Guessed flow protos:   1            
	DPI Packets (TCP):     38            (6.33 pkts/flow)
	DPI Packets (UDP):     4             (2.00 pkts/flow)
	Confidence: Match by port 1             (flows)
	Confidence: DPI        7             (flows)


Detected protocols:
	PostgreSQL           packets: 10            bytes: 689           flows: 1            
	Usenet               packets: 12            bytes: 1099          flows: 2            
	TruPhone             packets: 16            bytes: 1326          flows: 2            
	TeamViewer           packets: 59            bytes: 31448         flows: 1            
	WireGuard            packets: 4             bytes: 592           flows: 2            


Protocol statistics:
	Acceptable           packets: 101           bytes: 35154         flows: 8            

Risk stats [found 1 (12.5 %) flows with risks]:
	Known Proto on Non Std Port                  1 [100.0 %]

	NOTE: as one flow can have multiple risks set, the sum of the
	      last column can exceed the number of flows with risks.


