
-----------------------------------------------------------
* NOTE: This is demo app to show *some* nDPI features.
* In this demo we have implemented only some basic features
* just to show you what you can do with the library. Feel 
* free to extend it and send us the patches for inclusion
------------------------------------------------------------

Using nDPI (4.13.0-5225-2e7b75a) [1 thread(s)]
Using libgcrypt version 1.8.6internal
Reading packets from pcap file ./tests/cfgs/default/pcap/hislip.pcap...
Running thread 0...

nDPI Memory statistics:
	nDPI Memory (once):      42.82 KB     
	Flow Memory (per flow):  1.15 KB      
	Actual Memory:           11.08 MB     
	Peak Memory:             11.08 MB     
	Setup Time:              17 msec
	Packet Processing Time:  0 msec

Traffic statistics:
	Ethernet bytes:        16620         (includes ethernet CRC/IFC/trailer)
	Discarded bytes:       0            
	IP packets:            184           of 184 packets total
	IP bytes:              12204         (avg pkt size 66 bytes)
	Unique flows:          4            
	TCP Packets:           184          
	UDP Packets:           0            
	VLAN Packets:          0            
	MPLS Packets:          0            
	PPPoE Packets:         0            
	Fragmented Packets:    0            
	Max Packet size:       83           
	Packet Len < 64:       181          
	Packet Len 64-128:     3            
	Packet Len 128-256:    0            
	Packet Len 256-1024:   0            
	Packet Len 1024-1500:  0            
	Packet Len > 1500:     0            
	nDPI throughput:       587.86 K pps / 405.11 Mb/sec
	Analysis begin:        19/Mar/2014 18:46:32
	Analysis end:          19/Mar/2014 18:50:39
	Traffic throughput:    0.75 pps / 538 b/sec
	Traffic duration:      246.862 sec
	DPI Packets (TCP):     16            (4.00 pkts/flow)
	Confidence: DPI        4             (flows)


Detected protocols:
	HiSLIP               packets: 184           bytes: 12204         flows: 4            


Protocol statistics:
	Acceptable           packets: 184           bytes: 12204         flows: 4            
