
-----------------------------------------------------------
* NOTE: This is demo app to show *some* nDPI features.
* In this demo we have implemented only some basic features
* just to show you what you can do with the library. Feel 
* free to extend it and send us the patches for inclusion
------------------------------------------------------------

Using nDPI (4.13.0-5225-2e7b75a) [1 thread(s)]
Using libgcrypt version 1.8.6internal
Reading packets from pcap file ./tests/cfgs/default/pcap/monero.pcap...
Running thread 0...

nDPI Memory statistics:
	nDPI Memory (once):      42.82 KB     
	Flow Memory (per flow):  1.15 KB      
	Actual Memory:           11.13 MB     
	Peak Memory:             11.13 MB     
	Setup Time:              18 msec
	Packet Processing Time:  0 msec

Traffic statistics:
	Ethernet bytes:        62716         (includes ethernet CRC/IFC/trailer)
	Discarded bytes:       0            
	IP packets:            60            of 60 packets total
	IP bytes:              61276         (avg pkt size 1021 bytes)
	Unique flows:          4            
	TCP Packets:           60           
	UDP Packets:           0            
	VLAN Packets:          0            
	MPLS Packets:          0            
	PPPoE Packets:         0            
	Fragmented Packets:    0            
	Max Packet size:       7280         
	Packet Len < 64:       33           
	Packet Len 64-128:     0            
	Packet Len 128-256:    0            
	Packet Len 256-1024:   4            
	Packet Len 1024-1500:  11           
	Packet Len > 1500:     12           
	nDPI throughput:       130.72 K pps / 1.02 Gb/sec
	Analysis begin:        27/Nov/2023 22:38:15
	Analysis end:          27/Nov/2023 22:39:01
	Traffic throughput:    1.30 pps / 10.64 Kb/sec
	Traffic duration:      46.046 sec
	DPI Packets (TCP):     16            (4.00 pkts/flow)
	Confidence: DPI        4             (flows)


Detected protocols:
	Monero               packets: 60            bytes: 61276         flows: 4            


Protocol statistics:
	Acceptable           packets: 60            bytes: 61276         flows: 4            
