
-----------------------------------------------------------
* NOTE: This is demo app to show *some* nDPI features.
* In this demo we have implemented only some basic features
* just to show you what you can do with the library. Feel 
* free to extend it and send us the patches for inclusion
------------------------------------------------------------

Using nDPI (4.13.0-5225-2e7b75a) [1 thread(s)]
Using libgcrypt version 1.8.6internal
Reading packets from pcap file ./tests/cfgs/default/pcap/raft.pcap...
Running thread 0...

nDPI Memory statistics:
	nDPI Memory (once):      42.82 KB     
	Flow Memory (per flow):  1.15 KB      
	Actual Memory:           11.06 MB     
	Peak Memory:             11.06 MB     
	Setup Time:              20 msec
	Packet Processing Time:  0 msec

Traffic statistics:
	Ethernet bytes:        7040          (includes ethernet CRC/IFC/trailer)
	Discarded bytes:       0            
	IP packets:            64            of 64 packets total
	IP bytes:              5504          (avg pkt size 86 bytes)
	Unique flows:          2            
	TCP Packets:           64           
	UDP Packets:           0            
	VLAN Packets:          0            
	MPLS Packets:          0            
	PPPoE Packets:         0            
	Fragmented Packets:    0            
	Max Packet size:       180          
	Packet Len < 64:       38           
	Packet Len 64-128:     23           
	Packet Len 128-256:    3            
	Packet Len 256-1024:   0            
	Packet Len 1024-1500:  0            
	Packet Len > 1500:     0            
	nDPI throughput:       121.44 K pps / 101.92 Mb/sec
	Analysis begin:        23/Jan/2024 13:46:49
	Analysis end:          23/Jan/2024 13:46:50
	Traffic throughput:    56.66 pps / 48.69 Kb/sec
	Traffic duration:      1.130 sec
	DPI Packets (TCP):     12            (6.00 pkts/flow)
	Confidence: DPI        2             (flows)


Detected protocols:
	Raft                 packets: 64            bytes: 5504          flows: 2            


Protocol statistics:
	Acceptable           packets: 64            bytes: 5504          flows: 2            
