
-----------------------------------------------------------
* NOTE: This is demo app to show *some* nDPI features.
* In this demo we have implemented only some basic features
* just to show you what you can do with the library. Feel 
* free to extend it and send us the patches for inclusion
------------------------------------------------------------

Using nDPI (4.13.0-5225-2e7b75a) [1 thread(s)]
Using libgcrypt version 1.8.6internal
Reading packets from pcap file ./tests/cfgs/default/pcap/syslog.pcap...
Running thread 0...

nDPI Memory statistics:
	nDPI Memory (once):      42.82 KB     
	Flow Memory (per flow):  1.15 KB      
	Actual Memory:           11.19 MB     
	Peak Memory:             11.19 MB     
	Setup Time:              21 msec
	Packet Processing Time:  0 msec

Traffic statistics:
	Ethernet bytes:        22655         (includes ethernet CRC/IFC/trailer)
	Discarded bytes:       0            
	IP packets:            94            of 94 packets total
	IP bytes:              20399         (avg pkt size 217 bytes)
	Unique flows:          22           
	TCP Packets:           11           
	UDP Packets:           83           
	VLAN Packets:          24           
	MPLS Packets:          0            
	PPPoE Packets:         6            
	Fragmented Packets:    0            
	Max Packet size:       1278         
	Packet Len < 64:       10           
	Packet Len 64-128:     41           
	Packet Len 128-256:    28           
	Packet Len 256-1024:   14           
	Packet Len 1024-1500:  1            
	Packet Len > 1500:     0            
	nDPI throughput:       175.70 K pps / 323.07 Mb/sec
	Analysis begin:        01/Jan/1970 05:31:48
	Analysis end:          09/Mar/2022 04:44:28
	Traffic throughput:    0.00 pps / 0 b/sec
	Traffic duration:      1646781184.000 sec
	DPI Packets (TCP):     10            (5.00 pkts/flow)
	DPI Packets (UDP):     20            (1.00 pkts/flow)
	Confidence: Unknown    1             (flows)
	Confidence: DPI        21            (flows)


Detected protocols:
	Unknown              packets: 1             bytes: 78            flows: 1            
	Syslog               packets: 93            bytes: 20321         flows: 21           


Protocol statistics:
	Acceptable           packets: 93            bytes: 20321         flows: 21           
	Unrated              packets: 1             bytes: 78            flows: 1            

Risk stats [found 2 (9.1 %) flows with risks]:
	Known Proto on Non Std Port                  1 [33.3 %]
	Unidirectional Traffic                       2 [66.7 %]

	NOTE: as one flow can have multiple risks set, the sum of the
	      last column can exceed the number of flows with risks.


