
-----------------------------------------------------------
* NOTE: This is demo app to show *some* nDPI features.
* In this demo we have implemented only some basic features
* just to show you what you can do with the library. Feel 
* free to extend it and send us the patches for inclusion
------------------------------------------------------------

Using nDPI (4.13.0-5225-2e7b75a) [1 thread(s)]
Using libgcrypt version 1.8.6internal
Reading packets from pcap file ./tests/cfgs/default/pcap/elasticsearch.pcap...
Running thread 0...

nDPI Memory statistics:
	nDPI Memory (once):      42.82 KB     
	Flow Memory (per flow):  1.15 KB      
	Actual Memory:           11.11 MB     
	Peak Memory:             11.11 MB     
	Setup Time:              19 msec
	Packet Processing Time:  0 msec

Traffic statistics:
	Ethernet bytes:        13867         (includes ethernet CRC/IFC/trailer)
	Discarded bytes:       0            
	IP packets:            47            of 47 packets total
	IP bytes:              12739         (avg pkt size 271 bytes)
	Unique flows:          7            
	TCP Packets:           47           
	UDP Packets:           0            
	VLAN Packets:          0            
	MPLS Packets:          0            
	PPPoE Packets:         0            
	Fragmented Packets:    0            
	Max Packet size:       1790         
	Packet Len < 64:       23           
	Packet Len 64-128:     1            
	Packet Len 128-256:    3            
	Packet Len 256-1024:   19           
	Packet Len 1024-1500:  0            
	Packet Len > 1500:     1            
	nDPI throughput:       74.48 K pps / 167.67 Mb/sec
	Analysis begin:        20/Oct/2022 14:59:56
	Analysis end:          20/Oct/2022 15:16:13
	Traffic throughput:    0.05 pps / 113 b/sec
	Traffic duration:      977.847 sec
	DPI Packets (TCP):     16            (2.29 pkts/flow)
	Confidence: DPI        7             (flows)


Detected protocols:
	Elasticsearch        packets: 47            bytes: 12739         flows: 7            


Protocol statistics:
	Acceptable           packets: 47            bytes: 12739         flows: 7            

Risk stats [found 4 (57.1 %) flows with risks]:
	Unidirectional Traffic                       4 [100.0 %]

	NOTE: as one flow can have multiple risks set, the sum of the
	      last column can exceed the number of flows with risks.


