
-----------------------------------------------------------
* NOTE: This is demo app to show *some* nDPI features.
* In this demo we have implemented only some basic features
* just to show you what you can do with the library. Feel 
* free to extend it and send us the patches for inclusion
------------------------------------------------------------

Using nDPI (4.13.0-5225-2e7b75a) [1 thread(s)]
Using libgcrypt version 1.8.6internal
Reading packets from pcap file ./tests/cfgs/default/pcap/http2.pcapng...
Running thread 0...

nDPI Memory statistics:
	nDPI Memory (once):      42.82 KB     
	Flow Memory (per flow):  1.15 KB      
	Actual Memory:           11.05 MB     
	Peak Memory:             11.05 MB     
	Setup Time:              21 msec
	Packet Processing Time:  0 msec

Traffic statistics:
	Ethernet bytes:        1511          (includes ethernet CRC/IFC/trailer)
	Discarded bytes:       0            
	IP packets:            10            of 10 packets total
	IP bytes:              1271          (avg pkt size 127 bytes)
	Unique flows:          1            
	TCP Packets:           10           
	UDP Packets:           0            
	VLAN Packets:          0            
	MPLS Packets:          0            
	PPPoE Packets:         0            
	Fragmented Packets:    0            
	Max Packet size:       176          
	Packet Len < 64:       4            
	Packet Len 64-128:     4            
	Packet Len 128-256:    2            
	Packet Len 256-1024:   0            
	Packet Len 1024-1500:  0            
	Packet Len > 1500:     0            
	nDPI throughput:       36.90 K pps / 42.54 Mb/sec
	Analysis begin:        11/Jun/2020 13:47:40
	Analysis end:          11/Jun/2020 13:47:40
	Traffic throughput:    2.99 K pps / 3.44 Mb/sec
	Traffic duration:      0.003 sec
	DPI Packets (TCP):     1             (1.00 pkts/flow)
	Confidence: DPI        1             (flows)


Detected protocols:
	HTTP2                packets: 10            bytes: 1271          flows: 1            


Protocol statistics:
	Safe                 packets: 10            bytes: 1271          flows: 1            
