
-----------------------------------------------------------
* NOTE: This is demo app to show *some* nDPI features.
* In this demo we have implemented only some basic features
* just to show you what you can do with the library. Feel 
* free to extend it and send us the patches for inclusion
------------------------------------------------------------

Using nDPI (4.13.0-5225-2e7b75a) [1 thread(s)]
Using libgcrypt version 1.8.6internal
Reading packets from pcap file ./tests/cfgs/default/pcap/discord_mid_flow.pcap...
Running thread 0...

nDPI Memory statistics:
	nDPI Memory (once):      42.82 KB     
	Flow Memory (per flow):  1.15 KB      
	Actual Memory:           11.05 MB     
	Peak Memory:             11.05 MB     
	Setup Time:              18 msec
	Packet Processing Time:  0 msec

Traffic statistics:
	Ethernet bytes:        5000          (includes ethernet CRC/IFC/trailer)
	Discarded bytes:       0            
	IP packets:            40            of 40 packets total
	IP bytes:              4040          (avg pkt size 101 bytes)
	Unique flows:          1            
	TCP Packets:           0            
	UDP Packets:           40           
	VLAN Packets:          40           
	MPLS Packets:          0            
	PPPoE Packets:         40           
	Fragmented Packets:    0            
	Max Packet size:       68           
	Packet Len < 64:       35           
	Packet Len 64-128:     5            
	Packet Len 128-256:    0            
	Packet Len 256-1024:   0            
	Packet Len 1024-1500:  0            
	Packet Len > 1500:     0            
	nDPI throughput:       113.31 K pps / 108.07 Mb/sec
	Analysis begin:        11/Jan/2023 19:18:22
	Analysis end:          11/Jan/2023 19:18:46
	Traffic throughput:    1.67 pps / 1.63 Kb/sec
	Traffic duration:      24.000 sec
	DPI Packets (UDP):     3             (3.00 pkts/flow)
	Confidence: DPI        1             (flows)


Detected protocols:
	Discord              packets: 40            bytes: 4040          flows: 1            


Protocol statistics:
	Fun                  packets: 40            bytes: 4040          flows: 1            
