
-----------------------------------------------------------
* NOTE: This is demo app to show *some* nDPI features.
* In this demo we have implemented only some basic features
* just to show you what you can do with the library. Feel 
* free to extend it and send us the patches for inclusion
------------------------------------------------------------

Using nDPI (4.13.0-5225-2e7b75a) [1 thread(s)]
Using libgcrypt version 1.8.6internal
Reading packets from pcap file ./tests/cfgs/default/pcap/BGP_redist.pcap...
Running thread 0...

nDPI Memory statistics:
	nDPI Memory (once):      42.82 KB     
	Flow Memory (per flow):  1.15 KB      
	Actual Memory:           11.05 MB     
	Peak Memory:             11.05 MB     
	Setup Time:              20 msec
	Packet Processing Time:  0 msec

Traffic statistics:
	Ethernet bytes:        370           (includes ethernet CRC/IFC/trailer)
	Discarded bytes:       0            
	IP packets:            2             of 2 packets total
	IP bytes:              322           (avg pkt size 161 bytes)
	Unique flows:          2            
	TCP Packets:           2            
	UDP Packets:           0            
	VLAN Packets:          0            
	MPLS Packets:          1            
	PPPoE Packets:         0            
	Fragmented Packets:    0            
	Max Packet size:       135          
	Packet Len < 64:       0            
	Packet Len 64-128:     0            
	Packet Len 128-256:    2            
	Packet Len 256-1024:   0            
	Packet Len 1024-1500:  0            
	Packet Len > 1500:     0            
	nDPI throughput:       4.65 K pps / 6.56 Mb/sec
	Analysis begin:        27/Oct/2009 15:17:16
	Analysis end:          27/Oct/2009 15:17:16
	Traffic throughput:    51.28 K pps / 72.38 Mb/sec
	Traffic duration:      0.000 sec
	DPI Packets (TCP):     2             (1.00 pkts/flow)
	Confidence: DPI        2             (flows)


Detected protocols:
	BGP                  packets: 2             bytes: 322           flows: 2            


Protocol statistics:
	Acceptable           packets: 2             bytes: 322           flows: 2            

Risk stats [found 2 (100.0 %) flows with risks]:
	Unidirectional Traffic                       2 [100.0 %]

	NOTE: as one flow can have multiple risks set, the sum of the
	      last column can exceed the number of flows with risks.


