
-----------------------------------------------------------
* NOTE: This is demo app to show *some* nDPI features.
* In this demo we have implemented only some basic features
* just to show you what you can do with the library. Feel 
* free to extend it and send us the patches for inclusion
------------------------------------------------------------

Using nDPI (4.13.0-5225-2e7b75a) [1 thread(s)]
Using libgcrypt version 1.8.6internal
Reading packets from pcap file ./tests/cfgs/default/pcap/openvpn_obfuscated.pcapng...
Running thread 0...

nDPI Memory statistics:
	nDPI Memory (once):      42.82 KB     
	Flow Memory (per flow):  1.15 KB      
	Actual Memory:           11.11 MB     
	Peak Memory:             11.11 MB     
	Setup Time:              18 msec
	Packet Processing Time:  0 msec

Traffic statistics:
	Ethernet bytes:        57537         (includes ethernet CRC/IFC/trailer)
	Discarded bytes:       0            
	IP packets:            177           of 177 packets total
	IP bytes:              53289         (avg pkt size 301 bytes)
	Unique flows:          3            
	TCP Packets:           147          
	UDP Packets:           30           
	VLAN Packets:          0            
	MPLS Packets:          0            
	PPPoE Packets:         0            
	Fragmented Packets:    0            
	Max Packet size:       1480         
	Packet Len < 64:       72           
	Packet Len 64-128:     26           
	Packet Len 128-256:    30           
	Packet Len 256-1024:   29           
	Packet Len 1024-1500:  20           
	Packet Len > 1500:     0            
	nDPI throughput:       299.49 K pps / 742.76 Mb/sec
	Analysis begin:        31/Jul/2024 17:30:37
	Analysis end:          03/Aug/2024 22:49:53
	Traffic throughput:    0.00 pps / 1 b/sec
	Traffic duration:      278356.031 sec
	Guessed flow protos:   3            
	DPI Packets (TCP):     38            (19.00 pkts/flow)
	DPI Packets (UDP):     9             (9.00 pkts/flow)
	Confidence: Match by port 2             (flows)
	Confidence: Match by IP 1             (flows)


Detected protocols:
	SMTPS                packets: 60            bytes: 17222         flows: 1            
	TLS                  packets: 87            bytes: 25469         flows: 1            
	NordVPN              packets: 30            bytes: 10598         flows: 1            


Protocol statistics:
	Safe                 packets: 147           bytes: 42691         flows: 2            
	Acceptable           packets: 30            bytes: 10598         flows: 1            

Risk stats [found 2 (66.7 %) flows with risks]:
	Susp Entropy                                 2 [100.0 %]

	NOTE: as one flow can have multiple risks set, the sum of the
	      last column can exceed the number of flows with risks.


