
-----------------------------------------------------------
* NOTE: This is demo app to show *some* nDPI features.
* In this demo we have implemented only some basic features
* just to show you what you can do with the library. Feel 
* free to extend it and send us the patches for inclusion
------------------------------------------------------------

Using nDPI (4.13.0-5225-2e7b75a) [1 thread(s)]
Using libgcrypt version 1.8.6internal
Reading packets from pcap file ./tests/cfgs/default/pcap/rsync.pcap...
Running thread 0...

nDPI Memory statistics:
	nDPI Memory (once):      42.82 KB     
	Flow Memory (per flow):  1.15 KB      
	Actual Memory:           11.05 MB     
	Peak Memory:             11.05 MB     
	Setup Time:              18 msec
	Packet Processing Time:  0 msec

Traffic statistics:
	Ethernet bytes:        3213          (includes ethernet CRC/IFC/trailer)
	Discarded bytes:       0            
	IP packets:            30            of 30 packets total
	IP bytes:              2493          (avg pkt size 83 bytes)
	Unique flows:          1            
	TCP Packets:           30           
	UDP Packets:           0            
	VLAN Packets:          0            
	MPLS Packets:          0            
	PPPoE Packets:         0            
	Fragmented Packets:    0            
	Max Packet size:       378          
	Packet Len < 64:       28           
	Packet Len 64-128:     1            
	Packet Len 128-256:    0            
	Packet Len 256-1024:   1            
	Packet Len 1024-1500:  0            
	Packet Len > 1500:     0            
	nDPI throughput:       97.72 K pps / 79.85 Mb/sec
	Analysis begin:        16/Dec/2013 03:19:34
	Analysis end:          16/Dec/2013 03:19:34
	Traffic throughput:    213.79 pps / 178.88 Kb/sec
	Traffic duration:      0.140 sec
	DPI Packets (TCP):     4             (4.00 pkts/flow)
	Confidence: DPI        1             (flows)


Detected protocols:
	RSYNC                packets: 30            bytes: 2493          flows: 1            


Protocol statistics:
	Acceptable           packets: 30            bytes: 2493          flows: 1            
