
-----------------------------------------------------------
* NOTE: This is demo app to show *some* nDPI features.
* In this demo we have implemented only some basic features
* just to show you what you can do with the library. Feel 
* free to extend it and send us the patches for inclusion
------------------------------------------------------------

Using nDPI (4.13.0-5225-2e7b75a) [1 thread(s)]
Using libgcrypt version 1.8.6internal
Reading packets from pcap file ./tests/cfgs/default/pcap/sites.pcapng...
Running thread 0...

nDPI Memory statistics:
	nDPI Memory (once):      42.82 KB     
	Flow Memory (per flow):  1.15 KB      
	Actual Memory:           12.37 MB     
	Peak Memory:             12.37 MB     
	Setup Time:              17 msec
	Packet Processing Time:  3 msec

Traffic statistics:
	Ethernet bytes:        506592        (includes ethernet CRC/IFC/trailer)
	Discarded bytes:       0            
	IP packets:            816           of 816 packets total
	IP bytes:              487008        (avg pkt size 596 bytes)
	Unique flows:          66           
	TCP Packets:           810          
	UDP Packets:           6            
	VLAN Packets:          0            
	MPLS Packets:          0            
	PPPoE Packets:         0            
	Fragmented Packets:    0            
	Max Packet size:       4400         
	Packet Len < 64:       413          
	Packet Len 64-128:     31           
	Packet Len 128-256:    23           
	Packet Len 256-1024:   124          
	Packet Len 1024-1500:  196          
	Packet Len > 1500:     29           
	nDPI throughput:       227.42 K pps / 1.05 Gb/sec
	Analysis begin:        28/Jul/2020 23:04:54
	Analysis end:          16/Apr/2025 17:42:14
	Traffic throughput:    0.00 pps / 0 b/sec
	Traffic duration:      148847840.000 sec
	Guessed flow protos:   4            
	DPI Packets (TCP):     343           (5.53 pkts/flow)
	DPI Packets (UDP):     4             (1.00 pkts/flow)
	Confidence: Match by port 4             (flows)
	Confidence: DPI        62            (flows)


Detected protocols:
	HTTP                 packets: 14            bytes: 1040          flows: 4            
	Outlook              packets: 9             bytes: 5954          flows: 1            
	Xbox                 packets: 4             bytes: 2245          flows: 1            
	TikTok               packets: 31            bytes: 10560         flows: 1            
	iQIYI                packets: 19            bytes: 7044          flows: 3            
	AdobeConnect         packets: 6             bytes: 2311          flows: 1            
	DisneyPlus           packets: 29            bytes: 9717          flows: 1            
	TLS                  packets: 24            bytes: 7824          flows: 2            
	GoogleMaps           packets: 4             bytes: 2215          flows: 1            
	Google               packets: 4             bytes: 5596          flows: 2            
	LastFM               packets: 4             bytes: 2215          flows: 1            
	Hulu                 packets: 4             bytes: 2245          flows: 1            
	FacebookMessenger    packets: 4             bytes: 877           flows: 1            
	UbuntuONE            packets: 4             bytes: 2245          flows: 1            
	Wikipedia            packets: 52            bytes: 21182         flows: 1            
	eBay                 packets: 4             bytes: 2245          flows: 1            
	CNN                  packets: 4             bytes: 2245          flows: 1            
	Telegram             packets: 22            bytes: 15615         flows: 3            
	Pandora              packets: 8             bytes: 4781          flows: 1            
	Twitch               packets: 4             bytes: 2137          flows: 1            
	IFLIX                packets: 8             bytes: 5020          flows: 1            
	Deezer               packets: 4             bytes: 2225          flows: 1            
	GoogleDrive          packets: 4             bytes: 2215          flows: 1            
	Microsoft365         packets: 8             bytes: 5391          flows: 1            
	MS_OneDrive          packets: 19            bytes: 14502         flows: 2            
	Playstation          packets: 12            bytes: 7553          flows: 2            
	Pastebin             packets: 4             bytes: 2225          flows: 1            
	LinkedIn             packets: 9             bytes: 5994          flows: 1            
	SoundCloud           packets: 4             bytes: 2225          flows: 1            
	AmazonVideo          packets: 4             bytes: 2225          flows: 1            
	Bloomberg            packets: 13            bytes: 8181          flows: 2            
	AppleSiri            packets: 4             bytes: 2245          flows: 1            
	Activision           packets: 9             bytes: 6455          flows: 1            
	Likee                packets: 112           bytes: 78845         flows: 1            
	GitLab               packets: 4             bytes: 2225          flows: 1            
	Vimeo                packets: 25            bytes: 7256          flows: 1            
	Fuze                 packets: 31            bytes: 10555         flows: 1            
	Badoo                packets: 4             bytes: 2145          flows: 1            
	AccuWeather          packets: 30            bytes: 8562          flows: 1            
	GoogleClassroom      packets: 1             bytes: 1292          flows: 1            
	ElectronicArts       packets: 16            bytes: 6539          flows: 2            
	HuaweiCloud          packets: 50            bytes: 35677         flows: 3            
	Bluesky              packets: 20            bytes: 14946         flows: 3            
	Mastodon             packets: 6             bytes: 4819          flows: 1            
	Threads              packets: 1             bytes: 1399          flows: 1            
	NordVPN              packets: 22            bytes: 10597         flows: 1            
	SurfShark            packets: 21            bytes: 12829         flows: 1            
	RUTUBE               packets: 99            bytes: 104198        flows: 1            
	Ubiquity             packets: 18            bytes: 8375          flows: 1            


Protocol statistics:
	Safe                 packets: 107           bytes: 45378         flows: 8            
	Acceptable           packets: 235           bytes: 135830        flows: 26           
	Fun                  packets: 470           bytes: 303575        flows: 31           
	Potentially Dangerous packets: 4             bytes: 2225          flows: 1            

Risk stats [found 5 (7.6 %) flows with risks]:
	Weak TLS Cipher                              1 [16.7 %]
	TLS (probably) Not Carrying HTTPS            2 [33.3 %]
	Unsafe Protocol                              1 [16.7 %]
	Unidirectional Traffic                       2 [33.3 %]

	NOTE: as one flow can have multiple risks set, the sum of the
	      last column can exceed the number of flows with risks.


