
-----------------------------------------------------------
* NOTE: This is demo app to show *some* nDPI features.
* In this demo we have implemented only some basic features
* just to show you what you can do with the library. Feel 
* free to extend it and send us the patches for inclusion
------------------------------------------------------------

Using nDPI (4.13.0-5225-2e7b75a) [1 thread(s)]
Using libgcrypt version 1.8.6internal
Reading packets from pcap file ./tests/cfgs/default/pcap/ssl-cert-name-mismatch.pcap...
Running thread 0...

nDPI Memory statistics:
	nDPI Memory (once):      42.82 KB     
	Flow Memory (per flow):  1.15 KB      
	Actual Memory:           11.06 MB     
	Peak Memory:             11.06 MB     
	Setup Time:              20 msec
	Packet Processing Time:  0 msec

Traffic statistics:
	Ethernet bytes:        5916          (includes ethernet CRC/IFC/trailer)
	Discarded bytes:       0            
	IP packets:            21            of 21 packets total
	IP bytes:              5412          (avg pkt size 257 bytes)
	Unique flows:          1            
	TCP Packets:           21           
	UDP Packets:           0            
	VLAN Packets:          0            
	MPLS Packets:          0            
	PPPoE Packets:         0            
	Fragmented Packets:    0            
	Max Packet size:       1440         
	Packet Len < 64:       14           
	Packet Len 64-128:     2            
	Packet Len 128-256:    0            
	Packet Len 256-1024:   3            
	Packet Len 1024-1500:  2            
	Packet Len > 1500:     0            
	nDPI throughput:       49.53 K pps / 106.45 Mb/sec
	Analysis begin:        10/May/2021 16:13:42
	Analysis end:          10/May/2021 16:13:42
	Traffic throughput:    29.17 pps / 64.21 Kb/sec
	Traffic duration:      0.720 sec
	DPI Packets (TCP):     10            (10.00 pkts/flow)
	Confidence: DPI        1             (flows)


Detected protocols:
	TLS                  packets: 21            bytes: 5412          flows: 1            


Protocol statistics:
	Safe                 packets: 21            bytes: 5412          flows: 1            
