
-----------------------------------------------------------
* NOTE: This is demo app to show *some* nDPI features.
* In this demo we have implemented only some basic features
* just to show you what you can do with the library. Feel 
* free to extend it and send us the patches for inclusion
------------------------------------------------------------

Using nDPI (4.13.0-5225-2e7b75a) [1 thread(s)]
Using libgcrypt version 1.8.6internal
Reading packets from pcap file ./tests/cfgs/default/pcap/stomp.pcapng...
Running thread 0...

nDPI Memory statistics:
	nDPI Memory (once):      42.82 KB     
	Flow Memory (per flow):  1.15 KB      
	Actual Memory:           11.05 MB     
	Peak Memory:             11.05 MB     
	Setup Time:              18 msec
	Packet Processing Time:  0 msec

Traffic statistics:
	Ethernet bytes:        2212          (includes ethernet CRC/IFC/trailer)
	Discarded bytes:       0            
	IP packets:            19            of 19 packets total
	IP bytes:              1756          (avg pkt size 92 bytes)
	Unique flows:          1            
	TCP Packets:           19           
	UDP Packets:           0            
	VLAN Packets:          0            
	MPLS Packets:          0            
	PPPoE Packets:         0            
	Fragmented Packets:    0            
	Max Packet size:       143          
	Packet Len < 64:       13           
	Packet Len 64-128:     4            
	Packet Len 128-256:    2            
	Packet Len 256-1024:   0            
	Packet Len 1024-1500:  0            
	Packet Len > 1500:     0            
	nDPI throughput:       74.80 K pps / 66.44 Mb/sec
	Analysis begin:        23/Jan/2024 11:58:20
	Analysis end:          23/Jan/2024 11:58:39
	Traffic throughput:    1.00 pps / 930 b/sec
	Traffic duration:      19.019 sec
	DPI Packets (TCP):     4             (4.00 pkts/flow)
	Confidence: DPI        1             (flows)


Detected protocols:
	STOMP                packets: 19            bytes: 1756          flows: 1            


Protocol statistics:
	Acceptable           packets: 19            bytes: 1756          flows: 1            
