
-----------------------------------------------------------
* NOTE: This is demo app to show *some* nDPI features.
* In this demo we have implemented only some basic features
* just to show you what you can do with the library. Feel 
* free to extend it and send us the patches for inclusion
------------------------------------------------------------

Using nDPI (4.13.0-5225-2e7b75a) [1 thread(s)]
Using libgcrypt version 1.8.6internal
Reading packets from pcap file ./tests/cfgs/default/pcap/bfcp.pcapng...
Running thread 0...

nDPI Memory statistics:
	nDPI Memory (once):      42.82 KB     
	Flow Memory (per flow):  1.15 KB      
	Actual Memory:           11.06 MB     
	Peak Memory:             11.06 MB     
	Setup Time:              18 msec
	Packet Processing Time:  0 msec

Traffic statistics:
	Ethernet bytes:        1186          (includes ethernet CRC/IFC/trailer)
	Discarded bytes:       0            
	IP packets:            13            of 13 packets total
	IP bytes:              874           (avg pkt size 67 bytes)
	Unique flows:          2            
	TCP Packets:           11           
	UDP Packets:           2            
	VLAN Packets:          0            
	MPLS Packets:          0            
	PPPoE Packets:         0            
	Fragmented Packets:    0            
	Max Packet size:       44           
	Packet Len < 64:       13           
	Packet Len 64-128:     0            
	Packet Len 128-256:    0            
	Packet Len 256-1024:   0            
	Packet Len 1024-1500:  0            
	Packet Len > 1500:     0            
	nDPI throughput:       41.67 K pps / 29.00 Mb/sec
	Analysis begin:        23/Apr/2024 17:00:18
	Analysis end:          23/Apr/2024 17:12:00
	Traffic throughput:    0.02 pps / 13 b/sec
	Traffic duration:      702.627 sec
	DPI Packets (TCP):     6             (6.00 pkts/flow)
	DPI Packets (UDP):     2             (2.00 pkts/flow)
	Confidence: DPI        2             (flows)


Detected protocols:
	BFCP                 packets: 13            bytes: 874           flows: 2            


Protocol statistics:
	Acceptable           packets: 13            bytes: 874           flows: 2            
