
-----------------------------------------------------------
* NOTE: This is demo app to show *some* nDPI features.
* In this demo we have implemented only some basic features
* just to show you what you can do with the library. Feel 
* free to extend it and send us the patches for inclusion
------------------------------------------------------------

Using nDPI (4.13.0-5225-2e7b75a) [1 thread(s)]
Using libgcrypt version 1.8.6internal
Reading packets from pcap file ./tests/cfgs/default/pcap/waze.pcap...
Running thread 0...

nDPI Memory statistics:
	nDPI Memory (once):      42.82 KB     
	Flow Memory (per flow):  1.15 KB      
	Actual Memory:           11.67 MB     
	Peak Memory:             11.67 MB     
	Setup Time:              21 msec
	Packet Processing Time:  2 msec

Traffic statistics:
	Ethernet bytes:        373321        (includes ethernet CRC/IFC/trailer)
	Discarded bytes:       0            
	IP packets:            597           of 597 packets total
	IP bytes:              358993        (avg pkt size 601 bytes)
	Unique flows:          33           
	TCP Packets:           595          
	UDP Packets:           2            
	VLAN Packets:          0            
	MPLS Packets:          0            
	PPPoE Packets:         0            
	Fragmented Packets:    0            
	Max Packet size:       21908        
	Packet Len < 64:       409          
	Packet Len 64-128:     6            
	Packet Len 128-256:    64           
	Packet Len 256-1024:   48           
	Packet Len 1024-1500:  25           
	Packet Len > 1500:     45           
	nDPI throughput:       285.10 K pps / 1.33 Gb/sec
	Analysis begin:        29/Jun/2015 19:54:26
	Analysis end:          29/Jun/2015 19:55:07
	Traffic throughput:    14.64 pps / 71.50 Kb/sec
	Traffic duration:      40.790 sec
	Guessed flow protos:   9            
	DPI Packets (TCP):     208           (6.50 pkts/flow)
	DPI Packets (UDP):     1             (1.00 pkts/flow)
	Confidence: Unknown    1             (flows)
	Confidence: Match by port 9             (flows)
	Confidence: DPI        23            (flows)


Detected protocols:
	Unknown              packets: 10            bytes: 786           flows: 1            
	HTTP                 packets: 65            bytes: 64777         flows: 8            
	NTP                  packets: 2             bytes: 180           flows: 1            
	TLS                  packets: 21            bytes: 2574          flows: 3            
	Waze                 packets: 484           bytes: 289335        flows: 19           
	WhatsApp             packets: 15            bytes: 1341          flows: 1            


Protocol statistics:
	Safe                 packets: 21            bytes: 2574          flows: 3            
	Acceptable           packets: 566           bytes: 355633        flows: 29           
	Unrated              packets: 10            bytes: 786           flows: 1            

Risk stats [found 14 (42.4 %) flows with risks]:
	Obsolete TLS (v1.1 or older)                13 [68.4 %]
	Weak TLS Cipher                              5 [26.3 %]
	Binary File/Data Transfer (Attempt)          1 [ 5.3 %]

	NOTE: as one flow can have multiple risks set, the sum of the
	      last column can exceed the number of flows with risks.


