
-----------------------------------------------------------
* NOTE: This is demo app to show *some* nDPI features.
* In this demo we have implemented only some basic features
* just to show you what you can do with the library. Feel 
* free to extend it and send us the patches for inclusion
------------------------------------------------------------

Using nDPI (4.13.0-5225-2e7b75a) [1 thread(s)]
Using libgcrypt version 1.8.6internal
Reading packets from pcap file ./tests/cfgs/default/pcap/naver.pcap...
Running thread 0...

nDPI Memory statistics:
	nDPI Memory (once):      42.82 KB     
	Flow Memory (per flow):  1.15 KB      
	Actual Memory:           11.10 MB     
	Peak Memory:             11.10 MB     
	Setup Time:              18 msec
	Packet Processing Time:  0 msec

Traffic statistics:
	Ethernet bytes:        14323         (includes ethernet CRC/IFC/trailer)
	Discarded bytes:       0            
	IP packets:            22            of 22 packets total
	IP bytes:              13795         (avg pkt size 627 bytes)
	Unique flows:          3            
	TCP Packets:           22           
	UDP Packets:           0            
	VLAN Packets:          0            
	MPLS Packets:          0            
	PPPoE Packets:         0            
	Fragmented Packets:    0            
	Max Packet size:       4376         
	Packet Len < 64:       16           
	Packet Len 64-128:     0            
	Packet Len 128-256:    0            
	Packet Len 256-1024:   3            
	Packet Len 1024-1500:  0            
	Packet Len > 1500:     3            
	nDPI throughput:       35.48 K pps / 176.25 Mb/sec
	Analysis begin:        31/Oct/2024 20:37:41
	Analysis end:          31/Oct/2024 20:37:49
	Traffic throughput:    2.67 pps / 13.58 Kb/sec
	Traffic duration:      8.241 sec
	DPI Packets (TCP):     22            (7.33 pkts/flow)
	Confidence: DPI        3             (flows)


Detected protocols:
	Naver                packets: 22            bytes: 13795         flows: 3            


Protocol statistics:
	Safe                 packets: 22            bytes: 13795         flows: 3            
