
-----------------------------------------------------------
* NOTE: This is demo app to show *some* nDPI features.
* In this demo we have implemented only some basic features
* just to show you what you can do with the library. Feel 
* free to extend it and send us the patches for inclusion
------------------------------------------------------------

Using nDPI (4.13.0-5225-2e7b75a) [1 thread(s)]
Using libgcrypt version 1.8.6internal
Reading packets from pcap file ./tests/cfgs/default/pcap/webdav.pcap...
Running thread 0...

nDPI Memory statistics:
	nDPI Memory (once):      42.82 KB     
	Flow Memory (per flow):  1.15 KB      
	Actual Memory:           11.11 MB     
	Peak Memory:             11.11 MB     
	Setup Time:              18 msec
	Packet Processing Time:  0 msec

Traffic statistics:
	Ethernet bytes:        24233         (includes ethernet CRC/IFC/trailer)
	Discarded bytes:       0            
	IP packets:            92            of 92 packets total
	IP bytes:              22025         (avg pkt size 239 bytes)
	Unique flows:          8            
	TCP Packets:           92           
	UDP Packets:           0            
	VLAN Packets:          0            
	MPLS Packets:          0            
	PPPoE Packets:         0            
	Fragmented Packets:    0            
	Max Packet size:       1580         
	Packet Len < 64:       60           
	Packet Len 64-128:     0            
	Packet Len 128-256:    14           
	Packet Len 256-1024:   15           
	Packet Len 1024-1500:  2            
	Packet Len > 1500:     1            
	nDPI throughput:       219.57 K pps / 441.25 Mb/sec
	Analysis begin:        23/Feb/2023 21:50:46
	Analysis end:          11/Jul/2024 13:59:39
	Traffic throughput:    0.00 pps / 0 b/sec
	Traffic duration:      43517336.000 sec
	DPI Packets (TCP):     41            (5.12 pkts/flow)
	Confidence: DPI        8             (flows)


Detected protocols:
	WebDAV               packets: 92            bytes: 22025         flows: 8            


Protocol statistics:
	Acceptable           packets: 92            bytes: 22025         flows: 8            

Risk stats [found 8 (100.0 %) flows with risks]:
	HTTP/TLS/QUIC Numeric Hostname/SNI           1 [12.5 %]
	Error Code                                   7 [87.5 %]

	NOTE: as one flow can have multiple risks set, the sum of the
	      last column can exceed the number of flows with risks.


