
-----------------------------------------------------------
* NOTE: This is demo app to show *some* nDPI features.
* In this demo we have implemented only some basic features
* just to show you what you can do with the library. Feel 
* free to extend it and send us the patches for inclusion
------------------------------------------------------------

Using nDPI (4.13.0-5225-2e7b75a) [1 thread(s)]
Using libgcrypt version 1.8.6internal
Reading packets from pcap file ./tests/cfgs/default/pcap/check_mk_new.pcap...
Running thread 0...

nDPI Memory statistics:
	nDPI Memory (once):      42.82 KB     
	Flow Memory (per flow):  1.15 KB      
	Actual Memory:           11.07 MB     
	Peak Memory:             11.07 MB     
	Setup Time:              18 msec
	Packet Processing Time:  0 msec

Traffic statistics:
	Ethernet bytes:        22594         (includes ethernet CRC/IFC/trailer)
	Discarded bytes:       0            
	IP packets:            98            of 98 packets total
	IP bytes:              20242         (avg pkt size 206 bytes)
	Unique flows:          1            
	TCP Packets:           98           
	UDP Packets:           0            
	VLAN Packets:          0            
	MPLS Packets:          0            
	PPPoE Packets:         0            
	Fragmented Packets:    0            
	Max Packet size:       4128         
	Packet Len < 64:       85           
	Packet Len 64-128:     2            
	Packet Len 128-256:    2            
	Packet Len 256-1024:   4            
	Packet Len 1024-1500:  2            
	Packet Len > 1500:     3            
	nDPI throughput:       248.10 K pps / 436.40 Mb/sec
	Analysis begin:        30/Nov/2017 14:17:43
	Analysis end:          30/Nov/2017 14:17:43
	Traffic throughput:    2.40 K pps / 4.22 Mb/sec
	Traffic duration:      0.041 sec
	DPI Packets (TCP):     4             (4.00 pkts/flow)
	Confidence: DPI        1             (flows)


Detected protocols:
	CHECKMK              packets: 98            bytes: 20242         flows: 1            


Protocol statistics:
	Acceptable           packets: 98            bytes: 20242         flows: 1            
