
-----------------------------------------------------------
* NOTE: This is demo app to show *some* nDPI features.
* In this demo we have implemented only some basic features
* just to show you what you can do with the library. Feel 
* free to extend it and send us the patches for inclusion
------------------------------------------------------------

Using nDPI (4.13.0-5225-2e7b75a) [1 thread(s)]
Using libgcrypt version 1.8.6internal
Reading packets from pcap file ./tests/cfgs/default/pcap/heuristic_tcp_ack_payload.pcap...
Running thread 0...

nDPI Memory statistics:
	nDPI Memory (once):      42.82 KB     
	Flow Memory (per flow):  1.15 KB      
	Actual Memory:           11.23 MB     
	Peak Memory:             11.23 MB     
	Setup Time:              20 msec
	Packet Processing Time:  1 msec

Traffic statistics:
	Ethernet bytes:        120575        (includes ethernet CRC/IFC/trailer)
	Discarded bytes:       0            
	IP packets:            303           of 303 packets total
	IP bytes:              113303        (avg pkt size 373 bytes)
	Unique flows:          6            
	TCP Packets:           303          
	UDP Packets:           0            
	VLAN Packets:          0            
	MPLS Packets:          0            
	PPPoE Packets:         0            
	Fragmented Packets:    0            
	Max Packet size:       2940         
	Packet Len < 64:       184          
	Packet Len 64-128:     29           
	Packet Len 128-256:    13           
	Packet Len 256-1024:   36           
	Packet Len 1024-1500:  26           
	Packet Len > 1500:     15           
	nDPI throughput:       295.61 K pps / 897.48 Mb/sec
	Analysis begin:        14/Apr/2023 18:44:50
	Analysis end:          21/Apr/2023 15:12:20
	Traffic throughput:    0.00 pps / 1 b/sec
	Traffic duration:      592049.875 sec
	DPI Packets (TCP):     67            (11.17 pkts/flow)
	Confidence: DPI        6             (flows)


Detected protocols:
	TLS                  packets: 118           bytes: 35410         flows: 3            
	Mozilla              packets: 78            bytes: 40807         flows: 1            
	WindowsUpdate        packets: 19            bytes: 2638          flows: 1            
	Pinterest            packets: 88            bytes: 34448         flows: 1            


Protocol statistics:
	Safe                 packets: 137           bytes: 38048         flows: 4            
	Acceptable           packets: 78            bytes: 40807         flows: 1            
	Fun                  packets: 88            bytes: 34448         flows: 1            
