
-----------------------------------------------------------
* NOTE: This is demo app to show *some* nDPI features.
* In this demo we have implemented only some basic features
* just to show you what you can do with the library. Feel 
* free to extend it and send us the patches for inclusion
------------------------------------------------------------

Using nDPI (4.13.0-5225-2e7b75a) [1 thread(s)]
Using libgcrypt version 1.8.6internal
Reading packets from pcap file ./tests/cfgs/default/pcap/teso.pcapng...
Running thread 0...

nDPI Memory statistics:
	nDPI Memory (once):      42.82 KB     
	Flow Memory (per flow):  1.15 KB      
	Actual Memory:           11.06 MB     
	Peak Memory:             11.06 MB     
	Setup Time:              21 msec
	Packet Processing Time:  0 msec

Traffic statistics:
	Ethernet bytes:        2445          (includes ethernet CRC/IFC/trailer)
	Discarded bytes:       0            
	IP packets:            8             of 8 packets total
	IP bytes:              2253          (avg pkt size 281 bytes)
	Unique flows:          2            
	TCP Packets:           8            
	UDP Packets:           0            
	VLAN Packets:          0            
	MPLS Packets:          0            
	PPPoE Packets:         0            
	Fragmented Packets:    0            
	Max Packet size:       890          
	Packet Len < 64:       6            
	Packet Len 64-128:     0            
	Packet Len 128-256:    0            
	Packet Len 256-1024:   2            
	Packet Len 1024-1500:  0            
	Packet Len > 1500:     0            
	nDPI throughput:       22.66 K pps / 52.84 Mb/sec
	Analysis begin:        06/Apr/2024 21:15:01
	Analysis end:          07/Apr/2024 03:13:56
	Traffic throughput:    0.00 pps / 0 b/sec
	Traffic duration:      21534.939 sec
	DPI Packets (TCP):     8             (4.00 pkts/flow)
	Confidence: DPI        2             (flows)


Detected protocols:
	TES_Online           packets: 8             bytes: 2253          flows: 2            


Protocol statistics:
	Fun                  packets: 8             bytes: 2253          flows: 2            
