
-----------------------------------------------------------
* NOTE: This is demo app to show *some* nDPI features.
* In this demo we have implemented only some basic features
* just to show you what you can do with the library. Feel 
* free to extend it and send us the patches for inclusion
------------------------------------------------------------

Using nDPI (4.13.0-5225-2e7b75a) [1 thread(s)]
Using libgcrypt version 1.8.6internal
Reading packets from pcap file ./tests/cfgs/default/pcap/tls_1.2_unidirectional_client_no_cert.pcapng...
Running thread 0...

nDPI Memory statistics:
	nDPI Memory (once):      42.82 KB     
	Flow Memory (per flow):  1.15 KB      
	Actual Memory:           11.05 MB     
	Peak Memory:             11.05 MB     
	Setup Time:              18 msec
	Packet Processing Time:  0 msec

Traffic statistics:
	Ethernet bytes:        1789          (includes ethernet CRC/IFC/trailer)
	Discarded bytes:       0            
	IP packets:            10            of 10 packets total
	IP bytes:              1549          (avg pkt size 154 bytes)
	Unique flows:          1            
	TCP Packets:           10           
	UDP Packets:           0            
	VLAN Packets:          0            
	MPLS Packets:          0            
	PPPoE Packets:         0            
	Fragmented Packets:    0            
	Max Packet size:       537          
	Packet Len < 64:       7            
	Packet Len 64-128:     1            
	Packet Len 128-256:    0            
	Packet Len 256-1024:   2            
	Packet Len 1024-1500:  0            
	Packet Len > 1500:     0            
	nDPI throughput:       35.84 K pps / 48.92 Mb/sec
	Analysis begin:        16/Jun/2022 19:56:32
	Analysis end:          16/Jun/2022 19:56:32
	Traffic throughput:    33.21 pps / 46.42 Kb/sec
	Traffic duration:      0.301 sec
	DPI Packets (TCP):     10            (10.00 pkts/flow)
	Confidence: DPI        1             (flows)


Detected protocols:
	TLS                  packets: 10            bytes: 1549          flows: 1            


Protocol statistics:
	Safe                 packets: 10            bytes: 1549          flows: 1            

Risk stats [found 1 (100.0 %) flows with risks]:
	Unidirectional Traffic                       1 [100.0 %]

	NOTE: as one flow can have multiple risks set, the sum of the
	      last column can exceed the number of flows with risks.


