
-----------------------------------------------------------
* NOTE: This is demo app to show *some* nDPI features.
* In this demo we have implemented only some basic features
* just to show you what you can do with the library. Feel 
* free to extend it and send us the patches for inclusion
------------------------------------------------------------

Using nDPI (4.13.0-5225-2e7b75a) [1 thread(s)]
Using libgcrypt version 1.8.6internal
Reading packets from pcap file ./tests/cfgs/default/pcap/ceph.pcap...
Running thread 0...

nDPI Memory statistics:
	nDPI Memory (once):      42.82 KB     
	Flow Memory (per flow):  1.15 KB      
	Actual Memory:           11.06 MB     
	Peak Memory:             11.06 MB     
	Setup Time:              18 msec
	Packet Processing Time:  0 msec

Traffic statistics:
	Ethernet bytes:        14315         (includes ethernet CRC/IFC/trailer)
	Discarded bytes:       0            
	IP packets:            39            of 39 packets total
	IP bytes:              13379         (avg pkt size 343 bytes)
	Unique flows:          1            
	TCP Packets:           39           
	UDP Packets:           0            
	VLAN Packets:          0            
	MPLS Packets:          0            
	PPPoE Packets:         0            
	Fragmented Packets:    0            
	Max Packet size:       3499         
	Packet Len < 64:       19           
	Packet Len 64-128:     5            
	Packet Len 128-256:    7            
	Packet Len 256-1024:   6            
	Packet Len 1024-1500:  0            
	Packet Len > 1500:     2            
	nDPI throughput:       97.50 K pps / 273.04 Mb/sec
	Analysis begin:        08/Oct/2015 03:25:26
	Analysis end:          08/Oct/2015 03:25:26
	Traffic throughput:    396.14 pps / 1.11 Mb/sec
	Traffic duration:      0.098 sec
	DPI Packets (TCP):     4             (4.00 pkts/flow)
	Confidence: DPI        1             (flows)


Detected protocols:
	Ceph                 packets: 39            bytes: 13379         flows: 1            


Protocol statistics:
	Acceptable           packets: 39            bytes: 13379         flows: 1            
