
-----------------------------------------------------------
* NOTE: This is demo app to show *some* nDPI features.
* In this demo we have implemented only some basic features
* just to show you what you can do with the library. Feel 
* free to extend it and send us the patches for inclusion
------------------------------------------------------------

Using nDPI (4.13.0-5225-2e7b75a) [1 thread(s)]
Using libgcrypt version 1.8.6internal
Reading packets from pcap file ./tests/cfgs/default/pcap/openvpn_nohmac_tcp.pcapng...
Running thread 0...

nDPI Memory statistics:
	nDPI Memory (once):      42.82 KB     
	Flow Memory (per flow):  1.15 KB      
	Actual Memory:           11.08 MB     
	Peak Memory:             11.08 MB     
	Setup Time:              20 msec
	Packet Processing Time:  0 msec

Traffic statistics:
	Ethernet bytes:        32261         (includes ethernet CRC/IFC/trailer)
	Discarded bytes:       0            
	IP packets:            195           of 195 packets total
	IP bytes:              27581         (avg pkt size 141 bytes)
	Unique flows:          1            
	TCP Packets:           195          
	UDP Packets:           0            
	VLAN Packets:          0            
	MPLS Packets:          0            
	PPPoE Packets:         0            
	Fragmented Packets:    0            
	Max Packet size:       508          
	Packet Len < 64:       95           
	Packet Len 64-128:     22           
	Packet Len 128-256:    59           
	Packet Len 256-1024:   19           
	Packet Len 1024-1500:  0            
	Packet Len > 1500:     0            
	nDPI throughput:       389.22 K pps / 491.28 Mb/sec
	Analysis begin:        15/Jan/2013 02:38:56
	Analysis end:          15/Jan/2013 02:39:28
	Traffic throughput:    6.09 pps / 7.87 Kb/sec
	Traffic duration:      32.021 sec
	DPI Packets (TCP):     6             (6.00 pkts/flow)
	Confidence: DPI        1             (flows)


Detected protocols:
	OpenVPN              packets: 195           bytes: 27581         flows: 1            


Protocol statistics:
	Acceptable           packets: 195           bytes: 27581         flows: 1            
