
-----------------------------------------------------------
* NOTE: This is demo app to show *some* nDPI features.
* In this demo we have implemented only some basic features
* just to show you what you can do with the library. Feel 
* free to extend it and send us the patches for inclusion
------------------------------------------------------------

Using nDPI (4.13.0-5225-2e7b75a) [1 thread(s)]
Using libgcrypt version 1.8.6internal
Reading packets from pcap file ./tests/cfgs/default/pcap/shadowsocks.pcap...
Running thread 0...

nDPI Memory statistics:
	nDPI Memory (once):      42.82 KB     
	Flow Memory (per flow):  1.15 KB      
	Actual Memory:           11.19 MB     
	Peak Memory:             11.19 MB     
	Setup Time:              18 msec
	Packet Processing Time:  0 msec

Traffic statistics:
	Ethernet bytes:        138855        (includes ethernet CRC/IFC/trailer)
	Discarded bytes:       0            
	IP packets:            44            of 44 packets total
	IP bytes:              137799        (avg pkt size 3131 bytes)
	Unique flows:          2            
	TCP Packets:           44           
	UDP Packets:           0            
	VLAN Packets:          0            
	MPLS Packets:          0            
	PPPoE Packets:         0            
	Fragmented Packets:    0            
	Max Packet size:       18117        
	Packet Len < 64:       31           
	Packet Len 64-128:     1            
	Packet Len 128-256:    1            
	Packet Len 256-1024:   0            
	Packet Len 1024-1500:  2            
	Packet Len > 1500:     9            
	nDPI throughput:       74.96 K pps / 1.76 Gb/sec
	Analysis begin:        22/Jul/2023 15:04:18
	Analysis end:          22/Jul/2023 15:04:19
	Traffic throughput:    29.55 pps / 728.63 Kb/sec
	Traffic duration:      1.489 sec
	DPI Packets (TCP):     21            (10.50 pkts/flow)
	Confidence: Unknown    1             (flows)
	Confidence: DPI        1             (flows)


Detected protocols:
	Unknown              packets: 15            bytes: 68444         flows: 1            
	SOCKS                packets: 29            bytes: 69355         flows: 1            


Protocol statistics:
	Acceptable           packets: 29            bytes: 69355         flows: 1            
	Unrated              packets: 15            bytes: 68444         flows: 1            
