
-----------------------------------------------------------
* NOTE: This is demo app to show *some* nDPI features.
* In this demo we have implemented only some basic features
* just to show you what you can do with the library. Feel 
* free to extend it and send us the patches for inclusion
------------------------------------------------------------

Using nDPI (4.13.0-5225-2e7b75a) [1 thread(s)]
Using libgcrypt version 1.8.6internal
Reading packets from pcap file ./tests/cfgs/default/pcap/crynet.pcap...
Running thread 0...

nDPI Memory statistics:
	nDPI Memory (once):      42.82 KB     
	Flow Memory (per flow):  1.15 KB      
	Actual Memory:           11.10 MB     
	Peak Memory:             11.10 MB     
	Setup Time:              17 msec
	Packet Processing Time:  0 msec

Traffic statistics:
	Ethernet bytes:        16597         (includes ethernet CRC/IFC/trailer)
	Discarded bytes:       0            
	IP packets:            105           of 105 packets total
	IP bytes:              14077         (avg pkt size 134 bytes)
	Unique flows:          7            
	TCP Packets:           0            
	UDP Packets:           105          
	VLAN Packets:          0            
	MPLS Packets:          0            
	PPPoE Packets:         0            
	Fragmented Packets:    0            
	Max Packet size:       249          
	Packet Len < 64:       44           
	Packet Len 64-128:     34           
	Packet Len 128-256:    27           
	Packet Len 256-1024:   0            
	Packet Len 1024-1500:  0            
	Packet Len > 1500:     0            
	nDPI throughput:       257.99 K pps / 311.12 Mb/sec
	Analysis begin:        13/Sep/2022 12:45:19
	Analysis end:          31/Jul/2023 02:20:57
	Traffic throughput:    0.00 pps / 0 b/sec
	Traffic duration:      27696938.000 sec
	DPI Packets (UDP):     7             (1.00 pkts/flow)
	Confidence: DPI        7             (flows)


Detected protocols:
	CryNetwork           packets: 105           bytes: 14077         flows: 7            


Protocol statistics:
	Fun                  packets: 105           bytes: 14077         flows: 7            
