
-----------------------------------------------------------
* NOTE: This is demo app to show *some* nDPI features.
* In this demo we have implemented only some basic features
* just to show you what you can do with the library. Feel 
* free to extend it and send us the patches for inclusion
------------------------------------------------------------

Using nDPI (4.13.0-5225-2e7b75a) [1 thread(s)]
Using libgcrypt version 1.8.6internal
Reading packets from pcap file ./tests/cfgs/default/pcap/beckhoff_ads.pcapng...
Running thread 0...

nDPI Memory statistics:
	nDPI Memory (once):      42.82 KB     
	Flow Memory (per flow):  1.15 KB      
	Actual Memory:           11.05 MB     
	Peak Memory:             11.05 MB     
	Setup Time:              19 msec
	Packet Processing Time:  0 msec

Traffic statistics:
	Ethernet bytes:        7232          (includes ethernet CRC/IFC/trailer)
	Discarded bytes:       0            
	IP packets:            50            of 50 packets total
	IP bytes:              6032          (avg pkt size 120 bytes)
	Unique flows:          1            
	TCP Packets:           50           
	UDP Packets:           0            
	VLAN Packets:          0            
	MPLS Packets:          0            
	PPPoE Packets:         0            
	Fragmented Packets:    0            
	Max Packet size:       728          
	Packet Len < 64:       17           
	Packet Len 64-128:     31           
	Packet Len 128-256:    0            
	Packet Len 256-1024:   2            
	Packet Len 1024-1500:  0            
	Packet Len > 1500:     0            
	nDPI throughput:       196.08 K pps / 216.38 Mb/sec
	Analysis begin:        27/May/2016 15:13:03
	Analysis end:          27/May/2016 15:13:29
	Traffic throughput:    1.90 pps / 2.15 Kb/sec
	Traffic duration:      26.293 sec
	DPI Packets (TCP):     4             (4.00 pkts/flow)
	Confidence: DPI        1             (flows)


Detected protocols:
	BeckhoffADS          packets: 50            bytes: 6032          flows: 1            


Protocol statistics:
	Acceptable           packets: 50            bytes: 6032          flows: 1            
