
-----------------------------------------------------------
* NOTE: This is demo app to show *some* nDPI features.
* In this demo we have implemented only some basic features
* just to show you what you can do with the library. Feel 
* free to extend it and send us the patches for inclusion
------------------------------------------------------------

Using nDPI (4.13.0-5225-2e7b75a) [1 thread(s)]
Using libgcrypt version 1.8.6internal
Reading packets from pcap file ./tests/cfgs/default/pcap/selfsigned.pcap...
Running thread 0...

nDPI Memory statistics:
	nDPI Memory (once):      42.82 KB     
	Flow Memory (per flow):  1.15 KB      
	Actual Memory:           11.06 MB     
	Peak Memory:             11.06 MB     
	Setup Time:              18 msec
	Packet Processing Time:  0 msec

Traffic statistics:
	Ethernet bytes:        4246          (includes ethernet CRC/IFC/trailer)
	Discarded bytes:       0            
	IP packets:            20            of 20 packets total
	IP bytes:              3766          (avg pkt size 188 bytes)
	Unique flows:          1            
	TCP Packets:           20           
	UDP Packets:           0            
	VLAN Packets:          0            
	MPLS Packets:          0            
	PPPoE Packets:         0            
	Fragmented Packets:    0            
	Max Packet size:       1389         
	Packet Len < 64:       14           
	Packet Len 64-128:     1            
	Packet Len 128-256:    2            
	Packet Len 256-1024:   2            
	Packet Len 1024-1500:  1            
	Packet Len > 1500:     0            
	nDPI throughput:       61.54 K pps / 99.68 Mb/sec
	Analysis begin:        08/May/2020 12:37:26
	Analysis end:          08/May/2020 12:37:26
	Traffic throughput:    448.74 pps / 744.28 Kb/sec
	Traffic duration:      0.045 sec
	DPI Packets (TCP):     7             (7.00 pkts/flow)
	Confidence: DPI        1             (flows)


Detected protocols:
	ntop                 packets: 20            bytes: 3766          flows: 1            


Protocol statistics:
	Safe                 packets: 20            bytes: 3766          flows: 1            

Risk stats [found 1 (100.0 %) flows with risks]:
	Known Proto on Non Std Port                  1 [33.3 %]
	Self-signed Cert                             1 [33.3 %]
	TLS Cert Expired                             1 [33.3 %]

	NOTE: as one flow can have multiple risks set, the sum of the
	      last column can exceed the number of flows with risks.


