
-----------------------------------------------------------
* NOTE: This is demo app to show *some* nDPI features.
* In this demo we have implemented only some basic features
* just to show you what you can do with the library. Feel 
* free to extend it and send us the patches for inclusion
------------------------------------------------------------

Using nDPI (4.13.0-5225-2e7b75a) [1 thread(s)]
Using libgcrypt version 1.8.6internal
Reading packets from pcap file ./tests/cfgs/default/pcap/doq_adguard.pcapng...
Running thread 0...

nDPI Memory statistics:
	nDPI Memory (once):      42.82 KB     
	Flow Memory (per flow):  1.15 KB      
	Actual Memory:           11.10 MB     
	Peak Memory:             11.10 MB     
	Setup Time:              19 msec
	Packet Processing Time:  0 msec

Traffic statistics:
	Ethernet bytes:        51549         (includes ethernet CRC/IFC/trailer)
	Discarded bytes:       0            
	IP packets:            296           of 296 packets total
	IP bytes:              44445         (avg pkt size 150 bytes)
	Unique flows:          1            
	TCP Packets:           0            
	UDP Packets:           296          
	VLAN Packets:          0            
	MPLS Packets:          0            
	PPPoE Packets:         0            
	Fragmented Packets:    0            
	Max Packet size:       1260         
	Packet Len < 64:       158          
	Packet Len 64-128:     90           
	Packet Len 128-256:    28           
	Packet Len 256-1024:   11           
	Packet Len 1024-1500:  9            
	Packet Len > 1500:     0            
	nDPI throughput:       479.74 K pps / 637.42 Mb/sec
	Analysis begin:        18/Dec/2020 13:30:25
	Analysis end:          18/Dec/2020 13:31:03
	Traffic throughput:    7.77 pps / 10.58 Kb/sec
	Traffic duration:      38.076 sec
	DPI Packets (UDP):     1             (1.00 pkts/flow)
	Confidence: DPI        1             (flows)


Detected protocols:
	DoH_DoT              packets: 296           bytes: 44445         flows: 1            


Protocol statistics:
	Acceptable           packets: 296           bytes: 44445         flows: 1            
