
-----------------------------------------------------------
* NOTE: This is demo app to show *some* nDPI features.
* In this demo we have implemented only some basic features
* just to show you what you can do with the library. Feel 
* free to extend it and send us the patches for inclusion
------------------------------------------------------------

Using nDPI (4.13.0-5225-2e7b75a) [1 thread(s)]
Using libgcrypt version 1.8.6internal
Reading packets from pcap file ./tests/cfgs/default/pcap/smpp_in_general.pcap...
Running thread 0...

nDPI Memory statistics:
	nDPI Memory (once):      42.82 KB     
	Flow Memory (per flow):  1.15 KB      
	Actual Memory:           11.05 MB     
	Peak Memory:             11.05 MB     
	Setup Time:              19 msec
	Packet Processing Time:  0 msec

Traffic statistics:
	Ethernet bytes:        1552          (includes ethernet CRC/IFC/trailer)
	Discarded bytes:       0            
	IP packets:            17            of 17 packets total
	IP bytes:              1144          (avg pkt size 67 bytes)
	Unique flows:          1            
	TCP Packets:           17           
	UDP Packets:           0            
	VLAN Packets:          0            
	MPLS Packets:          0            
	PPPoE Packets:         0            
	Fragmented Packets:    0            
	Max Packet size:       70           
	Packet Len < 64:       16           
	Packet Len 64-128:     1            
	Packet Len 128-256:    0            
	Packet Len 256-1024:   0            
	Packet Len 1024-1500:  0            
	Packet Len > 1500:     0            
	nDPI throughput:       61.82 K pps / 43.06 Mb/sec
	Analysis begin:        27/Jul/2008 14:40:53
	Analysis end:          27/Jul/2008 14:41:24
	Traffic throughput:    0.55 pps / 401 b/sec
	Traffic duration:      30.955 sec
	DPI Packets (TCP):     4             (4.00 pkts/flow)
	Confidence: DPI        1             (flows)


Detected protocols:
	SMPP                 packets: 17            bytes: 1144          flows: 1            


Protocol statistics:
	Acceptable           packets: 17            bytes: 1144          flows: 1            
