
-----------------------------------------------------------
* NOTE: This is demo app to show *some* nDPI features.
* In this demo we have implemented only some basic features
* just to show you what you can do with the library. Feel 
* free to extend it and send us the patches for inclusion
------------------------------------------------------------

Using nDPI (4.13.0-5225-2e7b75a) [1 thread(s)]
Using libgcrypt version 1.8.6internal
Reading packets from pcap file ./tests/cfgs/default/pcap/lol_wild_rift_udp.pcap...
Running thread 0...

nDPI Memory statistics:
	nDPI Memory (once):      42.82 KB     
	Flow Memory (per flow):  1.15 KB      
	Actual Memory:           11.07 MB     
	Peak Memory:             11.07 MB     
	Setup Time:              20 msec
	Packet Processing Time:  0 msec

Traffic statistics:
	Ethernet bytes:        1744          (includes ethernet CRC/IFC/trailer)
	Discarded bytes:       0            
	IP packets:            8             of 8 packets total
	IP bytes:              1552          (avg pkt size 194 bytes)
	Unique flows:          5            
	TCP Packets:           0            
	UDP Packets:           8            
	VLAN Packets:          0            
	MPLS Packets:          0            
	PPPoE Packets:         0            
	Fragmented Packets:    0            
	Max Packet size:       367          
	Packet Len < 64:       2            
	Packet Len 64-128:     3            
	Packet Len 128-256:    0            
	Packet Len 256-1024:   3            
	Packet Len 1024-1500:  0            
	Packet Len > 1500:     0            
	nDPI throughput:       25.81 K pps / 42.92 Mb/sec
	Analysis begin:        20/Mar/2024 10:38:22
	Analysis end:          27/Mar/2024 15:42:15
	Traffic throughput:    0.00 pps / 0 b/sec
	Traffic duration:      623033.188 sec
	DPI Packets (UDP):     8             (1.60 pkts/flow)
	Confidence: DPI        5             (flows)


Detected protocols:
	LoLWildRift          packets: 8             bytes: 1552          flows: 5            


Protocol statistics:
	Fun                  packets: 8             bytes: 1552          flows: 5            

Risk stats [found 2 (40.0 %) flows with risks]:
	Unidirectional Traffic                       2 [100.0 %]

	NOTE: as one flow can have multiple risks set, the sum of the
	      last column can exceed the number of flows with risks.


