
-----------------------------------------------------------
* NOTE: This is demo app to show *some* nDPI features.
* In this demo we have implemented only some basic features
* just to show you what you can do with the library. Feel 
* free to extend it and send us the patches for inclusion
------------------------------------------------------------

Using nDPI (4.13.0-5225-2e7b75a) [1 thread(s)]
Using libgcrypt version 1.8.6internal
Reading packets from pcap file ./tests/cfgs/default/pcap/umas.pcap...
Running thread 0...

nDPI Memory statistics:
	nDPI Memory (once):      42.82 KB     
	Flow Memory (per flow):  1.15 KB      
	Actual Memory:           11.08 MB     
	Peak Memory:             11.08 MB     
	Setup Time:              21 msec
	Packet Processing Time:  0 msec

Traffic statistics:
	Ethernet bytes:        33630         (includes ethernet CRC/IFC/trailer)
	Discarded bytes:       0            
	IP packets:            191           of 191 packets total
	IP bytes:              29046         (avg pkt size 152 bytes)
	Unique flows:          1            
	TCP Packets:           191          
	UDP Packets:           0            
	VLAN Packets:          0            
	MPLS Packets:          0            
	PPPoE Packets:         0            
	Fragmented Packets:    0            
	Max Packet size:       281          
	Packet Len < 64:       112          
	Packet Len 64-128:     13           
	Packet Len 128-256:    8            
	Packet Len 256-1024:   58           
	Packet Len 1024-1500:  0            
	Packet Len > 1500:     0            
	nDPI throughput:       441.11 K pps / 592.56 Mb/sec
	Analysis begin:        01/Apr/2015 22:12:37
	Analysis end:          01/Apr/2015 22:12:38
	Traffic throughput:    249.15 pps / 342.72 Kb/sec
	Traffic duration:      0.767 sec
	DPI Packets (TCP):     4             (4.00 pkts/flow)
	Confidence: DPI        1             (flows)


Detected protocols:
	UMAS                 packets: 191           bytes: 29046         flows: 1            


Protocol statistics:
	Acceptable           packets: 191           bytes: 29046         flows: 1            
