
-----------------------------------------------------------
* NOTE: This is demo app to show *some* nDPI features.
* In this demo we have implemented only some basic features
* just to show you what you can do with the library. Feel 
* free to extend it and send us the patches for inclusion
------------------------------------------------------------

Using nDPI (4.13.0-5225-2e7b75a) [1 thread(s)]
Using libgcrypt version 1.8.6internal
Reading packets from pcap file ./tests/cfgs/default/pcap/zug.pcap...
Running thread 0...

nDPI Memory statistics:
	nDPI Memory (once):      42.82 KB     
	Flow Memory (per flow):  1.15 KB      
	Actual Memory:           11.08 MB     
	Peak Memory:             11.08 MB     
	Setup Time:              18 msec
	Packet Processing Time:  0 msec

Traffic statistics:
	Ethernet bytes:        1604          (includes ethernet CRC/IFC/trailer)
	Discarded bytes:       0            
	IP packets:            7             of 7 packets total
	IP bytes:              1436          (avg pkt size 205 bytes)
	Unique flows:          7            
	TCP Packets:           0            
	UDP Packets:           7            
	VLAN Packets:          0            
	MPLS Packets:          0            
	PPPoE Packets:         0            
	Fragmented Packets:    0            
	Max Packet size:       418          
	Packet Len < 64:       0            
	Packet Len 64-128:     0            
	Packet Len 128-256:    6            
	Packet Len 256-1024:   1            
	Packet Len 1024-1500:  0            
	Packet Len > 1500:     0            
	nDPI throughput:       19.61 K pps / 34.28 Mb/sec
	Analysis begin:        10/May/2023 19:20:09
	Analysis end:          11/May/2023 15:13:23
	Traffic throughput:    0.00 pps / 0 b/sec
	Traffic duration:      71593.852 sec
	DPI Packets (UDP):     7             (1.00 pkts/flow)
	Confidence: Unknown    1             (flows)
	Confidence: DPI        6             (flows)


Detected protocols:
	Unknown              packets: 1             bytes: 452           flows: 1            
	ZUG                  packets: 6             bytes: 984           flows: 6            


Protocol statistics:
	Acceptable           packets: 6             bytes: 984           flows: 6            
	Unrated              packets: 1             bytes: 452           flows: 1            

Risk stats [found 7 (100.0 %) flows with risks]:
	Susp Entropy                                 1 [12.5 %]
	Unidirectional Traffic                       7 [87.5 %]

	NOTE: as one flow can have multiple risks set, the sum of the
	      last column can exceed the number of flows with risks.


