
-----------------------------------------------------------
* NOTE: This is demo app to show *some* nDPI features.
* In this demo we have implemented only some basic features
* just to show you what you can do with the library. Feel 
* free to extend it and send us the patches for inclusion
------------------------------------------------------------

Using nDPI (4.13.0-5225-2e7b75a) [1 thread(s)]
Using libgcrypt version 1.8.6internal
Reading packets from pcap file ./tests/cfgs/default/pcap/toca-boca.pcap...
Running thread 0...

nDPI Memory statistics:
	nDPI Memory (once):      42.82 KB     
	Flow Memory (per flow):  1.15 KB      
	Actual Memory:           11.18 MB     
	Peak Memory:             11.18 MB     
	Setup Time:              19 msec
	Packet Processing Time:  0 msec

Traffic statistics:
	Ethernet bytes:        17424         (includes ethernet CRC/IFC/trailer)
	Discarded bytes:       0            
	IP packets:            77            of 77 packets total
	IP bytes:              15576         (avg pkt size 202 bytes)
	Unique flows:          21           
	TCP Packets:           0            
	UDP Packets:           77           
	VLAN Packets:          0            
	MPLS Packets:          0            
	PPPoE Packets:         0            
	Fragmented Packets:    0            
	Max Packet size:       1208         
	Packet Len < 64:       35           
	Packet Len 64-128:     17           
	Packet Len 128-256:    12           
	Packet Len 256-1024:   10           
	Packet Len 1024-1500:  3            
	Packet Len > 1500:     0            
	nDPI throughput:       174.60 K pps / 301.44 Mb/sec
	Analysis begin:        03/Apr/2022 20:57:26
	Analysis end:          15/Apr/2022 13:35:48
	Traffic throughput:    0.00 pps / 0 b/sec
	Traffic duration:      1010302.688 sec
	Guessed flow protos:   4            
	DPI Packets (UDP):     21            (1.00 pkts/flow)
	Confidence: Match by port 4             (flows)
	Confidence: DPI        17            (flows)


Detected protocols:
	TocaBoca             packets: 77            bytes: 15576         flows: 21           


Protocol statistics:
	Fun                  packets: 77            bytes: 15576         flows: 21           

Risk stats [found 17 (81.0 %) flows with risks]:
	Susp Entropy                                 3 [15.0 %]
	Unidirectional Traffic                      17 [85.0 %]

	NOTE: as one flow can have multiple risks set, the sum of the
	      last column can exceed the number of flows with risks.


