
-----------------------------------------------------------
* NOTE: This is demo app to show *some* nDPI features.
* In this demo we have implemented only some basic features
* just to show you what you can do with the library. Feel 
* free to extend it and send us the patches for inclusion
------------------------------------------------------------

Using nDPI (4.13.0-5225-2e7b75a) [1 thread(s)]
Using libgcrypt version 1.8.6internal
Reading packets from pcap file ./tests/cfgs/default/pcap/vnc.pcap...
Running thread 0...

nDPI Memory statistics:
	nDPI Memory (once):      42.82 KB     
	Flow Memory (per flow):  1.15 KB      
	Actual Memory:           11.37 MB     
	Peak Memory:             11.37 MB     
	Setup Time:              17 msec
	Packet Processing Time:  1 msec

Traffic statistics:
	Ethernet bytes:        438382        (includes ethernet CRC/IFC/trailer)
	Discarded bytes:       0            
	IP packets:            4551          of 4551 packets total
	IP bytes:              329158        (avg pkt size 72 bytes)
	Unique flows:          2            
	TCP Packets:           4551         
	UDP Packets:           0            
	VLAN Packets:          0            
	MPLS Packets:          0            
	PPPoE Packets:         0            
	Fragmented Packets:    0            
	Max Packet size:       55           
	Packet Len < 64:       4551         
	Packet Len 64-128:     0            
	Packet Len 128-256:    0            
	Packet Len 256-1024:   0            
	Packet Len 1024-1500:  0            
	Packet Len > 1500:     0            
	nDPI throughput:       3.55 M pps / 2.55 Gb/sec
	Analysis begin:        10/Oct/2016 20:24:24
	Analysis end:          10/Oct/2016 20:24:50
	Traffic throughput:    173.37 pps / 130.47 Kb/sec
	Traffic duration:      26.249 sec
	DPI Packets (TCP):     10            (5.00 pkts/flow)
	Confidence: DPI        2             (flows)


Detected protocols:
	VNC                  packets: 4551          bytes: 329158        flows: 2            


Protocol statistics:
	Acceptable           packets: 4551          bytes: 329158        flows: 2            

Risk stats [found 2 (100.0 %) flows with risks]:
	Known Proto on Non Std Port                  2 [50.0 %]
	Desktop/File Sharing                         2 [50.0 %]

	NOTE: as one flow can have multiple risks set, the sum of the
	      last column can exceed the number of flows with risks.


