
-----------------------------------------------------------
* NOTE: This is demo app to show *some* nDPI features.
* In this demo we have implemented only some basic features
* just to show you what you can do with the library. Feel 
* free to extend it and send us the patches for inclusion
------------------------------------------------------------

Using nDPI (4.13.0-5225-2e7b75a) [1 thread(s)]
Using libgcrypt version 1.8.6internal
Reading packets from pcap file ./tests/cfgs/default/pcap/simple-dnscrypt.pcap...
Running thread 0...

nDPI Memory statistics:
	nDPI Memory (once):      42.82 KB     
	Flow Memory (per flow):  1.15 KB      
	Actual Memory:           11.19 MB     
	Peak Memory:             11.19 MB     
	Setup Time:              20 msec
	Packet Processing Time:  0 msec

Traffic statistics:
	Ethernet bytes:        47340         (includes ethernet CRC/IFC/trailer)
	Discarded bytes:       0            
	IP packets:            111           of 111 packets total
	IP bytes:              44676         (avg pkt size 402 bytes)
	Unique flows:          4            
	TCP Packets:           111          
	UDP Packets:           0            
	VLAN Packets:          0            
	MPLS Packets:          0            
	PPPoE Packets:         0            
	Fragmented Packets:    0            
	Max Packet size:       1330         
	Packet Len < 64:       53           
	Packet Len 64-128:     11           
	Packet Len 128-256:    9            
	Packet Len 256-1024:   14           
	Packet Len 1024-1500:  24           
	Packet Len > 1500:     0            
	nDPI throughput:       177.60 K pps / 577.88 Mb/sec
	Analysis begin:        10/Apr/2017 14:04:44
	Analysis end:          10/Apr/2017 14:04:46
	Traffic throughput:    47.07 pps / 156.84 Kb/sec
	Traffic duration:      2.358 sec
	DPI Packets (TCP):     47            (11.75 pkts/flow)
	Confidence: DPI (cache) 3             (flows)
	Confidence: DPI        1             (flows)


Detected protocols:
	DNScrypt             packets: 111           bytes: 44676         flows: 4            


Protocol statistics:
	Acceptable           packets: 111           bytes: 44676         flows: 4            
