
-----------------------------------------------------------
* NOTE: This is demo app to show *some* nDPI features.
* In this demo we have implemented only some basic features
* just to show you what you can do with the library. Feel 
* free to extend it and send us the patches for inclusion
------------------------------------------------------------

Using nDPI (4.13.0-5225-2e7b75a) [1 thread(s)]
Using libgcrypt version 1.8.6internal
Reading packets from pcap file ./tests/cfgs/default/pcap/capwap.pcap...
Running thread 0...

nDPI Memory statistics:
	nDPI Memory (once):      42.82 KB     
	Flow Memory (per flow):  1.15 KB      
	Actual Memory:           11.17 MB     
	Peak Memory:             11.17 MB     
	Setup Time:              20 msec
	Packet Processing Time:  0 msec

Traffic statistics:
	Ethernet bytes:        108037        (includes ethernet CRC/IFC/trailer)
	Discarded bytes:       0            
	IP packets:            397           of 422 packets total
	IP bytes:              98509         (avg pkt size 233 bytes)
	Unique flows:          5            
	TCP Packets:           0            
	UDP Packets:           397          
	VLAN Packets:          0            
	MPLS Packets:          0            
	PPPoE Packets:         0            
	Fragmented Packets:    0            
	Max Packet size:       1465         
	Packet Len < 64:       3            
	Packet Len 64-128:     229          
	Packet Len 128-256:    92           
	Packet Len 256-1024:   59           
	Packet Len 1024-1500:  14           
	Packet Len > 1500:     0            
	nDPI throughput:       803.64 K pps / 1.63 Gb/sec
	Analysis begin:        27/Jan/2015 08:52:29
	Analysis end:          27/Jan/2015 08:56:15
	Traffic throughput:    1.75 pps / 3.73 Kb/sec
	Traffic duration:      226.361 sec
	DPI Packets (UDP):     6             (1.20 pkts/flow)
	Confidence: DPI        5             (flows)


Detected protocols:
	DNS                  packets: 2             bytes: 166           flows: 1            
	CAPWAP               packets: 395           bytes: 98343         flows: 4            


Protocol statistics:
	Acceptable           packets: 397           bytes: 98509         flows: 5            

Risk stats [found 1 (20.0 %) flows with risks]:
	Unidirectional Traffic                       1 [100.0 %]

	NOTE: as one flow can have multiple risks set, the sum of the
	      last column can exceed the number of flows with risks.


