
-----------------------------------------------------------
* NOTE: This is demo app to show *some* nDPI features.
* In this demo we have implemented only some basic features
* just to show you what you can do with the library. Feel 
* free to extend it and send us the patches for inclusion
------------------------------------------------------------

Using nDPI (4.13.0-5225-2e7b75a) [1 thread(s)]
Using libgcrypt version 1.8.6internal
Reading packets from pcap file ./tests/cfgs/default/pcap/dlms.pcap...
Running thread 0...

nDPI Memory statistics:
	nDPI Memory (once):      42.82 KB     
	Flow Memory (per flow):  1.15 KB      
	Actual Memory:           11.06 MB     
	Peak Memory:             11.06 MB     
	Setup Time:              20 msec
	Packet Processing Time:  0 msec

Traffic statistics:
	Ethernet bytes:        4895          (includes ethernet CRC/IFC/trailer)
	Discarded bytes:       0            
	IP packets:            27            of 27 packets total
	IP bytes:              4247          (avg pkt size 157 bytes)
	Unique flows:          2            
	TCP Packets:           18           
	UDP Packets:           9            
	VLAN Packets:          0            
	MPLS Packets:          0            
	PPPoE Packets:         0            
	Fragmented Packets:    0            
	Max Packet size:       1480         
	Packet Len < 64:       20           
	Packet Len 64-128:     4            
	Packet Len 128-256:    1            
	Packet Len 256-1024:   1            
	Packet Len 1024-1500:  1            
	Packet Len > 1500:     0            
	nDPI throughput:       84.64 K pps / 117.07 Mb/sec
	Analysis begin:        11/Mar/2018 20:33:15
	Analysis end:          30/Mar/2018 19:48:10
	Traffic throughput:    0.00 pps / 0 b/sec
	Traffic duration:      1638894.875 sec
	DPI Packets (TCP):     4             (4.00 pkts/flow)
	DPI Packets (UDP):     1             (1.00 pkts/flow)
	Confidence: DPI        2             (flows)


Detected protocols:
	IEC62056             packets: 27            bytes: 4247          flows: 2            


Protocol statistics:
	Acceptable           packets: 27            bytes: 4247          flows: 2            

Risk stats [found 2 (100.0 %) flows with risks]:
	Known Proto on Non Std Port                  1 [50.0 %]
	Unidirectional Traffic                       1 [50.0 %]

	NOTE: as one flow can have multiple risks set, the sum of the
	      last column can exceed the number of flows with risks.


