
-----------------------------------------------------------
* NOTE: This is demo app to show *some* nDPI features.
* In this demo we have implemented only some basic features
* just to show you what you can do with the library. Feel 
* free to extend it and send us the patches for inclusion
------------------------------------------------------------

Using nDPI (4.13.0-5225-2e7b75a) [1 thread(s)]
Using libgcrypt version 1.8.6internal
Reading packets from pcap file ./tests/cfgs/default/pcap/stun_zoom.pcapng...
Running thread 0...

nDPI Memory statistics:
	nDPI Memory (once):      42.82 KB     
	Flow Memory (per flow):  1.15 KB      
	Actual Memory:           11.08 MB     
	Peak Memory:             11.08 MB     
	Setup Time:              21 msec
	Packet Processing Time:  0 msec

Traffic statistics:
	Ethernet bytes:        19938         (includes ethernet CRC/IFC/trailer)
	Discarded bytes:       0            
	IP packets:            70            of 70 packets total
	IP bytes:              18258         (avg pkt size 260 bytes)
	Unique flows:          2            
	TCP Packets:           0            
	UDP Packets:           70           
	VLAN Packets:          0            
	MPLS Packets:          0            
	PPPoE Packets:         0            
	Fragmented Packets:    0            
	Max Packet size:       1060         
	Packet Len < 64:       14           
	Packet Len 64-128:     20           
	Packet Len 128-256:    26           
	Packet Len 256-1024:   2            
	Packet Len 1024-1500:  8            
	Packet Len > 1500:     0            
	nDPI throughput:       126.13 K pps / 274.08 Mb/sec
	Analysis begin:        22/Aug/2022 17:28:55
	Analysis end:          22/Aug/2022 17:28:56
	Traffic throughput:    55.09 pps / 122.59 Kb/sec
	Traffic duration:      1.271 sec
	DPI Packets (UDP):     31            (15.50 pkts/flow)
	Confidence: DPI        2             (flows)


Detected protocols:
	DTLS                 packets: 40            bytes: 9877          flows: 1            
	Zoom                 packets: 30            bytes: 8381          flows: 1            


Protocol statistics:
	Safe                 packets: 40            bytes: 9877          flows: 1            
	Acceptable           packets: 30            bytes: 8381          flows: 1            
