
-----------------------------------------------------------
* NOTE: This is demo app to show *some* nDPI features.
* In this demo we have implemented only some basic features
* just to show you what you can do with the library. Feel 
* free to extend it and send us the patches for inclusion
------------------------------------------------------------

Using nDPI (4.13.0-5225-2e7b75a) [1 thread(s)]
Using libgcrypt version 1.8.6internal
Reading packets from pcap file ./tests/cfgs/default/pcap/quickplay.pcap...
Running thread 0...

nDPI Memory statistics:
	nDPI Memory (once):      42.82 KB     
	Flow Memory (per flow):  1.15 KB      
	Actual Memory:           11.28 MB     
	Peak Memory:             11.28 MB     
	Setup Time:              18 msec
	Packet Processing Time:  0 msec

Traffic statistics:
	Ethernet bytes:        108267        (includes ethernet CRC/IFC/trailer)
	Discarded bytes:       0            
	IP packets:            155           of 155 packets total
	IP bytes:              104547        (avg pkt size 674 bytes)
	Unique flows:          21           
	TCP Packets:           155          
	UDP Packets:           0            
	VLAN Packets:          0            
	MPLS Packets:          0            
	PPPoE Packets:         0            
	Fragmented Packets:    0            
	Max Packet size:       1420         
	Packet Len < 64:       2            
	Packet Len 64-128:     6            
	Packet Len 128-256:    12           
	Packet Len 256-1024:   101          
	Packet Len 1024-1500:  34           
	Packet Len > 1500:     0            
	nDPI throughput:       185.85 K pps / 990.42 Mb/sec
	Analysis begin:        14/Apr/2015 13:57:10
	Analysis end:          14/Apr/2015 14:03:05
	Traffic throughput:    0.44 pps / 2.38 Kb/sec
	Traffic duration:      354.964 sec
	DPI Packets (TCP):     78            (3.71 pkts/flow)
	Confidence: DPI        21            (flows)


Detected protocols:
	HTTP                 packets: 133           bytes: 96179         flows: 11           
	QQ                   packets: 12            bytes: 4781          flows: 5            
	Facebook             packets: 6             bytes: 1740          flows: 3            
	Google               packets: 2             bytes: 378           flows: 1            
	Xiaomi               packets: 2             bytes: 1469          flows: 1            


Protocol statistics:
	Acceptable           packets: 137           bytes: 98026         flows: 13           
	Fun                  packets: 18            bytes: 6521          flows: 8            

Risk stats [found 5 (23.8 %) flows with risks]:
	Known Proto on Non Std Port                  5 [55.6 %]
	Binary File/Data Transfer (Attempt)          4 [44.4 %]

	NOTE: as one flow can have multiple risks set, the sum of the
	      last column can exceed the number of flows with risks.


