
-----------------------------------------------------------
* NOTE: This is demo app to show *some* nDPI features.
* In this demo we have implemented only some basic features
* just to show you what you can do with the library. Feel 
* free to extend it and send us the patches for inclusion
------------------------------------------------------------

Using nDPI (4.13.0-5225-2e7b75a) [1 thread(s)]
Using libgcrypt version 1.8.6internal
Reading packets from pcap file ./tests/cfgs/default/pcap/http-crash-content-disposition.pcap...
Running thread 0...

nDPI Memory statistics:
	nDPI Memory (once):      42.82 KB     
	Flow Memory (per flow):  1.15 KB      
	Actual Memory:           11.05 MB     
	Peak Memory:             11.05 MB     
	Setup Time:              19 msec
	Packet Processing Time:  0 msec

Traffic statistics:
	Ethernet bytes:        3544          (includes ethernet CRC/IFC/trailer)
	Discarded bytes:       0            
	IP packets:            9             of 9 packets total
	IP bytes:              3328          (avg pkt size 369 bytes)
	Unique flows:          1            
	TCP Packets:           9            
	UDP Packets:           0            
	VLAN Packets:          0            
	MPLS Packets:          0            
	PPPoE Packets:         0            
	Fragmented Packets:    0            
	Max Packet size:       1472         
	Packet Len < 64:       5            
	Packet Len 64-128:     1            
	Packet Len 128-256:    0            
	Packet Len 256-1024:   2            
	Packet Len 1024-1500:  1            
	Packet Len > 1500:     0            
	nDPI throughput:       23.14 K pps / 69.51 Mb/sec
	Analysis begin:        18/Apr/2017 17:56:05
	Analysis end:          18/Apr/2017 17:56:05
	Traffic throughput:    29.59 pps / 91.02 Kb/sec
	Traffic duration:      0.304 sec
	DPI Packets (TCP):     8             (8.00 pkts/flow)
	Confidence: DPI        1             (flows)


Detected protocols:
	HTTP                 packets: 9             bytes: 3328          flows: 1            


Protocol statistics:
	Acceptable           packets: 9             bytes: 3328          flows: 1            
