
-----------------------------------------------------------
* NOTE: This is demo app to show *some* nDPI features.
* In this demo we have implemented only some basic features
* just to show you what you can do with the library. Feel 
* free to extend it and send us the patches for inclusion
------------------------------------------------------------

Using nDPI (4.13.0-5225-2e7b75a) [1 thread(s)]
Using libgcrypt version 1.8.6internal
Reading packets from pcap file ./tests/cfgs/default/pcap/riot.pcapng...
Running thread 0...

nDPI Memory statistics:
	nDPI Memory (once):      42.82 KB     
	Flow Memory (per flow):  1.15 KB      
	Actual Memory:           11.08 MB     
	Peak Memory:             11.08 MB     
	Setup Time:              18 msec
	Packet Processing Time:  0 msec

Traffic statistics:
	Ethernet bytes:        8748          (includes ethernet CRC/IFC/trailer)
	Discarded bytes:       0            
	IP packets:            7             of 7 packets total
	IP bytes:              8580          (avg pkt size 1225 bytes)
	Unique flows:          2            
	TCP Packets:           7            
	UDP Packets:           0            
	VLAN Packets:          0            
	MPLS Packets:          0            
	PPPoE Packets:         0            
	Fragmented Packets:    0            
	Max Packet size:       1420         
	Packet Len < 64:       0            
	Packet Len 64-128:     0            
	Packet Len 128-256:    0            
	Packet Len 256-1024:   1            
	Packet Len 1024-1500:  6            
	Packet Len > 1500:     0            
	nDPI throughput:       13.51 K pps / 128.85 Mb/sec
	Analysis begin:        25/Mar/2023 16:04:11
	Analysis end:          25/Mar/2023 16:04:51
	Traffic throughput:    0.17 pps / 1.69 Kb/sec
	Traffic duration:      40.512 sec
	Guessed flow protos:   1            
	DPI Packets (TCP):     7             (3.50 pkts/flow)
	Confidence: DPI (partial) 1             (flows)
	Confidence: DPI        1             (flows)


Detected protocols:
	TLS                  packets: 3             bytes: 4242          flows: 1            
	RiotGames            packets: 4             bytes: 4338          flows: 1            


Protocol statistics:
	Safe                 packets: 3             bytes: 4242          flows: 1            
	Fun                  packets: 4             bytes: 4338          flows: 1            

Risk stats [found 2 (100.0 %) flows with risks]:
	Susp Entropy                                 1 [33.3 %]
	Unidirectional Traffic                       2 [66.7 %]

	NOTE: as one flow can have multiple risks set, the sum of the
	      last column can exceed the number of flows with risks.


