
-----------------------------------------------------------
* NOTE: This is demo app to show *some* nDPI features.
* In this demo we have implemented only some basic features
* just to show you what you can do with the library. Feel 
* free to extend it and send us the patches for inclusion
------------------------------------------------------------

Using nDPI (4.13.0-5225-2e7b75a) [1 thread(s)]
Using libgcrypt version 1.8.6internal
Reading packets from pcap file ./tests/cfgs/default/pcap/ocsp.pcapng...
Running thread 0...

nDPI Memory statistics:
	nDPI Memory (once):      42.82 KB     
	Flow Memory (per flow):  1.15 KB      
	Actual Memory:           11.17 MB     
	Peak Memory:             11.17 MB     
	Setup Time:              18 msec
	Packet Processing Time:  0 msec

Traffic statistics:
	Ethernet bytes:        81903         (includes ethernet CRC/IFC/trailer)
	Discarded bytes:       0            
	IP packets:            344           of 344 packets total
	IP bytes:              73647         (avg pkt size 214 bytes)
	Unique flows:          10           
	TCP Packets:           344          
	UDP Packets:           0            
	VLAN Packets:          0            
	MPLS Packets:          0            
	PPPoE Packets:         0            
	Fragmented Packets:    0            
	Max Packet size:       1480         
	Packet Len < 64:       295          
	Packet Len 64-128:     0            
	Packet Len 128-256:    0            
	Packet Len 256-1024:   40           
	Packet Len 1024-1500:  9            
	Packet Len > 1500:     0            
	nDPI throughput:       585.03 K pps / 1.04 Gb/sec
	Analysis begin:        09/Jun/2021 12:17:28
	Analysis end:          09/Jun/2021 14:42:48
	Traffic throughput:    0.04 pps / 75 b/sec
	Traffic duration:      8719.975 sec
	DPI Packets (TCP):     60            (6.00 pkts/flow)
	Confidence: DPI        10            (flows)


Detected protocols:
	OCSP                 packets: 344           bytes: 73647         flows: 10           


Protocol statistics:
	Safe                 packets: 344           bytes: 73647         flows: 10           
