
-----------------------------------------------------------
* NOTE: This is demo app to show *some* nDPI features.
* In this demo we have implemented only some basic features
* just to show you what you can do with the library. Feel 
* free to extend it and send us the patches for inclusion
------------------------------------------------------------

Using nDPI (4.13.0-5225-2e7b75a) [1 thread(s)]
Using libgcrypt version 1.8.6internal
Reading packets from pcap file ./tests/cfgs/default/pcap/salesforce.pcap...
Running thread 0...

nDPI Memory statistics:
	nDPI Memory (once):      42.82 KB     
	Flow Memory (per flow):  1.15 KB      
	Actual Memory:           11.06 MB     
	Peak Memory:             11.06 MB     
	Setup Time:              20 msec
	Packet Processing Time:  0 msec

Traffic statistics:
	Ethernet bytes:        5565          (includes ethernet CRC/IFC/trailer)
	Discarded bytes:       0            
	IP packets:            15            of 15 packets total
	IP bytes:              5205          (avg pkt size 347 bytes)
	Unique flows:          1            
	TCP Packets:           15           
	UDP Packets:           0            
	VLAN Packets:          0            
	MPLS Packets:          0            
	PPPoE Packets:         0            
	Fragmented Packets:    0            
	Max Packet size:       1472         
	Packet Len < 64:       8            
	Packet Len 64-128:     3            
	Packet Len 128-256:    0            
	Packet Len 256-1024:   2            
	Packet Len 1024-1500:  2            
	Packet Len > 1500:     0            
	nDPI throughput:       34.72 K pps / 98.28 Mb/sec
	Analysis begin:        26/Nov/2021 23:31:15
	Analysis end:          26/Nov/2021 23:31:15
	Traffic throughput:    100.63 pps / 291.68 Kb/sec
	Traffic duration:      0.149 sec
	DPI Packets (TCP):     8             (8.00 pkts/flow)
	Confidence: DPI        1             (flows)


Detected protocols:
	Salesforce           packets: 15            bytes: 5205          flows: 1            


Protocol statistics:
	Safe                 packets: 15            bytes: 5205          flows: 1            
