
-----------------------------------------------------------
* NOTE: This is demo app to show *some* nDPI features.
* In this demo we have implemented only some basic features
* just to show you what you can do with the library. Feel 
* free to extend it and send us the patches for inclusion
------------------------------------------------------------

Using nDPI (4.13.0-5225-2e7b75a) [1 thread(s)]
Using libgcrypt version 1.8.6internal
Reading packets from pcap file ./tests/cfgs/default/pcap/ultrasurf.pcap...
Running thread 0...

nDPI Memory statistics:
	nDPI Memory (once):      42.82 KB     
	Flow Memory (per flow):  1.15 KB      
	Actual Memory:           11.29 MB     
	Peak Memory:             11.29 MB     
	Setup Time:              18 msec
	Packet Processing Time:  0 msec

Traffic statistics:
	Ethernet bytes:        234763        (includes ethernet CRC/IFC/trailer)
	Discarded bytes:       0            
	IP packets:            333           of 333 packets total
	IP bytes:              226771        (avg pkt size 680 bytes)
	Unique flows:          3            
	TCP Packets:           333          
	UDP Packets:           0            
	VLAN Packets:          333          
	MPLS Packets:          0            
	PPPoE Packets:         0            
	Fragmented Packets:    0            
	Max Packet size:       2608         
	Packet Len < 64:       101          
	Packet Len 64-128:     70           
	Packet Len 128-256:    33           
	Packet Len 256-1024:   24           
	Packet Len 1024-1500:  68           
	Packet Len > 1500:     37           
	nDPI throughput:       405.11 K pps / 2.13 Gb/sec
	Analysis begin:        01/Jul/2022 10:48:51
	Analysis end:          01/Jul/2022 10:50:32
	Traffic throughput:    3.29 pps / 18.11 Kb/sec
	Traffic duration:      101.267 sec
	DPI Packets (TCP):     13            (4.33 pkts/flow)
	Confidence: DPI        3             (flows)


Detected protocols:
	TLS                  packets: 233           bytes: 106228        flows: 2            
	UltraSurf            packets: 100           bytes: 120543        flows: 1            


Protocol statistics:
	Safe                 packets: 233           bytes: 106228        flows: 2            
	Acceptable           packets: 100           bytes: 120543        flows: 1            

Risk stats [found 2 (66.7 %) flows with risks]:
	Known Proto on Non Std Port                  2 [33.3 %]
	Missing SNI TLS Extn                         2 [33.3 %]
	ALPN/SNI Mismatch                            2 [33.3 %]

	NOTE: as one flow can have multiple risks set, the sum of the
	      last column can exceed the number of flows with risks.


