
-----------------------------------------------------------
* NOTE: This is demo app to show *some* nDPI features.
* In this demo we have implemented only some basic features
* just to show you what you can do with the library. Feel 
* free to extend it and send us the patches for inclusion
------------------------------------------------------------

Using nDPI (4.13.0-5225-2e7b75a) [1 thread(s)]
Using libgcrypt version 1.8.6internal
Reading packets from pcap file ./tests/cfgs/default/pcap/iphone.pcap...
Running thread 0...

nDPI Memory statistics:
	nDPI Memory (once):      42.82 KB     
	Flow Memory (per flow):  1.15 KB      
	Actual Memory:           11.82 MB     
	Peak Memory:             11.82 MB     
	Setup Time:              21 msec
	Packet Processing Time:  1 msec

Traffic statistics:
	Ethernet bytes:        232616        (includes ethernet CRC/IFC/trailer)
	Discarded bytes:       0            
	IP packets:            486           of 500 packets total
	IP bytes:              220952        (avg pkt size 441 bytes)
	Unique flows:          51           
	TCP Packets:           403          
	UDP Packets:           72           
	VLAN Packets:          0            
	MPLS Packets:          0            
	PPPoE Packets:         0            
	Fragmented Packets:    0            
	Max Packet size:       1472         
	Packet Len < 64:       219          
	Packet Len 64-128:     60           
	Packet Len 128-256:    24           
	Packet Len 256-1024:   77           
	Packet Len 1024-1500:  106          
	Packet Len > 1500:     0            
	nDPI throughput:       252.47 K pps / 921.93 Mb/sec
	Analysis begin:        23/Feb/2020 16:12:32
	Analysis end:          23/Feb/2020 16:13:20
	Traffic throughput:    10.09 pps / 37.73 Kb/sec
	Traffic duration:      48.172 sec
	Guessed flow protos:   1            
	DPI Packets (TCP):     107           (7.13 pkts/flow)
	DPI Packets (UDP):     55            (1.77 pkts/flow)
	DPI Packets (other):   5             (1.00 pkts/flow)
	Confidence: Match by port 1             (flows)
	Confidence: DPI        50            (flows)


Detected protocols:
	DNS                  packets: 38            bytes: 5468          flows: 19           
	MDNS                 packets: 17            bytes: 7012          flows: 5            
	SSDP                 packets: 2             bytes: 336           flows: 2            
	DHCP                 packets: 9             bytes: 3078          flows: 2            
	ICMP                 packets: 5             bytes: 350           flows: 1            
	IGMP                 packets: 1             bytes: 54            flows: 1            
	ICMPV6               packets: 5             bytes: 478           flows: 3            
	Dropbox              packets: 2             bytes: 1104          flows: 1            
	Apple                packets: 132           bytes: 53116         flows: 8            
	AppleiCloud          packets: 209           bytes: 126365        flows: 5            
	AppleiTunes          packets: 62            bytes: 23299         flows: 2            
	Spotify              packets: 2             bytes: 172           flows: 1            
	NAT-PMP              packets: 2             bytes: 120           flows: 1            


Protocol statistics:
	Safe                 packets: 132           bytes: 53116         flows: 8            
	Acceptable           packets: 290           bytes: 144365        flows: 40           
	Fun                  packets: 64            bytes: 23471         flows: 3            

Risk stats [found 2 (3.9 %) flows with risks]:
	Unidirectional Traffic                       2 [100.0 %]

	NOTE: as one flow can have multiple risks set, the sum of the
	      last column can exceed the number of flows with risks.


