
-----------------------------------------------------------
* NOTE: This is demo app to show *some* nDPI features.
* In this demo we have implemented only some basic features
* just to show you what you can do with the library. Feel 
* free to extend it and send us the patches for inclusion
------------------------------------------------------------

Using nDPI (4.13.0-5225-2e7b75a) [1 thread(s)]
Using libgcrypt version 1.8.6internal
Reading packets from pcap file ./tests/cfgs/default/pcap/edonkey.pcap...
Running thread 0...

nDPI Memory statistics:
	nDPI Memory (once):      42.82 KB     
	Flow Memory (per flow):  1.15 KB      
	Actual Memory:           11.05 MB     
	Peak Memory:             11.05 MB     
	Setup Time:              19 msec
	Packet Processing Time:  0 msec

Traffic statistics:
	Ethernet bytes:        2424          (includes ethernet CRC/IFC/trailer)
	Discarded bytes:       0            
	IP packets:            17            of 17 packets total
	IP bytes:              2016          (avg pkt size 118 bytes)
	Unique flows:          1            
	TCP Packets:           17           
	UDP Packets:           0            
	VLAN Packets:          0            
	MPLS Packets:          0            
	PPPoE Packets:         0            
	Fragmented Packets:    0            
	Max Packet size:       152          
	Packet Len < 64:       9            
	Packet Len 64-128:     0            
	Packet Len 128-256:    8            
	Packet Len 256-1024:   0            
	Packet Len 1024-1500:  0            
	Packet Len > 1500:     0            
	nDPI throughput:       34.41 K pps / 37.44 Mb/sec
	Analysis begin:        27/Oct/2009 12:33:39
	Analysis end:          27/Oct/2009 12:34:36
	Traffic throughput:    0.30 pps / 337 b/sec
	Traffic duration:      57.397 sec
	DPI Packets (TCP):     4             (4.00 pkts/flow)
	Confidence: DPI        1             (flows)


Detected protocols:
	eDonkey              packets: 17            bytes: 2016          flows: 1            


Protocol statistics:
	Unsafe               packets: 17            bytes: 2016          flows: 1            

Risk stats [found 1 (100.0 %) flows with risks]:
	Unsafe Protocol                              1 [100.0 %]

	NOTE: as one flow can have multiple risks set, the sum of the
	      last column can exceed the number of flows with risks.


