
-----------------------------------------------------------
* NOTE: This is demo app to show *some* nDPI features.
* In this demo we have implemented only some basic features
* just to show you what you can do with the library. Feel 
* free to extend it and send us the patches for inclusion
------------------------------------------------------------

Using nDPI (4.13.0-5225-2e7b75a) [1 thread(s)]
Using libgcrypt version 1.8.6internal
Reading packets from pcap file ./tests/cfgs/default/pcap/pops.pcapng...
Running thread 0...

nDPI Memory statistics:
	nDPI Memory (once):      42.82 KB     
	Flow Memory (per flow):  1.15 KB      
	Actual Memory:           11.06 MB     
	Peak Memory:             11.06 MB     
	Setup Time:              21 msec
	Packet Processing Time:  0 msec

Traffic statistics:
	Ethernet bytes:        3118          (includes ethernet CRC/IFC/trailer)
	Discarded bytes:       0            
	IP packets:            5             of 5 packets total
	IP bytes:              2998          (avg pkt size 599 bytes)
	Unique flows:          1            
	TCP Packets:           5            
	UDP Packets:           0            
	VLAN Packets:          0            
	MPLS Packets:          0            
	PPPoE Packets:         0            
	Fragmented Packets:    0            
	Max Packet size:       1280         
	Packet Len < 64:       2            
	Packet Len 64-128:     0            
	Packet Len 128-256:    1            
	Packet Len 256-1024:   0            
	Packet Len 1024-1500:  2            
	Packet Len > 1500:     0            
	nDPI throughput:       13.59 K pps / 64.64 Mb/sec
	Analysis begin:        05/Mar/2021 15:25:17
	Analysis end:          05/Mar/2021 15:25:17
	Traffic throughput:    9.12 pps / 44.41 Kb/sec
	Traffic duration:      0.549 sec
	DPI Packets (TCP):     5             (5.00 pkts/flow)
	Confidence: DPI        1             (flows)


Detected protocols:
	POPS                 packets: 5             bytes: 2998          flows: 1            


Protocol statistics:
	Safe                 packets: 5             bytes: 2998          flows: 1            

Risk stats [found 1 (100.0 %) flows with risks]:
	TLS (probably) Not Carrying HTTPS            1 [100.0 %]

	NOTE: as one flow can have multiple risks set, the sum of the
	      last column can exceed the number of flows with risks.


