
-----------------------------------------------------------
* NOTE: This is demo app to show *some* nDPI features.
* In this demo we have implemented only some basic features
* just to show you what you can do with the library. Feel 
* free to extend it and send us the patches for inclusion
------------------------------------------------------------

Using nDPI (4.13.0-5225-2e7b75a) [1 thread(s)]
Using libgcrypt version 1.8.6internal
Reading packets from pcap file ./tests/cfgs/default/pcap/tls_malicious_sha1.pcapng...
Running thread 0...

nDPI Memory statistics:
	nDPI Memory (once):      42.82 KB     
	Flow Memory (per flow):  1.15 KB      
	Actual Memory:           11.07 MB     
	Peak Memory:             11.07 MB     
	Setup Time:              21 msec
	Packet Processing Time:  0 msec

Traffic statistics:
	Ethernet bytes:        7732          (includes ethernet CRC/IFC/trailer)
	Discarded bytes:       0            
	IP packets:            22            of 22 packets total
	IP bytes:              7204          (avg pkt size 327 bytes)
	Unique flows:          1            
	TCP Packets:           22           
	UDP Packets:           0            
	VLAN Packets:          0            
	MPLS Packets:          0            
	PPPoE Packets:         0            
	Fragmented Packets:    0            
	Max Packet size:       2448         
	Packet Len < 64:       12           
	Packet Len 64-128:     7            
	Packet Len 128-256:    0            
	Packet Len 256-1024:   1            
	Packet Len 1024-1500:  0            
	Packet Len > 1500:     2            
	nDPI throughput:       48.35 K pps / 129.65 Mb/sec
	Analysis begin:        10/Dec/2023 22:41:48
	Analysis end:          10/Dec/2023 22:41:48
	Traffic throughput:    184.64 pps / 506.96 Kb/sec
	Traffic duration:      0.119 sec
	DPI Packets (TCP):     8             (8.00 pkts/flow)
	Confidence: DPI        1             (flows)


Detected protocols:
	TLS                  packets: 22            bytes: 7204          flows: 1            


Protocol statistics:
	Safe                 packets: 22            bytes: 7204          flows: 1            
