
-----------------------------------------------------------
* NOTE: This is demo app to show *some* nDPI features.
* In this demo we have implemented only some basic features
* just to show you what you can do with the library. Feel 
* free to extend it and send us the patches for inclusion
------------------------------------------------------------

Using nDPI (4.13.0-5225-2e7b75a) [1 thread(s)]
Using libgcrypt version 1.8.6internal
Reading packets from pcap file ./tests/cfgs/default/pcap/epicgames.pcapng...
Running thread 0...

nDPI Memory statistics:
	nDPI Memory (once):      42.82 KB     
	Flow Memory (per flow):  1.15 KB      
	Actual Memory:           11.07 MB     
	Peak Memory:             11.07 MB     
	Setup Time:              21 msec
	Packet Processing Time:  0 msec

Traffic statistics:
	Ethernet bytes:        13130         (includes ethernet CRC/IFC/trailer)
	Discarded bytes:       0            
	IP packets:            81            of 81 packets total
	IP bytes:              11186         (avg pkt size 138 bytes)
	Unique flows:          4            
	TCP Packets:           0            
	UDP Packets:           81           
	VLAN Packets:          0            
	MPLS Packets:          0            
	PPPoE Packets:         0            
	Fragmented Packets:    0            
	Max Packet size:       960          
	Packet Len < 64:       62           
	Packet Len 64-128:     12           
	Packet Len 128-256:    2            
	Packet Len 256-1024:   5            
	Packet Len 1024-1500:  0            
	Packet Len > 1500:     0            
	nDPI throughput:       182.02 K pps / 225.11 Mb/sec
	Analysis begin:        20/May/2023 20:24:23
	Analysis end:          20/May/2023 20:24:51
	Traffic throughput:    2.86 pps / 3.62 Kb/sec
	Traffic duration:      28.364 sec
	DPI Packets (UDP):     12            (3.00 pkts/flow)
	Confidence: DPI        4             (flows)


Detected protocols:
	EpicGames            packets: 81            bytes: 11186         flows: 4            


Protocol statistics:
	Fun                  packets: 81            bytes: 11186         flows: 4            
