
-----------------------------------------------------------
* NOTE: This is demo app to show *some* nDPI features.
* In this demo we have implemented only some basic features
* just to show you what you can do with the library. Feel 
* free to extend it and send us the patches for inclusion
------------------------------------------------------------

Using nDPI (4.13.0-5225-2e7b75a) [1 thread(s)]
Using libgcrypt version 1.8.6internal
Reading packets from pcap file ./tests/cfgs/default/pcap/whatsappfiles.pcap...
Running thread 0...

nDPI Memory statistics:
	nDPI Memory (once):      42.82 KB     
	Flow Memory (per flow):  1.15 KB      
	Actual Memory:           11.50 MB     
	Peak Memory:             11.50 MB     
	Setup Time:              18 msec
	Packet Processing Time:  1 msec

Traffic statistics:
	Ethernet bytes:        467113        (includes ethernet CRC/IFC/trailer)
	Discarded bytes:       0            
	IP packets:            620           of 620 packets total
	IP bytes:              452233        (avg pkt size 729 bytes)
	Unique flows:          2            
	TCP Packets:           620          
	UDP Packets:           0            
	VLAN Packets:          0            
	MPLS Packets:          0            
	PPPoE Packets:         0            
	Fragmented Packets:    0            
	Max Packet size:       1430         
	Packet Len < 64:       279          
	Packet Len 64-128:     29           
	Packet Len 128-256:    11           
	Packet Len 256-1024:   14           
	Packet Len 1024-1500:  287          
	Packet Len > 1500:     0            
	nDPI throughput:       549.65 K pps / 3.09 Gb/sec
	Analysis begin:        01/Mar/2018 22:38:03
	Analysis end:          01/Mar/2018 22:40:47
	Traffic throughput:    3.78 pps / 22.25 Kb/sec
	Traffic duration:      163.978 sec
	DPI Packets (TCP):     14            (7.00 pkts/flow)
	Confidence: DPI        2             (flows)


Detected protocols:
	WhatsAppFiles        packets: 620           bytes: 452233        flows: 2            


Protocol statistics:
	Acceptable           packets: 620           bytes: 452233        flows: 2            
