
-----------------------------------------------------------
* NOTE: This is demo app to show *some* nDPI features.
* In this demo we have implemented only some basic features
* just to show you what you can do with the library. Feel 
* free to extend it and send us the patches for inclusion
------------------------------------------------------------

Using nDPI (4.13.0-5225-2e7b75a) [1 thread(s)]
Using libgcrypt version 1.8.6internal
Reading packets from pcap file ./tests/cfgs/default/pcap/avast_securedns.pcapng...
Running thread 0...

nDPI Memory statistics:
	nDPI Memory (once):      42.82 KB     
	Flow Memory (per flow):  1.15 KB      
	Actual Memory:           11.28 MB     
	Peak Memory:             11.28 MB     
	Setup Time:              21 msec
	Packet Processing Time:  0 msec

Traffic statistics:
	Ethernet bytes:        13291         (includes ethernet CRC/IFC/trailer)
	Discarded bytes:       0            
	IP packets:            77            of 77 packets total
	IP bytes:              11443         (avg pkt size 148 bytes)
	Unique flows:          39           
	TCP Packets:           0            
	UDP Packets:           77           
	VLAN Packets:          0            
	MPLS Packets:          0            
	PPPoE Packets:         0            
	Fragmented Packets:    0            
	Max Packet size:       184          
	Packet Len < 64:       39           
	Packet Len 64-128:     0            
	Packet Len 128-256:    38           
	Packet Len 256-1024:   0            
	Packet Len 1024-1500:  0            
	Packet Len > 1500:     0            
	nDPI throughput:       109.38 K pps / 144.04 Mb/sec
	Analysis begin:        02/Jul/2021 14:17:04
	Analysis end:          06/Jul/2021 13:35:35
	Traffic throughput:    0.00 pps / 0 b/sec
	Traffic duration:      343110.719 sec
	DPI Packets (UDP):     39            (1.00 pkts/flow)
	Confidence: DPI        39            (flows)


Detected protocols:
	AVASTSecureDNS       packets: 77            bytes: 11443         flows: 39           


Protocol statistics:
	Safe                 packets: 77            bytes: 11443         flows: 39           

Risk stats [found 1 (2.6 %) flows with risks]:
	Unidirectional Traffic                       1 [100.0 %]

	NOTE: as one flow can have multiple risks set, the sum of the
	      last column can exceed the number of flows with risks.


