
-----------------------------------------------------------
* NOTE: This is demo app to show *some* nDPI features.
* In this demo we have implemented only some basic features
* just to show you what you can do with the library. Feel 
* free to extend it and send us the patches for inclusion
------------------------------------------------------------

Using nDPI (4.13.0-5225-2e7b75a) [1 thread(s)]
Using libgcrypt version 1.8.6internal
Reading packets from pcap file ./tests/cfgs/default/pcap/pluralsight.pcap...
Running thread 0...

nDPI Memory statistics:
	nDPI Memory (once):      42.82 KB     
	Flow Memory (per flow):  1.15 KB      
	Actual Memory:           11.16 MB     
	Peak Memory:             11.16 MB     
	Setup Time:              21 msec
	Packet Processing Time:  0 msec

Traffic statistics:
	Ethernet bytes:        30708         (includes ethernet CRC/IFC/trailer)
	Discarded bytes:       0            
	IP packets:            44            of 44 packets total
	IP bytes:              29652         (avg pkt size 673 bytes)
	Unique flows:          6            
	TCP Packets:           44           
	UDP Packets:           0            
	VLAN Packets:          0            
	MPLS Packets:          0            
	PPPoE Packets:         0            
	Fragmented Packets:    0            
	Max Packet size:       1480         
	Packet Len < 64:       13           
	Packet Len 64-128:     3            
	Packet Len 128-256:    2            
	Packet Len 256-1024:   11           
	Packet Len 1024-1500:  15           
	Packet Len > 1500:     0            
	nDPI throughput:       77.60 K pps / 413.20 Mb/sec
	Analysis begin:        27/Mar/2022 14:59:15
	Analysis end:          27/Mar/2022 14:59:19
	Traffic throughput:    11.23 pps / 61.23 Kb/sec
	Traffic duration:      3.918 sec
	DPI Packets (TCP):     33            (5.50 pkts/flow)
	Confidence: DPI        6             (flows)


Detected protocols:
	Pluralsight          packets: 44            bytes: 29652         flows: 6            


Protocol statistics:
	Fun                  packets: 44            bytes: 29652         flows: 6            
