
-----------------------------------------------------------
* NOTE: This is demo app to show *some* nDPI features.
* In this demo we have implemented only some basic features
* just to show you what you can do with the library. Feel 
* free to extend it and send us the patches for inclusion
------------------------------------------------------------

Using nDPI (4.13.0-5225-2e7b75a) [1 thread(s)]
Using libgcrypt version 1.8.6internal
Reading packets from pcap file ./tests/cfgs/default/pcap/dns2tcp_tunnel.pcap...
Running thread 0...

nDPI Memory statistics:
	nDPI Memory (once):      42.82 KB     
	Flow Memory (per flow):  1.15 KB      
	Actual Memory:           11.06 MB     
	Peak Memory:             11.06 MB     
	Setup Time:              18 msec
	Packet Processing Time:  0 msec

Traffic statistics:
	Ethernet bytes:        10160         (includes ethernet CRC/IFC/trailer)
	Discarded bytes:       0            
	IP packets:            50            of 50 packets total
	IP bytes:              8960          (avg pkt size 179 bytes)
	Unique flows:          1            
	TCP Packets:           50           
	UDP Packets:           0            
	VLAN Packets:          0            
	MPLS Packets:          0            
	PPPoE Packets:         0            
	Fragmented Packets:    0            
	Max Packet size:       1608         
	Packet Len < 64:       30           
	Packet Len 64-128:     8            
	Packet Len 128-256:    7            
	Packet Len 256-1024:   3            
	Packet Len 1024-1500:  1            
	Packet Len > 1500:     1            
	nDPI throughput:       151.98 K pps / 235.61 Mb/sec
	Analysis begin:        01/Apr/2020 20:54:22
	Analysis end:          01/Apr/2020 20:54:30
	Traffic throughput:    6.16 pps / 9.78 Kb/sec
	Traffic duration:      8.114 sec
	DPI Packets (TCP):     6             (6.00 pkts/flow)
	Confidence: DPI        1             (flows)


Detected protocols:
	TLS                  packets: 50            bytes: 8960          flows: 1            


Protocol statistics:
	Safe                 packets: 50            bytes: 8960          flows: 1            

Risk stats [found 1 (100.0 %) flows with risks]:
	Missing SNI TLS Extn                         1 [50.0 %]
	ALPN/SNI Mismatch                            1 [50.0 %]

	NOTE: as one flow can have multiple risks set, the sum of the
	      last column can exceed the number of flows with risks.


