
-----------------------------------------------------------
* NOTE: This is demo app to show *some* nDPI features.
* In this demo we have implemented only some basic features
* just to show you what you can do with the library. Feel 
* free to extend it and send us the patches for inclusion
------------------------------------------------------------

Using nDPI (4.13.0-5225-2e7b75a) [1 thread(s)]
Using libgcrypt version 1.8.6internal
Reading packets from pcap file ./tests/cfgs/default/pcap/dropbox.pcap...
Running thread 0...

nDPI Memory statistics:
	nDPI Memory (once):      42.82 KB     
	Flow Memory (per flow):  1.15 KB      
	Actual Memory:           11.21 MB     
	Peak Memory:             11.21 MB     
	Setup Time:              19 msec
	Packet Processing Time:  0 msec

Traffic statistics:
	Ethernet bytes:        110884        (includes ethernet CRC/IFC/trailer)
	Discarded bytes:       0            
	IP packets:            848           of 848 packets total
	IP bytes:              90532         (avg pkt size 106 bytes)
	Unique flows:          15           
	TCP Packets:           0            
	UDP Packets:           848          
	VLAN Packets:          0            
	MPLS Packets:          0            
	PPPoE Packets:         0            
	Fragmented Packets:    0            
	Max Packet size:       311          
	Packet Len < 64:       412          
	Packet Len 64-128:     400          
	Packet Len 128-256:    26           
	Packet Len 256-1024:   10           
	Packet Len 1024-1500:  0            
	Packet Len > 1500:     0            
	nDPI throughput:       1.52 M pps / 1.48 Gb/sec
	Analysis begin:        20/Feb/2016 00:11:11
	Analysis end:          27/Aug/2018 23:11:22
	Traffic throughput:    0.00 pps / 0 b/sec
	Traffic duration:      79484408.000 sec
	DPI Packets (UDP):     27            (1.80 pkts/flow)
	Confidence: DPI        15            (flows)


Detected protocols:
	DNS                  packets: 24            bytes: 4522          flows: 5            
	Dropbox              packets: 824           bytes: 86010         flows: 10           


Protocol statistics:
	Acceptable           packets: 848           bytes: 90532         flows: 15           
