
-----------------------------------------------------------
* NOTE: This is demo app to show *some* nDPI features.
* In this demo we have implemented only some basic features
* just to show you what you can do with the library. Feel 
* free to extend it and send us the patches for inclusion
------------------------------------------------------------

Using nDPI (4.13.0-5225-2e7b75a) [1 thread(s)]
Using libgcrypt version 1.8.6internal
Reading packets from pcap file ./tests/cfgs/default/pcap/mongo_false_positive.pcapng...
Running thread 0...

nDPI Memory statistics:
	nDPI Memory (once):      42.82 KB     
	Flow Memory (per flow):  1.15 KB      
	Actual Memory:           11.06 MB     
	Peak Memory:             11.06 MB     
	Setup Time:              18 msec
	Packet Processing Time:  0 msec

Traffic statistics:
	Ethernet bytes:        12787         (includes ethernet CRC/IFC/trailer)
	Discarded bytes:       0            
	IP packets:            26            of 26 packets total
	IP bytes:              12163         (avg pkt size 467 bytes)
	Unique flows:          1            
	TCP Packets:           26           
	UDP Packets:           0            
	VLAN Packets:          0            
	MPLS Packets:          0            
	PPPoE Packets:         0            
	Fragmented Packets:    0            
	Max Packet size:       1294         
	Packet Len < 64:       4            
	Packet Len 64-128:     0            
	Packet Len 128-256:    11           
	Packet Len 256-1024:   8            
	Packet Len 1024-1500:  3            
	Packet Len > 1500:     0            
	nDPI throughput:       54.17 K pps / 203.24 Mb/sec
	Analysis begin:        01/Jul/2020 10:59:01
	Analysis end:          01/Jul/2020 11:00:25
	Traffic throughput:    0.31 pps / 1.18 Kb/sec
	Traffic duration:      84.446 sec
	Guessed flow protos:   1            
	DPI Packets (TCP):     14            (14.00 pkts/flow)
	Confidence: Match by port 1             (flows)


Detected protocols:
	TLS                  packets: 26            bytes: 12163         flows: 1            


Protocol statistics:
	Safe                 packets: 26            bytes: 12163         flows: 1            

Risk stats [found 1 (100.0 %) flows with risks]:
	Susp Entropy                                 1 [100.0 %]

	NOTE: as one flow can have multiple risks set, the sum of the
	      last column can exceed the number of flows with risks.


