
-----------------------------------------------------------
* NOTE: This is demo app to show *some* nDPI features.
* In this demo we have implemented only some basic features
* just to show you what you can do with the library. Feel 
* free to extend it and send us the patches for inclusion
------------------------------------------------------------

Using nDPI (4.13.0-5225-2e7b75a) [1 thread(s)]
Using libgcrypt version 1.8.6internal
Reading packets from pcap file ./tests/cfgs/default/pcap/nntp.pcap...
Running thread 0...

nDPI Memory statistics:
	nDPI Memory (once):      42.82 KB     
	Flow Memory (per flow):  1.15 KB      
	Actual Memory:           11.06 MB     
	Peak Memory:             11.06 MB     
	Setup Time:              17 msec
	Packet Processing Time:  0 msec

Traffic statistics:
	Ethernet bytes:        7805          (includes ethernet CRC/IFC/trailer)
	Discarded bytes:       0            
	IP packets:            32            of 32 packets total
	IP bytes:              7037          (avg pkt size 219 bytes)
	Unique flows:          1            
	TCP Packets:           32           
	UDP Packets:           0            
	VLAN Packets:          0            
	MPLS Packets:          0            
	PPPoE Packets:         0            
	Fragmented Packets:    0            
	Max Packet size:       1480         
	Packet Len < 64:       23           
	Packet Len 64-128:     3            
	Packet Len 128-256:    2            
	Packet Len 256-1024:   1            
	Packet Len 1024-1500:  3            
	Packet Len > 1500:     0            
	nDPI throughput:       81.63 K pps / 151.91 Mb/sec
	Analysis begin:        22/Nov/2009 04:38:46
	Analysis end:          22/Nov/2009 04:39:53
	Traffic throughput:    0.48 pps / 926 b/sec
	Traffic duration:      67.362 sec
	DPI Packets (TCP):     6             (6.00 pkts/flow)
	Confidence: DPI        1             (flows)


Detected protocols:
	Usenet               packets: 32            bytes: 7037          flows: 1            


Protocol statistics:
	Acceptable           packets: 32            bytes: 7037          flows: 1            
