
-----------------------------------------------------------
* NOTE: This is demo app to show *some* nDPI features.
* In this demo we have implemented only some basic features
* just to show you what you can do with the library. Feel 
* free to extend it and send us the patches for inclusion
------------------------------------------------------------

Using nDPI (4.13.0-5225-2e7b75a) [1 thread(s)]
Using libgcrypt version 1.8.6internal
Reading packets from pcap file ./tests/cfgs/default/pcap/lustre.pcapng...
Running thread 0...

nDPI Memory statistics:
	nDPI Memory (once):      42.82 KB     
	Flow Memory (per flow):  1.15 KB      
	Actual Memory:           11.06 MB     
	Peak Memory:             11.06 MB     
	Setup Time:              19 msec
	Packet Processing Time:  0 msec

Traffic statistics:
	Ethernet bytes:        7764          (includes ethernet CRC/IFC/trailer)
	Discarded bytes:       0            
	IP packets:            22            of 22 packets total
	IP bytes:              7236          (avg pkt size 328 bytes)
	Unique flows:          2            
	TCP Packets:           22           
	UDP Packets:           0            
	VLAN Packets:          0            
	MPLS Packets:          0            
	PPPoE Packets:         0            
	Fragmented Packets:    0            
	Max Packet size:       648          
	Packet Len < 64:       7            
	Packet Len 64-128:     2            
	Packet Len 128-256:    1            
	Packet Len 256-1024:   12           
	Packet Len 1024-1500:  0            
	Packet Len > 1500:     0            
	nDPI throughput:       61.80 K pps / 166.39 Mb/sec
	Analysis begin:        01/Jan/1970 05:30:33
	Analysis end:          01/Jan/1970 05:31:57
	Traffic throughput:    0.26 pps / 743 b/sec
	Traffic duration:      83.492 sec
	DPI Packets (TCP):     5             (2.50 pkts/flow)
	Confidence: DPI        2             (flows)


Detected protocols:
	Lustre               packets: 22            bytes: 7236          flows: 2            


Protocol statistics:
	Acceptable           packets: 22            bytes: 7236          flows: 2            
