
-----------------------------------------------------------
* NOTE: This is demo app to show *some* nDPI features.
* In this demo we have implemented only some basic features
* just to show you what you can do with the library. Feel 
* free to extend it and send us the patches for inclusion
------------------------------------------------------------

Using nDPI (4.13.0-5225-2e7b75a) [1 thread(s)]
Using libgcrypt version 1.8.6internal
Reading packets from pcap file ./tests/cfgs/default/pcap/custom_rules_ipv6.pcapng...
Running thread 0...

nDPI Memory statistics:
	nDPI Memory (once):      42.82 KB     
	Flow Memory (per flow):  1.15 KB      
	Actual Memory:           11.09 MB     
	Peak Memory:             11.09 MB     
	Setup Time:              18 msec
	Packet Processing Time:  0 msec

Traffic statistics:
	Ethernet bytes:        4638          (includes ethernet CRC/IFC/trailer)
	Discarded bytes:       0            
	IP packets:            8             of 8 packets total
	IP bytes:              4446          (avg pkt size 555 bytes)
	Unique flows:          7            
	TCP Packets:           0            
	UDP Packets:           8            
	VLAN Packets:          0            
	MPLS Packets:          0            
	PPPoE Packets:         0            
	Fragmented Packets:    0            
	Max Packet size:       1233         
	Packet Len < 64:       1            
	Packet Len 64-128:     0            
	Packet Len 128-256:    0            
	Packet Len 256-1024:   5            
	Packet Len 1024-1500:  2            
	Packet Len > 1500:     0            
	nDPI throughput:       17.06 K pps / 75.45 Mb/sec
	Analysis begin:        11/Mar/1999 19:15:02
	Analysis end:          16/Oct/2023 20:34:55
	Traffic throughput:    0.00 pps / 0 b/sec
	Traffic duration:      776308736.000 sec
	DPI Packets (UDP):     8             (1.14 pkts/flow)
	Confidence: Unknown    5             (flows)
	Confidence: DPI        2             (flows)


Detected protocols:
	Unknown              packets: 6             bytes: 1872          flows: 5            
	DTLS                 packets: 2             bytes: 2574          flows: 2            


Protocol statistics:
	Safe                 packets: 2             bytes: 2574          flows: 2            
	Unrated              packets: 6             bytes: 1872          flows: 5            

Risk stats [found 2 (28.6 %) flows with risks]:
	Unidirectional Traffic                       2 [100.0 %]

	NOTE: as one flow can have multiple risks set, the sum of the
	      last column can exceed the number of flows with risks.


