
-----------------------------------------------------------
* NOTE: This is demo app to show *some* nDPI features.
* In this demo we have implemented only some basic features
* just to show you what you can do with the library. Feel 
* free to extend it and send us the patches for inclusion
------------------------------------------------------------

Using nDPI (4.13.0-5225-2e7b75a) [1 thread(s)]
Using libgcrypt version 1.8.6internal
Reading packets from pcap file ./tests/cfgs/default/pcap/fix.pcap...
Running thread 0...

nDPI Memory statistics:
	nDPI Memory (once):      42.82 KB     
	Flow Memory (per flow):  1.15 KB      
	Actual Memory:           11.25 MB     
	Peak Memory:             11.25 MB     
	Setup Time:              18 msec
	Packet Processing Time:  0 msec

Traffic statistics:
	Ethernet bytes:        145778        (includes ethernet CRC/IFC/trailer)
	Discarded bytes:       0            
	IP packets:            1261          of 1261 packets total
	IP bytes:              115514        (avg pkt size 91 bytes)
	Unique flows:          12           
	TCP Packets:           1261         
	UDP Packets:           0            
	VLAN Packets:          0            
	MPLS Packets:          0            
	PPPoE Packets:         0            
	Fragmented Packets:    0            
	Max Packet size:       477          
	Packet Len < 64:       840          
	Packet Len 64-128:     338          
	Packet Len 128-256:    79           
	Packet Len 256-1024:   4            
	Packet Len 1024-1500:  0            
	Packet Len > 1500:     0            
	nDPI throughput:       1.71 M pps / 1.48 Gb/sec
	Analysis begin:        03/May/2017 01:28:29
	Analysis end:          03/May/2017 01:28:52
	Traffic throughput:    55.12 pps / 49.78 Kb/sec
	Traffic duration:      22.877 sec
	DPI Packets (TCP):     12            (1.00 pkts/flow)
	Confidence: DPI        12            (flows)


Detected protocols:
	FIX                  packets: 1261          bytes: 115514        flows: 12           


Protocol statistics:
	Safe                 packets: 1261          bytes: 115514        flows: 12           
