
-----------------------------------------------------------
* NOTE: This is demo app to show *some* nDPI features.
* In this demo we have implemented only some basic features
* just to show you what you can do with the library. Feel 
* free to extend it and send us the patches for inclusion
------------------------------------------------------------

Using nDPI (4.13.0-5225-2e7b75a) [1 thread(s)]
Using libgcrypt version 1.8.6internal
Reading packets from pcap file ./tests/cfgs/default/pcap/vrrp3.pcapng...
Running thread 0...

nDPI Memory statistics:
	nDPI Memory (once):      42.82 KB     
	Flow Memory (per flow):  1.15 KB      
	Actual Memory:           11.05 MB     
	Peak Memory:             11.05 MB     
	Setup Time:              18 msec
	Packet Processing Time:  0 msec

Traffic statistics:
	Ethernet bytes:        1060          (includes ethernet CRC/IFC/trailer)
	Discarded bytes:       0            
	IP packets:            10            of 10 packets total
	IP bytes:              820           (avg pkt size 82 bytes)
	Unique flows:          2            
	TCP Packets:           0            
	UDP Packets:           0            
	VLAN Packets:          10           
	MPLS Packets:          0            
	PPPoE Packets:         0            
	Fragmented Packets:    0            
	Max Packet size:       24           
	Packet Len < 64:       10           
	Packet Len 64-128:     0            
	Packet Len 128-256:    0            
	Packet Len 256-1024:   0            
	Packet Len 1024-1500:  0            
	Packet Len > 1500:     0            
	nDPI throughput:       37.45 K pps / 30.29 Mb/sec
	Analysis begin:        13/May/2020 17:20:06
	Analysis end:          13/May/2020 17:21:20
	Traffic throughput:    0.13 pps / 114 b/sec
	Traffic duration:      74.245 sec
	DPI Packets (other):   2             (1.00 pkts/flow)
	Confidence: DPI        2             (flows)


Detected protocols:
	VRRP                 packets: 10            bytes: 820           flows: 2            


Protocol statistics:
	Acceptable           packets: 10            bytes: 820           flows: 2            
