
-----------------------------------------------------------
* NOTE: This is demo app to show *some* nDPI features.
* In this demo we have implemented only some basic features
* just to show you what you can do with the library. Feel 
* free to extend it and send us the patches for inclusion
------------------------------------------------------------

Using nDPI (4.13.0-5225-2e7b75a) [1 thread(s)]
Using libgcrypt version 1.8.6internal
Reading packets from pcap file ./tests/cfgs/default/pcap/synscan.pcap...
Running thread 0...

nDPI Memory statistics:
	nDPI Memory (once):      42.82 KB     
	Flow Memory (per flow):  1.15 KB      
	Actual Memory:           22.83 MB     
	Peak Memory:             22.83 MB     
	Setup Time:              19 msec
	Packet Processing Time:  10 msec

Traffic statistics:
	Ethernet bytes:        164936        (includes ethernet CRC/IFC/trailer)
	Discarded bytes:       0            
	IP packets:            2011          of 2011 packets total
	IP bytes:              116672        (avg pkt size 58 bytes)
	Unique flows:          1994         
	TCP Packets:           2011         
	UDP Packets:           0            
	VLAN Packets:          0            
	MPLS Packets:          0            
	PPPoE Packets:         0            
	Fragmented Packets:    0            
	Max Packet size:       24           
	Packet Len < 64:       2011         
	Packet Len 64-128:     0            
	Packet Len 128-256:    0            
	Packet Len 256-1024:   0            
	Packet Len 1024-1500:  0            
	Packet Len > 1500:     0            
	nDPI throughput:       195.97 K pps / 122.62 Mb/sec
	Analysis begin:        05/Jul/2010 01:54:16
	Analysis end:          05/Jul/2010 01:54:39
	Traffic throughput:    87.11 pps / 55.82 Kb/sec
	Traffic duration:      23.085 sec
	Guessed flow protos:   140          
	DPI Packets (TCP):     2011          (1.01 pkts/flow)
	Confidence: Unknown    1854          (flows)
	Confidence: Match by port 140           (flows)


Detected protocols:
	Unknown              packets: 1858          bytes: 107772        flows: 1854         
	FTP_CONTROL          packets: 2             bytes: 116           flows: 2            
	POP3                 packets: 2             bytes: 116           flows: 2            
	SMTP                 packets: 4             bytes: 234           flows: 3            
	IMAP                 packets: 2             bytes: 116           flows: 2            
	DNS                  packets: 5             bytes: 298           flows: 1            
	HTTP                 packets: 5             bytes: 298           flows: 1            
	NetBIOS              packets: 2             bytes: 116           flows: 2            
	NFS                  packets: 2             bytes: 116           flows: 2            
	BGP                  packets: 4             bytes: 232           flows: 4            
	Syslog               packets: 2             bytes: 116           flows: 2            
	PostgreSQL           packets: 2             bytes: 116           flows: 2            
	MySQL                packets: 2             bytes: 116           flows: 2            
	POPS                 packets: 2             bytes: 116           flows: 2            
	VMware               packets: 2             bytes: 116           flows: 2            
	SMTPS                packets: 2             bytes: 116           flows: 2            
	SMBv23               packets: 2             bytes: 116           flows: 2            
	RTSP                 packets: 2             bytes: 116           flows: 2            
	IMAPS                packets: 2             bytes: 116           flows: 2            
	Telnet               packets: 2             bytes: 116           flows: 2            
	IPSec                packets: 2             bytes: 116           flows: 2            
	OSPF                 packets: 2             bytes: 116           flows: 2            
	RDP                  packets: 2             bytes: 116           flows: 2            
	VNC                  packets: 6             bytes: 348           flows: 6            
	TLS                  packets: 2             bytes: 116           flows: 2            
	SSH                  packets: 5             bytes: 298           flows: 1            
	AFP                  packets: 2             bytes: 116           flows: 2            
	SIP                  packets: 4             bytes: 232           flows: 4            
	Kerberos             packets: 2             bytes: 116           flows: 2            
	LDAP                 packets: 2             bytes: 116           flows: 2            
	MsSQL-TDS            packets: 4             bytes: 232           flows: 4            
	HTTP_Proxy           packets: 4             bytes: 232           flows: 4            
	Citrix               packets: 2             bytes: 116           flows: 2            
	AJP                  packets: 4             bytes: 232           flows: 4            
	Radius               packets: 2             bytes: 116           flows: 2            
	LotusNotes           packets: 2             bytes: 116           flows: 2            
	H323                 packets: 4             bytes: 232           flows: 4            
	CiscoVPN             packets: 4             bytes: 232           flows: 4            
	CiscoSkinny          packets: 2             bytes: 116           flows: 2            
	RSYNC                packets: 2             bytes: 116           flows: 2            
	Oracle               packets: 2             bytes: 116           flows: 2            
	Whois-DAS            packets: 4             bytes: 232           flows: 4            
	SOCKS                packets: 2             bytes: 116           flows: 2            
	RTMP                 packets: 2             bytes: 116           flows: 2            
	FTP_DATA             packets: 2             bytes: 116           flows: 2            
	Blizzard             packets: 2             bytes: 116           flows: 2            
	Git                  packets: 2             bytes: 116           flows: 2            
	TargusDataspeed      packets: 2             bytes: 116           flows: 2            
	DNP3                 packets: 2             bytes: 116           flows: 2            
	Cassandra            packets: 2             bytes: 116           flows: 2            
	TiVoConnect          packets: 2             bytes: 116           flows: 2            
	TPLINK_SHP           packets: 2             bytes: 116           flows: 2            
	BITCOIN              packets: 2             bytes: 116           flows: 2            
	Service_Location_Protocol packets: 2             bytes: 116           flows: 2            
	DCERPC               packets: 2             bytes: 116           flows: 2            
	NoMachine            packets: 2             bytes: 116           flows: 2            
	Ceph                 packets: 4             bytes: 232           flows: 4            
	Roughtime            packets: 2             bytes: 116           flows: 2            
	Radmin               packets: 2             bytes: 116           flows: 2            
	LDP                  packets: 2             bytes: 116           flows: 2            
	JRMI                 packets: 2             bytes: 116           flows: 2            


Protocol statistics:
	Safe                 packets: 12            bytes: 696           flows: 12           
	Acceptable           packets: 127           bytes: 7392          flows: 114          
	Fun                  packets: 6             bytes: 348           flows: 6            
	Unsafe               packets: 8             bytes: 464           flows: 8            
	Unrated              packets: 1858          bytes: 107772        flows: 1854         

Risk stats [found 1991 (99.8 %) flows with risks]:
	Unsafe Protocol                              8 [ 0.4 %]
	Desktop/File Sharing                         2 [ 0.1 %]
	Unidirectional Traffic                    1986 [99.0 %]
	TCP Connection Issues                        5 [ 0.2 %]
	Probing Attempt                              5 [ 0.2 %]

	NOTE: as one flow can have multiple risks set, the sum of the
	      last column can exceed the number of flows with risks.


