
-----------------------------------------------------------
* NOTE: This is demo app to show *some* nDPI features.
* In this demo we have implemented only some basic features
* just to show you what you can do with the library. Feel 
* free to extend it and send us the patches for inclusion
------------------------------------------------------------

Using nDPI (4.13.0-5225-2e7b75a) [1 thread(s)]
Using libgcrypt version 1.8.6internal
Reading packets from pcap file ./tests/cfgs/default/pcap/FAX-Call-t38-CA-TDM-SIP-FB-1.pcap...
Running thread 0...

nDPI Memory statistics:
	nDPI Memory (once):      42.82 KB     
	Flow Memory (per flow):  1.15 KB      
	Actual Memory:           11.32 MB     
	Peak Memory:             11.32 MB     
	Setup Time:              17 msec
	Packet Processing Time:  0 msec

Traffic statistics:
	Ethernet bytes:        296371        (includes ethernet CRC/IFC/trailer)
	Discarded bytes:       0            
	IP packets:            1552          of 1552 packets total
	IP bytes:              259123        (avg pkt size 166 bytes)
	Unique flows:          5            
	TCP Packets:           0            
	UDP Packets:           1552         
	VLAN Packets:          0            
	MPLS Packets:          0            
	PPPoE Packets:         0            
	Fragmented Packets:    0            
	Max Packet size:       892          
	Packet Len < 64:       226          
	Packet Len 64-128:     956          
	Packet Len 128-256:    242          
	Packet Len 256-1024:   128          
	Packet Len 1024-1500:  0            
	Packet Len > 1500:     0            
	nDPI throughput:       1.98 M pps / 2.81 Gb/sec
	Analysis begin:        05/Dec/2008 14:52:17
	Analysis end:          05/Dec/2008 14:54:06
	Traffic throughput:    14.21 pps / 21.19 Kb/sec
	Traffic duration:      109.253 sec
	DPI Packets (UDP):     29            (5.80 pkts/flow)
	Confidence: DPI        5             (flows)


Detected protocols:
	RTP                  packets: 1330          bytes: 182702        flows: 1            
	SIP                  packets: 92            bytes: 52851         flows: 3            
	Megaco               packets: 130           bytes: 23570         flows: 1            


Protocol statistics:
	Acceptable           packets: 1552          bytes: 259123        flows: 5            
