
-----------------------------------------------------------
* NOTE: This is demo app to show *some* nDPI features.
* In this demo we have implemented only some basic features
* just to show you what you can do with the library. Feel 
* free to extend it and send us the patches for inclusion
------------------------------------------------------------

Using nDPI (4.13.0-5225-2e7b75a) [1 thread(s)]
Using libgcrypt version 1.8.6internal
Reading packets from pcap file ./tests/cfgs/default/pcap/wireguard.pcap...
Running thread 0...

nDPI Memory statistics:
	nDPI Memory (once):      42.82 KB     
	Flow Memory (per flow):  1.15 KB      
	Actual Memory:           11.07 MB     
	Peak Memory:             11.07 MB     
	Setup Time:              21 msec
	Packet Processing Time:  0 msec

Traffic statistics:
	Ethernet bytes:        13988         (includes ethernet CRC/IFC/trailer)
	Discarded bytes:       0            
	IP packets:            52            of 52 packets total
	IP bytes:              12740         (avg pkt size 245 bytes)
	Unique flows:          2            
	TCP Packets:           0            
	UDP Packets:           52           
	VLAN Packets:          0            
	MPLS Packets:          0            
	PPPoE Packets:         0            
	Fragmented Packets:    0            
	Max Packet size:       1460         
	Packet Len < 64:       2            
	Packet Len 64-128:     21           
	Packet Len 128-256:    16           
	Packet Len 256-1024:   12           
	Packet Len 1024-1500:  1            
	Packet Len > 1500:     0            
	nDPI throughput:       101.76 K pps / 208.85 Mb/sec
	Analysis begin:        21/Jul/2018 04:08:41
	Analysis end:          24/Jul/2019 18:36:04
	Traffic throughput:    0.00 pps / 0 b/sec
	Traffic duration:      31847244.000 sec
	DPI Packets (UDP):     6             (3.00 pkts/flow)
	Confidence: DPI        2             (flows)


Detected protocols:
	WireGuard            packets: 52            bytes: 12740         flows: 2            


Protocol statistics:
	Acceptable           packets: 52            bytes: 12740         flows: 2            
