
-----------------------------------------------------------
* NOTE: This is demo app to show *some* nDPI features.
* In this demo we have implemented only some basic features
* just to show you what you can do with the library. Feel 
* free to extend it and send us the patches for inclusion
------------------------------------------------------------

Using nDPI (4.13.0-5225-2e7b75a) [1 thread(s)]
Using libgcrypt version 1.8.6internal
Reading packets from pcap file ./tests/cfgs/default/pcap/http-manipulated.pcap...
Running thread 0...

nDPI Memory statistics:
	nDPI Memory (once):      42.82 KB     
	Flow Memory (per flow):  1.15 KB      
	Actual Memory:           11.10 MB     
	Peak Memory:             11.10 MB     
	Setup Time:              19 msec
	Packet Processing Time:  0 msec

Traffic statistics:
	Ethernet bytes:        46023         (includes ethernet CRC/IFC/trailer)
	Discarded bytes:       0            
	IP packets:            40            of 40 packets total
	IP bytes:              45063         (avg pkt size 1126 bytes)
	Unique flows:          2            
	TCP Packets:           40           
	UDP Packets:           0            
	VLAN Packets:          0            
	MPLS Packets:          0            
	PPPoE Packets:         0            
	Fragmented Packets:    0            
	Max Packet size:       5860         
	Packet Len < 64:       24           
	Packet Len 64-128:     1            
	Packet Len 128-256:    0            
	Packet Len 256-1024:   4            
	Packet Len 1024-1500:  2            
	Packet Len > 1500:     9            
	nDPI throughput:       119.40 K pps / 1.02 Gb/sec
	Analysis begin:        01/Jan/2000 17:28:21
	Analysis end:          01/Jan/2000 17:49:02
	Traffic throughput:    0.03 pps / 296 b/sec
	Traffic duration:      1240.768 sec
	DPI Packets (TCP):     12            (6.00 pkts/flow)
	Confidence: DPI        2             (flows)


Detected protocols:
	HTTP                 packets: 40            bytes: 45063         flows: 2            


Protocol statistics:
	Acceptable           packets: 40            bytes: 45063         flows: 2            

Risk stats [found 2 (100.0 %) flows with risks]:
	Known Proto on Non Std Port                  2 [100.0 %]

	NOTE: as one flow can have multiple risks set, the sum of the
	      last column can exceed the number of flows with risks.


