
-----------------------------------------------------------
* NOTE: This is demo app to show *some* nDPI features.
* In this demo we have implemented only some basic features
* just to show you what you can do with the library. Feel 
* free to extend it and send us the patches for inclusion
------------------------------------------------------------

Using nDPI (4.13.0-5225-2e7b75a) [1 thread(s)]
Using libgcrypt version 1.8.6internal
Reading packets from pcap file ./tests/cfgs/default/pcap/ethereum.pcap...
Running thread 0...

nDPI Memory statistics:
	nDPI Memory (once):      42.82 KB     
	Flow Memory (per flow):  1.15 KB      
	Actual Memory:           11.67 MB     
	Peak Memory:             11.67 MB     
	Setup Time:              18 msec
	Packet Processing Time:  2 msec

Traffic statistics:
	Ethernet bytes:        264111        (includes ethernet CRC/IFC/trailer)
	Discarded bytes:       0            
	IP packets:            2000          of 2000 packets total
	IP bytes:              216111        (avg pkt size 108 bytes)
	Unique flows:          74           
	TCP Packets:           1949         
	UDP Packets:           51           
	VLAN Packets:          0            
	MPLS Packets:          0            
	PPPoE Packets:         0            
	Fragmented Packets:    0            
	Max Packet size:       1144         
	Packet Len < 64:       1570         
	Packet Len 64-128:     196          
	Packet Len 128-256:    108          
	Packet Len 256-1024:   117          
	Packet Len 1024-1500:  9            
	Packet Len > 1500:     0            
	nDPI throughput:       906.62 K pps / 913.42 Mb/sec
	Analysis begin:        09/Jan/2020 00:02:42
	Analysis end:          09/Jan/2020 00:02:46
	Traffic throughput:    517.93 pps / 534.34 Kb/sec
	Traffic duration:      3.862 sec
	Guessed flow protos:   3            
	DPI Packets (TCP):     217           (3.88 pkts/flow)
	DPI Packets (UDP):     18            (1.00 pkts/flow)
	Confidence: Match by port 3             (flows)
	Confidence: DPI        71            (flows)


Detected protocols:
	ETHEREUM             packets: 2000          bytes: 216111        flows: 74           


Protocol statistics:
	Acceptable           packets: 2000          bytes: 216111        flows: 74           

Risk stats [found 9 (12.2 %) flows with risks]:
	Unidirectional Traffic                       9 [100.0 %]

	NOTE: as one flow can have multiple risks set, the sum of the
	      last column can exceed the number of flows with risks.


