
-----------------------------------------------------------
* NOTE: This is demo app to show *some* nDPI features.
* In this demo we have implemented only some basic features
* just to show you what you can do with the library. Feel 
* free to extend it and send us the patches for inclusion
------------------------------------------------------------

Using nDPI (4.13.0-5225-2e7b75a) [1 thread(s)]
Using libgcrypt version 1.8.6internal
Reading packets from pcap file ./tests/cfgs/default/pcap/psiphon3.pcap...
Running thread 0...

nDPI Memory statistics:
	nDPI Memory (once):      42.82 KB     
	Flow Memory (per flow):  1.15 KB      
	Actual Memory:           11.07 MB     
	Peak Memory:             11.07 MB     
	Setup Time:              18 msec
	Packet Processing Time:  0 msec

Traffic statistics:
	Ethernet bytes:        13306         (includes ethernet CRC/IFC/trailer)
	Discarded bytes:       0            
	IP packets:            62            of 62 packets total
	IP bytes:              11818         (avg pkt size 190 bytes)
	Unique flows:          1            
	TCP Packets:           62           
	UDP Packets:           0            
	VLAN Packets:          0            
	MPLS Packets:          0            
	PPPoE Packets:         0            
	Fragmented Packets:    0            
	Max Packet size:       1480         
	Packet Len < 64:       44           
	Packet Len 64-128:     6            
	Packet Len 128-256:    2            
	Packet Len 256-1024:   6            
	Packet Len 1024-1500:  4            
	Packet Len > 1500:     0            
	nDPI throughput:       126.02 K pps / 206.33 Mb/sec
	Analysis begin:        21/Feb/2021 05:21:19
	Analysis end:          21/Feb/2021 05:21:19
	Traffic throughput:    85.82 pps / 143.90 Kb/sec
	Traffic duration:      0.722 sec
	DPI Packets (TCP):     12            (12.00 pkts/flow)
	Confidence: DPI        1             (flows)


Detected protocols:
	Psiphon              packets: 62            bytes: 11818         flows: 1            


Protocol statistics:
	Acceptable           packets: 62            bytes: 11818         flows: 1            

Risk stats [found 1 (100.0 %) flows with risks]:
	Missing SNI TLS Extn                         1 [50.0 %]
	ALPN/SNI Mismatch                            1 [50.0 %]

	NOTE: as one flow can have multiple risks set, the sum of the
	      last column can exceed the number of flows with risks.


