
-----------------------------------------------------------
* NOTE: This is demo app to show *some* nDPI features.
* In this demo we have implemented only some basic features
* just to show you what you can do with the library. Feel 
* free to extend it and send us the patches for inclusion
------------------------------------------------------------

Using nDPI (4.13.0-5225-2e7b75a) [1 thread(s)]
Using libgcrypt version 1.8.6internal
Reading packets from pcap file ./tests/cfgs/default/pcap/lisp_registration.pcap...
Running thread 0...

nDPI Memory statistics:
	nDPI Memory (once):      42.82 KB     
	Flow Memory (per flow):  1.15 KB      
	Actual Memory:           11.07 MB     
	Peak Memory:             11.07 MB     
	Setup Time:              18 msec
	Packet Processing Time:  0 msec

Traffic statistics:
	Ethernet bytes:        5986          (includes ethernet CRC/IFC/trailer)
	Discarded bytes:       0            
	IP packets:            30            of 30 packets total
	IP bytes:              5266          (avg pkt size 175 bytes)
	Unique flows:          4            
	TCP Packets:           14           
	UDP Packets:           16           
	VLAN Packets:          0            
	MPLS Packets:          0            
	PPPoE Packets:         0            
	Fragmented Packets:    0            
	Max Packet size:       680          
	Packet Len < 64:       10           
	Packet Len 64-128:     15           
	Packet Len 128-256:    1            
	Packet Len 256-1024:   4            
	Packet Len 1024-1500:  0            
	Packet Len > 1500:     0            
	nDPI throughput:       68.03 K pps / 103.56 Mb/sec
	Analysis begin:        11/Aug/2020 19:01:25
	Analysis end:          11/Aug/2020 19:01:52
	Traffic throughput:    1.13 pps / 1.77 Kb/sec
	Traffic duration:      26.480 sec
	DPI Packets (TCP):     8             (4.00 pkts/flow)
	DPI Packets (UDP):     2             (1.00 pkts/flow)
	Confidence: DPI        4             (flows)


Detected protocols:
	LISP                 packets: 30            bytes: 5266          flows: 4            


Protocol statistics:
	Acceptable           packets: 30            bytes: 5266          flows: 4            
